min:7.6, max:76.0
Global minimum distance: 310813.94089486625
Route:
salesman-0:(2100, 1850)(2634, 2098)(8625, 2225)(8474, 1777)(15624, 4327)(15725, 4875)(15825, 2025)(15725, 2325)(15819, 4350)(9775, 11175)(2100, 1850)
salesman-1:(2100, 1850)(15825, 9525)(15726, 9453)(15819, 9450)(15503, 9397)(15775, 9875)(15499, 10106)(15726, 6903)(15503, 6847)(15825, 7125)(15825, 6975)(9498, 8655)(9775, 8625)(8576, 6903)(8675, 9525)(8349, 10106)(9250, 10650)(9784, 2098)(8349, 2456)(9250, 6950)(9925, 5895)(15775, 4775)(15819, 1800)(15775, 2225)(15726, 4353)(15503, 4297)(15499, 2456)(2100, 1850)
salesman-2:(2100, 1850)(15825, 1875)(15624, 1777)(9250, 1850)(9757, 2181)(2825, 3025)(2100, 5550)(2625, 6075)(2775, 5895)(2350, 7500)(2348, 6105)(2775, 8445)(2634, 7198)(2607, 4731)(8353, 1747)(9500, 4950)(8675, 2025)(8576, 4353)(9250, 3000)(9250, 4400)(8669, 4350)(2348, 8655)(2775, 10995)(2634, 9748)(2607, 9831)(2625, 10025)(2825, 10675)(2350, 10050)(2100, 8100)(2625, 8625)(9925, 8445)(8349, 7556)(8675, 6975)(8625, 7325)(8474, 6877)(9784, 7198)(9784, 9748)(8474, 9427)(8575, 9975)(9757, 9831)(9498, 11205)(9250, 9500)(8625, 9875)(8675, 9675)(8575, 7425)(9250, 8100)(9775, 10025)(9925, 10995)(8669, 9450)(9500, 10050)(2100, 1850)
salesman-3:(2100, 1850)(9975, 10675)(9757, 7281)(8675, 7125)(8353, 6847)(8669, 6900)(9775, 7475)(9775, 6075)(9498, 6105)(9498, 3555)(9500, 2400)(8576, 1803)(8669, 1800)(9250, 5550)(8576, 9453)(2100, 10650)(2348, 11205)(2825, 8125)(2100, 9500)(2625, 4925)(2100, 6950)(2350, 4950)(2100, 3000)(9975, 8125)(2634, 4648)(2625, 2375)(2100, 1850)(9975, 5575)(9757, 4731)(9775, 2375)(9975, 3025)(8575, 2325)(9925, 3345)(9775, 3525)(15825, 4425)(15726, 1803)(15503, 1747)(15624, 9427)(15825, 9675)(15725, 9975)(15725, 7425)(15499, 7556)(15624, 6877)(15819, 6900)(15825, 4575)(15499, 5006)(15775, 7325)(8353, 9397)(8675, 1875)(9784, 4648)(8675, 4425)(2100, 1850)
salesman-4:(2100, 1850)(8625, 4775)(8474, 4327)(8575, 4875)(2775, 3345)(2348, 3555)(2625, 3525)(2607, 2181)(2350, 2400)(2100, 4400)(2607, 7281)(2825, 5575)(2625, 11175)(8353, 4297)(8675, 4575)(8349, 5006)(9775, 4925)(9500, 7500)(2625, 7475)(2100, 1850)
Running time: 215.01986598968506s
min:7.6, max:76.0
Global minimum distance: 285214.5132657017
Route:
salesman-0:(2100, 1850)(2625, 2375)(2100, 1850)(2100, 5550)(2100, 6950)(2775, 8445)(2348, 6105)(2625, 3525)(2825, 5575)(2625, 8625)(2634, 7198)(2625, 6075)(2350, 7500)(2607, 7281)(2348, 3555)(2100, 3000)(9784, 4648)(8669, 4350)(8675, 4425)(8474, 6877)(2100, 1850)
salesman-1:(2100, 1850)(9775, 8625)(9250, 8100)(9775, 6075)(15503, 4297)(15825, 4425)(15726, 4353)(15624, 4327)(15825, 2025)(15503, 1747)(15775, 4775)(15819, 4350)(15725, 2325)(15726, 1803)(15725, 4875)(15825, 4575)(15725, 7425)(15726, 9453)(15775, 9875)(2100, 1850)
salesman-2:(2100, 1850)(15825, 9675)(15725, 9975)(9498, 8655)(9784, 7198)(2625, 11175)(2775, 10995)(2825, 10675)(8625, 9875)(8675, 9675)(9500, 4950)(9498, 6105)(9975, 10675)(9500, 10050)(2625, 4925)(2634, 2098)(2775, 3345)(2350, 4950)(2100, 8100)(2634, 9748)(2348, 11205)(2607, 9831)(2634, 4648)(2607, 4731)(2100, 4400)(8675, 4575)(8474, 4327)(9250, 6950)(9925, 8445)(8576, 9453)(8575, 9975)(15825, 7125)(15775, 7325)(15624, 6877)(15825, 6975)(15726, 6903)(15624, 9427)(15503, 9397)(15499, 7556)(2100, 1850)
salesman-3:(2100, 1850)(9775, 7475)(9500, 7500)(8575, 7425)(9775, 4925)(8625, 2225)(9784, 2098)(9975, 3025)(9775, 3525)(9498, 3555)(9250, 3000)(8474, 1777)(8353, 1747)(8675, 2025)(8675, 1875)(9250, 1850)(9775, 2375)(8576, 4353)(2100, 1850)
salesman-4:(2100, 1850)(9757, 4731)(9250, 5550)(8675, 6975)(8669, 6900)(9975, 8125)(9925, 5895)(8349, 5006)(8576, 6903)(9975, 5575)(8575, 4875)(9775, 10025)(9784, 9748)(9250, 10650)(9757, 9831)(8675, 7125)(8349, 7556)(8353, 6847)(8625, 7325)(2100, 9500)(2825, 8125)(2350, 10050)(15775, 2225)(2775, 5895)(2825, 3025)(15819, 1800)(2625, 7475)(2348, 8655)(2100, 10650)(2625, 10025)(15825, 1875)(15624, 1777)(15499, 2456)(8353, 4297)(9757, 2181)(9500, 2400)(8625, 4775)(9250, 4400)(9925, 3345)(8575, 2325)(8349, 2456)(8576, 1803)(8669, 1800)(2350, 2400)(2607, 2181)(8353, 9397)(8675, 9525)(9250, 9500)(8669, 9450)(8474, 9427)(8349, 10106)(9498, 11205)(9775, 11175)(9925, 10995)(9757, 7281)(15499, 10106)(15825, 9525)(15819, 9450)(15503, 6847)(15819, 6900)(15499, 5006)(2100, 1850)
Running time: 215.01775789260864s
min:7.6, max:76.0
Global minimum distance: 330709.51579028904
Route:
salesman-0:(2100, 1850)(2634, 9748)(2607, 9831)(2625, 10025)(2775, 10995)(2625, 8625)(9784, 9748)(8353, 9397)(8575, 9975)(8625, 9875)(2348, 6105)(2100, 5550)(2100, 9500)(2348, 8655)(2348, 11205)(2350, 10050)(2825, 10675)(2100, 10650)(2350, 7500)(2100, 8100)(2775, 8445)(2775, 3345)(2100, 1850)(2775, 5895)(8669, 9450)(8669, 6900)(8353, 6847)(9498, 8655)(9925, 3345)(15499, 2456)(15725, 2325)(15775, 2225)(15819, 4350)(2100, 1850)
salesman-1:(2100, 1850)(15725, 9975)(15775, 9875)(15775, 4775)(15825, 4425)(8675, 4425)(15725, 7425)(15825, 9675)(8576, 9453)(9775, 11175)(15503, 9397)(15825, 9525)(2100, 1850)
salesman-2:(2100, 1850)(15624, 9427)(15499, 10106)(15775, 7325)(8349, 10106)(8474, 9427)(9775, 8625)(8675, 9675)(9925, 10995)(8474, 6877)(2625, 11175)(2825, 8125)(2350, 2400)(2625, 6075)(2607, 7281)(2634, 4648)(2350, 4950)(2625, 7475)(2100, 6950)(9250, 9500)(9757, 9831)(9250, 8100)(9500, 10050)(8675, 9525)(9757, 4731)(9925, 8445)(9775, 10025)(9975, 10675)(9498, 11205)(9250, 10650)(8575, 4875)(9250, 4400)(8625, 4775)(8575, 2325)(2100, 1850)
salesman-3:(2100, 1850)(9250, 5550)(2100, 3000)(2825, 3025)(2625, 4925)(2825, 5575)(2634, 7198)(15499, 5006)(15726, 4353)(9784, 4648)(9975, 5575)(9775, 7475)(15624, 1777)(15819, 1800)(15825, 1875)(15825, 2025)(15825, 4575)(15503, 6847)(15499, 7556)(15726, 9453)(15819, 9450)(15725, 4875)(15503, 4297)(15726, 1803)(15503, 1747)(15825, 7125)(15819, 6900)(15624, 6877)(15624, 4327)(8669, 4350)(8675, 4575)(8349, 2456)(9775, 3525)(8576, 1803)(8353, 1747)(9775, 2375)(9784, 2098)(9250, 1850)(9498, 3555)(9500, 2400)(8474, 1777)(8625, 2225)(8669, 1800)(9498, 6105)(8576, 6903)(9250, 6950)(8349, 7556)(9975, 8125)(9784, 7198)(9757, 7281)(8675, 6975)(9500, 7500)(9775, 4925)(8575, 7425)(15726, 6903)(15825, 6975)(8474, 4327)(8353, 4297)(9500, 4950)(2100, 1850)
salesman-4:(2100, 1850)(9775, 6075)(8625, 7325)(9925, 5895)(8675, 7125)(8349, 5006)(8576, 4353)(9250, 3000)(9757, 2181)(8675, 2025)(9975, 3025)(8675, 1875)(2607, 4731)(2625, 3525)(2634, 2098)(2100, 4400)(2348, 3555)(2625, 2375)(2607, 2181)(2100, 1850)
Running time: 215.01985549926758s
min:7.6, max:76.0
Global minimum distance: 292245.7536476715
Route:
salesman-0:(2100, 1850)(2607, 4731)(2625, 4925)(2825, 5575)(8675, 7125)(8675, 6975)(2350, 2400)(2634, 2098)(2607, 2181)(2100, 3000)(2100, 4400)(2775, 5895)(2348, 6105)(2100, 8100)(2100, 9500)(8669, 6900)(8349, 7556)(9784, 7198)(8353, 6847)(9250, 8100)(9784, 4648)(9250, 6950)(2100, 1850)
salesman-1:(2100, 1850)(9757, 2181)(9757, 4731)(9250, 4400)(9250, 3000)(9925, 3345)(9757, 7281)(8474, 6877)(8625, 7325)(9925, 10995)(9775, 10025)(8575, 9975)(8675, 9675)(8474, 9427)(8349, 10106)(9925, 8445)(9975, 8125)(9500, 10050)(8474, 4327)(9975, 5575)(9498, 6105)(8575, 7425)(8576, 6903)(2100, 6950)(2348, 3555)(9775, 8625)(9250, 5550)(8675, 1875)(9784, 2098)(9250, 1850)(8576, 1803)(9500, 2400)(9975, 3025)(9775, 3525)(9925, 5895)(9500, 4950)(8353, 4297)(9498, 3555)(8349, 2456)(8675, 2025)(8669, 1800)(8474, 1777)(8576, 4353)(8349, 5006)(2634, 7198)(8675, 4575)(8353, 1747)(8625, 2225)(8575, 2325)(9775, 7475)(15725, 7425)(15503, 4297)(15725, 4875)(15825, 4575)(15825, 2025)(15624, 4327)(15499, 5006)(15726, 4353)(15775, 2225)(15819, 4350)(15819, 1800)(15726, 1803)(15624, 1777)(2100, 1850)
salesman-2:(2100, 1850)(15503, 1747)(15825, 1875)(15725, 2325)(15499, 2456)(15624, 6877)(15499, 10106)(15775, 9875)(15725, 9975)(2100, 1850)
salesman-3:(2100, 1850)(15726, 9453)(15624, 9427)(9775, 11175)(9250, 10650)(9500, 7500)(8353, 9397)(8576, 9453)(9250, 9500)(9757, 9831)(9784, 9748)(8669, 9450)(8625, 9875)(15503, 9397)(15819, 9450)(15825, 9675)(15499, 7556)(15825, 4425)(15825, 6975)(15503, 6847)(15726, 6903)(15825, 9525)(15825, 7125)(15819, 6900)(15775, 7325)(2100, 1850)
salesman-4:(2100, 1850)(15775, 4775)(9775, 2375)(2100, 1850)(2625, 2375)(2625, 3525)(2825, 3025)(8669, 4350)(8675, 4425)(8625, 4775)(8575, 4875)(9775, 6075)(9498, 8655)(9775, 4925)(9975, 10675)(8675, 9525)(2350, 4950)(2775, 10995)(2634, 9748)(2607, 9831)(2348, 8655)(2775, 8445)(2350, 7500)(2825, 8125)(2625, 8625)(2350, 10050)(2625, 11175)(2348, 11205)(2625, 10025)(2825, 10675)(2100, 10650)(2607, 7281)(2775, 3345)(2634, 4648)(2625, 7475)(2625, 6075)(2100, 5550)(9498, 11205)(2100, 1850)
Running time: 215.01926159858704s
min:7.6, max:76.0
Global minimum distance: 276701.0203082411
Route:
salesman-0:(2100, 1850)(2775, 5895)(15624, 4327)(2625, 11175)(2775, 8445)(2100, 8100)(2350, 7500)(2775, 3345)(2625, 3525)(2100, 3000)(2634, 2098)(2607, 2181)(8575, 9975)(9250, 5550)(9757, 7281)(9975, 8125)(9925, 10995)(2100, 1850)
salesman-1:(2100, 1850)(9250, 9500)(15726, 9453)(15819, 9450)(15499, 10106)(15725, 9975)(15775, 9875)(8576, 6903)(8675, 7125)(8625, 7325)(2625, 7475)(2100, 10650)(2775, 10995)(2348, 11205)(2348, 6105)(2625, 6075)(8353, 4297)(2100, 5550)(2825, 8125)(2607, 7281)(2634, 7198)(2100, 1850)
salesman-2:(2100, 1850)(2825, 10675)(2634, 9748)(2625, 10025)(2607, 9831)(2350, 10050)(8349, 10106)(9775, 11175)(9250, 10650)(9925, 8445)(9500, 7500)(8675, 6975)(9250, 6950)(9775, 7475)(8576, 9453)(2634, 4648)(2100, 1850)(2607, 4731)(2350, 4950)(2100, 6950)(8474, 4327)(9250, 1850)(8675, 2025)(9784, 2098)(8576, 1803)(8675, 1875)(8625, 4775)(8675, 4425)(9757, 2181)(8353, 1747)(8474, 1777)(8349, 2456)(8675, 4575)(9500, 4950)(9775, 4925)(9250, 4400)(9775, 2375)(9500, 2400)(8669, 1800)(8349, 5006)(8575, 4875)(8669, 9450)(9784, 7198)(8669, 4350)(2100, 1850)
salesman-3:(2100, 1850)(8576, 4353)(9925, 3345)(9775, 3525)(9250, 3000)(9975, 3025)(8625, 2225)(8575, 2325)(2625, 2375)(2350, 2400)(8675, 9525)(8353, 9397)(9775, 10025)(8625, 9875)(8474, 9427)(2100, 1850)
salesman-4:(2100, 1850)(9500, 10050)(9775, 8625)(8575, 7425)(9775, 6075)(9250, 8100)(8675, 9675)(8669, 6900)(8353, 6847)(8474, 6877)(9498, 8655)(9975, 10675)(9757, 9831)(9498, 11205)(9784, 9748)(8349, 7556)(9498, 3555)(9784, 4648)(9757, 4731)(15825, 4425)(15775, 2225)(15775, 4775)(2625, 8625)(2825, 5575)(2625, 4925)(2100, 4400)(2348, 8655)(2100, 9500)(15725, 4875)(15825, 4575)(15726, 4353)(15499, 5006)(15819, 6900)(15775, 7325)(15499, 7556)(15503, 9397)(15624, 9427)(15726, 6903)(15503, 1747)(15624, 1777)(15825, 1875)(15819, 1800)(15726, 1803)(15499, 2456)(15503, 4297)(15819, 4350)(15825, 2025)(15725, 2325)(15503, 6847)(15624, 6877)(15725, 7425)(15825, 6975)(15825, 7125)(15825, 9675)(15825, 9525)(9975, 5575)(9925, 5895)(9498, 6105)(2348, 3555)(2825, 3025)(2100, 1850)
Running time: 215.02738308906555s
min:7.6, max:76.0
Global minimum distance: 318968.63822705415
Route:
salesman-0:(2100, 1850)(2100, 8100)(2634, 7198)(9250, 6950)(8675, 7125)(8675, 4425)(9775, 7475)(8675, 9525)(9250, 9500)(9925, 10995)(8474, 6877)(8349, 7556)(2825, 8125)(2100, 6950)(2100, 1850)
salesman-1:(2100, 1850)(2775, 5895)(2100, 1850)(8353, 6847)(9757, 7281)(15775, 2225)(15503, 1747)(15624, 1777)(15726, 1803)(2100, 1850)
salesman-2:(2100, 1850)(15825, 1875)(15819, 1800)(15725, 4875)(15825, 4575)(15624, 6877)(15819, 9450)(15825, 9675)(15499, 10106)(9775, 11175)(9784, 7198)(8669, 6900)(8675, 6975)(8576, 6903)(8353, 1747)(8575, 2325)(2634, 2098)(8474, 1777)(2350, 2400)(2100, 3000)(2348, 3555)(2348, 6105)(2625, 8625)(2625, 7475)(2350, 7500)(2775, 3345)(2607, 2181)(2350, 4950)(2625, 4925)(15825, 9525)(15825, 7125)(15726, 4353)(9975, 5575)(2100, 1850)
salesman-3:(2100, 1850)(9250, 5550)(9250, 4400)(9775, 3525)(8576, 1803)(2825, 10675)(2100, 10650)(2607, 9831)(2634, 9748)(8349, 5006)(8675, 4575)(8575, 4875)(8625, 4775)(9775, 6075)(9498, 3555)(8349, 2456)(8474, 9427)(9250, 10650)(8675, 9675)(8625, 9875)(9975, 10675)(9757, 9831)(9500, 10050)(9784, 9748)(8349, 10106)(2607, 7281)(15825, 2025)(15775, 4775)(9250, 3000)(8353, 4297)(8474, 4327)(9784, 4648)(9250, 1850)(9784, 2098)(15499, 2456)(15825, 4425)(15819, 4350)(15725, 2325)(8669, 4350)(9757, 2181)(9975, 3025)(9775, 2375)(8625, 7325)(9498, 6105)(9757, 4731)(9775, 4925)(9925, 5895)(9500, 7500)(8576, 4353)(8675, 1875)(8675, 2025)(8625, 2225)(2825, 3025)(2100, 5550)(2625, 6075)(2634, 4648)(2825, 5575)(2775, 8445)(2348, 8655)(2100, 9500)(2625, 10025)(2625, 11175)(2350, 10050)(2348, 11205)(2775, 10995)(9250, 8100)(8575, 7425)(9775, 8625)(9975, 8125)(15726, 9453)(15503, 6847)(15775, 9875)(2100, 1850)
salesman-4:(2100, 1850)(15819, 6900)(2625, 3525)(2625, 2375)(2100, 4400)(2607, 4731)(9500, 4950)(8669, 1800)(9925, 3345)(9500, 2400)(9925, 8445)(9498, 8655)(9498, 11205)(15503, 9397)(15775, 7325)(15499, 7556)(15725, 7425)(15499, 5006)(15503, 4297)(15624, 4327)(15726, 6903)(15825, 6975)(15725, 9975)(15624, 9427)(9775, 10025)(8669, 9450)(8353, 9397)(8575, 9975)(8576, 9453)(2100, 1850)
Running time: 215.03083539009094s
min:7.6, max:76.0
Global minimum distance: 304647.1315373918
Route:
salesman-0:(2100, 1850)(2348, 3555)(2100, 3000)(2775, 8445)(2100, 9500)(2348, 8655)(2625, 8625)(2625, 10025)(2625, 11175)(2825, 8125)(2625, 7475)(8576, 9453)(9250, 9500)(9975, 10675)(9500, 2400)(9757, 4731)(9975, 3025)(9784, 2098)(8625, 2225)(9925, 5895)(9757, 7281)(9775, 6075)(15825, 9675)(15819, 9450)(15725, 7425)(15825, 4425)(15825, 4575)(2100, 1850)
salesman-1:(2100, 1850)(15725, 2325)(15499, 2456)(15503, 4297)(15624, 6877)(15825, 7125)(15825, 6975)(15726, 9453)(15499, 7556)(15499, 10106)(15725, 9975)(15726, 6903)(2100, 1850)
salesman-2:(2100, 1850)(15503, 9397)(9775, 11175)(9498, 11205)(9757, 9831)(9775, 7475)(9250, 3000)(8675, 7125)(9500, 7500)(2607, 9831)(2350, 10050)(2607, 7281)(2100, 6950)(2634, 7198)(2100, 10650)(2348, 11205)(2825, 10675)(2100, 8100)(2625, 6075)(2100, 5550)(2607, 4731)(2350, 7500)(8625, 9875)(2775, 10995)(2634, 9748)(2348, 6105)(2775, 5895)(2825, 3025)(2634, 2098)(9784, 4648)(9775, 4925)(9250, 5550)(8575, 7425)(8669, 6900)(8474, 9427)(8575, 9975)(9925, 8445)(8625, 7325)(8675, 6975)(9498, 8655)(9975, 8125)(9775, 10025)(9925, 3345)(15819, 1800)(15499, 5006)(15775, 7325)(15825, 9525)(8675, 9525)(8349, 10106)(8675, 9675)(9250, 10650)(9500, 10050)(8669, 9450)(8576, 4353)(8625, 4775)(9250, 8100)(9775, 8625)(9784, 9748)(15624, 9427)(15775, 9875)(15819, 6900)(15503, 6847)(15726, 4353)(15825, 1875)(15775, 2225)(15624, 4327)(2100, 1850)
salesman-3:(2100, 1850)(15775, 4775)(15819, 4350)(15725, 4875)(15825, 2025)(15503, 1747)(15726, 1803)(15624, 1777)(9498, 3555)(9975, 5575)(8353, 6847)(8474, 6877)(9784, 7198)(2100, 1850)
salesman-4:(2100, 1850)(8349, 7556)(9250, 4400)(8669, 4350)(8576, 1803)(9775, 2375)(9775, 3525)(9250, 1850)(9757, 2181)(8353, 4297)(8675, 2025)(8474, 1777)(2607, 2181)(2100, 1850)(2625, 2375)(2350, 2400)(8675, 4425)(8575, 4875)(8675, 4575)(8474, 4327)(9500, 4950)(9498, 6105)(2634, 4648)(2825, 5575)(2350, 4950)(2625, 3525)(2775, 3345)(8349, 2456)(8575, 2325)(8669, 1800)(8576, 6903)(9250, 6950)(9925, 10995)(8353, 9397)(8353, 1747)(8675, 1875)(8349, 5006)(2625, 4925)(2100, 4400)(2100, 1850)
Running time: 215.02835607528687s
min:7.6, max:76.0
Global minimum distance: 309766.1532252198
Route:
salesman-0:(2100, 1850)(2625, 3525)(2625, 8625)(2775, 8445)(2625, 7475)(2100, 6950)(2775, 5895)(2825, 10675)(2634, 9748)(2625, 10025)(2100, 10650)(2625, 11175)(2825, 8125)(2350, 10050)(8474, 9427)(9500, 7500)(15725, 9975)(15775, 7325)(15825, 7125)(15499, 7556)(15725, 7425)(15499, 10106)(15825, 9675)(15775, 9875)(15726, 9453)(15819, 9450)(2100, 1850)
salesman-1:(2100, 1850)(15503, 6847)(15726, 4353)(15624, 4327)(15819, 4350)(8349, 10106)(2100, 8100)(2100, 5550)(2100, 1850)(9775, 4925)(9498, 3555)(9250, 1850)(8474, 1777)(9775, 2375)(2100, 1850)
salesman-2:(2100, 1850)(15825, 1875)(15825, 4425)(15725, 4875)(8675, 4575)(9775, 6075)(9925, 5895)(9250, 3000)(2825, 3025)(2348, 8655)(2350, 4950)(2348, 6105)(2607, 4731)(2634, 4648)(2775, 3345)(8669, 9450)(8675, 9675)(8353, 9397)(8353, 6847)(9775, 7475)(9500, 10050)(9775, 10025)(9498, 8655)(9784, 9748)(8625, 2225)(8575, 2325)(8675, 1875)(8349, 2456)(8675, 4425)(9250, 8100)(2607, 7281)(2625, 4925)(2634, 7198)(2350, 7500)(2100, 9500)(2607, 9831)(2775, 10995)(8576, 6903)(9784, 7198)(2607, 2181)(2348, 3555)(2634, 2098)(2625, 6075)(2825, 5575)(2350, 2400)(2625, 2375)(9975, 8125)(8349, 7556)(8474, 6877)(8675, 6975)(8675, 9525)(8575, 9975)(2348, 11205)(15825, 4575)(15499, 5006)(15726, 6903)(15775, 4775)(15825, 6975)(15503, 4297)(15819, 6900)(15499, 2456)(15726, 1803)(15825, 2025)(15503, 1747)(15624, 1777)(15775, 2225)(15819, 1800)(15725, 2325)(15624, 6877)(15825, 9525)(9250, 10650)(2100, 1850)
salesman-3:(2100, 1850)(8625, 9875)(9975, 10675)(9925, 10995)(8576, 9453)(9250, 9500)(9757, 9831)(9498, 11205)(9775, 11175)(9757, 7281)(9250, 6950)(15503, 9397)(15624, 9427)(9775, 3525)(9500, 2400)(9757, 2181)(8669, 1800)(8675, 2025)(8353, 1747)(9250, 4400)(8353, 4297)(2100, 4400)(2100, 3000)(8669, 4350)(8576, 1803)(8575, 7425)(9775, 8625)(9925, 8445)(8675, 7125)(8669, 6900)(9250, 5550)(9784, 4648)(9784, 2098)(9975, 3025)(9925, 3345)(9500, 4950)(2100, 1850)
salesman-4:(2100, 1850)(9498, 6105)(9975, 5575)(9757, 4731)(8576, 4353)(8349, 5006)(8625, 4775)(8474, 4327)(8575, 4875)(8625, 7325)(2100, 1850)
Running time: 215.0336344242096s
min:7.6, max:76.0
Global minimum distance: 351937.67048940575
Route:
salesman-0:(2100, 1850)(2775, 3345)(8349, 2456)(8675, 4575)(8474, 4327)(8353, 4297)(8675, 4425)(9775, 4925)(9975, 8125)(9784, 9748)(8349, 10106)(8669, 9450)(2634, 4648)(8669, 6900)(15499, 7556)(15726, 1803)(15726, 9453)(15825, 7125)(15825, 2025)(15503, 1747)(15775, 2225)(15624, 1777)(15726, 4353)(15624, 4327)(15725, 7425)(2100, 1850)
salesman-1:(2100, 1850)(15726, 6903)(15775, 7325)(15499, 10106)(15503, 9397)(9925, 5895)(9784, 7198)(9775, 7475)(9775, 8625)(9250, 4400)(2100, 1850)
salesman-2:(2100, 1850)(9757, 4731)(8669, 4350)(9784, 4648)(8575, 2325)(8669, 1800)(9757, 2181)(9784, 2098)(9250, 3000)(8576, 1803)(9925, 3345)(9250, 1850)(9498, 3555)(8353, 1747)(8675, 1875)(9975, 3025)(2100, 4400)(2348, 8655)(2100, 9500)(2625, 10025)(2825, 3025)(9498, 11205)(9250, 9500)(8625, 7325)(8675, 6975)(8349, 7556)(8675, 9525)(8353, 9397)(15725, 4875)(15819, 1800)(15825, 4575)(2625, 8625)(9757, 9831)(9775, 10025)(8576, 9453)(2775, 10995)(2634, 9748)(2825, 10675)(2634, 7198)(2100, 6950)(2775, 8445)(2607, 4731)(8625, 2225)(8474, 1777)(15499, 2456)(15503, 4297)(15499, 5006)(15825, 9675)(15725, 9975)(15819, 6900)(15825, 6975)(15503, 6847)(15624, 9427)(15775, 9875)(15725, 2325)(8675, 2025)(9500, 2400)(9498, 6105)(8575, 4875)(9775, 3525)(9757, 7281)(8576, 6903)(8576, 4353)(9500, 4950)(9975, 5575)(9775, 6075)(8575, 9975)(9925, 10995)(15624, 6877)(2100, 1850)
salesman-3:(2100, 1850)(15825, 9525)(15819, 9450)(15775, 4775)(15825, 4425)(15819, 4350)(15825, 1875)(9775, 2375)(8625, 4775)(9975, 10675)(9775, 11175)(9500, 10050)(8625, 9875)(9925, 8445)(8353, 6847)(2775, 5895)(2625, 4925)(2350, 4950)(2348, 3555)(2100, 3000)(2625, 2375)(2625, 3525)(2100, 1850)(2350, 2400)(2100, 5550)(2825, 8125)(2625, 7475)(2100, 10650)(2607, 9831)(2625, 11175)(2350, 10050)(2348, 11205)(2100, 1850)
salesman-4:(2100, 1850)(2100, 8100)(2350, 7500)(2348, 6105)(2634, 2098)(2607, 2181)(2607, 7281)(2625, 6075)(2825, 5575)(9500, 7500)(9250, 6950)(8575, 7425)(8675, 7125)(8349, 5006)(9250, 5550)(8474, 6877)(9498, 8655)(9250, 8100)(8474, 9427)(8675, 9675)(9250, 10650)(2100, 1850)
Running time: 215.01967883110046s
min:7.6, max:76.0
Global minimum distance: 298795.065376032
Route:
salesman-0:(2100, 1850)(8576, 4353)(8625, 4775)(8349, 5006)(8625, 7325)(9250, 9500)(8353, 9397)(9925, 10995)(9757, 9831)(9775, 11175)(9498, 11205)(9784, 9748)(15775, 4775)(15624, 4327)(15819, 4350)(15624, 6877)(15503, 6847)(15725, 7425)(2100, 1850)
salesman-1:(2100, 1850)(15825, 7125)(15825, 6975)(15775, 9875)(15499, 10106)(15624, 9427)(15499, 7556)(15819, 1800)(15725, 2325)(8575, 2325)(8474, 1777)(8625, 2225)(9250, 4400)(15726, 4353)(2634, 2098)(2348, 3555)(2350, 4950)(8675, 2025)(9775, 4925)(8669, 6900)(9498, 8655)(8675, 9525)(9975, 10675)(8669, 9450)(8474, 9427)(8675, 9675)(9250, 8100)(9925, 5895)(9250, 6950)(15726, 6903)(15499, 2456)(15825, 4575)(9975, 5575)(2634, 4648)(8675, 1875)(8353, 1747)(8669, 1800)(2607, 4731)(2100, 4400)(2100, 5550)(15825, 4425)(8349, 2456)(8576, 1803)(9975, 3025)(9925, 3345)(9775, 2375)(2100, 1850)
salesman-2:(2100, 1850)(9784, 2098)(9250, 1850)(8669, 4350)(8474, 4327)(8675, 4425)(9784, 4648)(9775, 3525)(9498, 3555)(8353, 4297)(8474, 6877)(8349, 7556)(2100, 1850)
salesman-3:(2100, 1850)(9757, 7281)(9775, 6075)(8675, 6975)(8353, 6847)(9250, 5550)(9775, 7475)(8576, 6903)(2100, 6950)(2775, 3345)(2348, 6105)(2348, 8655)(2625, 8625)(9775, 8625)(8625, 9875)(9775, 10025)(8576, 9453)(9500, 10050)(8349, 10106)(9925, 8445)(9975, 8125)(9500, 7500)(8575, 7425)(8575, 9975)(9250, 10650)(2625, 7475)(2634, 7198)(2825, 5575)(2100, 1850)(2100, 3000)(2625, 6075)(2350, 10050)(2825, 10675)(2825, 8125)(2775, 8445)(2350, 7500)(2625, 3525)(2350, 2400)(2607, 2181)(2625, 2375)(2825, 3025)(9250, 3000)(8675, 7125)(15503, 1747)(15825, 2025)(15725, 4875)(15624, 1777)(15503, 4297)(15499, 5006)(15775, 2225)(15726, 1803)(15825, 1875)(9757, 2181)(9500, 2400)(8675, 4575)(9757, 4731)(15503, 9397)(15819, 9450)(15825, 9675)(15825, 9525)(15726, 9453)(15725, 9975)(2100, 1850)
salesman-4:(2100, 1850)(15775, 7325)(15819, 6900)(9784, 7198)(8575, 4875)(9498, 6105)(9500, 4950)(2348, 11205)(2775, 10995)(2607, 9831)(2634, 9748)(2100, 9500)(2100, 10650)(2625, 11175)(2625, 10025)(2100, 8100)(2775, 5895)(2607, 7281)(2625, 4925)(2100, 1850)
Running time: 215.0198781490326s
min:7.6, max:76.0
Global minimum distance: 330890.8532346865
Route:
salesman-0:(2100, 1850)(2348, 6105)(2625, 6075)(2607, 7281)(8669, 4350)(9500, 2400)(9498, 3555)(8625, 2225)(8675, 1875)(8669, 1800)(8576, 1803)(9757, 2181)(8625, 9875)(8675, 9525)(8669, 9450)(8625, 7325)(8474, 6877)(8575, 7425)(9784, 4648)(8575, 4875)(8474, 4327)(8353, 9397)(9975, 8125)(9925, 10995)(9775, 11175)(8576, 9453)(9925, 5895)(15726, 4353)(15819, 4350)(15725, 4875)(8675, 6975)(8675, 7125)(9775, 7475)(9250, 5550)(15819, 9450)(8576, 4353)(8353, 6847)(9250, 8100)(2825, 5575)(2100, 5550)(2607, 4731)(2100, 9500)(2775, 8445)(2348, 11205)(2625, 11175)(2634, 9748)(2825, 10675)(2625, 10025)(2350, 2400)(15503, 4297)(8576, 6903)(8675, 4425)(9500, 4950)(8625, 4775)(8474, 1777)(8353, 1747)(15499, 2456)(15725, 2325)(15819, 1800)(15825, 2025)(15775, 2225)(15499, 5006)(15624, 9427)(15825, 9675)(15499, 7556)(2100, 1850)
salesman-1:(2100, 1850)(15775, 4775)(15825, 4575)(15825, 4425)(15819, 6900)(15726, 6903)(15624, 4327)(15503, 6847)(15503, 9397)(15825, 9525)(15726, 9453)(2100, 1850)
salesman-2:(2100, 1850)(15725, 9975)(15825, 7125)(15725, 7425)(15825, 6975)(8349, 10106)(8575, 9975)(9757, 9831)(8353, 4297)(9250, 3000)(9775, 3525)(9775, 2375)(2634, 2098)(2607, 2181)(2625, 2375)(2625, 3525)(2625, 8625)(2634, 4648)(2100, 8100)(2634, 7198)(2350, 7500)(2350, 4950)(8575, 2325)(9975, 5575)(9775, 10025)(8474, 9427)(9250, 9500)(9784, 9748)(2100, 1850)
salesman-3:(2100, 1850)(9975, 10675)(9775, 8625)(9498, 8655)(8349, 7556)(9775, 6075)(8669, 6900)(9757, 7281)(9250, 6950)(9925, 8445)(9500, 7500)(9784, 7198)(9250, 1850)(8349, 2456)(9784, 2098)(8349, 5006)(9757, 4731)(9250, 4400)(9925, 3345)(9975, 3025)(8675, 2025)(2100, 1850)(2100, 3000)(2775, 3345)(2825, 3025)(2348, 3555)(2100, 4400)(2625, 4925)(2775, 5895)(2100, 6950)(2607, 9831)(2350, 10050)(2348, 8655)(2100, 10650)(2775, 10995)(9498, 6105)(9250, 10650)(9498, 11205)(9500, 10050)(2825, 8125)(2625, 7475)(8675, 9675)(9775, 4925)(2100, 1850)
salesman-4:(2100, 1850)(15624, 6877)(15624, 1777)(15503, 1747)(15775, 7325)(15499, 10106)(15775, 9875)(15726, 1803)(15825, 1875)(8675, 4575)(2100, 1850)
Running time: 215.03890872001648s
min:7.6, max:76.0
Global minimum distance: 276813.9109700402
Route:
salesman-0:(2100, 1850)(2348, 6105)(2348, 8655)(2100, 9500)(9757, 4731)(8353, 1747)(2607, 4731)(2625, 6075)(2350, 7500)(2775, 8445)(2625, 4925)(2607, 2181)(2350, 2400)(2775, 5895)(2100, 6950)(2625, 7475)(2825, 3025)(2100, 3000)(2625, 3525)(2634, 2098)(2775, 3345)(2634, 4648)(2825, 5575)(8349, 2456)(8353, 4297)(8349, 5006)(9498, 6105)(9775, 6075)(9250, 8100)(8474, 6877)(2625, 2375)(2100, 1850)(2348, 3555)(2100, 4400)(2350, 4950)(2625, 11175)(2775, 10995)(2100, 5550)(2825, 8125)(8349, 7556)(9775, 7475)(8575, 9975)(8625, 9875)(8349, 10106)(9775, 11175)(8675, 9675)(9784, 9748)(9757, 9831)(8669, 9450)(8625, 7325)(9498, 8655)(9925, 10995)(9250, 10650)(9498, 11205)(9500, 10050)(9250, 9500)(15775, 9875)(15825, 9675)(15819, 9450)(15725, 9975)(15503, 9397)(15624, 9427)(15726, 9453)(2100, 1850)
salesman-1:(2100, 1850)(15725, 7425)(15624, 6877)(15775, 4775)(15825, 7125)(15726, 6903)(15825, 4425)(15726, 4353)(15503, 6847)(15499, 7556)(2100, 1850)
salesman-2:(2100, 1850)(15775, 7325)(15825, 9525)(15499, 10106)(8576, 9453)(9775, 8625)(9975, 8125)(8576, 6903)(9784, 7198)(8669, 6900)(8675, 6975)(9925, 8445)(2100, 1850)
salesman-3:(2100, 1850)(9250, 6950)(8675, 7125)(8575, 7425)(8353, 6847)(8474, 4327)(8675, 4575)(8575, 4875)(2607, 7281)(2100, 8100)(2348, 11205)(2825, 10675)(8474, 9427)(8353, 9397)(2634, 7198)(2625, 8625)(2625, 10025)(2350, 10050)(2607, 9831)(2100, 10650)(2634, 9748)(9498, 3555)(9975, 10675)(8675, 9525)(9250, 5550)(9500, 7500)(9757, 7281)(9250, 4400)(9500, 2400)(8576, 1803)(8675, 1875)(9925, 5895)(9975, 3025)(8575, 2325)(8625, 2225)(9250, 3000)(8625, 4775)(9250, 1850)(9775, 4925)(8675, 2025)(8474, 1777)(8669, 1800)(9775, 2375)(15503, 1747)(15726, 1803)(15624, 1777)(15825, 1875)(15499, 2456)(15725, 2325)(15624, 4327)(15819, 1800)(15825, 2025)(15825, 4575)(15725, 4875)(15819, 4350)(15775, 2225)(15825, 6975)(15819, 6900)(2100, 1850)
salesman-4:(2100, 1850)(15499, 5006)(15503, 4297)(8675, 4425)(8576, 4353)(9784, 4648)(9500, 4950)(9975, 5575)(9775, 3525)(8669, 4350)(9925, 3345)(9784, 2098)(9757, 2181)(9775, 10025)(2100, 1850)
Running time: 215.01655983924866s
min:7.6, max:76.0
Global minimum distance: 274776.4088943771
Route:
salesman-0:(2100, 1850)(2348, 3555)(2775, 3345)(2625, 8625)(2100, 6950)(2825, 5575)(8669, 6900)(9250, 9500)(9784, 9748)(9498, 8655)(9250, 8100)(8576, 9453)(9775, 8625)(9500, 10050)(9498, 11205)(8675, 9675)(9975, 5575)(8349, 10106)(8474, 9427)(8575, 2325)(2350, 2400)(2100, 5550)(2348, 8655)(2625, 7475)(2100, 8100)(8353, 1747)(2625, 3525)(2100, 1850)(2100, 3000)(2625, 4925)(2634, 4648)(2625, 6075)(2348, 6105)(2607, 7281)(2350, 7500)(2100, 9500)(2607, 9831)(2634, 7198)(8474, 6877)(8675, 2025)(2625, 11175)(2607, 4731)(2100, 4400)(2825, 3025)(8353, 9397)(8675, 9525)(8575, 9975)(8675, 6975)(8353, 4297)(9250, 4400)(2100, 10650)(8353, 6847)(9498, 6105)(8669, 1800)(9784, 2098)(15624, 1777)(2100, 1850)
salesman-1:(2100, 1850)(15825, 1875)(15725, 2325)(15726, 1803)(15726, 4353)(15503, 1747)(15819, 4350)(15825, 4575)(15775, 4775)(15503, 4297)(9250, 5550)(9925, 5895)(8675, 4575)(8349, 5006)(8625, 4775)(2100, 1850)
salesman-2:(2100, 1850)(8669, 4350)(9498, 3555)(8675, 7125)(8575, 7425)(9775, 7475)(9775, 4925)(9757, 4731)(9975, 3025)(8675, 4425)(9775, 6075)(8625, 7325)(8474, 4327)(8625, 2225)(9250, 1850)(8625, 9875)(8669, 9450)(9925, 8445)(9784, 7198)(9500, 7500)(9250, 6950)(8349, 7556)(9757, 7281)(8576, 6903)(9500, 4950)(8349, 2456)(2350, 4950)(2775, 5895)(2825, 8125)(2775, 8445)(2625, 10025)(2350, 10050)(2634, 9748)(2348, 11205)(2825, 10675)(2775, 10995)(9975, 10675)(9775, 11175)(9757, 9831)(9250, 10650)(9925, 10995)(9775, 10025)(9975, 8125)(9925, 3345)(9775, 2375)(8675, 1875)(9250, 3000)(9500, 2400)(9757, 2181)(8474, 1777)(8576, 1803)(2634, 2098)(2607, 2181)(8576, 4353)(8575, 4875)(9784, 4648)(9775, 3525)(15499, 5006)(15725, 4875)(2100, 1850)
salesman-3:(2100, 1850)(15624, 4327)(15775, 2225)(15499, 2456)(15825, 2025)(15819, 1800)(15825, 4425)(15775, 7325)(15725, 7425)(15825, 7125)(15819, 9450)(15503, 9397)(2100, 1850)
salesman-4:(2100, 1850)(15726, 9453)(15503, 6847)(15819, 6900)(15624, 6877)(15726, 6903)(15825, 6975)(15499, 7556)(15499, 10106)(15725, 9975)(15775, 9875)(15825, 9675)(15825, 9525)(15624, 9427)(2625, 2375)(2100, 1850)
Running time: 215.02169346809387s
min:7.6, max:76.0
Global minimum distance: 312686.57699953753
Route:
salesman-0:(2100, 1850)(2350, 2400)(2100, 3000)(9250, 8100)(8349, 7556)(8669, 6900)(8474, 9427)(9775, 8625)(9498, 8655)(9925, 8445)(8675, 7125)(2825, 8125)(2100, 6950)(2100, 8100)(2775, 8445)(8625, 4775)(8625, 9875)(9925, 10995)(9784, 7198)(2625, 6075)(2775, 3345)(2625, 3525)(2100, 1850)(2350, 4950)(2625, 7475)(2607, 7281)(2825, 5575)(2348, 3555)(2634, 7198)(2634, 9748)(2775, 10995)(2100, 10650)(9250, 10650)(8349, 10106)(8675, 9525)(8669, 9450)(9250, 6950)(15819, 9450)(15503, 9397)(15775, 4775)(15503, 1747)(8625, 2225)(9250, 9500)(8353, 9397)(2348, 11205)(2100, 9500)(2348, 8655)(2625, 8625)(2350, 7500)(2625, 10025)(2825, 10675)(2100, 4400)(9757, 7281)(8675, 6975)(8353, 6847)(8669, 4350)(9500, 2400)(9498, 3555)(9775, 6075)(15503, 6847)(15825, 9675)(15825, 9525)(15726, 9453)(15825, 6975)(15499, 5006)(2100, 1850)
salesman-1:(2100, 1850)(15825, 4425)(15819, 4350)(15725, 9975)(15775, 9875)(15725, 7425)(15775, 7325)(15624, 6877)(15819, 6900)(15825, 7125)(15499, 7556)(15726, 6903)(15499, 10106)(2100, 1850)
salesman-2:(2100, 1850)(15624, 9427)(15825, 4575)(15725, 4875)(15725, 2325)(15819, 1800)(15775, 2225)(15624, 1777)(15825, 1875)(15726, 1803)(15825, 2025)(8474, 1777)(8349, 2456)(15624, 4327)(15499, 2456)(15726, 4353)(9975, 3025)(2625, 2375)(2634, 2098)(2825, 3025)(2625, 4925)(2348, 6105)(2625, 11175)(2350, 10050)(2607, 9831)(2607, 4731)(2775, 5895)(2100, 5550)(2634, 4648)(8576, 4353)(9775, 4925)(8474, 4327)(9925, 5895)(9250, 3000)(2100, 1850)
salesman-3:(2100, 1850)(9925, 3345)(8576, 1803)(8353, 1747)(8669, 1800)(8675, 1875)(8675, 2025)(9757, 2181)(8575, 2325)(2607, 2181)(8675, 4575)(9500, 4950)(9784, 9748)(9757, 9831)(2100, 1850)
salesman-4:(2100, 1850)(8575, 9975)(8575, 7425)(8576, 9453)(8675, 9675)(9775, 10025)(9500, 10050)(9775, 11175)(9498, 11205)(9975, 10675)(9975, 8125)(8625, 7325)(8575, 4875)(9498, 6105)(8349, 5006)(9775, 2375)(9775, 3525)(8675, 4425)(9250, 1850)(9784, 2098)(9784, 4648)(9757, 4731)(9250, 4400)(8353, 4297)(9250, 5550)(8576, 6903)(8474, 6877)(9775, 7475)(9500, 7500)(9975, 5575)(15503, 4297)(2100, 1850)
Running time: 215.0418336391449s
min:7.6, max:76.0
Global minimum distance: 336883.57153444743
Route:
salesman-0:(2100, 1850)(2825, 3025)(2350, 7500)(2625, 11175)(9775, 4925)(15819, 4350)(2100, 3000)(2625, 3525)(2625, 6075)(2825, 5575)(8669, 6900)(8576, 6903)(8349, 7556)(9775, 8625)(8474, 6877)(9757, 9831)(9925, 8445)(8675, 4575)(8575, 4875)(2348, 3555)(2625, 4925)(2350, 4950)(2634, 4648)(2348, 8655)(2607, 9831)(2775, 5895)(2775, 3345)(2100, 5550)(8349, 5006)(9975, 5575)(9784, 7198)(9498, 3555)(8675, 1875)(8576, 1803)(8353, 1747)(8575, 7425)(2625, 10025)(2825, 10675)(2775, 10995)(2825, 8125)(8669, 4350)(8675, 6975)(2350, 10050)(2348, 6105)(2775, 8445)(2100, 1850)
salesman-1:(2100, 1850)(8353, 4297)(9975, 3025)(9250, 1850)(8474, 1777)(9757, 2181)(9784, 2098)(15825, 4425)(15825, 2025)(15499, 2456)(15825, 6975)(15499, 7556)(15624, 9427)(2100, 1850)
salesman-2:(2100, 1850)(15775, 9875)(15499, 10106)(15726, 9453)(15726, 4353)(15624, 1777)(15503, 1747)(15825, 1875)(15819, 1800)(2100, 1850)
salesman-3:(2100, 1850)(15726, 1803)(15775, 4775)(15819, 6900)(15624, 6877)(15726, 6903)(15825, 7125)(15624, 4327)(15725, 2325)(9784, 4648)(8576, 4353)(2634, 2098)(8625, 4775)(9775, 3525)(9925, 3345)(9500, 2400)(9775, 2375)(8669, 1800)(8625, 2225)(8575, 2325)(9775, 6075)(9250, 5550)(9498, 6105)(9250, 8100)(9775, 11175)(8625, 9875)(8675, 7125)(8349, 10106)(9925, 10995)(9975, 10675)(9775, 10025)(2100, 1850)
salesman-4:(2100, 1850)(15825, 9675)(15825, 9525)(15725, 7425)(9500, 10050)(2100, 10650)(2634, 9748)(2100, 8100)(2607, 4731)(2100, 4400)(2607, 2181)(2625, 2375)(2100, 1850)(2350, 2400)(8349, 2456)(8675, 2025)(9250, 3000)(8474, 4327)(9925, 5895)(8675, 4425)(9250, 4400)(2625, 8625)(9975, 8125)(9250, 9500)(8474, 9427)(8625, 7325)(8353, 6847)(9757, 7281)(9250, 6950)(9500, 7500)(9498, 8655)(9775, 7475)(15775, 2225)(15825, 4575)(15503, 4297)(15503, 6847)(15775, 7325)(15499, 5006)(15725, 4875)(15819, 9450)(15725, 9975)(15503, 9397)(9500, 4950)(8669, 9450)(8575, 9975)(8576, 9453)(8353, 9397)(8675, 9675)(9250, 10650)(9498, 11205)(9784, 9748)(8675, 9525)(2100, 9500)(2348, 11205)(2634, 7198)(2100, 6950)(2625, 7475)(2607, 7281)(9757, 4731)(2100, 1850)
Running time: 215.01763892173767s
min:7.6, max:76.0
Global minimum distance: 273042.16142388416
Route:
salesman-0:(2100, 1850)(8576, 1803)(9500, 2400)(8353, 1747)(9925, 3345)(9784, 2098)(8349, 2456)(9757, 4731)(9498, 3555)(8675, 1875)(9250, 1850)(15819, 4350)(15725, 2325)(15825, 4575)(15503, 1747)(15726, 9453)(2100, 1850)
salesman-1:(2100, 1850)(15725, 9975)(15775, 9875)(15503, 9397)(15819, 9450)(8669, 1800)(15825, 1875)(15819, 1800)(15775, 2225)(15503, 4297)(15726, 4353)(15624, 4327)(15499, 5006)(15819, 6900)(15825, 9525)(15499, 10106)(15725, 7425)(15726, 6903)(15499, 7556)(15775, 7325)(9250, 4400)(8675, 4575)(8669, 4350)(2350, 4950)(2825, 5575)(2100, 8100)(2348, 6105)(2607, 9831)(2350, 10050)(2825, 8125)(2625, 7475)(8349, 10106)(9250, 10650)(9975, 10675)(9925, 10995)(9775, 10025)(9250, 9500)(9500, 10050)(9975, 8125)(9498, 8655)(9757, 7281)(8675, 6975)(9775, 2375)(8575, 2325)(8474, 1777)(9757, 2181)(15624, 9427)(15503, 6847)(15825, 6975)(15825, 7125)(15775, 4775)(15726, 1803)(15624, 1777)(15499, 2456)(15825, 4425)(15725, 4875)(9775, 3525)(9975, 3025)(9775, 4925)(9250, 5550)(8349, 5006)(8576, 4353)(8474, 4327)(8353, 4297)(9250, 3000)(8675, 2025)(2100, 3000)(2607, 2181)(2634, 2098)(2348, 3555)(2775, 3345)(2625, 3525)(9498, 11205)(2100, 1850)
salesman-2:(2100, 1850)(8625, 9875)(8575, 9975)(8675, 9675)(8675, 9525)(8576, 9453)(8575, 7425)(2825, 3025)(2350, 7500)(2634, 7198)(8353, 6847)(8474, 6877)(8675, 7125)(9250, 6950)(9498, 6105)(2100, 1850)
salesman-3:(2100, 1850)(9784, 7198)(9925, 8445)(9500, 7500)(9250, 8100)(9775, 7475)(9775, 8625)(8349, 7556)(8575, 4875)(8625, 4775)(9925, 5895)(9784, 4648)(9500, 4950)(9775, 6075)(8576, 6903)(8669, 6900)(8353, 9397)(2100, 5550)(2625, 11175)(2348, 11205)(2825, 10675)(2775, 10995)(2100, 10650)(2100, 9500)(2348, 8655)(8675, 4425)(9975, 5575)(8625, 7325)(9784, 9748)(9757, 9831)(8669, 9450)(8474, 9427)(9775, 11175)(15825, 9675)(2100, 1850)
salesman-4:(2100, 1850)(15624, 6877)(15825, 2025)(8625, 2225)(2100, 1850)(2350, 2400)(2625, 2375)(2100, 4400)(2625, 6075)(2100, 6950)(2775, 5895)(2775, 8445)(2625, 8625)(2634, 9748)(2625, 10025)(2634, 4648)(2607, 4731)(2625, 4925)(2607, 7281)(2100, 1850)
Running time: 215.03416275978088s
min:7.6, max:76.0
Global minimum distance: 271739.5906668642
Route:
salesman-0:(2100, 1850)(2350, 2400)(2100, 1850)(2100, 6950)(2348, 6105)(2625, 11175)(2100, 9500)(2348, 8655)(2625, 8625)(2607, 9831)(2100, 1850)
salesman-1:(2100, 1850)(2634, 9748)(2625, 7475)(2350, 7500)(2100, 4400)(2348, 3555)(2607, 2181)(2634, 2098)(8353, 6847)(9250, 3000)(8675, 2025)(9500, 2400)(9775, 6075)(8625, 2225)(8675, 1875)(2825, 8125)(2348, 11205)(2100, 10650)(2350, 10050)(2825, 10675)(2625, 10025)(2607, 7281)(2634, 7198)(2100, 3000)(2775, 5895)(2825, 5575)(2607, 4731)(2625, 4925)(2100, 5550)(2634, 4648)(2625, 6075)(2775, 3345)(2625, 2375)(2825, 3025)(9250, 1850)(2100, 1850)
salesman-2:(2100, 1850)(8669, 1800)(8353, 1747)(8575, 2325)(8576, 1803)(9775, 3525)(8675, 6975)(8349, 5006)(9250, 4400)(9784, 4648)(9498, 3555)(8349, 2456)(8474, 1777)(2625, 3525)(8675, 4425)(8669, 4350)(8575, 4875)(9500, 4950)(9775, 4925)(9975, 5575)(9925, 5895)(9757, 4731)(8349, 10106)(2775, 8445)(2350, 4950)(15819, 1800)(15624, 1777)(15825, 2025)(15499, 5006)(15503, 6847)(15819, 6900)(15825, 6975)(15726, 6903)(15624, 6877)(15725, 4875)(15825, 4575)(15775, 7325)(15725, 7425)(15825, 7125)(15819, 9450)(15503, 9397)(15499, 10106)(15726, 9453)(15499, 7556)(15624, 9427)(2100, 1850)
salesman-3:(2100, 1850)(15775, 9875)(15825, 9675)(9498, 8655)(9757, 7281)(8625, 9875)(8576, 9453)(9250, 9500)(9498, 11205)(9975, 8125)(9775, 8625)(8353, 9397)(9757, 9831)(9975, 10675)(9775, 11175)(9775, 10025)(8669, 9450)(9925, 10995)(9250, 10650)(9500, 10050)(9975, 3025)(9784, 2098)(9925, 3345)(8353, 4297)(9784, 9748)(9925, 8445)(9250, 6950)(2775, 10995)(8576, 4353)(8625, 4775)(8474, 4327)(9757, 2181)(9775, 2375)(8675, 4575)(9250, 5550)(8669, 6900)(9498, 6105)(8576, 6903)(8675, 7125)(9500, 7500)(8625, 7325)(8349, 7556)(8575, 7425)(8474, 6877)(15624, 4327)(2100, 1850)
salesman-4:(2100, 1850)(15503, 4297)(15499, 2456)(15825, 1875)(15725, 2325)(15726, 1803)(15503, 1747)(15775, 4775)(15819, 4350)(15775, 2225)(15825, 4425)(15825, 9525)(15725, 9975)(9250, 8100)(9775, 7475)(9784, 7198)(8675, 9525)(8474, 9427)(8575, 9975)(2100, 8100)(8675, 9675)(15726, 4353)(2100, 1850)
Running time: 215.01991772651672s
min:7.6, max:76.0
Global minimum distance: 296822.55671273806
Route:
salesman-0:(2100, 1850)(2625, 2375)(2607, 7281)(2625, 8625)(2100, 10650)(2625, 11175)(2625, 10025)(2634, 9748)(8576, 6903)(8675, 7125)(8474, 9427)(8675, 9675)(9500, 2400)(2100, 1850)
salesman-1:(2100, 1850)(9250, 3000)(9498, 6105)(9775, 7475)(9975, 8125)(9500, 7500)(9975, 10675)(8625, 9875)(8575, 9975)(8576, 9453)(8625, 7325)(8675, 6975)(8349, 10106)(9500, 10050)(8675, 9525)(9775, 10025)(2634, 2098)(2100, 3000)(2100, 4400)(2100, 6950)(2100, 8100)(8669, 1800)(9975, 3025)(9250, 4400)(9250, 5550)(9925, 5895)(9757, 4731)(8474, 4327)(8675, 2025)(8353, 1747)(8675, 4575)(8625, 4775)(9775, 4925)(9784, 4648)(15825, 7125)(15499, 5006)(15499, 10106)(15825, 9675)(15825, 9525)(2100, 1850)
salesman-2:(2100, 1850)(15503, 9397)(2775, 8445)(2625, 6075)(2607, 4731)(2625, 3525)(2775, 5895)(2607, 9831)(2100, 9500)(2775, 10995)(2825, 10675)(2350, 10050)(2348, 11205)(2625, 7475)(2625, 4925)(2775, 3345)(2348, 6105)(2348, 3555)(15503, 6847)(15819, 6900)(15499, 2456)(15726, 4353)(2100, 1850)
salesman-3:(2100, 1850)(15775, 4775)(15825, 4575)(15819, 4350)(8669, 4350)(8675, 4425)(9925, 3345)(9250, 1850)(9500, 4950)(15624, 9427)(15819, 9450)(15499, 7556)(15725, 9975)(15775, 9875)(15726, 9453)(15825, 4425)(15819, 1800)(15825, 1875)(15503, 1747)(15503, 4297)(15775, 7325)(9775, 11175)(9784, 9748)(9250, 8100)(8349, 7556)(2348, 8655)(2350, 7500)(2825, 5575)(2350, 2400)(2634, 4648)(2350, 4950)(8474, 6877)(8575, 7425)(8353, 6847)(8669, 6900)(2100, 1850)
salesman-4:(2100, 1850)(9757, 7281)(9925, 8445)(9498, 8655)(9250, 10650)(9925, 10995)(9498, 11205)(9250, 9500)(8669, 9450)(9757, 9831)(9775, 8625)(15624, 1777)(15726, 1803)(8353, 9397)(9250, 6950)(9775, 6075)(8349, 5006)(9975, 5575)(9775, 3525)(15725, 2325)(15825, 2025)(15775, 2225)(9784, 7198)(15725, 4875)(15624, 6877)(15726, 6903)(15725, 7425)(15624, 4327)(9784, 2098)(9757, 2181)(8575, 4875)(9775, 2375)(8575, 2325)(8675, 1875)(8576, 1803)(8625, 2225)(8353, 4297)(8576, 4353)(9498, 3555)(8474, 1777)(8349, 2456)(2607, 2181)(2100, 1850)(2825, 3025)(2100, 5550)(2634, 7198)(2825, 8125)(15825, 6975)(2100, 1850)
Running time: 215.034521818161s
min:7.6, max:76.0
Global minimum distance: 305758.3608233455
Route:
salesman-0:(2100, 1850)(2100, 3000)(2100, 4400)(8576, 6903)(8675, 6975)(8349, 7556)(2625, 4925)(2607, 4731)(2625, 3525)(2348, 3555)(2100, 1850)(2775, 3345)(2634, 4648)(2634, 7198)(2625, 10025)(2825, 10675)(2625, 11175)(2775, 8445)(2775, 5895)(9500, 10050)(9975, 10675)(9775, 10025)(9757, 9831)(9784, 7198)(9250, 6950)(8474, 6877)(15825, 9525)(9250, 10650)(9925, 10995)(9775, 11175)(8575, 9975)(2825, 8125)(2625, 8625)(2100, 10650)(2348, 8655)(2634, 9748)(2350, 10050)(2825, 5575)(2350, 2400)(2607, 2181)(2625, 2375)(2825, 3025)(8669, 6900)(9757, 7281)(9784, 9748)(2100, 1850)
salesman-1:(2100, 1850)(8675, 7125)(8575, 7425)(15624, 9427)(15503, 6847)(15726, 4353)(15499, 2456)(15726, 1803)(15725, 2325)(15775, 4775)(15825, 4425)(15725, 9975)(15503, 9397)(15726, 9453)(15499, 10106)(2100, 1850)
salesman-2:(2100, 1850)(15499, 7556)(15726, 6903)(15825, 7125)(8625, 4775)(8349, 5006)(8575, 4875)(8675, 4575)(8474, 4327)(9975, 3025)(15825, 1875)(15503, 1747)(2100, 1850)
salesman-3:(2100, 1850)(15775, 2225)(15624, 1777)(15819, 1800)(15825, 2025)(15819, 4350)(15499, 5006)(15825, 4575)(9775, 4925)(9250, 8100)(9250, 9500)(8474, 9427)(8675, 9675)(8353, 9397)(9925, 5895)(2625, 6075)(2100, 9500)(2348, 11205)(2775, 10995)(2607, 9831)(2100, 6950)(2607, 7281)(2348, 6105)(2100, 5550)(2100, 8100)(2350, 4950)(15825, 6975)(15825, 9675)(15819, 9450)(15775, 9875)(15819, 6900)(15725, 4875)(15775, 7325)(15624, 6877)(15725, 7425)(15624, 4327)(15503, 4297)(9498, 3555)(8576, 1803)(9757, 2181)(8669, 4350)(9784, 2098)(8675, 4425)(9757, 4731)(9775, 3525)(9925, 8445)(2100, 1850)
salesman-4:(2100, 1850)(9775, 8625)(2625, 7475)(9498, 6105)(9775, 6075)(8625, 7325)(9775, 7475)(9500, 7500)(9975, 8125)(8353, 6847)(9498, 8655)(8349, 10106)(9498, 11205)(8669, 9450)(8675, 9525)(8576, 9453)(8625, 9875)(9250, 5550)(9975, 5575)(9500, 4950)(9784, 4648)(2350, 7500)(2634, 2098)(8353, 4297)(9775, 2375)(9250, 1850)(8675, 2025)(8625, 2225)(9925, 3345)(9250, 3000)(8669, 1800)(8349, 2456)(9250, 4400)(8474, 1777)(8353, 1747)(8575, 2325)(8675, 1875)(9500, 2400)(8576, 4353)(2100, 1850)
Running time: 215.03460454940796s
min:7.6, max:76.0
Global minimum distance: 307334.1270819473
Route:
salesman-0:(2100, 1850)(2100, 4400)(2100, 10650)(2348, 11205)(2625, 11175)(8575, 9975)(8669, 9450)(9775, 11175)(8349, 10106)(9757, 9831)(2825, 10675)(2348, 8655)(2100, 1850)(2634, 2098)(9250, 3000)(9498, 3555)(8575, 2325)(8669, 4350)(9784, 2098)(2100, 1850)
salesman-1:(2100, 1850)(9975, 3025)(9757, 2181)(15825, 4425)(15825, 2025)(15624, 4327)(15499, 5006)(15775, 4775)(15726, 4353)(15825, 1875)(15775, 2225)(15819, 1800)(2100, 1850)
salesman-2:(2100, 1850)(15624, 1777)(15503, 1747)(15503, 4297)(15825, 4575)(15819, 4350)(2100, 3000)(2607, 2181)(2350, 2400)(2634, 4648)(2825, 8125)(2625, 4925)(2625, 6075)(2607, 4731)(2825, 5575)(2100, 5550)(2775, 8445)(9498, 11205)(15726, 9453)(15624, 6877)(15775, 7325)(15825, 9675)(8474, 9427)(9784, 9748)(9250, 9500)(9498, 8655)(9975, 8125)(8576, 4353)(9757, 4731)(9250, 5550)(9775, 6075)(8625, 4775)(8474, 4327)(9500, 4950)(2350, 7500)(2625, 7475)(2350, 4950)(2825, 3025)(2607, 7281)(2100, 8100)(2634, 9748)(2775, 10995)(2625, 10025)(2607, 9831)(2100, 9500)(8675, 2025)(8675, 1875)(8353, 1747)(8669, 1800)(9784, 7198)(8353, 6847)(8625, 2225)(9500, 2400)(2100, 1850)
salesman-3:(2100, 1850)(9775, 3525)(9775, 2375)(8576, 1803)(15825, 6975)(2625, 3525)(2625, 2375)(15503, 6847)(15725, 4875)(15726, 1803)(15725, 2325)(15499, 2456)(8474, 1777)(2100, 1850)
salesman-4:(2100, 1850)(9250, 1850)(9925, 3345)(9925, 10995)(8625, 9875)(8675, 9675)(8349, 7556)(8669, 6900)(8575, 4875)(8675, 9525)(8576, 9453)(8353, 9397)(9775, 8625)(9925, 8445)(8675, 6975)(15726, 6903)(15819, 9450)(15725, 7425)(15825, 9525)(15775, 9875)(15725, 9975)(15499, 7556)(15503, 9397)(15624, 9427)(9975, 10675)(9250, 10650)(9775, 10025)(9757, 7281)(9925, 5895)(8576, 6903)(8474, 6877)(8575, 7425)(9250, 6950)(8675, 7125)(9498, 6105)(8675, 4425)(8353, 4297)(9250, 4400)(8349, 5006)(2350, 10050)(2100, 6950)(2348, 3555)(8349, 2456)(15825, 7125)(15819, 6900)(15499, 10106)(9775, 4925)(9784, 4648)(8675, 4575)(8625, 7325)(9975, 5575)(9775, 7475)(9500, 7500)(9250, 8100)(9500, 10050)(2625, 8625)(2348, 6105)(2634, 7198)(2775, 5895)(2775, 3345)(2100, 1850)
Running time: 215.04576206207275s
min:7.6, max:76.0
Global minimum distance: 300895.1342950698
Route:
salesman-0:(2100, 1850)(2775, 5895)(2348, 3555)(2775, 3345)(2607, 4731)(2625, 4925)(2634, 4648)(2625, 3525)(2607, 2181)(2100, 1850)
salesman-1:(2100, 1850)(2100, 1850)(2634, 2098)(2625, 2375)(2350, 10050)(2625, 10025)(2100, 8100)(2634, 9748)(2100, 9500)(9775, 11175)(2775, 10995)(2348, 11205)(2825, 10675)(2825, 8125)(2825, 5575)(15503, 1747)(2825, 3025)(2350, 4950)(2100, 5550)(8675, 4425)(8576, 4353)(8353, 4297)(9925, 3345)(9925, 5895)(9757, 7281)(15503, 9397)(15725, 9975)(15499, 10106)(15775, 9875)(15725, 7425)(15499, 7556)(15726, 6903)(15624, 6877)(15725, 4875)(15624, 9427)(15726, 9453)(15825, 9525)(2100, 1850)
salesman-2:(2100, 1850)(15825, 9675)(15819, 9450)(8349, 10106)(8675, 9525)(9975, 10675)(8575, 7425)(8669, 6900)(9250, 5550)(8474, 4327)(9250, 4400)(9498, 3555)(15819, 4350)(15775, 7325)(15624, 4327)(15499, 2456)(15775, 4775)(15825, 1875)(15825, 2025)(2634, 7198)(2348, 6105)(2607, 9831)(2348, 8655)(2350, 7500)(2625, 8625)(2775, 8445)(9925, 10995)(9498, 11205)(9925, 8445)(9784, 9748)(8669, 9450)(9775, 8625)(8474, 6877)(9775, 4925)(15819, 6900)(8675, 4575)(9775, 2375)(9757, 2181)(8353, 1747)(2607, 7281)(2100, 1850)
salesman-3:(2100, 1850)(2100, 6950)(2100, 4400)(8675, 6975)(9757, 4731)(9784, 4648)(8675, 7125)(8625, 7325)(9500, 7500)(9784, 7198)(8576, 6903)(8349, 7556)(9775, 10025)(8353, 9397)(8576, 9453)(9250, 10650)(9500, 10050)(8625, 9875)(8575, 9975)(9250, 9500)(8675, 9675)(8474, 9427)(9498, 8655)(8353, 6847)(9975, 5575)(8575, 4875)(8625, 4775)(8349, 5006)(9498, 6105)(9500, 4950)(9775, 6075)(9775, 7475)(8669, 4350)(8575, 2325)(8625, 2225)(9500, 2400)(9975, 3025)(9250, 1850)(9784, 2098)(8349, 2456)(8576, 1803)(2350, 2400)(2100, 3000)(2625, 7475)(2625, 6075)(9250, 8100)(9975, 8125)(2625, 11175)(2100, 10650)(15624, 1777)(15725, 2325)(15819, 1800)(15775, 2225)(15503, 4297)(15825, 4425)(15726, 4353)(15825, 4575)(15726, 1803)(15825, 6975)(2100, 1850)
salesman-4:(2100, 1850)(15825, 7125)(15503, 6847)(15499, 5006)(9250, 6950)(9757, 9831)(9775, 3525)(9250, 3000)(8669, 1800)(8675, 1875)(8675, 2025)(8474, 1777)(2100, 1850)
Running time: 215.04657983779907s
min:7.6, max:76.0
Global minimum distance: 296525.59351059684
Route:
salesman-0:(2100, 1850)(9784, 9748)(8675, 9525)(9250, 8100)(8349, 10106)(8576, 9453)(9498, 8655)(8576, 6903)(2100, 4400)(2825, 8125)(2825, 10675)(2607, 9831)(2625, 10025)(2350, 10050)(2350, 4950)(2100, 1850)(8669, 1800)(9925, 3345)(15726, 1803)(15624, 1777)(15775, 2225)(15825, 2025)(15825, 1875)(15825, 4575)(15624, 4327)(9757, 4731)(8349, 5006)(8675, 7125)(9757, 7281)(8669, 6900)(9500, 7500)(8474, 6877)(9975, 3025)(9498, 3555)(9775, 2375)(8575, 2325)(9250, 1850)(8349, 2456)(8353, 4297)(8576, 4353)(8353, 6847)(9784, 7198)(9250, 6950)(9500, 10050)(9250, 9500)(9975, 10675)(9250, 10650)(9925, 10995)(9775, 11175)(9757, 9831)(9975, 8125)(9775, 7475)(8625, 9875)(8575, 9975)(2100, 1850)
salesman-1:(2100, 1850)(2100, 10650)(2625, 8625)(2775, 10995)(2625, 11175)(2634, 7198)(2607, 4731)(2350, 2400)(2607, 2181)(2825, 3025)(2100, 3000)(8625, 2225)(8675, 1875)(15775, 7325)(9498, 6105)(8625, 7325)(8575, 7425)(9775, 6075)(9925, 5895)(9775, 8625)(8669, 9450)(9775, 10025)(8474, 9427)(9925, 8445)(8349, 7556)(9975, 5575)(9775, 4925)(9500, 4950)(9775, 3525)(15503, 1747)(9250, 5550)(8625, 4775)(8669, 4350)(8474, 1777)(9250, 3000)(15819, 1800)(15499, 2456)(15499, 5006)(15726, 4353)(2100, 1850)
salesman-2:(2100, 1850)(15503, 4297)(15775, 4775)(15819, 4350)(15825, 4425)(15725, 4875)(9498, 11205)(9784, 4648)(9250, 4400)(8675, 4575)(8575, 4875)(9500, 2400)(8675, 2025)(9784, 2098)(8576, 1803)(2634, 4648)(2825, 5575)(2775, 5895)(2100, 5550)(2625, 4925)(2348, 3555)(2100, 8100)(2350, 7500)(2607, 7281)(2100, 6950)(2775, 3345)(2348, 11205)(2775, 8445)(2100, 9500)(2634, 9748)(2348, 8655)(2100, 1850)
salesman-3:(2100, 1850)(2625, 7475)(2625, 6075)(2348, 6105)(2625, 2375)(2625, 3525)(2634, 2098)(8474, 4327)(8675, 4425)(9757, 2181)(8353, 1747)(15725, 2325)(15624, 6877)(15825, 6975)(15503, 6847)(15726, 6903)(15775, 9875)(15624, 9427)(15499, 10106)(15503, 9397)(2100, 1850)
salesman-4:(2100, 1850)(15825, 9675)(15725, 9975)(15825, 9525)(15726, 9453)(15819, 9450)(8675, 6975)(8353, 9397)(8675, 9675)(15819, 6900)(15825, 7125)(15725, 7425)(15499, 7556)(2100, 1850)
Running time: 215.03579831123352s
min:7.6, max:76.0
Global minimum distance: 324938.8239846039
Route:
salesman-0:(2100, 1850)(2625, 6075)(2634, 7198)(2607, 7281)(2625, 8625)(15624, 1777)(15725, 2325)(15725, 4875)(15726, 4353)(15499, 5006)(15726, 6903)(15825, 6975)(15825, 2025)(15825, 1875)(15499, 2456)(2100, 3000)(2634, 2098)(2348, 3555)(2634, 4648)(2607, 4731)(2625, 4925)(2825, 5575)(2825, 8125)(2100, 9500)(2100, 1850)
salesman-1:(2100, 1850)(2625, 11175)(2348, 6105)(2100, 6950)(2775, 3345)(2625, 3525)(8675, 1875)(9775, 3525)(9498, 6105)(9498, 8655)(9250, 6950)(8625, 7325)(8575, 7425)(8353, 9397)(9925, 10995)(8576, 9453)(9775, 8625)(9498, 3555)(8675, 2025)(8625, 2225)(8669, 1800)(9775, 2375)(8474, 1777)(9250, 1850)(9757, 2181)(2100, 1850)
salesman-2:(2100, 1850)(9975, 3025)(9925, 3345)(9757, 4731)(2775, 5895)(2625, 7475)(2775, 10995)(2607, 9831)(8675, 9675)(8625, 9875)(9500, 7500)(8474, 9427)(9757, 9831)(9775, 11175)(15725, 9975)(15775, 7325)(8675, 6975)(9925, 5895)(8575, 4875)(9500, 4950)(8576, 4353)(9250, 4400)(8625, 4775)(9250, 5550)(9775, 6075)(8353, 6847)(9784, 7198)(2100, 1850)
salesman-3:(2100, 1850)(8349, 10106)(9775, 10025)(9925, 8445)(9775, 7475)(9975, 8125)(15825, 4425)(15825, 4575)(15726, 1803)(15624, 6877)(15819, 6900)(2100, 1850)
salesman-4:(2100, 1850)(15499, 10106)(15503, 6847)(15825, 9675)(15726, 9453)(15825, 9525)(15624, 9427)(15503, 9397)(15819, 9450)(15725, 7425)(8349, 2456)(8575, 2325)(2350, 2400)(15819, 1800)(2348, 8655)(2625, 10025)(2350, 10050)(2634, 9748)(2348, 11205)(2775, 8445)(8669, 9450)(8675, 9525)(9500, 10050)(9498, 11205)(9784, 9748)(9975, 10675)(15825, 7125)(15775, 9875)(15499, 7556)(9975, 5575)(8669, 6900)(2100, 4400)(2100, 5550)(2350, 4950)(2825, 3025)(8576, 1803)(8353, 1747)(8675, 4575)(8669, 4350)(8474, 4327)(8675, 4425)(8349, 5006)(8474, 6877)(9250, 10650)(9250, 9500)(9250, 8100)(2825, 10675)(2100, 10650)(9775, 4925)(9784, 2098)(9784, 4648)(8353, 4297)(8349, 7556)(8576, 6903)(8575, 9975)(2100, 8100)(2607, 2181)(2100, 1850)(2625, 2375)(9500, 2400)(9250, 3000)(9757, 7281)(8675, 7125)(15503, 4297)(15775, 4775)(15819, 4350)(15624, 4327)(15775, 2225)(15503, 1747)(2350, 7500)(2100, 1850)
Running time: 215.03611540794373s
min:7.6, max:76.0
Global minimum distance: 298344.2721431089
Route:
salesman-0:(2100, 1850)(2350, 2400)(2350, 4950)(2625, 7475)(9250, 5550)(2775, 5895)(2100, 6950)(2825, 5575)(2348, 3555)(2100, 1850)(8353, 4297)(9250, 4400)(8349, 5006)(9784, 7198)(9500, 2400)(9757, 2181)(9775, 2375)(9775, 3525)(8474, 1777)(8675, 1875)(8575, 2325)(2607, 4731)(2825, 8125)(2634, 7198)(2625, 6075)(2625, 4925)(2100, 10650)(9500, 10050)(9498, 11205)(8625, 9875)(2100, 1850)
salesman-1:(2100, 1850)(9975, 8125)(9775, 11175)(15825, 9525)(9975, 10675)(9250, 10650)(9775, 10025)(8675, 9675)(9784, 9748)(8675, 9525)(8474, 9427)(2625, 8625)(2348, 11205)(2625, 11175)(2348, 8655)(2100, 8100)(2625, 10025)(2775, 10995)(2100, 9500)(2634, 9748)(2350, 10050)(2350, 7500)(2775, 8445)(2607, 7281)(2100, 5550)(2625, 3525)(2634, 4648)(2100, 3000)(2607, 9831)(8575, 9975)(9925, 10995)(9757, 9831)(15503, 4297)(15726, 4353)(15819, 4350)(15819, 6900)(15775, 7325)(15726, 9453)(15503, 9397)(15725, 9975)(8576, 9453)(8576, 1803)(2634, 2098)(2607, 2181)(2625, 2375)(2775, 3345)(2825, 3025)(2100, 4400)(2348, 6105)(9975, 3025)(8353, 1747)(8669, 1800)(8625, 2225)(8675, 6975)(8349, 7556)(9250, 6950)(8575, 4875)(9757, 7281)(8675, 4575)(9250, 3000)(8576, 4353)(8669, 4350)(8474, 4327)(8625, 4775)(2100, 1850)
salesman-2:(2100, 1850)(8675, 7125)(9498, 6105)(9775, 6075)(2825, 10675)(15775, 2225)(8349, 10106)(15499, 10106)(15624, 9427)(15819, 9450)(15825, 7125)(15825, 6975)(15775, 9875)(15825, 9675)(15499, 7556)(15503, 6847)(15725, 7425)(15726, 6903)(15825, 4575)(15725, 2325)(15499, 2456)(15725, 4875)(15624, 6877)(15775, 4775)(15499, 5006)(15624, 4327)(15825, 2025)(15825, 4425)(15503, 1747)(15819, 1800)(2100, 1850)
salesman-3:(2100, 1850)(15726, 1803)(15624, 1777)(9250, 1850)(8675, 2025)(9500, 7500)(9250, 8100)(9775, 7475)(9925, 8445)(9925, 5895)(8675, 4425)(8625, 7325)(9498, 8655)(9775, 8625)(9250, 9500)(8353, 9397)(2100, 1850)
salesman-4:(2100, 1850)(8669, 9450)(8576, 6903)(8349, 2456)(9784, 4648)(9784, 2098)(9925, 3345)(9498, 3555)(8575, 7425)(8669, 6900)(8353, 6847)(9775, 4925)(9500, 4950)(9757, 4731)(9975, 5575)(15825, 1875)(8474, 6877)(2100, 1850)
Running time: 215.04575848579407s
min:7.6, max:76.0
Global minimum distance: 301851.8421296635
Route:
salesman-0:(2100, 1850)(8625, 4775)(9250, 5550)(9925, 5895)(9498, 8655)(15725, 9975)(15819, 9450)(15825, 6975)(15503, 9397)(15624, 9427)(15726, 9453)(15825, 9525)(15775, 9875)(15825, 9675)(8353, 9397)(8576, 6903)(2348, 3555)(2775, 3345)(15624, 6877)(15725, 4875)(15503, 4297)(15726, 4353)(15825, 4425)(15819, 4350)(15624, 1777)(2100, 1850)
salesman-1:(2100, 1850)(15825, 2025)(15775, 2225)(15499, 2456)(15726, 1803)(15819, 1800)(15503, 1747)(15624, 4327)(15726, 6903)(15775, 7325)(15819, 6900)(15725, 7425)(15499, 5006)(15825, 4575)(15775, 4775)(15825, 1875)(15725, 2325)(8349, 5006)(9250, 9500)(9784, 9748)(8349, 10106)(8625, 7325)(2100, 1850)
salesman-2:(2100, 1850)(9250, 6950)(8669, 6900)(8474, 6877)(2100, 8100)(2775, 8445)(2348, 8655)(2348, 6105)(2607, 7281)(2350, 7500)(2100, 9500)(2607, 9831)(2634, 7198)(2350, 4950)(2625, 3525)(2634, 9748)(2350, 10050)(2100, 1850)
salesman-3:(2100, 1850)(2775, 10995)(2825, 10675)(2625, 11175)(2100, 10650)(2625, 10025)(2348, 11205)(9498, 11205)(9757, 9831)(8625, 9875)(8474, 9427)(8575, 9975)(8669, 9450)(9250, 8100)(8575, 7425)(8675, 6975)(9925, 8445)(9784, 4648)(9757, 4731)(9975, 5575)(9975, 3025)(9498, 3555)(8669, 1800)(9757, 2181)(8353, 4297)(9500, 4950)(9775, 3525)(15499, 7556)(2100, 1850)
salesman-4:(2100, 1850)(2100, 5550)(2607, 4731)(2350, 2400)(2634, 2098)(2625, 2375)(2607, 2181)(2100, 4400)(2825, 8125)(8669, 4350)(8675, 4575)(9250, 4400)(9250, 3000)(9775, 2375)(9250, 1850)(9784, 2098)(8625, 2225)(8675, 4425)(9757, 7281)(9775, 8625)(9500, 7500)(9500, 10050)(9775, 10025)(8675, 9525)(8675, 9675)(2625, 8625)(2825, 5575)(2100, 3000)(2634, 4648)(2100, 1850)(2775, 5895)(2825, 3025)(2625, 7475)(2100, 6950)(2625, 6075)(8474, 4327)(9775, 6075)(9775, 4925)(9975, 8125)(15503, 6847)(15499, 10106)(9250, 10650)(9925, 10995)(8575, 4875)(8353, 6847)(9498, 6105)(8675, 7125)(8349, 7556)(9775, 7475)(8675, 2025)(8576, 1803)(8575, 2325)(9500, 2400)(8349, 2456)(8675, 1875)(8353, 1747)(8474, 1777)(9925, 3345)(15825, 7125)(2625, 4925)(9784, 7198)(8576, 9453)(9775, 11175)(9975, 10675)(8576, 4353)(2100, 1850)
Running time: 215.0588607788086s
min:7.6, max:76.0
Global minimum distance: 294884.4892833151
Route:
salesman-0:(2100, 1850)(2625, 6075)(2100, 5550)(2634, 4648)(2625, 4925)(2348, 6105)(2825, 5575)(2775, 8445)(2348, 8655)(2100, 10650)(2348, 11205)(2100, 9500)(2100, 8100)(2607, 9831)(15825, 2025)(15624, 1777)(15726, 1803)(15775, 4775)(15624, 4327)(15499, 10106)(15503, 1747)(2607, 7281)(2825, 8125)(2634, 7198)(2350, 10050)(2625, 8625)(2100, 1850)
salesman-1:(2100, 1850)(2634, 9748)(2350, 7500)(2100, 3000)(9784, 2098)(9250, 1850)(8474, 1777)(8669, 1800)(9975, 3025)(9498, 11205)(8575, 9975)(8349, 10106)(8576, 9453)(8353, 9397)(8474, 9427)(2100, 1850)
salesman-2:(2100, 1850)(8675, 7125)(9500, 7500)(8675, 6975)(9775, 7475)(9975, 8125)(8575, 2325)(8675, 2025)(8576, 4353)(9775, 3525)(9975, 5575)(8575, 4875)(9498, 6105)(9775, 6075)(9925, 5895)(9784, 4648)(15819, 4350)(15819, 1800)(15825, 1875)(2100, 6950)(15825, 9525)(15775, 9875)(15503, 9397)(15825, 9675)(15499, 7556)(15624, 9427)(15726, 6903)(15825, 7125)(9775, 10025)(8575, 7425)(8669, 6900)(8474, 4327)(9925, 3345)(9775, 4925)(15499, 2456)(15775, 2225)(15725, 2325)(15726, 9453)(15725, 7425)(8669, 9450)(8353, 6847)(8474, 6877)(8576, 6903)(9775, 8625)(8675, 9525)(9498, 8655)(9250, 9500)(9925, 8445)(8625, 9875)(9500, 2400)(9757, 2181)(9498, 3555)(9775, 2375)(8625, 2225)(8675, 1875)(8353, 1747)(8349, 2456)(8576, 1803)(2625, 7475)(8349, 5006)(9500, 4950)(9250, 6950)(9757, 7281)(9250, 3000)(15503, 4297)(15825, 4575)(15825, 4425)(15725, 9975)(15819, 9450)(15624, 6877)(8675, 9675)(2625, 11175)(2775, 10995)(2625, 10025)(2100, 1850)
salesman-3:(2100, 1850)(2825, 10675)(2625, 2375)(2100, 1850)(2348, 3555)(2100, 4400)(8353, 4297)(15825, 6975)(15725, 4875)(15499, 5006)(9250, 4400)(8675, 4575)(8625, 4775)(15503, 6847)(15775, 7325)(15819, 6900)(15726, 4353)(2100, 1850)
salesman-4:(2100, 1850)(8675, 4425)(8349, 7556)(8625, 7325)(9250, 5550)(9784, 7198)(9250, 8100)(9757, 9831)(9975, 10675)(9775, 11175)(9500, 10050)(9925, 10995)(9250, 10650)(9784, 9748)(9757, 4731)(8669, 4350)(2775, 3345)(2634, 2098)(2350, 4950)(2607, 4731)(2625, 3525)(2825, 3025)(2607, 2181)(2350, 2400)(2775, 5895)(2100, 1850)
Running time: 215.0263524055481s
min:7.6, max:76.0
Global minimum distance: 320827.02884544944
Route:
salesman-0:(2100, 1850)(2100, 4400)(2825, 5575)(2825, 8125)(2625, 7475)(2350, 7500)(2775, 8445)(2625, 8625)(2607, 9831)(2100, 10650)(2350, 10050)(2634, 9748)(2625, 10025)(2775, 10995)(2634, 7198)(2100, 8100)(2625, 11175)(2348, 11205)(2100, 9500)(2825, 10675)(2348, 8655)(2100, 6950)(2625, 4925)(2825, 3025)(2350, 2400)(2607, 2181)(2775, 3345)(8353, 6847)(8675, 4425)(9775, 4925)(8576, 1803)(8675, 1875)(9925, 3345)(9775, 2375)(9500, 7500)(9757, 9831)(8474, 9427)(9250, 9500)(9775, 10025)(8625, 7325)(8675, 9525)(9975, 10675)(8474, 4327)(9757, 7281)(9775, 8625)(8575, 9975)(2350, 4950)(2607, 4731)(2100, 1850)(8575, 4875)(8576, 4353)(9775, 3525)(9784, 9748)(9498, 3555)(8625, 4775)(9975, 3025)(2100, 1850)
salesman-1:(2100, 1850)(15725, 2325)(8474, 6877)(8675, 7125)(8576, 9453)(9498, 8655)(9925, 10995)(8675, 9675)(8353, 9397)(9250, 8100)(8576, 6903)(8349, 7556)(9925, 8445)(15624, 6877)(15825, 4425)(15775, 4775)(15819, 4350)(15726, 4353)(9250, 1850)(8675, 2025)(9250, 3000)(9500, 2400)(8474, 1777)(9784, 2098)(8349, 2456)(9757, 2181)(9498, 6105)(9500, 4950)(9250, 5550)(9775, 6075)(15624, 4327)(15499, 2456)(15775, 2225)(15825, 4575)(15725, 4875)(15499, 5006)(15775, 9875)(15499, 10106)(2100, 1850)
salesman-2:(2100, 1850)(15726, 9453)(15819, 6900)(15825, 9675)(15503, 9397)(15725, 9975)(15503, 1747)(15825, 1875)(15819, 1800)(15726, 1803)(15624, 1777)(15825, 2025)(9784, 4648)(8353, 4297)(8675, 4575)(8669, 4350)(9757, 4731)(8669, 1800)(8575, 2325)(2625, 3525)(8625, 2225)(8353, 1747)(2100, 3000)(2634, 2098)(2625, 6075)(2634, 4648)(2348, 3555)(9925, 5895)(8349, 5006)(9250, 4400)(9784, 7198)(9775, 7475)(9250, 6950)(8675, 6975)(8575, 7425)(8669, 6900)(2348, 6105)(2775, 5895)(2100, 5550)(2607, 7281)(8349, 10106)(2100, 1850)
salesman-3:(2100, 1850)(9775, 11175)(9498, 11205)(9250, 10650)(8669, 9450)(8625, 9875)(15819, 9450)(15726, 6903)(15775, 7325)(15725, 7425)(15624, 9427)(15825, 9525)(2100, 1850)
salesman-4:(2100, 1850)(15825, 6975)(15825, 7125)(15499, 7556)(15503, 6847)(9975, 8125)(9500, 10050)(9975, 5575)(2625, 2375)(15503, 4297)(2100, 1850)
Running time: 215.04645943641663s
min:7.6, max:76.0
Global minimum distance: 308241.56589962664
Route:
salesman-0:(2100, 1850)(2100, 1850)(2625, 2375)(2634, 2098)(2350, 7500)(2607, 7281)(2607, 9831)(2100, 8100)(2348, 11205)(2350, 10050)(2348, 8655)(2825, 10675)(2625, 10025)(2100, 9500)(2775, 8445)(2625, 8625)(2100, 10650)(2775, 5895)(2625, 7475)(2775, 10995)(2625, 11175)(8575, 9975)(8669, 9450)(8349, 10106)(9784, 9748)(2100, 1850)
salesman-1:(2100, 1850)(9250, 10650)(9775, 6075)(9250, 6950)(9250, 8100)(8669, 6900)(9775, 7475)(8576, 9453)(8625, 9875)(15726, 6903)(15825, 4575)(2100, 1850)
salesman-2:(2100, 1850)(15503, 1747)(9784, 4648)(9784, 2098)(9775, 2375)(9757, 2181)(8576, 1803)(2348, 6105)(2607, 4731)(2348, 3555)(2350, 4950)(2625, 4925)(2625, 3525)(2607, 2181)(2634, 7198)(2825, 8125)(2634, 9748)(2634, 4648)(2100, 5550)(2825, 5575)(2100, 4400)(2825, 3025)(2100, 3000)(8625, 2225)(8474, 1777)(8576, 4353)(8349, 5006)(8353, 4297)(8625, 4775)(9784, 7198)(8353, 9397)(9925, 8445)(9757, 7281)(9250, 9500)(9775, 10025)(9775, 11175)(9925, 10995)(15775, 9875)(2100, 1850)
salesman-3:(2100, 1850)(9975, 10675)(8349, 7556)(8353, 6847)(8675, 4575)(9757, 4731)(9775, 3525)(9500, 2400)(8474, 4327)(8675, 2025)(8669, 1800)(8675, 1875)(8349, 2456)(8353, 1747)(9250, 1850)(9975, 3025)(15819, 9450)(15825, 2025)(15503, 4297)(15825, 4425)(15825, 6975)(15624, 9427)(2100, 1850)
salesman-4:(2100, 1850)(15499, 10106)(15725, 9975)(15499, 7556)(15825, 7125)(15775, 4775)(15499, 5006)(15725, 4875)(15624, 1777)(15825, 1875)(15726, 1803)(9250, 4400)(2775, 3345)(15624, 6877)(15819, 4350)(15726, 4353)(15503, 6847)(15726, 9453)(15825, 9525)(15624, 4327)(9498, 11205)(15819, 6900)(15725, 7425)(9500, 10050)(9498, 8655)(9975, 8125)(9775, 8625)(8576, 6903)(9775, 4925)(9975, 5575)(9498, 6105)(9500, 7500)(9250, 5550)(9925, 5895)(15825, 9675)(15503, 9397)(9757, 9831)(8575, 7425)(8675, 7125)(8625, 7325)(9500, 4950)(8675, 6975)(8675, 9675)(8474, 9427)(8675, 9525)(8474, 6877)(2625, 6075)(2100, 6950)(2350, 2400)(9498, 3555)(8575, 4875)(8669, 4350)(8675, 4425)(9250, 3000)(8575, 2325)(9925, 3345)(15725, 2325)(15499, 2456)(15775, 2225)(15819, 1800)(15775, 7325)(2100, 1850)
Running time: 215.0369336605072s
min:7.6, max:76.0
Global minimum distance: 287232.25535635516
Route:
salesman-0:(2100, 1850)(2100, 1850)(2607, 2181)(8575, 4875)(9500, 4950)(9925, 8445)(9498, 11205)(9775, 10025)(9975, 8125)(8353, 6847)(9250, 9500)(8474, 9427)(8349, 7556)(9757, 7281)(2100, 1850)
salesman-1:(2100, 1850)(9500, 7500)(2348, 3555)(2350, 10050)(8675, 1875)(9250, 1850)(8576, 1803)(8575, 2325)(8349, 2456)(8625, 2225)(8353, 4297)(8675, 4425)(8353, 9397)(8576, 9453)(8675, 9525)(9757, 9831)(8675, 7125)(9975, 5575)(8669, 6900)(8675, 6975)(9498, 8655)(15624, 9427)(15499, 10106)(15819, 9450)(15825, 9675)(15775, 9875)(15503, 4297)(15819, 4350)(2100, 1850)
salesman-2:(2100, 1850)(15825, 4575)(15499, 2456)(15503, 1747)(15825, 6975)(15624, 6877)(15503, 6847)(15725, 4875)(9975, 3025)(9250, 3000)(8675, 2025)(8353, 1747)(2350, 2400)(8474, 1777)(9775, 4925)(9757, 4731)(9250, 6950)(9784, 7198)(8575, 7425)(8576, 6903)(9925, 10995)(9975, 10675)(8349, 5006)(8675, 4575)(9250, 4400)(9925, 3345)(9775, 3525)(9775, 6075)(9775, 8625)(9775, 7475)(15825, 9525)(15725, 9975)(15725, 7425)(15726, 9453)(9784, 9748)(8349, 10106)(2625, 10025)(2634, 9748)(2775, 10995)(2348, 8655)(2625, 8625)(2775, 8445)(2100, 4400)(2625, 4925)(2625, 2375)(2634, 2098)(2100, 3000)(2634, 7198)(2350, 7500)(2607, 9831)(2625, 11175)(2100, 10650)(2100, 1850)
salesman-3:(2100, 1850)(2825, 10675)(2348, 11205)(2100, 9500)(2775, 3345)(8669, 1800)(15775, 2225)(15825, 4425)(15775, 4775)(15825, 1875)(15819, 1800)(15725, 2325)(15624, 1777)(15825, 2025)(15726, 1803)(15624, 4327)(15499, 5006)(15825, 7125)(15503, 9397)(15775, 7325)(2100, 1850)
salesman-4:(2100, 1850)(15726, 6903)(15726, 4353)(15819, 6900)(15499, 7556)(8669, 4350)(8474, 4327)(9775, 2375)(9500, 2400)(9757, 2181)(9784, 2098)(8625, 4775)(8576, 4353)(9498, 3555)(8474, 6877)(2607, 7281)(8625, 7325)(9784, 4648)(9250, 5550)(9925, 5895)(9498, 6105)(8675, 9675)(8669, 9450)(8625, 9875)(8575, 9975)(9250, 10650)(9500, 10050)(9250, 8100)(9775, 11175)(2825, 3025)(2625, 3525)(2634, 4648)(2350, 4950)(2348, 6105)(2825, 5575)(2775, 5895)(2825, 8125)(2100, 8100)(2625, 7475)(2100, 6950)(2100, 5550)(2625, 6075)(2607, 4731)(2100, 1850)
Running time: 215.04518389701843s
min:7.6, max:76.0
Global minimum distance: 313974.7483982912
Route:
salesman-0:(2100, 1850)(2350, 2400)(9498, 3555)(9925, 3345)(8669, 1800)(8576, 1803)(9775, 2375)(9500, 2400)(15726, 4353)(15825, 4575)(9498, 6105)(9250, 6950)(9500, 7500)(8349, 7556)(15624, 9427)(2634, 7198)(2625, 8625)(2634, 9748)(8669, 9450)(2348, 11205)(2775, 10995)(2625, 11175)(2348, 8655)(2350, 7500)(2607, 9831)(2100, 10650)(2825, 10675)(2350, 10050)(2775, 8445)(2100, 9500)(2625, 10025)(2100, 8100)(2825, 5575)(2775, 5895)(2625, 6075)(2348, 6105)(2625, 3525)(2634, 2098)(2625, 2375)(2634, 4648)(2607, 4731)(2607, 2181)(2100, 3000)(2350, 4950)(2625, 7475)(2825, 8125)(9925, 8445)(2100, 1850)
salesman-1:(2100, 1850)(8675, 9525)(8353, 9397)(8576, 9453)(9925, 10995)(9250, 10650)(8575, 9975)(8474, 9427)(9500, 10050)(9775, 10025)(9250, 9500)(8675, 9675)(9784, 9748)(9757, 9831)(9498, 11205)(9775, 11175)(9975, 10675)(8625, 9875)(9975, 8125)(9775, 6075)(8474, 6877)(9775, 7475)(8576, 6903)(8353, 6847)(8474, 4327)(8349, 2456)(8675, 2025)(8575, 4875)(9975, 5575)(9775, 4925)(8669, 4350)(9784, 2098)(8675, 4425)(8576, 4353)(2607, 7281)(15725, 9975)(15775, 9875)(15503, 9397)(15499, 5006)(15503, 4297)(15503, 6847)(15624, 1777)(15775, 2225)(15819, 1800)(2100, 1850)
salesman-2:(2100, 1850)(9250, 3000)(2825, 3025)(2100, 1850)(8349, 5006)(9250, 5550)(9757, 7281)(8675, 6975)(15725, 7425)(15819, 6900)(15726, 9453)(15726, 6903)(15624, 6877)(9784, 7198)(8675, 4575)(9498, 8655)(9775, 8625)(8675, 7125)(9250, 8100)(8349, 10106)(8575, 7425)(8625, 7325)(8575, 2325)(8625, 2225)(2775, 3345)(8669, 6900)(9925, 5895)(9250, 4400)(9757, 4731)(8474, 1777)(9757, 2181)(9775, 3525)(15775, 7325)(15499, 7556)(9784, 4648)(9500, 4950)(2100, 1850)
salesman-3:(2100, 1850)(15825, 9525)(15825, 9675)(15819, 9450)(15825, 7125)(15725, 4875)(15825, 1875)(15825, 2025)(15499, 2456)(15825, 4425)(2100, 1850)
salesman-4:(2100, 1850)(15775, 4775)(15503, 1747)(15725, 2325)(15825, 6975)(15624, 4327)(15819, 4350)(15726, 1803)(9975, 3025)(8625, 4775)(8353, 4297)(8353, 1747)(9250, 1850)(8675, 1875)(2348, 3555)(2100, 5550)(2625, 4925)(2100, 4400)(2100, 6950)(15499, 10106)(2100, 1850)
Running time: 215.04451155662537s
