Initial minimum distance: 516470.1006096452
Global minimum distance: 470228.2481281015
Running time: 145.6898548603058s
Route:
salesman-1:(2100,1850)(15725,2325)(15775,2225)(15825,2025)(9757,2181)(9775,2375)(8575,2325)(8675,2025)(8625,2225)(9975,3025)(9250,3000)(15624,4327)(15726,4353)(15825,4575)(15775,4775)(9775,3525)(8349,2456)(9784,2098)(15499,2456)(9925,3345)(8675,1875)(9500,2400)(15819,4350)(15503,4297)(15725,4875)(9498,3555)(15499,5006)(9250,4400)(9784,4648)(15819,6900)(15825,4425)(15825,1875)(2100,1850)
salesman-2:(2100,1850)(8669,4350)(15624,6877)(9757,4731)(15825,6975)(15726,6903)(15503,6847)(15825,7125)(8576,4353)(8474,4327)(8353,4297)(8675,4425)(15775,7325)(9775,4925)(15725,7425)(8675,4575)(9500,4950)(15499,7556)(8625,4775)(2634,2098)(8575,4875)(9975,5575)(8349,5006)(9925,5895)(9250,5550)(9775,6075)(15825,9525)(15819,9450)(15726,9453)(15624,9427)(15503,9397)(15825,9675)(2100,1850)
salesman-3:(2100,1850)(9498,6105)(15775,9875)(15725,9975)(15499,10106)(2607,2181)(9784,7198)(9757,7281)(9250,6950)(9775,7475)(9500,7500)(8669,6900)(8675,6975)(8576,6903)(8474,6877)(9975,8125)(8353,6847)(8675,7125)(8625,7325)(9925,8445)(8575,7425)(9250,8100)(9775,8625)(8349,7556)(9498,8655)(2625,2375)(9784,9748)(9757,9831)(9775,10025)(9250,9500)(9500,10050)(9975,10675)(2100,1850)
salesman-4:(2100,1850)(8669,9450)(8675,9525)(9925,10995)(8576,9453)(8474,9427)(8675,9675)(8353,9397)(9775,11175)(8625,9875)(9250,10650)(8575,9975)(9498,11205)(8349,10106)(2825,3025)(2350,2400)(2634,4648)(2607,4731)(2625,6075)(2775,3345)(2348,3555)(2625,3525)(2775,5895)(2825,5575)(2625,4925)(2825,8125)(2775,8445)(2634,7198)(2607,7281)(2625,7475)(2825,10675)(2350,4950)(2100,1850)
salesman-5:(2100,1850)(2625,8625)(2775,10995)(2634,9748)(2625,10025)(2607,9831)(2348,6105)(2625,11175)(2350,7500)(2348,8655)(2350,10050)(2348,11205)(2100,3000)(2100,4400)(2100,5550)(2100,6950)(2100,8100)(2100,9500)(2100,10650)(8353,1747)(8474,1777)(15503,1747)(8669,1800)(8576,1803)(15624,1777)(15819,1800)(15726,1803)(9250,1850)(2100,1850)

Initial minimum distance: 516470.1006096452
Global minimum distance: 437887.7317730356
Running time: 146.28440403938293s
Route:
salesman-1:(2100,1850)(8675,2025)(9975,3025)(9498,3555)(9250,1850)(8675,1875)(8575,2325)(8349,2456)(9757,2181)(15819,4350)(15503,4297)(15825,4425)(15775,4775)(9775,3525)(9925,3345)(15825,4575)(15499,5006)(15819,6900)(9250,3000)(15499,2456)(15825,1875)(9775,2375)(15503,6847)(8575,4875)(2100,1850)
salesman-2:(2100,1850)(9250,4400)(8625,2225)(9784,2098)(15725,4875)(15503,1747)(15725,7425)(15624,6877)(15775,7325)(9757,4731)(9784,4648)(9775,4925)(8675,4425)(15825,7125)(15775,2225)(8669,4350)(15825,6975)(15726,6903)(15726,4353)(15725,2325)(15825,2025)(15624,4327)(8474,4327)(8576,4353)(8353,4297)(8675,4575)(9500,4950)(15499,7556)(8625,4775)(2634,2098)(9975,5575)(8349,5006)(9925,5895)(9250,5550)(9775,6075)(15819,9450)(15726,9453)(15825,9525)(15624,9427)(15503,9397)(15825,9675)(2100,1850)
salesman-3:(2100,1850)(9498,6105)(15775,9875)(15725,9975)(15499,10106)(2607,2181)(9784,7198)(9757,7281)(9250,6950)(9775,7475)(9500,7500)(8669,6900)(8675,6975)(8576,6903)(8474,6877)(9975,8125)(9498,8655)(8625,7325)(9775,8625)(9250,8100)(8575,7425)(8353,6847)(8675,7125)(9925,8445)(8349,7556)(2625,2375)(9784,9748)(9757,9831)(9775,10025)(9250,9500)(9500,10050)(9975,10675)(2100,1850)
salesman-4:(2100,1850)(8669,9450)(8675,9525)(9925,10995)(8576,9453)(8474,9427)(8675,9675)(8353,9397)(9775,11175)(8625,9875)(9250,10650)(8575,9975)(9498,11205)(8349,10106)(2825,3025)(2350,2400)(2775,3345)(2625,3525)(2825,5575)(2634,4648)(2607,4731)(2625,4925)(2775,5895)(2348,3555)(2625,6075)(2825,8125)(2775,8445)(2634,7198)(2607,7281)(2625,7475)(2825,10675)(2350,4950)(2100,1850)
salesman-5:(2100,1850)(2625,8625)(2775,10995)(2634,9748)(2625,10025)(2607,9831)(2348,6105)(2625,11175)(2350,7500)(2348,8655)(2350,10050)(2348,11205)(2100,3000)(2100,4400)(2100,5550)(2100,6950)(2100,8100)(2100,9500)(2100,10650)(8353,1747)(8474,1777)(8669,1800)(8576,1803)(15624,1777)(15819,1800)(15726,1803)(9500,2400)(2100,1850)

Initial minimum distance: 516470.1006096452
Global minimum distance: 457952.9125648407
Running time: 146.79916834831238s
Route:
salesman-1:(2100,1850)(8625,2225)(9775,2375)(9250,3000)(9925,3345)(9757,2181)(8675,2025)(8575,2325)(15726,4353)(15825,4575)(15503,4297)(15819,4350)(15819,6900)(15499,2456)(15775,2225)(15725,4875)(15624,4327)(15825,1875)(9498,3555)(8675,1875)(8349,2456)(9500,2400)(9250,4400)(15825,4425)(15825,2025)(9784,2098)(15725,2325)(9784,4648)(9775,3525)(15499,5006)(9975,3025)(8675,7125)(2100,1850)
salesman-2:(2100,1850)(15726,6903)(15624,6877)(15503,6847)(15825,6975)(9757,4731)(8669,4350)(15825,7125)(8576,4353)(8474,4327)(8353,4297)(8675,4425)(15775,7325)(9775,4925)(15725,7425)(8675,4575)(9500,4950)(15499,7556)(8625,4775)(2634,2098)(8575,4875)(9975,5575)(8349,5006)(9925,5895)(9250,5550)(9775,6075)(15819,9450)(15726,9453)(15825,9525)(15624,9427)(15503,9397)(15825,9675)(2100,1850)
salesman-3:(2100,1850)(9498,6105)(15775,4775)(15775,9875)(15725,9975)(15499,10106)(2607,2181)(9784,7198)(9757,7281)(9250,6950)(9775,7475)(9500,7500)(8669,6900)(8675,6975)(8576,6903)(8474,6877)(9975,8125)(8353,6847)(8625,7325)(9925,8445)(8575,7425)(9250,8100)(9775,8625)(8349,7556)(9498,8655)(2625,2375)(9784,9748)(9757,9831)(9775,10025)(9250,9500)(9500,10050)(9975,10675)(2100,1850)
salesman-4:(2100,1850)(8669,9450)(8675,9525)(9925,10995)(8576,9453)(8474,9427)(8675,9675)(8353,9397)(9775,11175)(8625,9875)(9250,10650)(8575,9975)(9498,11205)(8349,10106)(2825,3025)(2350,2400)(2775,3345)(2625,3525)(2825,5575)(2634,4648)(2607,4731)(2625,4925)(2775,5895)(2348,3555)(2625,6075)(2825,8125)(2775,8445)(2634,7198)(2607,7281)(2625,7475)(2825,10675)(2350,4950)(2100,1850)
salesman-5:(2100,1850)(2100,3000)(2100,4400)(2348,6105)(2348,11205)(2634,9748)(2100,6950)(2100,5550)(2607,9831)(2775,10995)(2350,7500)(2625,8625)(2625,11175)(2625,10025)(2350,10050)(2348,8655)(2100,8100)(2100,9500)(2100,10650)(8353,1747)(8474,1777)(15503,1747)(8669,1800)(8576,1803)(15624,1777)(15819,1800)(15726,1803)(9250,1850)(2100,1850)

Initial minimum distance: 516470.1006096452
Global minimum distance: 451905.51831795095
Running time: 147.23247289657593s
Route:
salesman-1:(2100,1850)(8675,1875)(8675,2025)(9757,2181)(8575,2325)(9500,2400)(15725,2325)(15775,2225)(15819,1800)(15825,1875)(15499,2456)(9775,2375)(8625,2225)(15825,2025)(9784,2098)(8349,2456)(9250,3000)(9975,3025)(15819,4350)(15503,4297)(15624,4327)(15726,4353)(15825,4425)(9925,3345)(15825,4575)(15775,4775)(9775,3525)(15725,4875)(9498,3555)(15499,5006)(9250,4400)(9784,4648)(15819,6900)(2100,1850)
salesman-2:(2100,1850)(15726,6903)(15624,6877)(15503,6847)(15825,6975)(9757,4731)(8669,4350)(8576,4353)(8474,4327)(8353,4297)(8675,4425)(15775,7325)(9775,4925)(15725,7425)(8675,4575)(9500,4950)(15499,7556)(8625,4775)(2634,2098)(8575,4875)(9975,5575)(8349,5006)(9925,5895)(9250,5550)(9775,6075)(15819,9450)(15726,9453)(15825,9525)(15624,9427)(15503,9397)(15825,9675)(15825,7125)(9498,6105)(15775,9875)(15725,9975)(15499,10106)(2607,2181)(9784,7198)(9757,7281)(9250,6950)(9775,7475)(9500,7500)(8669,6900)(8675,6975)(8576,6903)(8474,6877)(9975,8125)(8353,6847)(8675,7125)(8625,7325)(9925,8445)(8575,7425)(9250,8100)(9775,8625)(8349,7556)(9498,8655)(2625,2375)(9784,9748)(9757,9831)(9775,10025)(9250,9500)(9500,10050)(9975,10675)(2100,1850)
salesman-3:(2100,1850)(8625,9875)(8669,9450)(8675,9525)(9925,10995)(8576,9453)(8474,9427)(8675,9675)(8353,9397)(9775,11175)(9250,10650)(8575,9975)(9498,11205)(8349,10106)(2825,3025)(2350,2400)(2775,3345)(2625,3525)(2634,4648)(2607,4731)(2625,4925)(2775,5895)(2348,3555)(2625,6075)(2825,8125)(2775,8445)(2825,10675)(2634,7198)(2607,7281)(2100,1850)
salesman-4:(2100,1850)(2625,7475)(2350,4950)(2100,1850)
salesman-5:(2100,1850)(2625,8625)(2775,10995)(2634,9748)(2625,10025)(2607,9831)(2348,6105)(2625,11175)(2350,7500)(2348,8655)(2350,10050)(2348,11205)(2825,5575)(2100,3000)(2100,4400)(2100,5550)(2100,6950)(2100,8100)(2100,9500)(2100,10650)(8353,1747)(8474,1777)(15503,1747)(8669,1800)(8576,1803)(15624,1777)(15726,1803)(9250,1850)(2100,1850)

Initial minimum distance: 516470.1006096452
Global minimum distance: 437690.80170034646
Running time: 147.34347772598267s
Route:
salesman-1:(2100,1850)(8675,1875)(9757,2181)(15725,2325)(9975,3025)(15825,1875)(15825,2025)(9500,2400)(8675,2025)(9775,2375)(15499,2456)(8625,2225)(9250,3000)(8349,2456)(8575,2325)(9784,2098)(15775,2225)(15819,4350)(15503,4297)(15624,4327)(15726,4353)(15825,4425)(9925,3345)(15825,4575)(15775,4775)(15725,4875)(9498,3555)(15499,5006)(9250,4400)(9784,4648)(2100,1850)
salesman-2:(2100,1850)(15726,6903)(15503,6847)(15825,6975)(9757,4731)(8669,4350)(8474,4327)(8353,4297)(15725,7425)(9500,4950)(2634,2098)(8575,4875)(8576,4353)(8675,4575)(15624,6877)(15775,7325)(15499,7556)(15825,7125)(15819,6900)(9925,5895)(8349,5006)(9775,3525)(8625,4775)(9975,5575)(8675,4425)(9775,4925)(9250,5550)(9775,6075)(15819,9450)(15726,9453)(15825,9525)(15624,9427)(15503,9397)(15825,9675)(2100,1850)
salesman-3:(2100,1850)(9498,6105)(15775,9875)(15725,9975)(15499,10106)(9925,8445)(2607,2181)(9784,7198)(9757,7281)(9250,6950)(9775,7475)(9500,7500)(8669,6900)(8675,6975)(8576,6903)(8474,6877)(9975,8125)(8353,6847)(8675,7125)(8625,7325)(8575,7425)(9250,8100)(9775,8625)(8349,7556)(9498,8655)(2625,2375)(9784,9748)(9757,9831)(9775,10025)(9250,9500)(9500,10050)(9975,10675)(2100,1850)
salesman-4:(2100,1850)(8669,9450)(8675,9525)(9925,10995)(8576,9453)(8474,9427)(8675,9675)(8353,9397)(9775,11175)(8625,9875)(9250,10650)(8575,9975)(9498,11205)(8349,10106)(2825,3025)(2350,2400)(2775,3345)(2625,3525)(2825,5575)(2634,4648)(2607,4731)(2625,4925)(2775,5895)(2348,3555)(2625,6075)(2634,7198)(2825,8125)(2775,8445)(2607,7281)(2625,7475)(2825,10675)(2350,4950)(2100,1850)
salesman-5:(2100,1850)(2625,8625)(2775,10995)(2634,9748)(2625,10025)(2607,9831)(2348,6105)(2625,11175)(2350,7500)(2348,8655)(2350,10050)(2348,11205)(2100,3000)(2100,4400)(2100,5550)(2100,6950)(2100,8100)(2100,9500)(2100,10650)(8353,1747)(8474,1777)(15503,1747)(8669,1800)(8576,1803)(15624,1777)(15819,1800)(15726,1803)(9250,1850)(2100,1850)

Initial minimum distance: 516470.1006096452
Global minimum distance: 515802.5348320891
Running time: 147.52062344551086s
Route:
salesman-1:(2100,1850)(8675,2025)(15775,2225)(8675,1875)(15825,2025)(15825,1875)(9784,2098)(15725,2325)(9757,2181)(15499,2456)(8625,2225)(9775,2375)(8575,2325)(9500,2400)(8349,2456)(9975,3025)(9250,3000)(15819,4350)(15503,4297)(15624,4327)(15726,4353)(15825,4425)(9925,3345)(15825,4575)(15775,4775)(9775,3525)(15725,4875)(9498,3555)(15499,5006)(9250,4400)(9784,4648)(15819,6900)(2100,1850)
salesman-2:(2100,1850)(15726,6903)(15624,6877)(15503,6847)(15825,6975)(9757,4731)(8669,4350)(15825,7125)(8576,4353)(8474,4327)(8353,4297)(8675,4425)(15775,7325)(9775,4925)(15725,7425)(8675,4575)(9500,4950)(15499,7556)(8625,4775)(2634,2098)(8575,4875)(9975,5575)(8349,5006)(9925,5895)(9250,5550)(9775,6075)(15819,9450)(15726,9453)(15825,9525)(15624,9427)(15503,9397)(15825,9675)(2100,1850)
salesman-3:(2100,1850)(9498,6105)(15775,9875)(15725,9975)(15499,10106)(2607,2181)(9784,7198)(9757,7281)(9250,6950)(9775,7475)(9500,7500)(8669,6900)(8675,6975)(8576,6903)(8474,6877)(9975,8125)(8353,6847)(8675,7125)(8625,7325)(9925,8445)(8575,7425)(9250,8100)(9775,8625)(8349,7556)(9498,8655)(2625,2375)(9784,9748)(9757,9831)(9775,10025)(9250,9500)(9500,10050)(9975,10675)(2100,1850)
salesman-4:(2100,1850)(8669,9450)(8675,9525)(9925,10995)(8576,9453)(8474,9427)(8675,9675)(8353,9397)(9775,11175)(8625,9875)(9250,10650)(8575,9975)(9498,11205)(8349,10106)(2825,3025)(2350,2400)(2775,3345)(2625,3525)(2825,5575)(2634,4648)(2607,4731)(2625,4925)(2775,5895)(2348,3555)(2625,6075)(2825,8125)(2775,8445)(2634,7198)(2607,7281)(2625,7475)(2825,10675)(2350,4950)(2100,1850)
salesman-5:(2100,1850)(2625,8625)(2775,10995)(2634,9748)(2625,10025)(2607,9831)(2348,6105)(2625,11175)(2350,7500)(2348,8655)(2350,10050)(2348,11205)(2100,3000)(2100,4400)(2100,5550)(2100,6950)(2100,8100)(2100,9500)(2100,10650)(8669,1800)(15819,1800)(9250,1850)(15726,1803)(8353,1747)(8474,1777)(15624,1777)(15503,1747)(8576,1803)(2100,1850)

Initial minimum distance: 516470.1006096452
Global minimum distance: 495343.631805435
Running time: 147.7049744129181s
Route:
salesman-1:(2100,1850)(15825,1875)(8675,1875)(15825,2025)(8675,2025)(15775,2225)(15725,2325)(9757,2181)(15499,2456)(8625,2225)(9775,2375)(8575,2325)(9250,3000)(15819,4350)(15503,4297)(15624,4327)(15726,4353)(15825,4425)(9925,3345)(15825,4575)(15775,4775)(9775,3525)(15725,4875)(15499,5006)(9784,2098)(9975,3025)(9498,3555)(8349,2456)(9500,2400)(9250,4400)(9784,4648)(15819,6900)(2100,1850)
salesman-2:(2100,1850)(15726,6903)(15624,6877)(15503,6847)(15825,6975)(9757,4731)(8669,4350)(15825,7125)(8576,4353)(8474,4327)(8353,4297)(8675,4425)(15775,7325)(9775,4925)(15725,7425)(8675,4575)(9500,4950)(15499,7556)(8625,4775)(2634,2098)(8575,4875)(9975,5575)(8349,5006)(9925,5895)(9250,5550)(9775,6075)(15819,9450)(15726,9453)(15825,9525)(15624,9427)(15503,9397)(15825,9675)(2100,1850)
salesman-3:(2100,1850)(9498,6105)(15775,9875)(15725,9975)(15499,10106)(2607,2181)(9784,7198)(9757,7281)(9250,6950)(9775,7475)(9500,7500)(8669,6900)(8675,6975)(8576,6903)(8474,6877)(9975,8125)(8353,6847)(8675,7125)(8625,7325)(9925,8445)(8575,7425)(9250,8100)(9775,8625)(8349,7556)(9498,8655)(2625,2375)(9784,9748)(9757,9831)(9775,10025)(9250,9500)(9500,10050)(9975,10675)(2100,1850)
salesman-4:(2100,1850)(8669,9450)(8675,9525)(9925,10995)(8576,9453)(8474,9427)(8675,9675)(8353,9397)(9775,11175)(8625,9875)(9250,10650)(8575,9975)(9498,11205)(8349,10106)(2825,3025)(2350,2400)(2775,3345)(2625,3525)(2825,5575)(2634,4648)(2607,4731)(2625,4925)(2775,5895)(2348,3555)(2625,6075)(2825,8125)(2775,8445)(2634,7198)(2607,7281)(2625,7475)(2825,10675)(2350,4950)(2100,1850)
salesman-5:(2100,1850)(2625,8625)(2775,10995)(2634,9748)(2625,10025)(2607,9831)(2348,6105)(2625,11175)(2350,7500)(2348,8655)(2350,10050)(2348,11205)(2100,3000)(2100,4400)(2100,5550)(2100,6950)(2100,8100)(2100,9500)(2100,10650)(8353,1747)(8474,1777)(15503,1747)(8669,1800)(8576,1803)(15624,1777)(15819,1800)(15726,1803)(9250,1850)(2100,1850)

Initial minimum distance: 516470.1006096452
Global minimum distance: 445681.42089429166
Running time: 149.3968470096588s
Route:
salesman-1:(2100,1850)(8675,2025)(9784,2098)(15725,2325)(8675,1875)(8625,2225)(9775,2375)(8575,2325)(9500,2400)(8349,2456)(9975,3025)(9250,3000)(15819,4350)(15503,4297)(15624,4327)(15726,4353)(15825,4575)(15775,4775)(9775,3525)(15725,4875)(9757,2181)(15825,4425)(9250,4400)(15819,6900)(15499,5006)(15825,1875)(15825,2025)(9784,4648)(9498,3555)(15499,2456)(15775,2225)(9925,3345)(2100,1850)
salesman-2:(2100,1850)(15825,6975)(15825,7125)(15499,7556)(15624,6877)(15775,7325)(8675,4425)(8675,4575)(15726,6903)(15503,6847)(9757,4731)(8669,4350)(8576,4353)(8474,4327)(8353,4297)(9775,4925)(15725,7425)(9500,4950)(8625,4775)(2634,2098)(8575,4875)(9975,5575)(8349,5006)(9925,5895)(9250,5550)(9775,6075)(15819,9450)(15726,9453)(15825,9525)(15624,9427)(15503,9397)(15825,9675)(2100,1850)
salesman-3:(2100,1850)(9498,6105)(15775,9875)(15725,9975)(15499,10106)(2607,2181)(9784,7198)(9757,7281)(9250,6950)(9775,7475)(9500,7500)(8669,6900)(8675,6975)(8576,6903)(8474,6877)(9975,8125)(8353,6847)(8675,7125)(8625,7325)(9925,8445)(8575,7425)(9250,8100)(9775,8625)(8349,7556)(9498,8655)(2625,2375)(9784,9748)(9757,9831)(9775,10025)(9250,9500)(9500,10050)(9975,10675)(2100,1850)
salesman-4:(2100,1850)(8669,9450)(8675,9525)(9925,10995)(8576,9453)(8474,9427)(8675,9675)(8353,9397)(9775,11175)(8625,9875)(9250,10650)(8575,9975)(9498,11205)(8349,10106)(2825,3025)(2350,2400)(2775,3345)(2625,3525)(2825,5575)(2634,4648)(2607,4731)(2625,4925)(2775,5895)(2348,3555)(2625,6075)(2825,8125)(2775,8445)(2634,7198)(2607,7281)(2625,7475)(2825,10675)(2350,4950)(2100,1850)
salesman-5:(2100,1850)(2625,8625)(2775,10995)(2634,9748)(2625,10025)(2607,9831)(2348,6105)(2625,11175)(2350,7500)(2348,8655)(2350,10050)(2348,11205)(2100,3000)(2100,4400)(2100,5550)(2100,6950)(2100,8100)(2100,9500)(2100,10650)(8353,1747)(8474,1777)(15503,1747)(8669,1800)(15726,1803)(15624,1777)(15819,1800)(9250,1850)(8576,1803)(2100,1850)

Initial minimum distance: 516470.1006096452
Global minimum distance: 445441.0150091941
Running time: 149.96872735023499s
Route:
salesman-1:(2100,1850)(8675,2025)(9757,2181)(15499,2456)(15726,4353)(15775,4775)(15503,4297)(9975,3025)(8575,2325)(9250,4400)(9784,2098)(8675,1875)(9925,3345)(15819,6900)(15825,2025)(15825,4575)(9500,2400)(9775,3525)(15825,4425)(15819,4350)(15499,5006)(9498,3555)(15825,1875)(15624,4327)(15725,4875)(9250,3000)(9784,4648)(9775,2375)(15775,2225)(15725,2325)(8349,2456)(8625,2225)(2100,1850)
salesman-2:(2100,1850)(2634,2098)(8575,4875)(9925,5895)(15499,7556)(9775,4925)(15624,6877)(8576,4353)(8625,4775)(8675,4575)(15726,6903)(15503,6847)(15775,7325)(8474,4327)(8353,4297)(8349,5006)(9775,6075)(8675,4425)(9975,5575)(9757,4731)(9500,4950)(8669,4350)(15825,7125)(15825,6975)(15725,7425)(9250,5550)(15726,9453)(15825,9675)(15819,9450)(15624,9427)(15825,9525)(15503,9397)(2100,1850)
salesman-3:(2100,1850)(9498,6105)(15775,9875)(15725,9975)(15499,10106)(2607,2181)(9784,7198)(9757,7281)(9250,6950)(9775,7475)(9500,7500)(8669,6900)(8675,6975)(8576,6903)(8474,6877)(9975,8125)(8353,6847)(8675,7125)(8625,7325)(9925,8445)(8575,7425)(9250,8100)(9775,8625)(8349,7556)(9498,8655)(2625,2375)(9784,9748)(9757,9831)(9775,10025)(9250,9500)(9500,10050)(9975,10675)(2100,1850)
salesman-4:(2100,1850)(8669,9450)(8675,9525)(9925,10995)(8576,9453)(8474,9427)(8675,9675)(8353,9397)(9775,11175)(8625,9875)(9250,10650)(8575,9975)(9498,11205)(8349,10106)(2825,3025)(2350,2400)(2775,3345)(2625,3525)(2825,5575)(2634,4648)(2607,4731)(2625,4925)(2775,5895)(2348,3555)(2625,6075)(2825,8125)(2775,8445)(2634,7198)(2607,7281)(2625,7475)(2825,10675)(2350,4950)(2100,1850)
salesman-5:(2100,1850)(2625,8625)(2775,10995)(2634,9748)(2625,10025)(2607,9831)(2348,6105)(2625,11175)(2350,7500)(2348,8655)(2350,10050)(2348,11205)(2100,3000)(2100,4400)(2100,5550)(2100,6950)(2100,8100)(2100,9500)(2100,10650)(8353,1747)(8474,1777)(15503,1747)(8669,1800)(8576,1803)(15624,1777)(15819,1800)(15726,1803)(9250,1850)(2100,1850)

Initial minimum distance: 516470.1006096452
Global minimum distance: 481247.39267132146
Running time: 150.47799563407898s
Route:
salesman-1:(2100,1850)(15825,2025)(8675,2025)(9757,2181)(15499,2456)(8625,2225)(9775,2375)(15825,1875)(15725,2325)(15775,2225)(9784,2098)(8675,1875)(8575,2325)(9500,2400)(8349,2456)(9975,3025)(9250,3000)(15819,4350)(15503,4297)(15624,4327)(15726,4353)(15825,4425)(9925,3345)(15825,4575)(15775,4775)(9775,3525)(15725,4875)(9498,3555)(15499,5006)(9250,4400)(9784,4648)(15819,6900)(2100,1850)
salesman-2:(2100,1850)(15726,6903)(15624,6877)(15503,6847)(15825,6975)(9757,4731)(8576,4353)(8474,4327)(8675,4425)(15775,7325)(9775,4925)(8675,4575)(15499,7556)(2634,2098)(8575,4875)(9975,5575)(8349,5006)(9925,5895)(15825,9675)(15819,9450)(15726,9453)(15624,9427)(15503,9397)(2100,1850)
salesman-3:(2100,1850)(9498,6105)(15775,9875)(15725,9975)(15499,10106)(2607,2181)(9784,7198)(9757,7281)(9250,6950)(9775,7475)(9500,7500)(8669,6900)(8675,6975)(8576,6903)(8474,6877)(9975,8125)(8353,6847)(8675,7125)(8625,7325)(9925,8445)(8575,7425)(9250,8100)(9775,8625)(8349,7556)(9498,8655)(2625,2375)(9784,9748)(9757,9831)(9775,10025)(9250,9500)(9500,10050)(9975,10675)(2100,1850)
salesman-4:(2100,1850)(8669,4350)(9250,5550)(9500,4950)(9775,6075)(8625,4775)(8353,4297)(15725,7425)(15825,7125)(15825,9525)(8669,9450)(8675,9525)(9925,10995)(8576,9453)(8474,9427)(8675,9675)(8353,9397)(9775,11175)(8625,9875)(9250,10650)(8575,9975)(9498,11205)(8349,10106)(2825,3025)(2350,2400)(2775,3345)(2625,3525)(2825,5575)(2634,4648)(2607,4731)(2625,4925)(2775,5895)(2348,3555)(2625,6075)(2825,8125)(2775,8445)(2634,7198)(2607,7281)(2625,7475)(2825,10675)(2350,4950)(2100,1850)
salesman-5:(2100,1850)(2625,8625)(2775,10995)(2634,9748)(2625,10025)(2607,9831)(2348,6105)(2625,11175)(2350,7500)(2348,8655)(2350,10050)(2348,11205)(2100,3000)(2100,4400)(2100,5550)(2100,6950)(2100,8100)(2100,9500)(2100,10650)(8353,1747)(8474,1777)(15503,1747)(15819,1800)(8669,1800)(8576,1803)(9250,1850)(15726,1803)(15624,1777)(2100,1850)

Initial minimum distance: 516470.1006096452
Global minimum distance: 496183.7528194065
Running time: 151.99376964569092s
Route:
salesman-1:(2100,1850)(8575,2325)(15825,1875)(9757,2181)(8675,1875)(15725,4875)(9975,3025)(8675,2025)(15775,2225)(9775,3525)(9498,3555)(15499,5006)(15726,4353)(15499,2456)(9925,3345)(8349,2456)(9784,4648)(15825,4575)(15624,4327)(15725,2325)(15503,4297)(15819,6900)(9784,2098)(9250,4400)(9250,3000)(9500,2400)(9775,2375)(15825,4425)(15775,4775)(8625,2225)(15819,4350)(15825,2025)(2100,1850)
salesman-2:(2100,1850)(15624,6877)(15503,6847)(15726,6903)(15825,6975)(9757,4731)(8669,4350)(15825,7125)(8576,4353)(8474,4327)(8353,4297)(8675,4425)(15775,7325)(9775,4925)(15725,7425)(8675,4575)(9500,4950)(15499,7556)(8625,4775)(2634,2098)(8575,4875)(9975,5575)(8349,5006)(9925,5895)(9250,5550)(9775,6075)(15819,9450)(15726,9453)(15825,9525)(15624,9427)(15503,9397)(15825,9675)(2100,1850)
salesman-3:(2100,1850)(9498,6105)(15775,9875)(15725,9975)(15499,10106)(2607,2181)(9784,7198)(9757,7281)(9250,6950)(9775,7475)(9500,7500)(8669,6900)(8675,6975)(8576,6903)(8474,6877)(9975,8125)(8353,6847)(8675,7125)(8625,7325)(9925,8445)(8575,7425)(9250,8100)(9775,8625)(8349,7556)(9498,8655)(2625,2375)(9784,9748)(9757,9831)(9775,10025)(9250,9500)(9500,10050)(9975,10675)(2100,1850)
salesman-4:(2100,1850)(8669,9450)(8675,9525)(9925,10995)(8576,9453)(8474,9427)(8675,9675)(8353,9397)(9775,11175)(8625,9875)(9250,10650)(8575,9975)(9498,11205)(8349,10106)(2825,3025)(2350,2400)(2775,3345)(2625,3525)(2825,5575)(2634,4648)(2607,4731)(2625,4925)(2775,5895)(2348,3555)(2625,6075)(2825,8125)(2775,8445)(2634,7198)(2607,7281)(2625,7475)(2825,10675)(2350,4950)(2100,1850)
salesman-5:(2100,1850)(2625,8625)(2775,10995)(2634,9748)(2625,10025)(2607,9831)(2348,6105)(2625,11175)(2350,7500)(2348,8655)(2350,10050)(2348,11205)(2100,3000)(2100,4400)(2100,5550)(2100,6950)(2100,8100)(2100,9500)(2100,10650)(8353,1747)(8474,1777)(15503,1747)(8669,1800)(8576,1803)(15624,1777)(15819,1800)(15726,1803)(9250,1850)(2100,1850)

Initial minimum distance: 516470.1006096452
Global minimum distance: 424150.25207558536
Running time: 151.99370527267456s
Route:
salesman-1:(2100,1850)(8675,1875)(9757,2181)(8625,2225)(9775,2375)(9500,2400)(9784,2098)(8575,2325)(9975,3025)(8349,2456)(15499,2456)(15725,2325)(15775,2225)(8675,2025)(9250,3000)(15819,4350)(15503,4297)(15726,4353)(15825,4425)(9925,3345)(15825,4575)(15775,4775)(15819,6900)(9775,3525)(9498,3555)(9250,4400)(9784,4648)(15825,2025)(15825,1875)(15725,4875)(15499,5006)(15624,4327)(2100,1850)
salesman-2:(2100,1850)(15726,6903)(15624,6877)(15503,6847)(15825,6975)(8669,4350)(8576,4353)(8675,4425)(15499,7556)(8575,4875)(9925,5895)(9775,6075)(8349,5006)(9975,5575)(2634,2098)(8675,4575)(8625,4775)(8474,4327)(8353,4297)(9250,5550)(15725,7425)(15825,7125)(15775,7325)(9775,4925)(9757,4731)(9500,4950)(15819,9450)(15726,9453)(15825,9525)(15624,9427)(15503,9397)(15825,9675)(2100,1850)
salesman-3:(2100,1850)(9498,6105)(15775,9875)(15725,9975)(15499,10106)(2607,2181)(9784,7198)(9757,7281)(9250,6950)(9775,7475)(9500,7500)(8669,6900)(8675,6975)(8576,6903)(8474,6877)(9975,8125)(8353,6847)(8675,7125)(8625,7325)(9925,8445)(8575,7425)(9250,8100)(9775,8625)(8349,7556)(9498,8655)(2625,2375)(9784,9748)(9757,9831)(9775,10025)(9250,9500)(9500,10050)(9975,10675)(2100,1850)
salesman-4:(2100,1850)(8669,9450)(8675,9525)(9925,10995)(8576,9453)(8474,9427)(8675,9675)(8353,9397)(9775,11175)(8625,9875)(9250,10650)(8575,9975)(9498,11205)(8349,10106)(2825,3025)(2350,2400)(2775,3345)(2625,3525)(2825,5575)(2634,4648)(2607,4731)(2625,4925)(2775,5895)(2348,3555)(2625,6075)(2825,8125)(2775,8445)(2634,7198)(2607,7281)(2625,7475)(2825,10675)(2350,4950)(2100,1850)
salesman-5:(2100,1850)(2625,8625)(2775,10995)(2634,9748)(2625,10025)(2607,9831)(2348,6105)(2625,11175)(2350,7500)(2348,8655)(2350,10050)(2348,11205)(2100,3000)(2100,4400)(2100,5550)(2100,6950)(2100,8100)(2100,9500)(2100,10650)(8353,1747)(8474,1777)(15503,1747)(8669,1800)(8576,1803)(15624,1777)(15819,1800)(15726,1803)(9250,1850)(2100,1850)

Initial minimum distance: 516470.1006096452
Global minimum distance: 451439.18494371616
Running time: 152.0353605747223s
Route:
salesman-1:(2100,1850)(8675,2025)(15725,2325)(8625,2225)(9500,2400)(8349,2456)(9925,3345)(9975,3025)(15819,4350)(15624,4327)(15825,4575)(15775,2225)(15825,2025)(15825,1875)(9775,2375)(9784,2098)(8675,1875)(15503,4297)(15499,2456)(15775,4775)(15825,4425)(15726,4353)(8575,2325)(9250,3000)(9757,2181)(9775,3525)(15725,4875)(9498,3555)(15499,5006)(9250,4400)(9784,4648)(15819,6900)(2100,1850)
salesman-2:(2100,1850)(15726,6903)(15624,6877)(15503,6847)(15825,6975)(9757,4731)(8669,4350)(15825,7125)(8576,4353)(8474,4327)(8353,4297)(8675,4425)(15775,7325)(9775,4925)(15725,7425)(8675,4575)(9500,4950)(15499,7556)(8625,4775)(2634,2098)(8575,4875)(9975,5575)(8349,5006)(9925,5895)(9250,5550)(9775,6075)(15819,9450)(15726,9453)(15825,9525)(15624,9427)(15503,9397)(15825,9675)(2100,1850)
salesman-3:(2100,1850)(9498,6105)(15775,9875)(15725,9975)(15499,10106)(2607,2181)(9784,7198)(9757,7281)(9250,6950)(9775,7475)(9500,7500)(8669,6900)(8675,6975)(8576,6903)(8474,6877)(9975,8125)(8353,6847)(8675,7125)(8625,7325)(9925,8445)(8575,7425)(9775,10025)(9757,9831)(9775,8625)(9500,10050)(9784,9748)(9250,9500)(8349,7556)(9975,10675)(9250,8100)(9498,8655)(2625,2375)(2100,1850)
salesman-4:(2100,1850)(8675,9525)(8625,9875)(8575,9975)(9498,11205)(8576,9453)(8669,9450)(9775,11175)(8353,9397)(9250,10650)(8675,9675)(8474,9427)(9925,10995)(8349,10106)(2825,3025)(2350,2400)(2775,3345)(2625,3525)(2825,5575)(2634,4648)(2607,4731)(2625,4925)(2775,5895)(2348,3555)(2625,6075)(2825,8125)(2775,8445)(2634,7198)(2607,7281)(2625,7475)(2825,10675)(2350,4950)(2100,1850)
salesman-5:(2100,1850)(2625,8625)(2775,10995)(2634,9748)(2625,10025)(2607,9831)(2348,6105)(2625,11175)(2350,7500)(2348,8655)(2350,10050)(2348,11205)(2100,3000)(2100,4400)(2100,5550)(2100,6950)(2100,8100)(2100,9500)(2100,10650)(8669,1800)(15624,1777)(15726,1803)(15819,1800)(15503,1747)(8474,1777)(9250,1850)(8353,1747)(8576,1803)(2100,1850)

Initial minimum distance: 516470.1006096452
Global minimum distance: 445803.6163514114
Running time: 152.56507349014282s
Route:
salesman-1:(2100,1850)(15825,1875)(15775,2225)(9784,2098)(9757,2181)(9775,2375)(15503,4297)(15726,4353)(15825,4425)(15775,4775)(15725,4875)(9250,4400)(8675,2025)(9250,3000)(9925,3345)(8575,2325)(8349,2456)(8625,2225)(9775,3525)(15725,2325)(15825,2025)(15499,2456)(15499,5006)(15825,4575)(15624,4327)(9975,3025)(9498,3555)(9500,2400)(8675,1875)(2100,1850)
salesman-2:(2100,1850)(8669,4350)(15503,6847)(15825,7125)(15825,6975)(15624,6877)(9757,4731)(15726,6903)(8576,4353)(8474,4327)(8353,4297)(8675,4425)(15775,7325)(9775,4925)(15725,7425)(8675,4575)(9500,4950)(15499,7556)(8625,4775)(2634,2098)(8575,4875)(9975,5575)(8349,5006)(9925,5895)(9250,5550)(9775,6075)(8675,9525)(15775,9875)(15725,9975)(15819,9450)(15726,9453)(15825,9525)(15624,9427)(15503,9397)(9757,7281)(2100,1850)
salesman-3:(2100,1850)(9498,6105)(15825,9675)(15819,6900)(15819,4350)(15499,10106)(2607,2181)(9784,7198)(9250,6950)(9775,7475)(9500,7500)(8669,6900)(8575,7425)(8675,6975)(9784,4648)(8576,6903)(8474,6877)(9975,8125)(8353,6847)(8675,7125)(8625,7325)(9925,8445)(9250,8100)(9498,8655)(9757,9831)(9975,10675)(9500,10050)(9784,9748)(9775,8625)(8349,7556)(2625,2375)(9775,10025)(9250,9500)(2100,1850)
salesman-4:(2100,1850)(8669,9450)(9925,10995)(8576,9453)(8474,9427)(8675,9675)(8353,9397)(9775,11175)(8625,9875)(9250,10650)(8575,9975)(9498,11205)(8349,10106)(2825,3025)(2350,2400)(2775,3345)(2625,3525)(2825,5575)(2634,4648)(2607,4731)(2625,4925)(2775,5895)(2348,3555)(2625,6075)(2825,8125)(2775,8445)(2634,7198)(2607,7281)(2625,7475)(2825,10675)(2350,4950)(2100,1850)
salesman-5:(2100,1850)(2625,8625)(2775,10995)(2634,9748)(2625,10025)(2607,9831)(2348,6105)(2625,11175)(2350,7500)(2348,8655)(2350,10050)(2348,11205)(2100,3000)(2100,4400)(2100,5550)(2100,6950)(2100,8100)(2100,9500)(2100,10650)(8353,1747)(8474,1777)(15503,1747)(8669,1800)(8576,1803)(15624,1777)(15819,1800)(15726,1803)(9250,1850)(2100,1850)

Initial minimum distance: 516470.1006096452
Global minimum distance: 493206.60285701725
Running time: 152.82103443145752s
Route:
salesman-1:(2100,1850)(15825,1875)(15825,2025)(8675,2025)(15775,2225)(9784,2098)(9757,2181)(9775,2375)(9975,3025)(15819,4350)(15503,4297)(15624,4327)(15825,4425)(9925,3345)(9498,3555)(15499,5006)(15499,2456)(8675,1875)(9250,4400)(9775,3525)(9250,3000)(15775,4775)(9500,2400)(15725,2325)(15819,6900)(15725,4875)(15726,4353)(8575,2325)(15825,4575)(8349,2456)(8625,2225)(9784,4648)(2100,1850)
salesman-2:(2100,1850)(8669,4350)(15503,6847)(15825,7125)(15624,6877)(15726,6903)(8474,4327)(8353,4297)(8576,4353)(15825,6975)(9757,4731)(8675,4425)(15775,7325)(9775,4925)(15725,7425)(8675,4575)(9500,4950)(15499,7556)(8625,4775)(2634,2098)(8575,4875)(9975,5575)(8349,5006)(9925,5895)(9250,5550)(9775,6075)(15819,9450)(15726,9453)(15825,9525)(15624,9427)(15503,9397)(15825,9675)(2100,1850)
salesman-3:(2100,1850)(9498,6105)(15775,9875)(15725,9975)(15499,10106)(2607,2181)(9784,7198)(9757,7281)(9250,6950)(9775,7475)(9500,7500)(8669,6900)(8675,6975)(8576,6903)(8474,6877)(9975,8125)(8353,6847)(8675,7125)(8625,7325)(9925,8445)(8575,7425)(9250,8100)(9775,8625)(8349,7556)(9498,8655)(2625,2375)(9784,9748)(9757,9831)(9775,10025)(9250,9500)(9500,10050)(9975,10675)(2100,1850)
salesman-4:(2100,1850)(8669,9450)(8675,9525)(9925,10995)(8576,9453)(8474,9427)(8675,9675)(8353,9397)(9775,11175)(8625,9875)(9250,10650)(8575,9975)(9498,11205)(8349,10106)(2825,3025)(2350,2400)(2775,3345)(2625,3525)(2825,5575)(2634,4648)(2607,4731)(2625,4925)(2775,5895)(2348,3555)(2625,6075)(2825,8125)(2775,8445)(2634,7198)(2607,7281)(2625,7475)(2825,10675)(2350,4950)(2100,1850)
salesman-5:(2100,1850)(2625,8625)(2775,10995)(2634,9748)(2625,10025)(2607,9831)(2348,6105)(2625,11175)(2350,7500)(2348,8655)(2350,10050)(2348,11205)(2100,3000)(2100,4400)(2100,5550)(2100,6950)(2100,8100)(2100,9500)(2100,10650)(8353,1747)(8474,1777)(15503,1747)(8669,1800)(8576,1803)(15624,1777)(15819,1800)(15726,1803)(9250,1850)(2100,1850)

Initial minimum distance: 516470.1006096452
Global minimum distance: 451543.5802948261
Running time: 152.92884922027588s
Route:
salesman-1:(2100,1850)(8675,2025)(9784,2098)(9757,2181)(9775,2375)(15726,4353)(15775,2225)(8349,2456)(9498,3555)(9775,3525)(15825,2025)(15825,4425)(9975,3025)(9250,4400)(8625,2225)(8675,1875)(8575,2325)(15825,1875)(15499,2456)(15725,2325)(15624,4327)(9250,3000)(15499,5006)(15503,4297)(15819,4350)(15775,4775)(9925,3345)(9500,2400)(9784,4648)(15819,6900)(15725,4875)(15825,4575)(2100,1850)
salesman-2:(2100,1850)(8576,4353)(8474,4327)(15775,7325)(15726,6903)(15825,6975)(15503,6847)(8669,4350)(8353,4297)(8675,4425)(15825,7125)(15624,6877)(9757,4731)(9775,4925)(15725,7425)(8675,4575)(9500,4950)(15499,7556)(8625,4775)(2634,2098)(8575,4875)(9975,5575)(8349,5006)(9925,5895)(9250,5550)(9775,6075)(15819,9450)(15726,9453)(15825,9525)(15624,9427)(15503,9397)(15825,9675)(2100,1850)
salesman-3:(2100,1850)(9498,6105)(15775,9875)(15725,9975)(15499,10106)(2607,2181)(9784,7198)(9757,7281)(9250,6950)(9775,7475)(9500,7500)(8669,6900)(8675,6975)(8576,6903)(8474,6877)(9975,8125)(8353,6847)(8675,7125)(8625,7325)(9925,8445)(8575,7425)(9250,8100)(9775,8625)(8349,7556)(9498,8655)(2625,2375)(9784,9748)(9757,9831)(9775,10025)(9250,9500)(9500,10050)(9975,10675)(2100,1850)
salesman-4:(2100,1850)(8669,9450)(8675,9525)(9925,10995)(8576,9453)(8474,9427)(8675,9675)(8353,9397)(9775,11175)(8625,9875)(9250,10650)(8575,9975)(9498,11205)(8349,10106)(2825,3025)(2350,2400)(2775,3345)(2625,3525)(2825,5575)(2634,4648)(2607,4731)(2625,4925)(2775,5895)(2348,3555)(2625,6075)(2825,8125)(2775,8445)(2634,7198)(2607,7281)(2625,7475)(2825,10675)(2350,4950)(2100,1850)
salesman-5:(2100,1850)(2625,8625)(2775,10995)(2634,9748)(2625,10025)(2607,9831)(2348,6105)(2625,11175)(2350,7500)(2348,8655)(2350,10050)(2348,11205)(2100,3000)(2100,4400)(2100,5550)(2100,6950)(2100,8100)(2100,9500)(2100,10650)(8353,1747)(8474,1777)(15503,1747)(8669,1800)(8576,1803)(15624,1777)(15819,1800)(15726,1803)(9250,1850)(2100,1850)

Initial minimum distance: 516470.1006096452
Global minimum distance: 435149.62006630696
Running time: 153.09127521514893s
Route:
salesman-1:(2100,1850)(8675,1875)(9784,2098)(8349,2456)(9925,3345)(9498,3555)(15825,1875)(15499,5006)(15775,4775)(9757,2181)(15726,4353)(8675,2025)(15725,4875)(9775,2375)(8625,2225)(9250,3000)(15825,2025)(15624,4327)(15499,2456)(9775,3525)(9975,3025)(2100,1850)
salesman-2:(2100,1850)(2634,2098)(9757,4731)(8669,4350)(8675,4425)(15503,6847)(15624,6877)(15499,7556)(15726,6903)(8576,4353)(8675,4575)(8625,4775)(9775,4925)(8353,4297)(15775,7325)(15825,6975)(15725,7425)(15825,7125)(8474,4327)(9500,4950)(8575,4875)(9975,5575)(9250,4400)(9784,4648)(15819,6900)(8349,5006)(9925,5895)(9250,5550)(9775,6075)(15819,9450)(15726,9453)(15825,9525)(15624,9427)(15503,9397)(15825,9675)(2100,1850)
salesman-3:(2100,1850)(9500,2400)(8575,2325)(15725,2325)(15819,4350)(15825,4575)(15825,4425)(15775,2225)(15503,4297)(9498,6105)(15775,9875)(15725,9975)(15499,10106)(2607,2181)(9784,7198)(9757,7281)(9250,6950)(9775,7475)(9500,7500)(8669,6900)(8675,6975)(8576,6903)(8474,6877)(9975,8125)(8353,6847)(8675,7125)(8625,7325)(9925,8445)(8575,7425)(9250,8100)(9775,8625)(8349,7556)(9498,8655)(2625,2375)(9784,9748)(9757,9831)(9775,10025)(9250,9500)(9500,10050)(9975,10675)(2100,1850)
salesman-4:(2100,1850)(8669,9450)(8675,9525)(9925,10995)(8576,9453)(8474,9427)(8675,9675)(8353,9397)(9775,11175)(8625,9875)(9250,10650)(8575,9975)(9498,11205)(8349,10106)(2825,3025)(2350,2400)(2775,3345)(2625,3525)(2825,5575)(2634,4648)(2607,4731)(2625,4925)(2775,5895)(2348,3555)(2625,6075)(2825,8125)(2775,8445)(2634,7198)(2607,7281)(2625,7475)(2825,10675)(2350,4950)(2100,1850)
salesman-5:(2100,1850)(2625,8625)(2775,10995)(2634,9748)(2625,10025)(2607,9831)(2348,6105)(2625,11175)(2350,7500)(2348,8655)(2350,10050)(2348,11205)(2100,3000)(2100,4400)(2100,5550)(2100,6950)(2100,8100)(2100,9500)(2100,10650)(8353,1747)(8474,1777)(15503,1747)(8669,1800)(8576,1803)(15624,1777)(15819,1800)(15726,1803)(9250,1850)(2100,1850)

Initial minimum distance: 516470.1006096452
Global minimum distance: 467888.5517473756
Running time: 153.6681113243103s
Route:
salesman-1:(2100,1850)(8675,1875)(8675,2025)(8575,2325)(8349,2456)(9250,3000)(9757,2181)(8625,2225)(9975,3025)(15725,2325)(15825,1875)(15499,2456)(15819,4350)(15825,2025)(9784,2098)(9775,2375)(9500,2400)(15775,2225)(15503,4297)(15624,4327)(15726,4353)(15825,4425)(9925,3345)(15825,4575)(15775,4775)(9775,3525)(15725,4875)(9498,3555)(15499,5006)(9250,4400)(9784,4648)(15819,6900)(2100,1850)
salesman-2:(2100,1850)(15726,6903)(15624,6877)(15503,6847)(15825,6975)(9757,4731)(8669,4350)(15825,7125)(8576,4353)(8474,4327)(8353,4297)(8675,4425)(15775,7325)(9775,4925)(15725,7425)(8675,4575)(9500,4950)(15499,7556)(8625,4775)(2634,2098)(8575,4875)(9975,5575)(8349,5006)(9925,5895)(9250,5550)(9775,6075)(15819,9450)(15726,9453)(15825,9525)(15624,9427)(15503,9397)(15825,9675)(2100,1850)
salesman-3:(2100,1850)(9498,6105)(15775,9875)(15725,9975)(15499,10106)(2607,2181)(9784,7198)(9757,7281)(9250,6950)(9775,7475)(9500,7500)(8669,6900)(8675,6975)(8576,6903)(8474,6877)(9975,8125)(8353,6847)(8675,7125)(8625,7325)(9925,8445)(8575,7425)(9250,8100)(9775,8625)(8349,7556)(9498,8655)(2625,2375)(9784,9748)(9757,9831)(9775,10025)(9250,9500)(9500,10050)(9975,10675)(2100,1850)
salesman-4:(2100,1850)(8669,9450)(8675,9525)(9925,10995)(8576,9453)(8474,9427)(8675,9675)(8353,9397)(9775,11175)(8625,9875)(9250,10650)(8575,9975)(9498,11205)(8349,10106)(2825,3025)(2350,2400)(2775,3345)(2625,3525)(2825,5575)(2634,4648)(2607,4731)(2625,4925)(2775,5895)(2348,3555)(2625,6075)(2825,8125)(2775,8445)(2634,7198)(2607,7281)(2625,7475)(2825,10675)(2350,4950)(2100,1850)
salesman-5:(2100,1850)(2625,8625)(2775,10995)(2634,9748)(2625,10025)(2607,9831)(2348,6105)(2625,11175)(2350,7500)(2348,8655)(2350,10050)(2348,11205)(2100,3000)(2100,4400)(2100,5550)(2100,6950)(2100,8100)(2100,9500)(2100,10650)(8353,1747)(8474,1777)(15503,1747)(8669,1800)(8576,1803)(15624,1777)(15819,1800)(15726,1803)(9250,1850)(2100,1850)

Initial minimum distance: 516470.1006096452
Global minimum distance: 466513.26449115714
Running time: 154.07086372375488s
Route:
salesman-1:(2100,1850)(8675,2025)(15775,2225)(15725,2325)(8625,2225)(9775,2375)(9250,3000)(9925,3345)(15825,4575)(15725,4875)(9250,4400)(9784,4648)(15499,2456)(15819,4350)(15819,6900)(15726,4353)(15499,5006)(15825,2025)(15825,1875)(8675,1875)(15503,4297)(9975,3025)(9775,3525)(15775,4775)(15624,4327)(9784,2098)(9500,2400)(15825,4425)(9757,2181)(8575,2325)(8349,2456)(2100,1850)
salesman-2:(2100,1850)(15503,6847)(15726,6903)(15624,6877)(15825,6975)(9757,4731)(8669,4350)(15825,7125)(8576,4353)(8474,4327)(2607,2181)(8353,4297)(8675,4425)(15775,7325)(9775,4925)(15725,7425)(8675,4575)(9500,4950)(15499,7556)(8625,4775)(2634,2098)(8575,4875)(9975,5575)(8349,5006)(9925,5895)(9250,5550)(9775,6075)(15819,9450)(15726,9453)(15825,9525)(15624,9427)(15503,9397)(15825,9675)(2100,1850)
salesman-3:(2100,1850)(9498,6105)(15775,9875)(15725,9975)(15499,10106)(9784,7198)(9757,7281)(9250,6950)(9775,7475)(9500,7500)(8669,6900)(8675,6975)(8576,6903)(8474,6877)(9775,8625)(9498,8655)(8575,7425)(9975,8125)(8353,6847)(8675,7125)(8625,7325)(9925,8445)(9250,8100)(8349,7556)(2625,2375)(9784,9748)(9757,9831)(9775,10025)(9250,9500)(9500,10050)(9975,10675)(2100,1850)
salesman-4:(2100,1850)(8669,9450)(8675,9525)(9925,10995)(8576,9453)(8474,9427)(8675,9675)(8353,9397)(9775,11175)(8625,9875)(9250,10650)(8575,9975)(9498,11205)(8349,10106)(2825,3025)(2350,2400)(2775,3345)(2625,3525)(2825,5575)(2634,4648)(2607,4731)(2625,4925)(2775,5895)(2348,3555)(2625,6075)(2825,8125)(2775,8445)(2634,7198)(2607,7281)(2625,7475)(2825,10675)(2350,4950)(2100,1850)
salesman-5:(2100,1850)(2625,8625)(2775,10995)(2634,9748)(2625,10025)(2607,9831)(2348,6105)(2625,11175)(2350,7500)(2348,8655)(2350,10050)(2348,11205)(2100,3000)(2100,4400)(2100,5550)(2100,6950)(2100,8100)(2100,9500)(2100,10650)(8353,1747)(8474,1777)(15503,1747)(8669,1800)(8576,1803)(15624,1777)(15819,1800)(15726,1803)(9498,3555)(9250,1850)(2100,1850)

Initial minimum distance: 516470.1006096452
Global minimum distance: 433178.86650890636
Running time: 154.20011854171753s
Route:
salesman-1:(2100,1850)(15825,1875)(15726,1803)(9784,2098)(8675,2025)(8675,1875)(15499,2456)(8625,2225)(8349,2456)(9250,3000)(15819,4350)(15725,4875)(15624,4327)(15825,4425)(15775,4775)(15775,2225)(15503,4297)(8576,1803)(15726,4353)(15503,1747)(15825,2025)(9757,2181)(9975,3025)(9250,1850)(15725,2325)(15499,5006)(15825,4575)(9925,3345)(8575,2325)(9500,2400)(9775,2375)(9498,3555)(9775,3525)(9250,4400)(9784,4648)(15819,6900)(2100,1850)
salesman-2:(2100,1850)(15726,6903)(15624,6877)(15503,6847)(15825,6975)(15825,7125)(8576,4353)(8474,4327)(8353,4297)(8675,4425)(15775,7325)(9775,4925)(15725,7425)(8675,4575)(9500,4950)(15499,7556)(8625,4775)(9757,4731)(8669,4350)(2634,2098)(8575,4875)(9975,5575)(8349,5006)(9925,5895)(9250,5550)(9775,6075)(15819,9450)(15726,9453)(15825,9525)(15624,9427)(15503,9397)(15825,9675)(15775,9875)(15725,9975)(15499,10106)(9757,7281)(9250,6950)(9775,7475)(9500,7500)(8669,6900)(8675,6975)(8576,6903)(8474,6877)(9975,8125)(8353,6847)(8675,7125)(8625,7325)(9925,8445)(8575,7425)(9250,8100)(9775,8625)(8349,7556)(9498,8655)(2625,2375)(9784,9748)(9757,9831)(9775,10025)(9250,9500)(9500,10050)(9975,10675)(2100,1850)
salesman-3:(2100,1850)(8669,9450)(8675,9525)(2100,1850)
salesman-4:(2100,1850)(2350,4950)(2100,1850)
salesman-5:(2100,1850)(9498,6105)(9925,10995)(8576,9453)(8474,9427)(8675,9675)(8353,9397)(9775,11175)(8625,9875)(9250,10650)(8575,9975)(9498,11205)(8349,10106)(2825,3025)(2350,2400)(2775,3345)(2625,3525)(2825,5575)(2634,4648)(2607,4731)(2625,4925)(2775,5895)(2348,3555)(2625,6075)(2825,8125)(2775,8445)(2634,7198)(2607,7281)(2625,7475)(2825,10675)(2625,8625)(2775,10995)(2634,9748)(2625,10025)(2607,9831)(2348,6105)(2625,11175)(2350,7500)(2348,8655)(2350,10050)(2348,11205)(2100,3000)(2100,4400)(2100,5550)(2100,6950)(2100,8100)(2100,9500)(2100,10650)(2607,2181)(9784,7198)(8353,1747)(8474,1777)(8669,1800)(15624,1777)(15819,1800)(2100,1850)

Initial minimum distance: 516470.1006096452
Global minimum distance: 438460.7206268637
Running time: 154.83890628814697s
Route:
salesman-1:(2100,1850)(15775,2225)(15499,2456)(15503,4297)(15726,4353)(15825,4425)(15825,4575)(15775,4775)(15725,4875)(8625,2225)(9784,2098)(8675,2025)(9757,2181)(8675,1875)(8349,2456)(9775,3525)(9498,3555)(15499,5006)(9250,4400)(9784,4648)(15819,6900)(15819,4350)(15624,4327)(15825,2025)(8575,2325)(9775,2375)(9925,3345)(9250,3000)(9500,2400)(15825,1875)(15725,2325)(9975,3025)(2100,1850)
salesman-2:(2100,1850)(15726,6903)(15624,6877)(15503,6847)(15825,6975)(9757,4731)(8669,4350)(15825,7125)(8576,4353)(8474,4327)(8353,4297)(8675,4425)(15775,7325)(9775,4925)(15725,7425)(8675,4575)(9500,4950)(15499,7556)(8625,4775)(2634,2098)(8575,4875)(9975,5575)(8349,5006)(9925,5895)(9250,5550)(9775,6075)(15819,9450)(15726,9453)(15825,9525)(15624,9427)(15503,9397)(15825,9675)(2100,1850)
salesman-3:(2100,1850)(9498,6105)(15775,9875)(15725,9975)(15499,10106)(2607,2181)(9784,7198)(9757,7281)(9250,6950)(9775,7475)(9500,7500)(8669,6900)(8675,6975)(8576,6903)(8474,6877)(9975,8125)(8353,6847)(8675,7125)(8625,7325)(9925,8445)(8575,7425)(9250,8100)(9775,8625)(8349,7556)(9498,8655)(2625,2375)(9784,9748)(9757,9831)(9775,10025)(9250,9500)(9500,10050)(9975,10675)(2100,1850)
salesman-4:(2100,1850)(8669,9450)(8675,9525)(9925,10995)(8576,9453)(8474,9427)(8675,9675)(8353,9397)(9775,11175)(8625,9875)(9250,10650)(8575,9975)(9498,11205)(8349,10106)(2825,3025)(2350,2400)(2775,3345)(2625,3525)(2825,5575)(2634,4648)(2607,4731)(2625,4925)(2775,5895)(2348,3555)(2625,6075)(2825,8125)(2775,8445)(2634,7198)(2607,7281)(2625,7475)(2825,10675)(2350,4950)(2100,1850)
salesman-5:(2100,1850)(2625,8625)(2775,10995)(2634,9748)(2625,10025)(2607,9831)(2348,6105)(2625,11175)(2350,7500)(2348,8655)(2350,10050)(2348,11205)(2100,3000)(2100,4400)(2100,5550)(2100,6950)(2100,8100)(2100,9500)(2100,10650)(8353,1747)(8474,1777)(8669,1800)(8576,1803)(9250,1850)(15503,1747)(15726,1803)(15624,1777)(15819,1800)(2100,1850)

Initial minimum distance: 516470.1006096452
Global minimum distance: 424656.32007712853
Running time: 156.41997003555298s
Route:
salesman-1:(2100,1850)(9975,3025)(9250,4400)(8349,2456)(15775,4775)(15503,4297)(15624,4327)(15825,1875)(15775,2225)(9498,3555)(9784,2098)(9500,2400)(9250,3000)(8675,1875)(9784,4648)(8575,2325)(15725,2325)(15499,2456)(9775,3525)(8675,2025)(8353,1747)(2100,1850)
salesman-2:(2100,1850)(8474,4327)(8675,4425)(8576,4353)(9757,4731)(8353,4297)(15825,7125)(15624,6877)(15503,6847)(8669,4350)(9775,4925)(9775,2375)(15775,7325)(15726,6903)(15825,6975)(15725,7425)(15825,2025)(15819,1800)(9757,2181)(9925,3345)(15825,4575)(15819,4350)(15819,6900)(15825,4425)(15725,4875)(15726,4353)(15499,7556)(15499,5006)(8675,4575)(9500,4950)(8625,2225)(8625,4775)(2634,2098)(8575,4875)(9975,5575)(8349,5006)(9925,5895)(9250,5550)(9775,6075)(15819,9450)(15726,9453)(15825,9525)(15624,9427)(15503,9397)(15825,9675)(2100,1850)
salesman-3:(2100,1850)(9498,6105)(15775,9875)(15725,9975)(15499,10106)(2607,2181)(9784,7198)(9757,7281)(9250,6950)(9775,7475)(9500,7500)(8669,6900)(8675,6975)(8576,6903)(8474,6877)(9975,8125)(8353,6847)(8675,7125)(8625,7325)(9925,8445)(8575,7425)(9250,8100)(9775,8625)(8349,7556)(9498,8655)(2625,2375)(9784,9748)(9757,9831)(9775,10025)(9250,9500)(9500,10050)(9975,10675)(2100,1850)
salesman-4:(2100,1850)(8669,9450)(8675,9525)(9925,10995)(8576,9453)(8474,9427)(8675,9675)(8353,9397)(9775,11175)(8625,9875)(9250,10650)(8575,9975)(9498,11205)(8349,10106)(2825,3025)(2350,2400)(2775,3345)(2625,3525)(2825,5575)(2634,4648)(2607,4731)(2625,4925)(2775,5895)(2348,3555)(2625,6075)(2825,8125)(2775,8445)(2634,7198)(2607,7281)(2625,7475)(2825,10675)(2350,4950)(2100,1850)
salesman-5:(2100,1850)(2625,8625)(2775,10995)(2634,9748)(2625,10025)(2607,9831)(2348,6105)(2625,11175)(2350,7500)(2348,8655)(2350,10050)(2348,11205)(2100,3000)(2100,4400)(2100,5550)(2100,6950)(2100,8100)(2100,9500)(2100,10650)(15726,1803)(15503,1747)(8576,1803)(9250,1850)(8669,1800)(15624,1777)(8474,1777)(2100,1850)

Initial minimum distance: 516470.1006096452
Global minimum distance: 453792.3948199643
Running time: 156.95019674301147s
Route:
salesman-1:(2100,1850)(15825,1875)(15499,2456)(15825,2025)(8675,2025)(15725,2325)(9784,2098)(9757,2181)(8625,2225)(9775,2375)(8575,2325)(9500,2400)(8349,2456)(9250,3000)(15819,4350)(15503,4297)(15624,4327)(15726,4353)(15825,4425)(9925,3345)(15775,4775)(15725,4875)(15499,5006)(9250,4400)(15819,6900)(2100,1850)
salesman-2:(2100,1850)(15726,6903)(15624,6877)(15503,6847)(15825,6975)(9757,4731)(8669,4350)(15825,7125)(8576,4353)(8474,4327)(8353,4297)(8675,4425)(15775,7325)(9775,4925)(9975,3025)(8675,1875)(9498,3555)(9775,3525)(9784,4648)(15775,2225)(15825,4575)(15725,7425)(8675,4575)(9500,4950)(15499,7556)(8625,4775)(2634,2098)(8575,4875)(9975,5575)(8349,5006)(9925,5895)(9250,5550)(9775,6075)(15819,9450)(15726,9453)(15825,9525)(15624,9427)(15503,9397)(15825,9675)(2100,1850)
salesman-3:(2100,1850)(9498,6105)(15775,9875)(15725,9975)(15499,10106)(2607,2181)(9784,7198)(9757,7281)(9250,6950)(9775,7475)(9500,7500)(8669,6900)(8675,6975)(8576,6903)(8474,6877)(9975,8125)(8353,6847)(8675,7125)(8625,7325)(9925,8445)(8575,7425)(9250,8100)(9775,8625)(8349,7556)(9498,8655)(2625,2375)(9784,9748)(9757,9831)(9775,10025)(9250,9500)(9500,10050)(9975,10675)(2100,1850)
salesman-4:(2100,1850)(8669,9450)(8675,9525)(9925,10995)(8576,9453)(8474,9427)(8675,9675)(8353,9397)(9775,11175)(8625,9875)(9250,10650)(8575,9975)(9498,11205)(8349,10106)(2825,3025)(2350,2400)(2775,3345)(2625,3525)(2825,5575)(2634,4648)(2607,4731)(2625,4925)(2775,5895)(2348,3555)(2625,6075)(2825,8125)(2775,8445)(2634,7198)(2607,7281)(2625,7475)(2825,10675)(2350,4950)(2100,1850)
salesman-5:(2100,1850)(2625,8625)(2775,10995)(2634,9748)(2625,10025)(2607,9831)(2348,6105)(2625,11175)(2350,7500)(2348,8655)(2350,10050)(2348,11205)(2100,3000)(2100,4400)(2100,5550)(2100,6950)(2100,8100)(2100,9500)(2100,10650)(8353,1747)(8474,1777)(15726,1803)(15624,1777)(15819,1800)(15503,1747)(8669,1800)(8576,1803)(9250,1850)(2100,1850)

Initial minimum distance: 516470.1006096452
Global minimum distance: 463154.3079240494
Running time: 156.9426908493042s
Route:
salesman-1:(2100,1850)(8675,1875)(15725,2325)(15499,2456)(8625,2225)(9775,2375)(8349,2456)(9975,3025)(9250,3000)(15819,4350)(15624,4327)(15726,4353)(15825,4425)(15775,4775)(9775,3525)(15499,5006)(9784,4648)(15819,6900)(9498,3555)(9500,2400)(9784,2098)(15825,1875)(15825,4575)(15775,2225)(9925,3345)(8675,2025)(8575,2325)(15825,2025)(15725,4875)(9250,4400)(9757,2181)(15503,4297)(2100,1850)
salesman-2:(2100,1850)(9775,4925)(8669,4350)(15503,6847)(8353,4297)(9757,4731)(8675,4425)(8576,4353)(15624,6877)(15726,6903)(15825,7125)(15825,6975)(15775,7325)(15725,7425)(8474,4327)(8675,4575)(9500,4950)(15499,7556)(8625,4775)(2634,2098)(8575,4875)(9975,5575)(8349,5006)(9925,5895)(9250,5550)(9775,6075)(15819,9450)(15726,9453)(15825,9525)(15624,9427)(15503,9397)(15825,9675)(2100,1850)
salesman-3:(2100,1850)(9498,6105)(15775,9875)(15725,9975)(15499,10106)(2607,2181)(9784,7198)(9757,7281)(9250,6950)(9775,7475)(9500,7500)(8669,6900)(8675,6975)(8576,6903)(8474,6877)(9975,8125)(8353,6847)(8675,7125)(8625,7325)(9925,8445)(8575,7425)(9250,8100)(9775,8625)(8349,7556)(9498,8655)(2625,2375)(9784,9748)(9757,9831)(9775,10025)(9250,9500)(9500,10050)(9975,10675)(2100,1850)
salesman-4:(2100,1850)(8669,9450)(8675,9525)(9925,10995)(8576,9453)(8474,9427)(8675,9675)(8353,9397)(9775,11175)(8625,9875)(9250,10650)(8575,9975)(9498,11205)(8349,10106)(2825,3025)(2350,2400)(2775,3345)(2625,3525)(2825,5575)(2634,4648)(2607,4731)(2625,4925)(2775,5895)(2348,3555)(2625,6075)(2825,8125)(2775,8445)(2634,7198)(2607,7281)(2625,7475)(2825,10675)(2350,4950)(8669,1800)(9250,1850)(2100,1850)
salesman-5:(2100,1850)(2625,8625)(2775,10995)(2634,9748)(2625,10025)(2607,9831)(2348,6105)(2625,11175)(2350,7500)(2348,8655)(2350,10050)(2348,11205)(2100,3000)(2100,4400)(2100,5550)(2100,6950)(2100,8100)(2100,9500)(2100,10650)(8353,1747)(8474,1777)(15503,1747)(15726,1803)(15819,1800)(15624,1777)(8576,1803)(2100,1850)

Initial minimum distance: 516470.1006096452
Global minimum distance: 455528.6678877781
Running time: 158.46473145484924s
Route:
salesman-1:(2100,1850)(8675,1875)(8575,2325)(9500,2400)(9498,3555)(9775,3525)(9775,2375)(8349,2456)(8675,2025)(15499,2456)(15825,1875)(9250,3000)(8625,2225)(9757,2181)(15775,4775)(15825,4575)(15819,4350)(15624,4327)(9784,4648)(2100,1850)
salesman-2:(2100,1850)(15726,6903)(15624,6877)(15503,6847)(15825,6975)(9757,4731)(8669,4350)(15825,7125)(8576,4353)(8474,4327)(8353,4297)(8675,4425)(15775,7325)(9775,4925)(15725,7425)(8625,4775)(2634,2098)(8675,4575)(9250,4400)(9500,4950)(15499,7556)(9925,3345)(9784,2098)(15825,4425)(15775,2225)(15725,2325)(15499,5006)(15819,6900)(15825,2025)(15503,4297)(9975,3025)(15725,4875)(15726,4353)(8575,4875)(9975,5575)(8349,5006)(9925,5895)(9250,5550)(9775,6075)(15819,9450)(15726,9453)(15825,9525)(15624,9427)(15503,9397)(15825,9675)(2100,1850)
salesman-3:(2100,1850)(9498,6105)(15775,9875)(15725,9975)(15499,10106)(2607,2181)(9784,7198)(9757,7281)(9250,6950)(9775,7475)(9500,7500)(8669,6900)(8675,6975)(8576,6903)(8474,6877)(9975,8125)(8353,6847)(8675,7125)(8625,7325)(9925,8445)(8575,7425)(9250,8100)(9775,8625)(8349,7556)(9498,8655)(2625,2375)(9784,9748)(9757,9831)(9775,10025)(9250,9500)(9500,10050)(9975,10675)(2100,1850)
salesman-4:(2100,1850)(8669,9450)(8675,9525)(9925,10995)(8576,9453)(8474,9427)(8675,9675)(8353,9397)(9775,11175)(8625,9875)(9250,10650)(8575,9975)(9498,11205)(8349,10106)(2825,3025)(2350,2400)(2775,3345)(2625,3525)(2825,5575)(2634,4648)(2607,4731)(2625,4925)(2775,5895)(2348,3555)(2625,6075)(2825,8125)(2775,8445)(2634,7198)(2607,7281)(2625,7475)(2825,10675)(2350,4950)(2100,1850)
salesman-5:(2100,1850)(2625,8625)(2775,10995)(2634,9748)(2625,10025)(2607,9831)(2348,6105)(2625,11175)(2350,7500)(2348,8655)(2350,10050)(2348,11205)(2100,3000)(2100,4400)(2100,5550)(2100,6950)(2100,8100)(2100,9500)(2100,10650)(8353,1747)(8474,1777)(15503,1747)(8669,1800)(8576,1803)(15624,1777)(15819,1800)(15726,1803)(9250,1850)(2100,1850)

Initial minimum distance: 516470.1006096452
Global minimum distance: 450015.2071591356
Running time: 159.70708656311035s
Route:
salesman-1:(2100,1850)(8675,1875)(15825,2025)(15499,2456)(15825,4575)(15775,4775)(15725,4875)(15499,5006)(15825,1875)(9500,2400)(8675,2025)(9775,3525)(8625,2225)(9498,3555)(15775,2225)(9975,3025)(9250,3000)(15819,4350)(15503,4297)(15624,4327)(15726,4353)(15825,4425)(9925,3345)(9250,4400)(8575,2325)(15819,6900)(15725,2325)(9784,2098)(8349,2456)(9775,2375)(9757,2181)(9784,4648)(2100,1850)
salesman-2:(2100,1850)(8576,4353)(8675,4575)(8675,4425)(9500,4950)(15503,6847)(15624,6877)(15825,6975)(15725,7425)(8353,4297)(8669,4350)(15499,7556)(15775,7325)(9757,4731)(8474,4327)(15825,7125)(15726,6903)(9775,4925)(8625,4775)(2634,2098)(8575,4875)(9975,5575)(8349,5006)(9925,5895)(9250,5550)(9775,6075)(15819,9450)(15726,9453)(15825,9525)(15624,9427)(15503,9397)(15825,9675)(2100,1850)
salesman-3:(2100,1850)(9498,6105)(15775,9875)(15725,9975)(15499,10106)(2607,2181)(9784,7198)(9757,7281)(9500,7500)(9250,6950)(9775,7475)(8669,6900)(8675,6975)(8576,6903)(8474,6877)(9975,8125)(8353,6847)(8675,7125)(8625,7325)(9925,8445)(8575,7425)(9250,8100)(9775,8625)(8349,7556)(9498,8655)(2625,2375)(9784,9748)(9757,9831)(9775,10025)(9250,9500)(9500,10050)(9975,10675)(2100,1850)
salesman-4:(2100,1850)(8669,9450)(8675,9525)(9925,10995)(8576,9453)(8474,9427)(8675,9675)(8353,9397)(9775,11175)(8625,9875)(9250,10650)(8575,9975)(9498,11205)(8349,10106)(2825,3025)(2350,2400)(2634,4648)(2607,4731)(2625,3525)(2625,4925)(2775,3345)(2825,5575)(2775,5895)(2348,3555)(2625,6075)(2825,8125)(2775,8445)(2634,7198)(2607,7281)(2625,7475)(2825,10675)(2350,4950)(2100,1850)
salesman-5:(2100,1850)(2625,8625)(2775,10995)(2634,9748)(2625,10025)(2607,9831)(2348,6105)(2625,11175)(2350,7500)(2348,8655)(2350,10050)(2348,11205)(2100,3000)(2100,4400)(2100,5550)(2100,6950)(2100,8100)(2100,9500)(2100,10650)(8353,1747)(8474,1777)(15503,1747)(15624,1777)(9250,1850)(15726,1803)(8576,1803)(8669,1800)(15819,1800)(2100,1850)

Initial minimum distance: 516470.1006096452
Global minimum distance: 441072.1734839901
Running time: 159.90945887565613s
Route:
salesman-1:(2100,1850)(9500,2400)(15503,4297)(15499,2456)(15825,1875)(15725,2325)(8349,2456)(9975,3025)(9925,3345)(9757,2181)(15825,4425)(15825,2025)(15624,4327)(15499,5006)(9775,2375)(9784,2098)(15825,4575)(15775,4775)(15725,4875)(15775,2225)(15726,4353)(8575,2325)(8675,1875)(9498,3555)(8625,2225)(9775,3525)(9250,4400)(9784,4648)(15819,6900)(15819,4350)(8675,2025)(9250,3000)(2100,1850)
salesman-2:(2100,1850)(8675,4425)(15726,6903)(15624,6877)(15503,6847)(15825,6975)(9757,4731)(8669,4350)(15825,7125)(8675,4575)(9500,4950)(15775,7325)(8474,4327)(8353,4297)(8576,4353)(9775,4925)(8625,4775)(2634,2098)(8575,4875)(9975,5575)(8349,5006)(9925,5895)(9250,5550)(9775,6075)(15819,9450)(15726,9453)(15825,9525)(15624,9427)(15503,9397)(15825,9675)(2100,1850)
salesman-3:(2100,1850)(9498,6105)(15775,9875)(15725,9975)(15499,7556)(15725,7425)(15499,10106)(2607,2181)(9784,7198)(9757,7281)(9250,6950)(9775,7475)(9500,7500)(8669,6900)(8675,6975)(8576,6903)(8474,6877)(9975,8125)(8353,6847)(8675,7125)(8625,7325)(9925,8445)(8575,7425)(9250,8100)(9775,8625)(8349,7556)(9498,8655)(2625,2375)(9784,9748)(9757,9831)(9775,10025)(9250,9500)(9500,10050)(9975,10675)(2100,1850)
salesman-4:(2100,1850)(8669,9450)(8675,9525)(9925,10995)(8576,9453)(8474,9427)(8675,9675)(8353,9397)(9775,11175)(8625,9875)(9250,10650)(8575,9975)(9498,11205)(8349,10106)(2825,3025)(2350,2400)(2775,3345)(2625,3525)(2825,5575)(2634,4648)(2607,4731)(2625,4925)(2775,5895)(2348,3555)(2625,6075)(2825,8125)(2775,8445)(2634,7198)(2607,7281)(2625,7475)(2825,10675)(2350,4950)(2100,1850)
salesman-5:(2100,1850)(2625,8625)(2775,10995)(2634,9748)(2625,10025)(2607,9831)(2348,6105)(2625,11175)(2350,7500)(2348,8655)(2350,10050)(2348,11205)(2100,3000)(2100,4400)(2100,5550)(2100,6950)(2100,8100)(2100,9500)(2100,10650)(8353,1747)(8474,1777)(15503,1747)(8669,1800)(8576,1803)(15624,1777)(15819,1800)(15726,1803)(9250,1850)(2100,1850)

Initial minimum distance: 516470.1006096452
Global minimum distance: 409133.17965970974
Running time: 160.57537484169006s
Route:
salesman-1:(2100,1850)(9775,2375)(8349,2456)(15825,2025)(15775,2225)(15725,2325)(15726,4353)(15725,4875)(15499,5006)(8625,2225)(8675,2025)(9250,4400)(9925,3345)(9775,3525)(9784,2098)(15503,4297)(9250,3000)(9500,2400)(9757,2181)(8575,2325)(15825,1875)(15499,2456)(8675,1875)(9975,3025)(15819,4350)(15624,4327)(15825,4425)(15825,4575)(15775,4775)(9498,3555)(9784,4648)(15819,6900)(2100,1850)
salesman-2:(2100,1850)(8669,4350)(8576,4353)(8474,4327)(8675,4425)(8353,4297)(15726,6903)(15825,7125)(15624,6877)(15775,7325)(15725,7425)(8675,4575)(9500,4950)(8575,4875)(9975,5575)(8349,5006)(8625,4775)(15499,7556)(15825,6975)(15503,6847)(9250,5550)(9775,4925)(9925,5895)(9775,6075)(15819,9450)(15726,9453)(15825,9525)(15624,9427)(15503,9397)(15825,9675)(9757,4731)(2634,2098)(2100,1850)
salesman-3:(2100,1850)(9498,6105)(15775,9875)(15725,9975)(15499,10106)(2607,2181)(9784,7198)(9757,7281)(9250,6950)(9775,7475)(9500,7500)(8669,6900)(8675,6975)(8576,6903)(8474,6877)(9975,8125)(8353,6847)(8675,7125)(8625,7325)(9925,8445)(8575,7425)(9250,8100)(9775,8625)(8349,7556)(9498,8655)(2625,2375)(9784,9748)(9757,9831)(9775,10025)(9250,9500)(9500,10050)(9975,10675)(2100,1850)
salesman-4:(2100,1850)(8669,9450)(8675,9525)(9925,10995)(8576,9453)(8474,9427)(8675,9675)(8353,9397)(9775,11175)(8625,9875)(9250,10650)(8575,9975)(9498,11205)(8349,10106)(2825,3025)(2350,2400)(2775,3345)(2625,3525)(2825,5575)(2634,4648)(2607,4731)(2625,4925)(2775,5895)(2348,3555)(2625,6075)(2825,8125)(2775,8445)(2634,7198)(2607,7281)(2625,7475)(2825,10675)(2350,4950)(2100,1850)
salesman-5:(2100,1850)(2625,8625)(2775,10995)(2634,9748)(2625,10025)(2607,9831)(2348,6105)(2625,11175)(2350,7500)(2348,8655)(2350,10050)(2348,11205)(2100,3000)(2100,4400)(2100,5550)(2100,6950)(2100,8100)(2100,9500)(2100,10650)(8353,1747)(8474,1777)(15503,1747)(8669,1800)(8576,1803)(15624,1777)(15726,1803)(15819,1800)(9250,1850)(2100,1850)

Initial minimum distance: 516470.1006096452
Global minimum distance: 489550.5828157361
Running time: 166.68611693382263s
Route:
salesman-1:(2100,1850)(15825,2025)(15499,2456)(8625,2225)(8675,1875)(8675,2025)(9757,2181)(15775,2225)(15825,1875)(9784,2098)(15725,2325)(9775,2375)(8575,2325)(9500,2400)(8349,2456)(9975,3025)(9250,3000)(15819,4350)(15503,4297)(15624,4327)(15726,4353)(15825,4425)(9925,3345)(15825,4575)(15775,4775)(9775,3525)(15725,4875)(9498,3555)(15499,5006)(9250,4400)(9784,4648)(15819,6900)(2100,1850)
salesman-2:(2100,1850)(15726,6903)(15624,6877)(15503,6847)(15825,6975)(9757,4731)(8669,4350)(15825,7125)(8576,4353)(8474,4327)(8353,4297)(8675,4425)(15775,7325)(9775,4925)(15725,7425)(8675,4575)(9500,4950)(15499,7556)(8625,4775)(2634,2098)(8575,4875)(9975,5575)(8349,5006)(9925,5895)(9250,5550)(9775,6075)(15819,9450)(15726,9453)(15825,9525)(15624,9427)(15503,9397)(15825,9675)(2100,1850)
salesman-3:(2100,1850)(9498,6105)(15775,9875)(15725,9975)(15499,10106)(2607,2181)(9784,7198)(9757,7281)(9250,6950)(9775,7475)(9500,7500)(8669,6900)(8675,6975)(8576,6903)(8474,6877)(9975,8125)(8353,6847)(8675,7125)(8625,7325)(9925,8445)(8575,7425)(9250,8100)(9775,8625)(8349,7556)(9498,8655)(2625,2375)(9784,9748)(9757,9831)(9775,10025)(9250,9500)(9500,10050)(9975,10675)(2100,1850)
salesman-4:(2100,1850)(8669,9450)(8675,9525)(9925,10995)(8576,9453)(8474,9427)(8675,9675)(8353,9397)(9775,11175)(8625,9875)(9250,10650)(8575,9975)(9498,11205)(8349,10106)(2825,3025)(2350,2400)(2775,3345)(2625,3525)(2825,5575)(2634,4648)(2607,4731)(2625,4925)(2775,5895)(2348,3555)(2625,6075)(2825,8125)(2775,8445)(2634,7198)(2607,7281)(2625,7475)(2825,10675)(2350,4950)(2100,1850)
salesman-5:(2100,1850)(2625,8625)(2775,10995)(2634,9748)(2625,10025)(2607,9831)(2348,6105)(2625,11175)(2350,7500)(2348,8655)(2350,10050)(2348,11205)(2100,3000)(2100,4400)(2100,5550)(2100,6950)(2100,8100)(2100,9500)(2100,10650)(8353,1747)(8474,1777)(15503,1747)(8669,1800)(8576,1803)(15624,1777)(15819,1800)(15726,1803)(9250,1850)(2100,1850)

Initial minimum distance: 516470.1006096452
Global minimum distance: 441644.7234339036
Running time: 168.35410404205322s
Route:
salesman-1:(2100,1850)(8675,1875)(15825,2025)(15775,2225)(9757,2181)(15499,2456)(9775,2375)(8349,2456)(9250,3000)(15503,4297)(15825,4425)(15775,4775)(15499,5006)(15819,6900)(15725,4875)(15825,1875)(15819,4350)(15726,4353)(9784,2098)(9784,4648)(15725,2325)(8625,2225)(9500,2400)(8575,2325)(9775,3525)(9498,3555)(9925,3345)(9975,3025)(15624,4327)(15825,4575)(8675,2025)(9250,4400)(2100,1850)
salesman-2:(2100,1850)(9757,4731)(9775,4925)(8675,4575)(8675,4425)(15825,6975)(15503,6847)(8353,4297)(8474,4327)(15775,7325)(8669,4350)(8576,4353)(9500,4950)(15825,7125)(15624,6877)(15726,6903)(15725,7425)(15499,7556)(8625,4775)(2634,2098)(8575,4875)(9975,5575)(8349,5006)(9925,5895)(9250,5550)(9775,6075)(15819,9450)(15726,9453)(15825,9525)(15624,9427)(15503,9397)(15825,9675)(2100,1850)
salesman-3:(2100,1850)(9498,6105)(15775,9875)(15725,9975)(15499,10106)(2607,2181)(9784,7198)(9250,6950)(9757,7281)(9775,7475)(9500,7500)(8669,6900)(8675,6975)(8576,6903)(8474,6877)(9975,8125)(8353,6847)(8675,7125)(8625,7325)(9925,8445)(8575,7425)(9250,8100)(9775,8625)(8349,7556)(9498,8655)(2625,2375)(9784,9748)(9757,9831)(9775,10025)(9250,9500)(9500,10050)(9975,10675)(2100,1850)
salesman-4:(2100,1850)(8669,9450)(8675,9525)(9925,10995)(8576,9453)(8474,9427)(8675,9675)(8353,9397)(9775,11175)(8625,9875)(9250,10650)(8575,9975)(9498,11205)(8349,10106)(2825,3025)(2350,2400)(2775,3345)(2625,3525)(2825,5575)(2634,4648)(2607,4731)(2625,4925)(2775,5895)(2348,3555)(2625,6075)(2825,8125)(2775,8445)(2634,7198)(2607,7281)(2625,7475)(2825,10675)(2350,4950)(2100,1850)
salesman-5:(2100,1850)(2625,8625)(2775,10995)(2634,9748)(2625,10025)(2607,9831)(2348,6105)(2625,11175)(2350,7500)(2348,8655)(2350,10050)(2348,11205)(2100,3000)(2100,4400)(2100,5550)(2100,6950)(2100,8100)(2100,9500)(2100,10650)(8353,1747)(8474,1777)(15503,1747)(8669,1800)(8576,1803)(15624,1777)(15819,1800)(15726,1803)(9250,1850)(2100,1850)

