Initial minimum distance: 142950.74921026273
Global minimum distance: 75614.286195934
Running time: 97.42442607879639s
[19, 30, 15, 24, 16]
Final Route: |(2995,264)|(2944,632)|(3023,871)|(3332,1049)|(3220,1945)|(2214,1977)|(981,848)|(460,267)|(1272,246)|(1819,814)|(1828,456)|(1541,354)|(1179,969)|(241,1069)|(240,619)|(464,1302)|(1604,706)|(2597,349)|(2592,248)|
(2995,264)|(3766,154)|(3538,125)|(3642,699)|(2656,128)|(2334,523)|(1766,678)|(778,1282)|(149,1629)|(394,1944)|(811,1295)|(555,1121)|(80,1533)|(1082,1561)|(1529,581)|(931,512)|(47,363)|(1264,1090)|(1787,1902)|(1994,1852)|(1768,1578)|(1623,1723)|(781,670)|(387,199)|(366,339)|(634,294)|(547,25)|(1766,692)|(1632,1742)|(1699,1294)|
(2995,264)|(386,1616)|(235,1059)|(1677,1238)|(997,942)|(1009,1001)|(1109,1196)|(1021,962)|(1203,385)|(1646,1817)|(2221,1578)|(2028,1736)|(2374,1944)|(2223,990)|(2982,949)|
(2995,264)|(1346,408)|(401,980)|(555,1753)|(571,1982)|(1393,859)|(2067,694)|(1725,927)|(1962,389)|(2581,121)|(2658,360)|(3060,781)|(3007,1524)|(2834,1512)|(2356,1568)|(2050,1833)|(2927,1777)|(3918,1217)|(3599,514)|(3062,329)|(2347,388)|(2740,1101)|(3535,1112)|(3452,637)|
(2995,264)|(3946,459)|(3868,697)|(3935,540)|(3503,301)|(3600,459)|(3786,1862)|(3805,1619)|(3373,1902)|(3248,1906)|(2901,920)|(1017,333)|(264,36)|(278,165)|(202,233)|(2993,624)|

Initial minimum distance: 152062.4538576147
Global minimum distance: 78343.4257233567
Running time: 97.65392827987671s
[14, 17, 25, 21, 27]
Final Route: |(2995,264)|(2581,121)|(2592,248)|(1725,927)|(1009,1001)|(571,1982)|(394,1944)|(2374,1944)|(3007,1524)|(3786,1862)|(3918,1217)|(2982,949)|(2356,1568)|(1632,1742)|
(2995,264)|(2834,1512)|(3805,1619)|(2927,1777)|(2740,1101)|(3248,1906)|(3373,1902)|(3220,1945)|(3023,871)|(981,848)|(997,942)|(386,1616)|(149,1629)|(80,1533)|(202,233)|(1203,385)|(1766,692)|
(2995,264)|(1677,1238)|(1021,962)|(2028,1736)|(2214,1977)|(1604,706)|(1828,456)|(2597,349)|(278,165)|(47,363)|(401,980)|(1109,1196)|(1082,1561)|(1766,678)|(1529,581)|(1994,1852)|(2067,694)|(1962,389)|(2993,624)|(2944,632)|(2901,920)|(3062,329)|(3538,125)|(3452,637)|(3946,459)|
(2995,264)|(3642,699)|(3600,459)|(3935,540)|(3332,1049)|(3535,1112)|(3503,301)|(1346,408)|(2656,128)|(3766,154)|(3868,697)|(3599,514)|(2223,990)|(1646,1817)|(1787,1902)|(2050,1833)|(1699,1294)|(1623,1723)|(1768,1578)|(2334,523)|(2347,388)|
(2995,264)|(3060,781)|(2658,360)|(2221,1578)|(1264,1090)|(1819,814)|(241,1069)|(235,1059)|(555,1121)|(387,199)|(547,25)|(460,267)|(264,36)|(634,294)|(366,339)|(240,619)|(781,670)|(555,1753)|(778,1282)|(811,1295)|(931,512)|(1179,969)|(1393,859)|(464,1302)|(1541,354)|(1017,333)|(1272,246)|

Initial minimum distance: 151105.25549856856
Global minimum distance: 77164.25084432604
Running time: 97.84356093406677s
[19, 20, 23, 18, 24]
Final Route: |(2995,264)|(1529,581)|(997,942)|(811,1295)|(555,1121)|(241,1069)|(366,339)|(1017,333)|(1021,962)|(981,848)|(1009,1001)|(931,512)|(278,165)|(202,233)|(264,36)|(547,25)|(634,294)|(1819,814)|(3642,699)|
(2995,264)|(3452,637)|(3946,459)|(3766,154)|(3600,459)|(3918,1217)|(3220,1945)|(3373,1902)|(3007,1524)|(1766,678)|(2656,128)|(2223,990)|(2221,1578)|(1768,1578)|(2028,1736)|(1632,1742)|(1646,1817)|(1541,354)|(2592,248)|(2581,121)|
(2995,264)|(3060,781)|(2334,523)|(1962,389)|(1109,1196)|(394,1944)|(386,1616)|(571,1982)|(149,1629)|(80,1533)|(235,1059)|(47,363)|(240,619)|(401,980)|(460,267)|(387,199)|(778,1282)|(1203,385)|(2050,1833)|(2356,1568)|(1623,1723)|(2374,1944)|(2927,1777)|
(2995,264)|(3538,125)|(2834,1512)|(2901,920)|(3868,697)|(3062,329)|(2347,388)|(3503,301)|(3599,514)|(2993,624)|(3805,1619)|(2597,349)|(2067,694)|(3332,1049)|(3535,1112)|(2944,632)|(3935,540)|(3248,1906)|
(2995,264)|(1725,927)|(1179,969)|(1393,859)|(1699,1294)|(781,670)|(1604,706)|(2982,949)|(2740,1101)|(3786,1862)|(3023,871)|(2658,360)|(1082,1561)|(1677,1238)|(1787,1902)|(2214,1977)|(1994,1852)|(1264,1090)|(555,1753)|(464,1302)|(1346,408)|(1272,246)|(1766,692)|(1828,456)|

Initial minimum distance: 146853.80769999113
Global minimum distance: 81816.20453664972
Running time: 98.35065579414368s
[28, 27, 18, 14, 17]
Final Route: |(2995,264)|(1768,1578)|(2356,1568)|(3766,154)|(3600,459)|(3007,1524)|(2834,1512)|(2221,1578)|(1393,859)|(1272,246)|(1766,678)|(1017,333)|(931,512)|(460,267)|(202,233)|(240,619)|(149,1629)|(80,1533)|(47,363)|(387,199)|(547,25)|(278,165)|(264,36)|(778,1282)|(235,1059)|(464,1302)|(811,1295)|(555,1753)|
(2995,264)|(2214,1977)|(2374,1944)|(2334,523)|(3538,125)|(2901,920)|(2927,1777)|(3332,1049)|(1828,456)|(1604,706)|(981,848)|(1082,1561)|(781,670)|(366,339)|(634,294)|(1529,581)|(2993,624)|(2982,949)|(3023,871)|(3805,1619)|(3373,1902)|(2597,349)|(2347,388)|(3599,514)|(3935,540)|(3946,459)|(3503,301)|
(2995,264)|(3060,781)|(1179,969)|(386,1616)|(241,1069)|(555,1121)|(1009,1001)|(401,980)|(571,1982)|(394,1944)|(1109,1196)|(1632,1742)|(1646,1817)|(2050,1833)|(2067,694)|(1346,408)|(2592,248)|(2658,360)|
(2995,264)|(1766,692)|(1203,385)|(1994,1852)|(1623,1723)|(997,942)|(1264,1090)|(1541,354)|(1725,927)|(1677,1238)|(1787,1902)|(1962,389)|(1819,814)|(3868,697)|
(2995,264)|(2944,632)|(2740,1101)|(3248,1906)|(3918,1217)|(3062,329)|(2656,128)|(2581,121)|(2223,990)|(3220,1945)|(3786,1862)|(3535,1112)|(3642,699)|(3452,637)|(1021,962)|(1699,1294)|(2028,1736)|

Initial minimum distance: 148841.50479843354
Global minimum distance: 79474.455859526
Running time: 99.23509502410889s
[17, 20, 23, 16, 28]
Final Route: |(2995,264)|(3868,697)|(3805,1619)|(3535,1112)|(2927,1777)|(2901,920)|(3023,871)|(2223,990)|(931,512)|(555,1121)|(1082,1561)|(1009,1001)|(1699,1294)|(1677,1238)|(2067,694)|(1766,678)|(2740,1101)|
(2995,264)|(3007,1524)|(3062,329)|(3918,1217)|(2050,1833)|(3220,1945)|(3373,1902)|(3248,1906)|(3599,514)|(2982,949)|(3452,637)|(2356,1568)|(1179,969)|(1604,706)|(997,942)|(1962,389)|(1203,385)|(1393,859)|(3060,781)|(2944,632)|
(2995,264)|(2993,624)|(2597,349)|(3538,125)|(2347,388)|(2334,523)|(1768,1578)|(1109,1196)|(981,848)|(460,267)|(202,233)|(387,199)|(366,339)|(240,619)|(1021,962)|(1264,1090)|(1766,692)|(2374,1944)|(1994,1852)|(3935,540)|(3503,301)|(3600,459)|(3766,154)|
(2995,264)|(3946,459)|(3786,1862)|(2834,1512)|(2028,1736)|(2221,1578)|(1646,1817)|(1787,1902)|(2214,1977)|(2658,360)|(2656,128)|(3642,699)|(3332,1049)|(1541,354)|(1272,246)|(2581,121)|
(2995,264)|(2592,248)|(394,1944)|(464,1302)|(241,1069)|(401,980)|(634,294)|(547,25)|(278,165)|(264,36)|(235,1059)|(1819,814)|(1828,456)|(1725,927)|(1632,1742)|(149,1629)|(571,1982)|(80,1533)|(47,363)|(781,670)|(811,1295)|(778,1282)|(386,1616)|(555,1753)|(1623,1723)|(1017,333)|(1346,408)|(1529,581)|

Initial minimum distance: 150339.86491237115
Global minimum distance: 74001.24439096259
Running time: 99.19340825080872s
[14, 19, 24, 17, 30]
Final Route: |(2995,264)|(2658,360)|(1828,456)|(1632,1742)|(2028,1736)|(2050,1833)|(1787,1902)|(1623,1723)|(3007,1524)|(3935,540)|(3503,301)|(3535,1112)|(3373,1902)|(3918,1217)|
(2995,264)|(1646,1817)|(1725,927)|(1962,389)|(2347,388)|(1766,678)|(571,1982)|(1082,1561)|(1264,1090)|(2223,990)|(1109,1196)|(1179,969)|(1819,814)|(1541,354)|(1529,581)|(1393,859)|(3248,1906)|(3786,1862)|(2993,624)|
(2995,264)|(3538,125)|(3766,154)|(3868,697)|(3452,637)|(3599,514)|(3946,459)|(3332,1049)|(1677,1238)|(1766,692)|(366,339)|(555,1121)|(634,294)|(1017,333)|(1203,385)|(401,980)|(981,848)|(931,512)|(240,619)|(2334,523)|(3060,781)|(2581,121)|(2656,128)|(3062,329)|
(2995,264)|(2944,632)|(2221,1578)|(2356,1568)|(2374,1944)|(3805,1619)|(3023,871)|(2592,248)|(2927,1777)|(2740,1101)|(2834,1512)|(2901,920)|(2982,949)|(1699,1294)|(1994,1852)|(2067,694)|(2597,349)|
(2995,264)|(3600,459)|(3642,699)|(3220,1945)|(2214,1977)|(1768,1578)|(1604,706)|(1346,408)|(1272,246)|(1021,962)|(464,1302)|(80,1533)|(149,1629)|(386,1616)|(997,942)|(555,1753)|(394,1944)|(241,1069)|(235,1059)|(547,25)|(387,199)|(264,36)|(781,670)|(811,1295)|(778,1282)|(278,165)|(47,363)|(202,233)|(460,267)|(1009,1001)|

Initial minimum distance: 149647.2562382908
Global minimum distance: 79097.3558466027
Running time: 99.74643540382385s
[15, 10, 22, 33, 24]
Final Route: |(2995,264)|(3805,1619)|(3935,540)|(3946,459)|(3766,154)|(3918,1217)|(3248,1906)|(3220,1945)|(3786,1862)|(3535,1112)|(2982,949)|(2901,920)|(3062,329)|(2993,624)|(3503,301)|
(2995,264)|(3332,1049)|(3373,1902)|(3600,459)|(3007,1524)|(1646,1817)|(1009,1001)|(1828,456)|(2581,121)|(1604,706)|
(2995,264)|(1699,1294)|(2028,1736)|(1768,1578)|(1632,1742)|(386,1616)|(571,1982)|(1623,1723)|(555,1753)|(394,1944)|(366,339)|(202,233)|(460,267)|(931,512)|(1203,385)|(1766,692)|(1725,927)|(1766,678)|(1677,1238)|(2740,1101)|(1346,408)|(2334,523)|
(2995,264)|(2067,694)|(2223,990)|(1272,246)|(47,363)|(1017,333)|(634,294)|(278,165)|(1393,859)|(1541,354)|(1264,1090)|(401,980)|(811,1295)|(387,199)|(547,25)|(149,1629)|(80,1533)|(778,1282)|(1021,962)|(781,670)|(264,36)|(1179,969)|(240,619)|(235,1059)|(241,1069)|(997,942)|(981,848)|(555,1121)|(464,1302)|(1082,1561)|(1109,1196)|(2356,1568)|(2927,1777)|
(2995,264)|(2374,1944)|(1994,1852)|(2658,360)|(2834,1512)|(3538,125)|(2656,128)|(1962,389)|(1529,581)|(3060,781)|(2597,349)|(3023,871)|(2944,632)|(3868,697)|(3642,699)|(3452,637)|(3599,514)|(2221,1578)|(2214,1977)|(1787,1902)|(2050,1833)|(1819,814)|(2592,248)|(2347,388)|

Initial minimum distance: 147715.1704168414
Global minimum distance: 75217.68975433988
Running time: 100.27213788032532s
[26, 15, 20, 18, 25]
Final Route: |(2995,264)|(1962,389)|(1272,246)|(1017,333)|(547,25)|(387,199)|(1203,385)|(460,267)|(366,339)|(264,36)|(634,294)|(202,233)|(278,165)|(2347,388)|(2597,349)|(3060,781)|(3332,1049)|(3535,1112)|(3786,1862)|(3248,1906)|(3373,1902)|(3220,1945)|(2050,1833)|(2067,694)|(2374,1944)|(2223,990)|
(2995,264)|(3007,1524)|(2993,624)|(2944,632)|(2658,360)|(2356,1568)|(2740,1101)|(2592,248)|(1828,456)|(1346,408)|(997,942)|(1529,581)|(1766,678)|(931,512)|(781,670)|
(2995,264)|(1768,1578)|(1082,1561)|(1179,969)|(1393,859)|(981,848)|(1541,354)|(1994,1852)|(3599,514)|(3805,1619)|(2028,1736)|(2834,1512)|(2927,1777)|(1787,1902)|(1632,1742)|(555,1121)|(1766,692)|(2581,121)|(2656,128)|(3452,637)|
(2995,264)|(3023,871)|(2221,1578)|(2214,1977)|(1699,1294)|(1677,1238)|(3062,329)|(3868,697)|(3935,540)|(3946,459)|(3766,154)|(3600,459)|(3642,699)|(2982,949)|(3918,1217)|(3503,301)|(3538,125)|(2901,920)|
(2995,264)|(2334,523)|(1604,706)|(1725,927)|(1819,814)|(1264,1090)|(386,1616)|(47,363)|(811,1295)|(1021,962)|(240,619)|(778,1282)|(555,1753)|(394,1944)|(1009,1001)|(80,1533)|(571,1982)|(149,1629)|(235,1059)|(241,1069)|(464,1302)|(401,980)|(1109,1196)|(1646,1817)|(1623,1723)|

Initial minimum distance: 152930.42721073603
Global minimum distance: 77696.84413538186
Running time: 100.50201344490051s
[8, 19, 16, 28, 33]
Final Route: |(2995,264)|(2223,990)|(2028,1736)|(1725,927)|(1766,692)|(1677,1238)|(3766,154)|(3538,125)|
(2995,264)|(3062,329)|(3503,301)|(3452,637)|(2740,1101)|(3805,1619)|(3868,697)|(3599,514)|(3600,459)|(3918,1217)|(3535,1112)|(1393,859)|(981,848)|(1021,962)|(1179,969)|(1604,706)|(2050,1833)|(3007,1524)|(2834,1512)|
(2995,264)|(3946,459)|(2993,624)|(2944,632)|(2334,523)|(2982,949)|(3248,1906)|(3220,1945)|(3373,1902)|(3786,1862)|(778,1282)|(811,1295)|(1082,1561)|(1009,1001)|(634,294)|(1272,246)|
(2995,264)|(1766,678)|(2597,349)|(547,25)|(1017,333)|(240,619)|(460,267)|(2374,1944)|(2356,1568)|(1646,1817)|(1632,1742)|(2221,1578)|(2901,920)|(2592,248)|(2658,360)|(2581,121)|(3060,781)|(1203,385)|(1529,581)|(1787,1902)|(1699,1294)|(3935,540)|(3642,699)|(2656,128)|(2067,694)|(1819,814)|(1828,456)|(1962,389)|
(2995,264)|(2347,388)|(235,1059)|(80,1533)|(47,363)|(278,165)|(202,233)|(264,36)|(366,339)|(387,199)|(401,980)|(781,670)|(1994,1852)|(2214,1977)|(1768,1578)|(1264,1090)|(386,1616)|(555,1753)|(555,1121)|(1109,1196)|(1346,408)|(1541,354)|(997,942)|(571,1982)|(394,1944)|(149,1629)|(241,1069)|(464,1302)|(931,512)|(1623,1723)|(2927,1777)|(3332,1049)|(3023,871)|

Initial minimum distance: 151389.14926213882
Global minimum distance: 77962.32910052533
Running time: 100.62748265266418s
[16, 28, 23, 24, 13]
Final Route: |(2995,264)|(781,670)|(47,363)|(1272,246)|(278,165)|(264,36)|(1346,408)|(2050,1833)|(2223,990)|(2740,1101)|(3452,637)|(3600,459)|(3946,459)|(3868,697)|(3766,154)|(3538,125)|
(2995,264)|(3599,514)|(2597,349)|(2592,248)|(2067,694)|(2658,360)|(1819,814)|(1541,354)|(1725,927)|(1604,706)|(1203,385)|(1962,389)|(1393,859)|(1017,333)|(931,512)|(1009,1001)|(571,1982)|(394,1944)|(149,1629)|(464,1302)|(235,1059)|(241,1069)|(1109,1196)|(386,1616)|(555,1121)|(778,1282)|(1264,1090)|(2334,523)|
(2995,264)|(3503,301)|(2834,1512)|(2221,1578)|(2214,1977)|(1787,1902)|(1646,1817)|(3007,1524)|(2374,1944)|(1082,1561)|(555,1753)|(401,980)|(547,25)|(811,1295)|(1768,1578)|(1632,1742)|(1529,581)|(1179,969)|(1677,1238)|(3332,1049)|(3535,1112)|(3373,1902)|(2927,1777)|
(2995,264)|(1766,692)|(1828,456)|(80,1533)|(634,294)|(387,199)|(202,233)|(460,267)|(997,942)|(1021,962)|(1994,1852)|(240,619)|(366,339)|(981,848)|(1766,678)|(2656,128)|(2581,121)|(2993,624)|(2347,388)|(3062,329)|(3918,1217)|(3805,1619)|(3023,871)|(3060,781)|
(2995,264)|(2944,632)|(2901,920)|(3642,699)|(3220,1945)|(3248,1906)|(3786,1862)|(2982,949)|(3935,540)|(1623,1723)|(2356,1568)|(1699,1294)|(2028,1736)|

Initial minimum distance: 152305.2707951126
Global minimum distance: 84922.94934019978
Running time: 101.44470381736755s
[20, 21, 32, 13, 18]
Final Route: |(2995,264)|(80,1533)|(1632,1742)|(1264,1090)|(278,165)|(387,199)|(547,25)|(1604,706)|(1021,962)|(460,267)|(1766,678)|(2067,694)|(2901,920)|(2592,248)|(2221,1578)|(2223,990)|(1828,456)|(1766,692)|(2214,1977)|(2356,1568)|
(2995,264)|(1787,1902)|(1768,1578)|(1017,333)|(931,512)|(240,619)|(264,36)|(811,1295)|(1541,354)|(634,294)|(1203,385)|(3918,1217)|(3373,1902)|(2834,1512)|(2927,1777)|(2982,949)|(3007,1524)|(3248,1906)|(3786,1862)|(3535,1112)|(3642,699)|
(2995,264)|(3220,1945)|(2374,1944)|(2028,1736)|(1082,1561)|(202,233)|(401,980)|(235,1059)|(997,942)|(778,1282)|(464,1302)|(555,1121)|(241,1069)|(555,1753)|(1109,1196)|(981,848)|(1677,1238)|(1646,1817)|(2050,1833)|(1699,1294)|(1994,1852)|(1725,927)|(1623,1723)|(781,670)|(394,1944)|(47,363)|(366,339)|(386,1616)|(571,1982)|(149,1629)|(2347,388)|(2581,121)|
(2995,264)|(2658,360)|(2656,128)|(2334,523)|(1179,969)|(1529,581)|(1819,814)|(1272,246)|(1009,1001)|(1393,859)|(1962,389)|(2597,349)|(2740,1101)|
(2995,264)|(3023,871)|(3946,459)|(3538,125)|(3766,154)|(3060,781)|(2993,624)|(1346,408)|(3332,1049)|(3452,637)|(2944,632)|(3600,459)|(3868,697)|(3805,1619)|(3062,329)|(3599,514)|(3935,540)|(3503,301)|

Initial minimum distance: 149987.97874323014
Global minimum distance: 78375.87393835002
Running time: 101.54749655723572s
[20, 23, 14, 18, 29]
Final Route: |(2995,264)|(3007,1524)|(3220,1945)|(3373,1902)|(2927,1777)|(3248,1906)|(3918,1217)|(3535,1112)|(3642,699)|(3786,1862)|(3805,1619)|(3332,1049)|(2982,949)|(2944,632)|(1819,814)|(1699,1294)|(1768,1578)|(3503,301)|(3766,154)|(3452,637)|
(2995,264)|(3946,459)|(3935,540)|(3538,125)|(2993,624)|(2597,349)|(2656,128)|(2581,121)|(2658,360)|(2334,523)|(1272,246)|(460,267)|(1541,354)|(387,199)|(1766,678)|(1203,385)|(278,165)|(240,619)|(47,363)|(202,233)|(634,294)|(1828,456)|(3062,329)|
(2995,264)|(3599,514)|(3060,781)|(1264,1090)|(1766,692)|(1623,1723)|(555,1753)|(571,1982)|(366,339)|(149,1629)|(464,1302)|(386,1616)|(394,1944)|(3868,697)|
(2995,264)|(2901,920)|(1962,389)|(2067,694)|(1393,859)|(1529,581)|(1017,333)|(2592,248)|(2347,388)|(2356,1568)|(1646,1817)|(1994,1852)|(2050,1833)|(997,942)|(981,848)|(2214,1977)|(1677,1238)|(2223,990)|
(2995,264)|(3600,459)|(2834,1512)|(1787,1902)|(2221,1578)|(2028,1736)|(3023,871)|(2374,1944)|(1632,1742)|(1082,1561)|(80,1533)|(547,25)|(931,512)|(1725,927)|(1346,408)|(1604,706)|(1009,1001)|(1179,969)|(781,670)|(1021,962)|(1109,1196)|(235,1059)|(778,1282)|(264,36)|(241,1069)|(401,980)|(555,1121)|(811,1295)|(2740,1101)|

Initial minimum distance: 152924.68007481607
Global minimum distance: 69745.29651409297
Running time: 102.39234209060669s
[20, 20, 22, 16, 26]
Final Route: |(2995,264)|(3918,1217)|(3935,540)|(3599,514)|(3007,1524)|(3220,1945)|(3248,1906)|(2834,1512)|(1766,692)|(1109,1196)|(1768,1578)|(2028,1736)|(1994,1852)|(2356,1568)|(1787,1902)|(1082,1561)|(555,1753)|(1699,1294)|(2334,523)|(2656,128)|
(2995,264)|(3600,459)|(3642,699)|(2740,1101)|(3535,1112)|(2597,349)|(2347,388)|(2223,990)|(1346,408)|(1017,333)|(1021,962)|(401,980)|(555,1121)|(386,1616)|(149,1629)|(80,1533)|(571,1982)|(394,1944)|(1009,1001)|(264,36)|
(2995,264)|(460,267)|(634,294)|(47,363)|(547,25)|(931,512)|(366,339)|(235,1059)|(387,199)|(278,165)|(202,233)|(1264,1090)|(1646,1817)|(778,1282)|(781,670)|(1819,814)|(1529,581)|(1203,385)|(1272,246)|(1541,354)|(1828,456)|(1962,389)|
(2995,264)|(2592,248)|(2581,121)|(2658,360)|(1179,969)|(997,942)|(464,1302)|(1623,1723)|(1766,678)|(1604,706)|(1393,859)|(1677,1238)|(811,1295)|(241,1069)|(240,619)|(981,848)|
(2995,264)|(3060,781)|(2993,624)|(2944,632)|(3452,637)|(2221,1578)|(2050,1833)|(1632,1742)|(2214,1977)|(2374,1944)|(2927,1777)|(3786,1862)|(3373,1902)|(2982,949)|(3805,1619)|(3868,697)|(3946,459)|(3766,154)|(3332,1049)|(2901,920)|(3062,329)|(3538,125)|(3503,301)|(3023,871)|(2067,694)|(1725,927)|

Initial minimum distance: 156185.76504320733
Global minimum distance: 78432.5762156632
Running time: 102.65258479118347s
[13, 21, 24, 15, 31]
Final Route: |(2995,264)|(202,233)|(460,267)|(264,36)|(634,294)|(240,619)|(401,980)|(2592,248)|(2223,990)|(1962,389)|(2740,1101)|(3452,637)|(3642,699)|
(2995,264)|(3786,1862)|(3918,1217)|(3220,1945)|(3373,1902)|(3248,1906)|(3007,1524)|(2834,1512)|(241,1069)|(235,1059)|(555,1121)|(571,1982)|(149,1629)|(464,1302)|(811,1295)|(778,1282)|(394,1944)|(80,1533)|(386,1616)|(1699,1294)|(3060,781)|
(2995,264)|(3023,871)|(2944,632)|(2067,694)|(3946,459)|(3868,697)|(2597,349)|(2347,388)|(366,339)|(278,165)|(387,199)|(47,363)|(1203,385)|(1541,354)|(1017,333)|(931,512)|(1529,581)|(1766,692)|(2982,949)|(3600,459)|(2901,920)|(3535,1112)|(3599,514)|(3935,540)|
(2995,264)|(3062,329)|(3503,301)|(2658,360)|(2581,121)|(1604,706)|(1677,1238)|(2356,1568)|(2221,1578)|(2927,1777)|(3805,1619)|(3538,125)|(2334,523)|(2050,1833)|(2374,1944)|
(2995,264)|(2028,1736)|(1994,1852)|(2214,1977)|(1787,1902)|(555,1753)|(981,848)|(1393,859)|(1623,1723)|(1109,1196)|(1021,962)|(781,670)|(547,25)|(1768,1578)|(1819,814)|(1272,246)|(1264,1090)|(997,942)|(1346,408)|(1828,456)|(1009,1001)|(1179,969)|(1646,1817)|(1632,1742)|(1082,1561)|(1766,678)|(1725,927)|(3766,154)|(2993,624)|(2656,128)|(3332,1049)|

Initial minimum distance: 148226.13889301874
Global minimum distance: 77079.48621364468
Running time: 103.1320903301239s
[23, 13, 14, 38, 16]
Final Route: |(2995,264)|(1828,456)|(2347,388)|(1179,969)|(1623,1723)|(1994,1852)|(555,1753)|(386,1616)|(394,1944)|(235,1059)|(80,1533)|(811,1295)|(241,1069)|(460,267)|(240,619)|(997,942)|(1819,814)|(1203,385)|(931,512)|(1082,1561)|(1632,1742)|(2028,1736)|(1541,354)|
(2995,264)|(634,294)|(1009,1001)|(1109,1196)|(2834,1512)|(1768,1578)|(778,1282)|(149,1629)|(555,1121)|(1021,962)|(981,848)|(2597,349)|(2993,624)|
(2995,264)|(3538,125)|(3535,1112)|(3060,781)|(3918,1217)|(2927,1777)|(3007,1524)|(3248,1906)|(3332,1049)|(2740,1101)|(2982,949)|(3599,514)|(3946,459)|(3766,154)|
(2995,264)|(1529,581)|(781,670)|(264,36)|(387,199)|(278,165)|(202,233)|(47,363)|(547,25)|(366,339)|(464,1302)|(401,980)|(1264,1090)|(1393,859)|(571,1982)|(1646,1817)|(1787,1902)|(2901,920)|(3452,637)|(3868,697)|(3642,699)|(3373,1902)|(3220,1945)|(3786,1862)|(3805,1619)|(2374,1944)|(2334,523)|(2656,128)|(2944,632)|(2050,1833)|(2214,1977)|(3023,871)|(2581,121)|(2223,990)|(1766,692)|(2067,694)|(2592,248)|(2658,360)|
(2995,264)|(1699,1294)|(1725,927)|(1272,246)|(2221,1578)|(2356,1568)|(3600,459)|(3935,540)|(3503,301)|(1766,678)|(1604,706)|(1677,1238)|(1017,333)|(1346,408)|(1962,389)|(3062,329)|

Initial minimum distance: 152001.30630669527
Global minimum distance: 75928.26795785537
Running time: 103.18999481201172s
[25, 16, 23, 17, 23]
Final Route: |(2995,264)|(1632,1742)|(1819,814)|(1725,927)|(1766,678)|(2347,388)|(1962,389)|(1677,1238)|(2050,1833)|(3220,1945)|(3373,1902)|(2834,1512)|(3007,1524)|(2927,1777)|(2982,949)|(2334,523)|(2067,694)|(3060,781)|(3452,637)|(2740,1101)|(2944,632)|(3599,514)|(2993,624)|(3538,125)|(2581,121)|
(2995,264)|(1604,706)|(781,670)|(278,165)|(1272,246)|(1017,333)|(981,848)|(1646,1817)|(555,1121)|(1021,962)|(997,942)|(1009,1001)|(241,1069)|(931,512)|(1082,1561)|(1623,1723)|
(2995,264)|(3503,301)|(3766,154)|(3946,459)|(3935,540)|(3868,697)|(3062,329)|(2656,128)|(2592,248)|(2658,360)|(1541,354)|(1994,1852)|(2214,1977)|(1264,1090)|(1346,408)|(1203,385)|(811,1295)|(778,1282)|(2356,1568)|(2374,1944)|(1787,1902)|(3023,871)|(1828,456)|
(2995,264)|(1768,1578)|(1699,1294)|(1529,581)|(1109,1196)|(1179,969)|(240,619)|(387,199)|(264,36)|(202,233)|(47,363)|(401,980)|(235,1059)|(464,1302)|(2223,990)|(3332,1049)|(3805,1619)|
(2995,264)|(2597,349)|(1766,692)|(555,1753)|(571,1982)|(386,1616)|(149,1629)|(1393,859)|(366,339)|(460,267)|(547,25)|(634,294)|(80,1533)|(394,1944)|(2221,1578)|(2028,1736)|(2901,920)|(3600,459)|(3642,699)|(3248,1906)|(3535,1112)|(3786,1862)|(3918,1217)|

Initial minimum distance: 150989.9849393359
Global minimum distance: 75881.9288370353
Running time: 103.67642068862915s
[27, 17, 13, 14, 33]
Final Route: |(2995,264)|(931,512)|(80,1533)|(571,1982)|(386,1616)|(241,1069)|(47,363)|(460,267)|(547,25)|(264,36)|(202,233)|(387,199)|(278,165)|(366,339)|(634,294)|(1009,1001)|(1623,1723)|(2050,1833)|(1994,1852)|(2374,1944)|(2901,920)|(3805,1619)|(3786,1862)|(3007,1524)|(3248,1906)|(3060,781)|(3600,459)|
(2995,264)|(1725,927)|(1819,814)|(981,848)|(1082,1561)|(1632,1742)|(2214,1977)|(3220,1945)|(3023,871)|(2067,694)|(1962,389)|(2658,360)|(1604,706)|(2334,523)|(1787,1902)|(1646,1817)|(2221,1578)|
(2995,264)|(1699,1294)|(2927,1777)|(2356,1568)|(3332,1049)|(3535,1112)|(3599,514)|(3868,697)|(3452,637)|(2993,624)|(2944,632)|(3062,329)|(3642,699)|
(2995,264)|(3538,125)|(3766,154)|(3946,459)|(2740,1101)|(1766,692)|(1109,1196)|(1393,859)|(1021,962)|(1272,246)|(2597,349)|(2347,388)|(1346,408)|(1541,354)|
(2995,264)|(2592,248)|(2581,121)|(3373,1902)|(2834,1512)|(3918,1217)|(2982,949)|(1768,1578)|(1677,1238)|(2028,1736)|(1203,385)|(1017,333)|(1766,678)|(2656,128)|(1828,456)|(1179,969)|(997,942)|(778,1282)|(149,1629)|(781,670)|(1264,1090)|(2223,990)|(1529,581)|(555,1753)|(394,1944)|(235,1059)|(401,980)|(240,619)|(555,1121)|(464,1302)|(811,1295)|(3935,540)|(3503,301)|

Initial minimum distance: 151410.20887947548
Global minimum distance: 81129.9680088094
Running time: 103.94247126579285s
[33, 17, 17, 13, 24]
Final Route: |(2995,264)|(2347,388)|(1632,1742)|(387,199)|(47,363)|(1017,333)|(547,25)|(1272,246)|(460,267)|(264,36)|(366,339)|(781,670)|(149,1629)|(555,1753)|(386,1616)|(1264,1090)|(1109,1196)|(1009,1001)|(997,942)|(1021,962)|(1082,1561)|(2050,1833)|(2356,1568)|(2927,1777)|(1677,1238)|(240,619)|(278,165)|(2658,360)|(2334,523)|(1828,456)|(1766,692)|(2374,1944)|(3023,871)|
(2995,264)|(3248,1906)|(3373,1902)|(3918,1217)|(2982,949)|(3062,329)|(3060,781)|(3946,459)|(3868,697)|(3935,540)|(3535,1112)|(3600,459)|(3332,1049)|(3786,1862)|(3805,1619)|(3503,301)|(3766,154)|
(2995,264)|(2944,632)|(2223,990)|(1203,385)|(2581,121)|(2028,1736)|(1699,1294)|(2067,694)|(1623,1723)|(1994,1852)|(1646,1817)|(2221,1578)|(1725,927)|(3642,699)|(3538,125)|(3452,637)|(3220,1945)|
(2995,264)|(2834,1512)|(2901,920)|(3007,1524)|(2214,1977)|(1787,1902)|(1768,1578)|(1529,581)|(1604,706)|(464,1302)|(202,233)|(1179,969)|(1766,678)|
(2995,264)|(3599,514)|(1819,814)|(2740,1101)|(1346,408)|(1393,859)|(1541,354)|(634,294)|(931,512)|(981,848)|(235,1059)|(811,1295)|(778,1282)|(241,1069)|(555,1121)|(80,1533)|(401,980)|(571,1982)|(394,1944)|(2656,128)|(1962,389)|(2592,248)|(2597,349)|(2993,624)|

Initial minimum distance: 153178.01903386597
Global minimum distance: 75005.39318604357
Running time: 104.27783679962158s
[19, 15, 17, 28, 25]
Final Route: |(2995,264)|(1017,333)|(47,363)|(241,1069)|(1604,706)|(555,1753)|(997,942)|(80,1533)|(240,619)|(264,36)|(460,267)|(202,233)|(366,339)|(235,1059)|(781,670)|(1393,859)|(1828,456)|(2334,523)|(2901,920)|
(2995,264)|(2740,1101)|(3023,871)|(2993,624)|(1768,1578)|(2221,1578)|(1646,1817)|(2050,1833)|(2028,1736)|(1623,1723)|(2374,1944)|(3248,1906)|(2356,1568)|(2214,1977)|(2944,632)|
(2995,264)|(2581,121)|(2658,360)|(3060,781)|(2834,1512)|(1819,814)|(2347,388)|(2067,694)|(3805,1619)|(3452,637)|(3600,459)|(3642,699)|(3868,697)|(3935,540)|(3332,1049)|(3918,1217)|(3786,1862)|
(2995,264)|(3220,1945)|(3373,1902)|(2927,1777)|(1264,1090)|(1203,385)|(1346,408)|(1272,246)|(547,25)|(1179,969)|(1082,1561)|(1725,927)|(1962,389)|(555,1121)|(386,1616)|(1632,1742)|(1787,1902)|(1109,1196)|(464,1302)|(149,1629)|(571,1982)|(394,1944)|(811,1295)|(401,980)|(1021,962)|(278,165)|(387,199)|(1766,678)|
(2995,264)|(3946,459)|(3538,125)|(3062,329)|(2597,349)|(3599,514)|(3503,301)|(3766,154)|(3535,1112)|(3007,1524)|(2982,949)|(1766,692)|(1541,354)|(634,294)|(931,512)|(778,1282)|(1009,1001)|(1699,1294)|(1677,1238)|(1994,1852)|(981,848)|(1529,581)|(2223,990)|(2656,128)|(2592,248)|

Initial minimum distance: 151157.67545230212
Global minimum distance: 75622.61736632446
Running time: 104.37401819229126s
[30, 13, 13, 21, 27]
Final Route: |(2995,264)|(386,1616)|(1646,1817)|(1623,1723)|(1768,1578)|(2028,1736)|(1541,354)|(1346,408)|(2334,523)|(2223,990)|(931,512)|(1179,969)|(1021,962)|(1009,1001)|(555,1121)|(781,670)|(1272,246)|(264,36)|(278,165)|(387,199)|(547,25)|(366,339)|(460,267)|(47,363)|(811,1295)|(981,848)|(1203,385)|(1017,333)|(1632,1742)|(1787,1902)|
(2995,264)|(2927,1777)|(3248,1906)|(2214,1977)|(2221,1578)|(2356,1568)|(2374,1944)|(2050,1833)|(1994,1852)|(1264,1090)|(571,1982)|(1699,1294)|(1109,1196)|
(2995,264)|(2901,920)|(2740,1101)|(3868,697)|(3935,540)|(3220,1945)|(3007,1524)|(2067,694)|(1604,706)|(1962,389)|(240,619)|(202,233)|(1082,1561)|
(2995,264)|(2656,128)|(3766,154)|(3946,459)|(3642,699)|(3535,1112)|(2834,1512)|(3373,1902)|(3805,1619)|(3786,1862)|(3060,781)|(2993,624)|(3538,125)|(3452,637)|(2347,388)|(2592,248)|(2597,349)|(3503,301)|(2944,632)|(3332,1049)|(3599,514)|
(2995,264)|(3023,871)|(2658,360)|(2982,949)|(3918,1217)|(1766,678)|(1725,927)|(464,1302)|(778,1282)|(1677,1238)|(1828,456)|(1529,581)|(1766,692)|(555,1753)|(401,980)|(997,942)|(149,1629)|(80,1533)|(394,1944)|(241,1069)|(235,1059)|(634,294)|(1393,859)|(1819,814)|(2581,121)|(3600,459)|(3062,329)|

Initial minimum distance: 153530.533148678
Global minimum distance: 74314.90331377873
Running time: 104.7682237625122s
[33, 6, 33, 13, 19]
Final Route: |(2995,264)|(3535,1112)|(3786,1862)|(3248,1906)|(2740,1101)|(2993,624)|(2944,632)|(3062,329)|(2581,121)|(2658,360)|(1541,354)|(1529,581)|(2927,1777)|(2050,1833)|(1994,1852)|(2028,1736)|(1009,1001)|(278,165)|(460,267)|(634,294)|(264,36)|(1017,333)|(464,1302)|(931,512)|(1179,969)|(1699,1294)|(1646,1817)|(1604,706)|(1766,678)|(2067,694)|(997,942)|(1393,859)|(1272,246)|
(2995,264)|(2374,1944)|(1264,1090)|(1021,962)|(1787,1902)|(1677,1238)|
(2995,264)|(1082,1561)|(781,670)|(366,339)|(241,1069)|(240,619)|(202,233)|(235,1059)|(387,199)|(47,363)|(401,980)|(981,848)|(2214,1977)|(1768,1578)|(1623,1723)|(2356,1568)|(3220,1945)|(3007,1524)|(2834,1512)|(2223,990)|(1109,1196)|(778,1282)|(811,1295)|(80,1533)|(555,1121)|(149,1629)|(394,1944)|(386,1616)|(547,25)|(555,1753)|(571,1982)|(2221,1578)|(1632,1742)|
(2995,264)|(2592,248)|(2597,349)|(1766,692)|(1828,456)|(1346,408)|(1203,385)|(1819,814)|(1962,389)|(3642,699)|(3766,154)|(3600,459)|(3538,125)|
(2995,264)|(3918,1217)|(3332,1049)|(2901,920)|(3060,781)|(3023,871)|(3452,637)|(3805,1619)|(3373,1902)|(3599,514)|(3503,301)|(3935,540)|(3946,459)|(3868,697)|(2982,949)|(2334,523)|(2347,388)|(1725,927)|(2656,128)|

Initial minimum distance: 147384.227000114
Global minimum distance: 74588.74600933357
Running time: 105.2995662689209s
[19, 18, 26, 9, 32]
Final Route: |(2995,264)|(3642,699)|(3600,459)|(3766,154)|(3918,1217)|(2927,1777)|(2374,1944)|(2740,1101)|(2223,990)|(2834,1512)|(3248,1906)|(3805,1619)|(2901,920)|(3007,1524)|(3868,697)|(3935,540)|(3538,125)|(3535,1112)|(2944,632)|
(2995,264)|(1272,246)|(778,1282)|(401,980)|(1021,962)|(2656,128)|(2592,248)|(3332,1049)|(3786,1862)|(3452,637)|(3023,871)|(2982,949)|(3599,514)|(3062,329)|(3060,781)|(2993,624)|(3220,1945)|(3373,1902)|
(2995,264)|(3946,459)|(2050,1833)|(1725,927)|(1766,692)|(1529,581)|(1828,456)|(2334,523)|(547,25)|(387,199)|(202,233)|(278,165)|(1346,408)|(997,942)|(1393,859)|(2028,1736)|(1994,1852)|(2221,1578)|(1819,814)|(1109,1196)|(1082,1561)|(1009,1001)|(2347,388)|(2597,349)|(2581,121)|(3503,301)|
(2995,264)|(1962,389)|(149,1629)|(80,1533)|(571,1982)|(386,1616)|(555,1121)|(811,1295)|(2658,360)|
(2995,264)|(2356,1568)|(1623,1723)|(1646,1817)|(2214,1977)|(1787,1902)|(1768,1578)|(1677,1238)|(1203,385)|(1604,706)|(1632,1742)|(1699,1294)|(1541,354)|(1766,678)|(1017,333)|(366,339)|(264,36)|(235,1059)|(241,1069)|(1179,969)|(931,512)|(1264,1090)|(781,670)|(555,1753)|(394,1944)|(464,1302)|(240,619)|(460,267)|(47,363)|(634,294)|(981,848)|(2067,694)|

Initial minimum distance: 154602.717394786
Global minimum distance: 74745.79571964641
Running time: 107.04457998275757s
[22, 15, 19, 15, 33]
Final Route: |(2995,264)|(2901,920)|(3023,871)|(1725,927)|(1109,1196)|(571,1982)|(555,1753)|(80,1533)|(394,1944)|(2834,1512)|(2927,1777)|(3786,1862)|(3918,1217)|(2944,632)|(3062,329)|(3642,699)|(3599,514)|(3868,697)|(3766,154)|(3600,459)|(3935,540)|(3946,459)|
(2995,264)|(2993,624)|(2597,349)|(1994,1852)|(1646,1817)|(2214,1977)|(1082,1561)|(1179,969)|(2581,121)|(2592,248)|(1766,678)|(1632,1742)|(1623,1723)|(1017,333)|(981,848)|
(2995,264)|(1677,1238)|(1021,962)|(1768,1578)|(2050,1833)|(2221,1578)|(2356,1568)|(2374,1944)|(3535,1112)|(2740,1101)|(2028,1736)|(1541,354)|(2067,694)|(1529,581)|(1203,385)|(1766,692)|(931,512)|(1819,814)|(2347,388)|
(2995,264)|(2656,128)|(1962,389)|(1828,456)|(781,670)|(387,199)|(460,267)|(202,233)|(366,339)|(278,165)|(634,294)|(264,36)|(240,619)|(1264,1090)|(1604,706)|
(2995,264)|(2223,990)|(2982,949)|(3503,301)|(3538,125)|(3332,1049)|(3452,637)|(3805,1619)|(3248,1906)|(3373,1902)|(3220,1945)|(3007,1524)|(1272,246)|(1393,859)|(1346,408)|(386,1616)|(235,1059)|(778,1282)|(1009,1001)|(997,942)|(1787,1902)|(149,1629)|(464,1302)|(811,1295)|(241,1069)|(401,980)|(555,1121)|(47,363)|(547,25)|(2658,360)|(2334,523)|(1699,1294)|(3060,781)|

Initial minimum distance: 150296.90360695237
Global minimum distance: 76265.84712523092
Running time: 107.48198986053467s
[13, 32, 14, 23, 22]
Final Route: |(2995,264)|(2944,632)|(2656,128)|(1725,927)|(811,1295)|(264,36)|(202,233)|(278,165)|(547,25)|(931,512)|(1346,408)|(1179,969)|(1541,354)|
(2995,264)|(2223,990)|(1021,962)|(401,980)|(386,1616)|(235,1059)|(555,1121)|(80,1533)|(149,1629)|(387,199)|(240,619)|(241,1069)|(1264,1090)|(1109,1196)|(460,267)|(634,294)|(366,339)|(997,942)|(2374,1944)|(2214,1977)|(1393,859)|(2740,1101)|(1962,389)|(2347,388)|(1017,333)|(47,363)|(1009,1001)|(1272,246)|(394,1944)|(555,1753)|(2028,1736)|(2221,1578)|
(2995,264)|(2834,1512)|(3060,781)|(2993,624)|(3332,1049)|(3535,1112)|(2592,248)|(3062,329)|(1766,678)|(3599,514)|(3868,697)|(3935,540)|(3642,699)|(2982,949)|
(2995,264)|(2581,121)|(2597,349)|(2067,694)|(1604,706)|(1082,1561)|(571,1982)|(981,848)|(778,1282)|(1677,1238)|(781,670)|(464,1302)|(1828,456)|(1766,692)|(1529,581)|(1203,385)|(1819,814)|(2334,523)|(2658,360)|(3805,1619)|(3918,1217)|(3766,154)|(3538,125)|
(2995,264)|(3600,459)|(3452,637)|(2901,920)|(3007,1524)|(2050,1833)|(2356,1568)|(1699,1294)|(1787,1902)|(1632,1742)|(1646,1817)|(1768,1578)|(1994,1852)|(1623,1723)|(3220,1945)|(3786,1862)|(3023,871)|(3503,301)|(3946,459)|(3373,1902)|(3248,1906)|(2927,1777)|

Initial minimum distance: 145512.21336011344
Global minimum distance: 75964.78699692398
Running time: 108.14699792861938s
[23, 13, 25, 12, 31]
Final Route: |(2995,264)|(1962,389)|(1082,1561)|(555,1753)|(778,1282)|(555,1121)|(781,670)|(1017,333)|(1264,1090)|(811,1295)|(1009,1001)|(981,848)|(460,267)|(634,294)|(931,512)|(1699,1294)|(1632,1742)|(1677,1238)|(2214,1977)|(2834,1512)|(2927,1777)|(3535,1112)|(3060,781)|
(2995,264)|(3007,1524)|(2658,360)|(2656,128)|(2334,523)|(1766,678)|(1529,581)|(1766,692)|(2347,388)|(2597,349)|(2944,632)|(2581,121)|(2592,248)|
(2995,264)|(2982,949)|(2993,624)|(2901,920)|(1393,859)|(2221,1578)|(2374,1944)|(1819,814)|(1179,969)|(2028,1736)|(1994,1852)|(235,1059)|(386,1616)|(1109,1196)|(2356,1568)|(2050,1833)|(1646,1817)|(1787,1902)|(1623,1723)|(2223,990)|(3062,329)|(3452,637)|(3600,459)|(3935,540)|(3946,459)|
(2995,264)|(3332,1049)|(2067,694)|(1828,456)|(394,1944)|(149,1629)|(3503,301)|(3599,514)|(3642,699)|(3868,697)|(3538,125)|(3766,154)|
(2995,264)|(571,1982)|(366,339)|(997,942)|(1272,246)|(464,1302)|(241,1069)|(401,980)|(1021,962)|(1768,1578)|(2740,1101)|(3786,1862)|(3918,1217)|(3373,1902)|(3220,1945)|(3805,1619)|(3023,871)|(3248,1906)|(1604,706)|(1203,385)|(1725,927)|(80,1533)|(47,363)|(240,619)|(387,199)|(202,233)|(278,165)|(264,36)|(547,25)|(1346,408)|(1541,354)|

Initial minimum distance: 150593.73256660227
Global minimum distance: 81060.72653853598
Running time: 109.56504821777344s
[25, 16, 7, 26, 30]
Final Route: |(2995,264)|(3786,1862)|(3220,1945)|(3805,1619)|(3918,1217)|(3248,1906)|(2927,1777)|(149,1629)|(386,1616)|(1179,969)|(2214,1977)|(2374,1944)|(1632,1742)|(1109,1196)|(1725,927)|(1264,1090)|(1768,1578)|(1082,1561)|(1994,1852)|(2050,1833)|(1677,1238)|(1646,1817)|(1346,408)|(1766,678)|(1819,814)|
(2995,264)|(2834,1512)|(2356,1568)|(2028,1736)|(1699,1294)|(1828,456)|(2334,523)|(3599,514)|(3642,699)|(3935,540)|(3946,459)|(3600,459)|(3868,697)|(2223,990)|(1604,706)|(781,670)|
(2995,264)|(2656,128)|(2347,388)|(2581,121)|(464,1302)|(571,1982)|(3538,125)|
(2995,264)|(2993,624)|(240,619)|(202,233)|(278,165)|(366,339)|(264,36)|(547,25)|(1393,859)|(47,363)|(235,1059)|(555,1753)|(241,1069)|(401,980)|(778,1282)|(811,1295)|(634,294)|(80,1533)|(394,1944)|(555,1121)|(387,199)|(931,512)|(1017,333)|(1541,354)|(3503,301)|(3452,637)|
(2995,264)|(2901,920)|(2982,949)|(3062,329)|(3373,1902)|(3535,1112)|(3007,1524)|(2658,360)|(2592,248)|(2597,349)|(1962,389)|(1272,246)|(1766,692)|(3766,154)|(3023,871)|(3332,1049)|(3060,781)|(2221,1578)|(2740,1101)|(2944,632)|(2067,694)|(1787,1902)|(1623,1723)|(1009,1001)|(1021,962)|(460,267)|(981,848)|(997,942)|(1203,385)|(1529,581)|

Initial minimum distance: 148142.59817397335
Global minimum distance: 80775.8437348303
Running time: 118.37769484519958s
[23, 7, 21, 29, 24]
Final Route: |(2995,264)|(3599,514)|(3060,781)|(3248,1906)|(2834,1512)|(1699,1294)|(386,1616)|(394,1944)|(778,1282)|(1725,927)|(278,165)|(1017,333)|(811,1295)|(981,848)|(1962,389)|(3642,699)|(3918,1217)|(2740,1101)|(2347,388)|(1766,678)|(1994,1852)|(2334,523)|(1646,1817)|
(2995,264)|(2656,128)|(1819,814)|(1529,581)|(3062,329)|(2581,121)|(2592,248)|
(2995,264)|(2597,349)|(1828,456)|(1677,1238)|(1632,1742)|(1009,1001)|(80,1533)|(464,1302)|(571,1982)|(1082,1561)|(1109,1196)|(1264,1090)|(3538,125)|(3946,459)|(3766,154)|(3503,301)|(3935,540)|(3868,697)|(3786,1862)|(2982,949)|(3452,637)|
(2995,264)|(1766,692)|(1393,859)|(555,1753)|(149,1629)|(1787,1902)|(931,512)|(240,619)|(401,980)|(1768,1578)|(2067,694)|(2223,990)|(1203,385)|(997,942)|(547,25)|(634,294)|(241,1069)|(1021,962)|(555,1121)|(235,1059)|(366,339)|(460,267)|(264,36)|(387,199)|(47,363)|(202,233)|(781,670)|(1179,969)|(1541,354)|
(2995,264)|(1272,246)|(1346,408)|(1604,706)|(3332,1049)|(3535,1112)|(3007,1524)|(2050,1833)|(2214,1977)|(2028,1736)|(3023,871)|(3600,459)|(2901,920)|(2658,360)|(2993,624)|(2944,632)|(3805,1619)|(3373,1902)|(3220,1945)|(2927,1777)|(2356,1568)|(2221,1578)|(2374,1944)|(1623,1723)|

Initial minimum distance: 152323.63602320894
Global minimum distance: 80334.88109436719
Running time: 118.9816083908081s
[24, 27, 14, 18, 21]
Final Route: |(2995,264)|(2592,248)|(2944,632)|(2356,1568)|(1787,1902)|(2374,1944)|(2927,1777)|(2834,1512)|(1725,927)|(264,36)|(387,199)|(202,233)|(547,25)|(47,363)|(401,980)|(464,1302)|(778,1282)|(1109,1196)|(811,1295)|(1179,969)|(1264,1090)|(3007,1524)|(3220,1945)|(2901,920)|
(2995,264)|(2334,523)|(781,670)|(1009,1001)|(1623,1723)|(1994,1852)|(571,1982)|(386,1616)|(2214,1977)|(1768,1578)|(2028,1736)|(1699,1294)|(1393,859)|(1203,385)|(235,1059)|(366,339)|(460,267)|(241,1069)|(1082,1561)|(555,1121)|(1021,962)|(2223,990)|(1646,1817)|(1819,814)|(1677,1238)|(2050,1833)|(2221,1578)|
(2995,264)|(2658,360)|(2982,949)|(3599,514)|(3373,1902)|(3248,1906)|(3918,1217)|(3805,1619)|(3868,697)|(3642,699)|(3600,459)|(3503,301)|(3023,871)|(1766,678)|
(2995,264)|(1962,389)|(1766,692)|(1604,706)|(2067,694)|(1346,408)|(1017,333)|(278,165)|(634,294)|(2597,349)|(3062,329)|(2656,128)|(3535,1112)|(3935,540)|(2993,624)|(3766,154)|(3332,1049)|(3538,125)|
(2995,264)|(3452,637)|(3060,781)|(3946,459)|(3786,1862)|(2740,1101)|(931,512)|(80,1533)|(1632,1742)|(555,1753)|(149,1629)|(981,848)|(394,1944)|(240,619)|(1529,581)|(1541,354)|(1828,456)|(1272,246)|(997,942)|(2581,121)|(2347,388)|

Initial minimum distance: 149849.36308022452
Global minimum distance: 78568.63665043468
Running time: 122.4121572971344s
[17, 32, 23, 19, 13]
Final Route: |(2995,264)|(2993,624)|(2901,920)|(2050,1833)|(2214,1977)|(1632,1742)|(386,1616)|(401,980)|(1272,246)|(555,1121)|(240,619)|(1346,408)|(1203,385)|(931,512)|(1787,1902)|(2028,1736)|(2834,1512)|
(2995,264)|(3332,1049)|(2597,349)|(2067,694)|(2740,1101)|(1541,354)|(1529,581)|(1766,692)|(80,1533)|(1264,1090)|(1604,706)|(387,199)|(1623,1723)|(555,1753)|(1699,1294)|(1819,814)|(2334,523)|(2658,360)|(3452,637)|(3060,781)|(2944,632)|(3538,125)|(3766,154)|(2581,121)|(2656,128)|(2347,388)|(1393,859)|(1179,969)|(2221,1578)|(2223,990)|(2982,949)|(3946,459)|
(2995,264)|(3642,699)|(3918,1217)|(3535,1112)|(3248,1906)|(3220,1945)|(2927,1777)|(1768,1578)|(811,1295)|(1009,1001)|(778,1282)|(781,670)|(235,1059)|(264,36)|(547,25)|(1017,333)|(1021,962)|(997,942)|(1962,389)|(3600,459)|(3503,301)|(3062,329)|(3023,871)|
(2995,264)|(3935,540)|(3599,514)|(3868,697)|(3786,1862)|(3805,1619)|(3373,1902)|(2356,1568)|(1082,1561)|(464,1302)|(571,1982)|(149,1629)|(394,1944)|(241,1069)|(634,294)|(981,848)|(1677,1238)|(1766,678)|(1828,456)|
(2995,264)|(2374,1944)|(1646,1817)|(460,267)|(47,363)|(202,233)|(366,339)|(278,165)|(1109,1196)|(1994,1852)|(3007,1524)|(1725,927)|(2592,248)|

Initial minimum distance: 147649.7233912031
Global minimum distance: 82019.80506944502
Running time: 125.35479426383972s
[29, 18, 24, 16, 17]
Final Route: |(2995,264)|(1541,354)|(997,942)|(460,267)|(264,36)|(1203,385)|(1766,678)|(1264,1090)|(1109,1196)|(555,1753)|(149,1629)|(235,1059)|(778,1282)|(811,1295)|(1677,1238)|(366,339)|(981,848)|(1021,962)|(2740,1101)|(1623,1723)|(1632,1742)|(1082,1561)|(1768,1578)|(2214,1977)|(3503,301)|(3642,699)|(3935,540)|(3062,329)|(2901,920)|
(2995,264)|(2944,632)|(2592,248)|(1017,333)|(2581,121)|(2658,360)|(2223,990)|(3060,781)|(3918,1217)|(2347,388)|(2834,1512)|(3599,514)|(3600,459)|(3868,697)|(3946,459)|(3535,1112)|(3220,1945)|(3248,1906)|
(2995,264)|(2597,349)|(1725,927)|(1766,692)|(1819,814)|(240,619)|(241,1069)|(781,670)|(1393,859)|(931,512)|(464,1302)|(571,1982)|(47,363)|(387,199)|(2334,523)|(3332,1049)|(3786,1862)|(3373,1902)|(2374,1944)|(2356,1568)|(1787,1902)|(1646,1817)|(1994,1852)|(1699,1294)|
(2995,264)|(2221,1578)|(2050,1833)|(394,1944)|(386,1616)|(80,1533)|(401,980)|(555,1121)|(202,233)|(634,294)|(1346,408)|(1962,389)|(1604,706)|(1529,581)|(2927,1777)|(3007,1524)|
(2995,264)|(3766,154)|(3452,637)|(2982,949)|(2993,624)|(3805,1619)|(2028,1736)|(1009,1001)|(1179,969)|(1272,246)|(547,25)|(278,165)|(2656,128)|(2067,694)|(1828,456)|(3023,871)|(3538,125)|

