min:5.0, max:50.0
Global minimum distance: 48090.09849714515
Route:
salesman-0:(2995, 264)(3023, 871)(1677, 1238)(1699, 1294)(1766, 678)(1725, 927)(1393, 859)(1604, 706)(1768, 1578)(1787, 1902)(1994, 1852)(2374, 1944)(2028, 1736)(2050, 1833)(2356, 1568)(1623, 1723)(2067, 694)(2740, 1101)(2223, 990)(2334, 523)(1962, 389)(3060, 781)(1632, 1742)(1646, 1817)(2995, 264)
salesman-1:(2995, 264)(1264, 1090)(778, 1282)(811, 1295)(571, 1982)(1082, 1561)(2995, 264)
salesman-2:(2995, 264)(386, 1616)(464, 1302)(555, 1753)(80, 1533)(149, 1629)(394, 1944)(241, 1069)(2995, 264)
salesman-3:(2995, 264)(235, 1059)(366, 339)(278, 165)(240, 619)(202, 233)(47, 363)(460, 267)(1017, 333)(634, 294)(781, 670)(1009, 1001)(1541, 354)(1529, 581)(1828, 456)(1766, 692)(1819, 814)(2995, 264)
salesman-4:(2995, 264)(2901, 920)(2995, 264)(2347, 388)(2592, 248)(3766, 154)(3946, 459)(3503, 301)(931, 512)(3642, 699)(3600, 459)(3868, 697)(3935, 540)(3918, 1217)(3805, 1619)(3373, 1902)(3248, 1906)(3220, 1945)(2834, 1512)(2927, 1777)(2214, 1977)(1109, 1196)(997, 942)(1179, 969)(1021, 962)(981, 848)(555, 1121)(401, 980)(1272, 246)(547, 25)(387, 199)(264, 36)(3599, 514)(3538, 125)(2656, 128)(2581, 121)(2658, 360)(2597, 349)(3062, 329)(2982, 949)(2993, 624)(2944, 632)(3452, 637)(1203, 385)(1346, 408)(3535, 1112)(3332, 1049)(3786, 1862)(3007, 1524)(2221, 1578)(2995, 264)
Running time: 150.02275037765503s
min:5.0, max:50.0
Global minimum distance: 47521.45919603179
Route:
salesman-0:(2995, 264)(3062, 329)(3766, 154)(3538, 125)(3868, 697)(3918, 1217)(3248, 1906)(3373, 1902)(3786, 1862)(3805, 1619)(3220, 1945)(2927, 1777)(3007, 1524)(2050, 1833)(2223, 990)(2356, 1568)(2995, 264)
salesman-1:(2995, 264)(1725, 927)(1604, 706)(1529, 581)(1393, 859)(2581, 121)(2656, 128)(2592, 248)(555, 1121)(401, 980)(2597, 349)(2658, 360)(1766, 678)(1819, 814)(1699, 1294)(1677, 1238)(1646, 1817)(1768, 1578)(1264, 1090)(1179, 969)(997, 942)(981, 848)(460, 267)(781, 670)(387, 199)(47, 363)(264, 36)(2995, 264)(202, 233)(547, 25)(634, 294)(235, 1059)(149, 1629)(80, 1533)(241, 1069)(811, 1295)(1766, 692)(2067, 694)(2347, 388)(2334, 523)(1962, 389)(1828, 456)(1272, 246)(1541, 354)(1346, 408)(931, 512)(366, 339)(2995, 264)
salesman-2:(2995, 264)(240, 619)(1017, 333)(1203, 385)(1021, 962)(555, 1753)(571, 1982)(2995, 264)
salesman-3:(2995, 264)(386, 1616)(394, 1944)(1109, 1196)(1009, 1001)(1082, 1561)(778, 1282)(464, 1302)(1787, 1902)(1994, 1852)(2374, 1944)(2995, 264)
salesman-4:(2995, 264)(2834, 1512)(2221, 1578)(1632, 1742)(1623, 1723)(2028, 1736)(2214, 1977)(2740, 1101)(3535, 1112)(3503, 301)(3452, 637)(3946, 459)(3600, 459)(3642, 699)(3599, 514)(3935, 540)(3332, 1049)(2982, 949)(2993, 624)(3023, 871)(2901, 920)(3060, 781)(2944, 632)(278, 165)(2995, 264)
Running time: 150.02307796478271s
min:5.0, max:50.0
Global minimum distance: 55285.84190688675
Route:
salesman-0:(2995, 264)(3538, 125)(3868, 697)(3642, 699)(2901, 920)(2927, 1777)(3007, 1524)(3786, 1862)(2658, 360)(634, 294)(1272, 246)(2592, 248)(2581, 121)(240, 619)(202, 233)(366, 339)(2995, 264)
salesman-1:(2995, 264)(460, 267)(47, 363)(811, 1295)(2982, 949)(2740, 1101)(401, 980)(555, 1121)(2995, 264)
salesman-2:(2995, 264)(464, 1302)(386, 1616)(555, 1753)(394, 1944)(149, 1629)(778, 1282)(235, 1059)(931, 512)(547, 25)(387, 199)(1604, 706)(2223, 990)(1994, 1852)(2050, 1833)(2356, 1568)(2374, 1944)(2221, 1578)(1021, 962)(1179, 969)(1264, 1090)(997, 942)(1109, 1196)(1699, 1294)(1768, 1578)(1646, 1817)(2995, 264)
salesman-3:(2995, 264)(1082, 1561)(2028, 1736)(3248, 1906)(3599, 514)(3946, 459)(3766, 154)(3503, 301)(2995, 264)(3023, 871)(3062, 329)(2993, 624)(2944, 632)(2834, 1512)(3805, 1619)(2995, 264)
salesman-4:(2995, 264)(3918, 1217)(3535, 1112)(3935, 540)(3600, 459)(1962, 389)(1828, 456)(2067, 694)(1819, 814)(1725, 927)(1393, 859)(1346, 408)(2347, 388)(2334, 523)(3220, 1945)(3373, 1902)(3332, 1049)(3452, 637)(2656, 128)(2597, 349)(1766, 678)(1766, 692)(1787, 1902)(1632, 1742)(1623, 1723)(1677, 1238)(2214, 1977)(981, 848)(241, 1069)(571, 1982)(80, 1533)(3060, 781)(278, 165)(264, 36)(781, 670)(1017, 333)(1529, 581)(1541, 354)(1203, 385)(1009, 1001)(2995, 264)
Running time: 150.0186014175415s
min:5.0, max:50.0
Global minimum distance: 49972.95484997864
Route:
salesman-0:(2995, 264)(3062, 329)(3868, 697)(1766, 678)(1768, 1578)(2356, 1568)(2901, 920)(3060, 781)(3023, 871)(3503, 301)(3766, 154)(3452, 637)(2740, 1101)(2995, 264)
salesman-1:(2995, 264)(2982, 949)(3007, 1524)(3373, 1902)(3918, 1217)(3535, 1112)(3642, 699)(3332, 1049)(3220, 1945)(2927, 1777)(3248, 1906)(3805, 1619)(3786, 1862)(2656, 128)(2995, 264)
salesman-2:(2995, 264)(2592, 248)(366, 339)(3946, 459)(3538, 125)(2597, 349)(2334, 523)(1346, 408)(931, 512)(634, 294)(460, 267)(3935, 540)(235, 1059)(241, 1069)(240, 619)(47, 363)(2995, 264)
salesman-3:(2995, 264)(547, 25)(202, 233)(264, 36)(278, 165)(387, 199)(555, 1121)(778, 1282)(1787, 1902)(2374, 1944)(2214, 1977)(2050, 1833)(2028, 1736)(2221, 1578)(1819, 814)(1766, 692)(1725, 927)(1699, 1294)(1677, 1238)(2223, 990)(2834, 1512)(3599, 514)(3600, 459)(1604, 706)(2995, 264)
salesman-4:(2995, 264)(1994, 1852)(1623, 1723)(1272, 246)(1962, 389)(2347, 388)(2658, 360)(2581, 121)(1828, 456)(2067, 694)(1541, 354)(1179, 969)(997, 942)(981, 848)(1393, 859)(1264, 1090)(1021, 962)(781, 670)(401, 980)(386, 1616)(149, 1629)(80, 1533)(464, 1302)(394, 1944)(571, 1982)(555, 1753)(1082, 1561)(811, 1295)(1109, 1196)(1529, 581)(1203, 385)(1017, 333)(1009, 1001)(1646, 1817)(1632, 1742)(2993, 624)(2944, 632)(2995, 264)(2995, 264)
Running time: 150.02524137496948s
min:5.0, max:50.0
Global minimum distance: 53514.30878967467
Route:
salesman-0:(2995, 264)(3538, 125)(3007, 1524)(2927, 1777)(3373, 1902)(3220, 1945)(2356, 1568)(2740, 1101)(2592, 248)(2067, 694)(460, 267)(2834, 1512)(2221, 1578)(1677, 1238)(1725, 927)(1766, 692)(241, 1069)(464, 1302)(2995, 264)
salesman-1:(2995, 264)(555, 1753)(394, 1944)(149, 1629)(80, 1533)(401, 980)(781, 670)(547, 25)(3805, 1619)(1604, 706)(1529, 581)(1541, 354)(1828, 456)(2944, 632)(3503, 301)(3599, 514)(3946, 459)(3786, 1862)(3248, 1906)(2050, 1833)(1632, 1742)(1768, 1578)(1021, 962)(2995, 264)
salesman-2:(2995, 264)(997, 942)(1203, 385)(1017, 333)(931, 512)(264, 36)(235, 1059)(240, 619)(47, 363)(387, 199)(278, 165)(366, 339)(2995, 264)
salesman-3:(2995, 264)(202, 233)(1272, 246)(1699, 1294)(1819, 814)(1962, 389)(2581, 121)(2995, 264)
salesman-4:(2995, 264)(3452, 637)(3766, 154)(3935, 540)(3535, 1112)(3332, 1049)(2901, 920)(2993, 624)(3023, 871)(2982, 949)(2656, 128)(2334, 523)(2347, 388)(2658, 360)(2597, 349)(2995, 264)(3062, 329)(3060, 781)(3600, 459)(3642, 699)(3868, 697)(3918, 1217)(634, 294)(555, 1121)(1009, 1001)(1264, 1090)(1179, 969)(1346, 408)(1393, 859)(981, 848)(1109, 1196)(1082, 1561)(571, 1982)(386, 1616)(778, 1282)(811, 1295)(1766, 678)(2374, 1944)(1994, 1852)(1787, 1902)(2214, 1977)(2028, 1736)(1646, 1817)(1623, 1723)(2223, 990)(2995, 264)
Running time: 150.02244544029236s
min:5.0, max:50.0
Global minimum distance: 46652.519386898566
Route:
salesman-0:(2995, 264)(3062, 329)(2995, 264)(2993, 624)(3918, 1217)(3786, 1862)(555, 1753)(571, 1982)(149, 1629)(80, 1533)(241, 1069)(235, 1059)(366, 339)(278, 165)(387, 199)(460, 267)(547, 25)(202, 233)(2995, 264)
salesman-1:(2995, 264)(264, 36)(47, 363)(240, 619)(401, 980)(555, 1121)(781, 670)(634, 294)(1203, 385)(1017, 333)(931, 512)(981, 848)(2067, 694)(3946, 459)(464, 1302)(3007, 1524)(2740, 1101)(2221, 1578)(2834, 1512)(3332, 1049)(3535, 1112)(3599, 514)(3452, 637)(3766, 154)(3642, 699)(3023, 871)(2356, 1568)(1623, 1723)(2050, 1833)(2214, 1977)(2374, 1944)(1994, 1852)(1787, 1902)(1632, 1742)(2995, 264)
salesman-2:(2995, 264)(811, 1295)(778, 1282)(1082, 1561)(997, 942)(1009, 1001)(2995, 264)
salesman-3:(2995, 264)(1346, 408)(1272, 246)(1604, 706)(1529, 581)(1179, 969)(2995, 264)
salesman-4:(2995, 264)(1393, 859)(1677, 1238)(1819, 814)(1766, 692)(1766, 678)(1828, 456)(1725, 927)(1699, 1294)(1264, 1090)(1021, 962)(1109, 1196)(1541, 354)(1962, 389)(2334, 523)(2592, 248)(2944, 632)(2581, 121)(2597, 349)(2347, 388)(2656, 128)(2901, 920)(2982, 949)(3060, 781)(2223, 990)(2658, 360)(3935, 540)(3600, 459)(3538, 125)(3503, 301)(3868, 697)(3805, 1619)(3248, 1906)(3220, 1945)(3373, 1902)(2028, 1736)(1646, 1817)(1768, 1578)(386, 1616)(394, 1944)(2927, 1777)(2995, 264)
Running time: 150.02513813972473s
min:5.0, max:50.0
Global minimum distance: 47541.603734407174
Route:
salesman-0:(2995, 264)(3918, 1217)(3535, 1112)(3248, 1906)(3373, 1902)(2374, 1944)(1623, 1723)(1677, 1238)(1179, 969)(401, 980)(555, 1121)(80, 1533)(3600, 459)(3766, 154)(3946, 459)(3935, 540)(3023, 871)(2901, 920)(2740, 1101)(2927, 1777)(2834, 1512)(3007, 1524)(3538, 125)(778, 1282)(811, 1295)(1109, 1196)(1082, 1561)(981, 848)(240, 619)(47, 363)(2995, 264)
salesman-1:(2995, 264)(387, 199)(264, 36)(278, 165)(202, 233)(460, 267)(547, 25)(1017, 333)(2656, 128)(2597, 349)(2592, 248)(3062, 329)(2995, 264)(3503, 301)(3599, 514)(3642, 699)(3452, 637)(3868, 697)(3805, 1619)(3786, 1862)(3220, 1945)(3332, 1049)(3060, 781)(2982, 949)(2944, 632)(2347, 388)(2334, 523)(1766, 692)(1725, 927)(1699, 1294)(1264, 1090)(1393, 859)(1828, 456)(2067, 694)(1819, 814)(2995, 264)
salesman-2:(2995, 264)(1766, 678)(1604, 706)(1646, 1817)(2050, 1833)(2356, 1568)(2995, 264)
salesman-3:(2995, 264)(2223, 990)(1632, 1742)(1787, 1902)(1768, 1578)(2221, 1578)(571, 1982)(149, 1629)(394, 1944)(555, 1753)(997, 942)(1009, 1001)(1021, 962)(464, 1302)(235, 1059)(241, 1069)(366, 339)(634, 294)(2995, 264)
salesman-4:(2995, 264)(931, 512)(781, 670)(1346, 408)(1541, 354)(1962, 389)(2658, 360)(2993, 624)(2214, 1977)(2028, 1736)(1994, 1852)(1203, 385)(1272, 246)(1529, 581)(2581, 121)(386, 1616)(2995, 264)
Running time: 150.0327546596527s
min:5.0, max:50.0
Global minimum distance: 53719.748317642465
Route:
salesman-0:(2995, 264)(3599, 514)(3642, 699)(3600, 459)(3786, 1862)(3535, 1112)(3062, 329)(3503, 301)(2834, 1512)(2221, 1578)(1699, 1294)(2995, 264)(2656, 128)(1962, 389)(1541, 354)(1604, 706)(2995, 264)
salesman-1:(2995, 264)(997, 942)(2347, 388)(2658, 360)(1179, 969)(1264, 1090)(387, 199)(278, 165)(202, 233)(1017, 333)(1203, 385)(401, 980)(781, 670)(240, 619)(1529, 581)(1819, 814)(1677, 1238)(1646, 1817)(1768, 1578)(1632, 1742)(2214, 1977)(2374, 1944)(1994, 1852)(2356, 1568)(2995, 264)
salesman-2:(2995, 264)(2028, 1736)(2050, 1833)(1787, 1902)(1623, 1723)(1766, 692)(1766, 678)(1828, 456)(1021, 962)(981, 848)(1009, 1001)(2995, 264)
salesman-3:(2995, 264)(1109, 1196)(2334, 523)(2597, 349)(2592, 248)(3538, 125)(3023, 871)(2740, 1101)(2901, 920)(2223, 990)(2927, 1777)(3007, 1524)(3373, 1902)(3220, 1945)(3248, 1906)(3805, 1619)(3918, 1217)(3332, 1049)(2944, 632)(2993, 624)(3060, 781)(2982, 949)(3868, 697)(3946, 459)(464, 1302)(778, 1282)(811, 1295)(555, 1121)(555, 1753)(1725, 927)(2067, 694)(2581, 121)(1393, 859)(634, 294)(547, 25)(931, 512)(366, 339)(241, 1069)(235, 1059)(47, 363)(460, 267)(264, 36)(80, 1533)(386, 1616)(394, 1944)(2995, 264)
salesman-4:(2995, 264)(571, 1982)(1082, 1561)(1346, 408)(1272, 246)(149, 1629)(3766, 154)(3935, 540)(3452, 637)(2995, 264)
Running time: 150.02397418022156s
min:5.0, max:50.0
Global minimum distance: 47051.88460128085
Route:
salesman-0:(2995, 264)(2356, 1568)(2221, 1578)(1994, 1852)(1768, 1578)(1646, 1817)(1677, 1238)(1272, 246)(1346, 408)(1203, 385)(1017, 333)(1529, 581)(1766, 678)(1179, 969)(997, 942)(1021, 962)(811, 1295)(571, 1982)(1082, 1561)(778, 1282)(464, 1302)(401, 980)(555, 1121)(241, 1069)(2995, 264)
salesman-1:(2995, 264)(235, 1059)(3332, 1049)(3248, 1906)(3786, 1862)(3373, 1902)(2374, 1944)(2214, 1977)(1787, 1902)(1699, 1294)(1632, 1742)(2028, 1736)(2050, 1833)(3023, 871)(3535, 1112)(3060, 781)(2982, 949)(2834, 1512)(3007, 1524)(2927, 1777)(3220, 1945)(3503, 301)(634, 294)(264, 36)(47, 363)(278, 165)(2995, 264)
salesman-2:(2995, 264)(547, 25)(460, 267)(202, 233)(387, 199)(931, 512)(781, 670)(1009, 1001)(981, 848)(555, 1753)(394, 1944)(149, 1629)(386, 1616)(366, 339)(80, 1533)(2995, 264)
salesman-3:(2995, 264)(1623, 1723)(1725, 927)(1819, 814)(1962, 389)(2592, 248)(2995, 264)(3062, 329)(2995, 264)
salesman-4:(2995, 264)(2993, 624)(2334, 523)(2581, 121)(2597, 349)(2658, 360)(2656, 128)(2347, 388)(1541, 354)(1828, 456)(1264, 1090)(1109, 1196)(1393, 859)(1604, 706)(1766, 692)(2223, 990)(2067, 694)(2740, 1101)(2901, 920)(2944, 632)(240, 619)(3805, 1619)(3642, 699)(3452, 637)(3600, 459)(3599, 514)(3935, 540)(3868, 697)(3918, 1217)(3946, 459)(3766, 154)(3538, 125)(2995, 264)
Running time: 150.02060103416443s
min:5.0, max:50.0
Global minimum distance: 49051.604815720275
Route:
salesman-0:(2995, 264)(2597, 349)(2347, 388)(2223, 990)(2067, 694)(1962, 389)(1828, 456)(1766, 678)(931, 512)(366, 339)(981, 848)(1264, 1090)(1021, 962)(2050, 1833)(2214, 1977)(1787, 1902)(2221, 1578)(2374, 1944)(3060, 781)(3062, 329)(2995, 264)
salesman-1:(2995, 264)(387, 199)(3599, 514)(3452, 637)(3023, 871)(2995, 264)(2658, 360)(2334, 523)(2740, 1101)(2901, 920)(3538, 125)(3766, 154)(3600, 459)(3935, 540)(3918, 1217)(3805, 1619)(3786, 1862)(3373, 1902)(2927, 1777)(2834, 1512)(1994, 1852)(1632, 1742)(2995, 264)
salesman-2:(2995, 264)(1646, 1817)(394, 1944)(555, 1121)(997, 942)(1393, 859)(1009, 1001)(778, 1282)(2995, 264)
salesman-3:(2995, 264)(811, 1295)(1725, 927)(1604, 706)(1179, 969)(634, 294)(2995, 264)
salesman-4:(2995, 264)(460, 267)(3946, 459)(2993, 624)(1819, 814)(1766, 692)(1541, 354)(1272, 246)(1529, 581)(1346, 408)(781, 670)(464, 1302)(241, 1069)(1109, 1196)(1768, 1578)(3248, 1906)(3220, 1945)(3007, 1524)(3535, 1112)(3868, 697)(3332, 1049)(2944, 632)(2592, 248)(2656, 128)(2982, 949)(3642, 699)(3503, 301)(264, 36)(547, 25)(1017, 333)(1203, 385)(2581, 121)(1623, 1723)(2028, 1736)(2356, 1568)(1677, 1238)(1699, 1294)(1082, 1561)(278, 165)(202, 233)(47, 363)(240, 619)(235, 1059)(401, 980)(386, 1616)(80, 1533)(149, 1629)(555, 1753)(571, 1982)(2995, 264)
Running time: 150.03408408164978s
min:5.0, max:50.0
Global minimum distance: 46053.902490855464
Route:
salesman-0:(2995, 264)(2982, 949)(3007, 1524)(2834, 1512)(3220, 1945)(3373, 1902)(3786, 1862)(3868, 697)(3600, 459)(2993, 624)(3023, 871)(3332, 1049)(3918, 1217)(3535, 1112)(3248, 1906)(2927, 1777)(2356, 1568)(1623, 1723)(2221, 1578)(2374, 1944)(2214, 1977)(1264, 1090)(1179, 969)(264, 36)(981, 848)(1017, 333)(278, 165)(240, 619)(460, 267)(366, 339)(202, 233)(47, 363)(1393, 859)(997, 942)(555, 1121)(235, 1059)(2995, 264)
salesman-1:(2995, 264)(401, 980)(778, 1282)(811, 1295)(1082, 1561)(241, 1069)(2995, 264)
salesman-2:(2995, 264)(149, 1629)(386, 1616)(555, 1753)(571, 1982)(464, 1302)(80, 1533)(2995, 264)
salesman-3:(2995, 264)(394, 1944)(1109, 1196)(387, 199)(547, 25)(931, 512)(1203, 385)(2658, 360)(2592, 248)(2597, 349)(2656, 128)(2581, 121)(2995, 264)(3599, 514)(3452, 637)(3538, 125)(3766, 154)(3642, 699)(3805, 1619)(3935, 540)(3946, 459)(3503, 301)(3060, 781)(1766, 678)(634, 294)(781, 670)(1009, 1001)(1021, 962)(2995, 264)
salesman-4:(2995, 264)(1699, 1294)(1632, 1742)(1646, 1817)(1787, 1902)(2050, 1833)(2223, 990)(1677, 1238)(1346, 408)(1541, 354)(1529, 581)(1766, 692)(1272, 246)(2944, 632)(2740, 1101)(2901, 920)(2028, 1736)(1994, 1852)(1768, 1578)(1604, 706)(1819, 814)(1725, 927)(2067, 694)(1962, 389)(1828, 456)(2334, 523)(2347, 388)(3062, 329)(2995, 264)
Running time: 150.02929878234863s
min:5.0, max:50.0
Global minimum distance: 50283.240927112885
Route:
salesman-0:(2995, 264)(2597, 349)(3786, 1862)(3220, 1945)(3248, 1906)(3805, 1619)(3373, 1902)(3868, 697)(3642, 699)(3452, 637)(3062, 329)(2982, 949)(2993, 624)(2944, 632)(2901, 920)(2356, 1568)(2221, 1578)(2028, 1736)(931, 512)(1203, 385)(202, 233)(264, 36)(47, 363)(547, 25)(634, 294)(981, 848)(3060, 781)(555, 1753)(2347, 388)(1766, 692)(1393, 859)(1828, 456)(2334, 523)(1819, 814)(2223, 990)(2592, 248)(3535, 1112)(3918, 1217)(3946, 459)(3332, 1049)(571, 1982)(1021, 962)(1179, 969)(1541, 354)(1529, 581)(1017, 333)(460, 267)(387, 199)(278, 165)(366, 339)(240, 619)(2995, 264)
salesman-1:(2995, 264)(235, 1059)(241, 1069)(401, 980)(811, 1295)(464, 1302)(555, 1121)(781, 670)(1009, 1001)(997, 942)(1264, 1090)(1787, 1902)(149, 1629)(80, 1533)(778, 1282)(1109, 1196)(394, 1944)(2995, 264)
salesman-2:(2995, 264)(1082, 1561)(1632, 1742)(1994, 1852)(2214, 1977)(2374, 1944)(2927, 1777)(2050, 1833)(1646, 1817)(1623, 1723)(2995, 264)
salesman-3:(2995, 264)(1766, 678)(1962, 389)(1677, 1238)(1699, 1294)(1346, 408)(1272, 246)(2995, 264)
salesman-4:(2995, 264)(1604, 706)(1725, 927)(2067, 694)(2581, 121)(2656, 128)(2995, 264)(2740, 1101)(2834, 1512)(3007, 1524)(1768, 1578)(386, 1616)(3023, 871)(2658, 360)(3600, 459)(3599, 514)(3935, 540)(3538, 125)(3766, 154)(3503, 301)(2995, 264)
Running time: 150.03949069976807s
min:5.0, max:50.0
Global minimum distance: 50163.00894073277
Route:
salesman-0:(2995, 264)(3766, 154)(3538, 125)(2592, 248)(1529, 581)(2374, 1944)(1994, 1852)(2050, 1833)(2028, 1736)(2356, 1568)(1699, 1294)(1677, 1238)(1787, 1902)(1264, 1090)(1179, 969)(2995, 264)
salesman-1:(2995, 264)(1272, 246)(1725, 927)(3220, 1945)(1828, 456)(2944, 632)(2982, 949)(2927, 1777)(3332, 1049)(3642, 699)(3946, 459)(3868, 697)(3503, 301)(2995, 264)(2993, 624)(2334, 523)(1819, 814)(1766, 692)(1766, 678)(1768, 1578)(1623, 1723)(1632, 1742)(1646, 1817)(464, 1302)(235, 1059)(241, 1069)(366, 339)(202, 233)(2995, 264)
salesman-2:(2995, 264)(634, 294)(547, 25)(264, 36)(278, 165)(47, 363)(2995, 264)
salesman-3:(2995, 264)(555, 1121)(997, 942)(1009, 1001)(1021, 962)(1393, 859)(2067, 694)(2347, 388)(2656, 128)(1962, 389)(2581, 121)(2658, 360)(2597, 349)(3062, 329)(2901, 920)(2223, 990)(1541, 354)(1017, 333)(387, 199)(460, 267)(240, 619)(401, 980)(781, 670)(555, 1753)(2214, 1977)(2221, 1578)(2834, 1512)(3007, 1524)(3248, 1906)(3786, 1862)(3060, 781)(2740, 1101)(3023, 871)(386, 1616)(2995, 264)
salesman-4:(2995, 264)(80, 1533)(149, 1629)(394, 1944)(571, 1982)(811, 1295)(778, 1282)(1109, 1196)(1082, 1561)(981, 848)(1203, 385)(3600, 459)(3452, 637)(3599, 514)(3935, 540)(3918, 1217)(3535, 1112)(3805, 1619)(3373, 1902)(1346, 408)(1604, 706)(931, 512)(2995, 264)
Running time: 150.02428817749023s
min:5.0, max:50.0
Global minimum distance: 45788.73513580547
Route:
salesman-0:(2995, 264)(3766, 154)(3503, 301)(3538, 125)(3946, 459)(3868, 697)(3535, 1112)(3060, 781)(3248, 1906)(3805, 1619)(3918, 1217)(1994, 1852)(1787, 1902)(1646, 1817)(2374, 1944)(1082, 1561)(1009, 1001)(1179, 969)(1264, 1090)(1109, 1196)(464, 1302)(1677, 1238)(2067, 694)(2334, 523)(2347, 388)(2658, 360)(1021, 962)(2221, 1578)(2356, 1568)(2834, 1512)(2740, 1101)(1766, 678)(1529, 581)(3786, 1862)(3373, 1902)(3220, 1945)(2927, 1777)(2995, 264)
salesman-1:(2995, 264)(3007, 1524)(3332, 1049)(3642, 699)(3935, 540)(3599, 514)(3600, 459)(3452, 637)(2901, 920)(2223, 990)(2028, 1736)(1766, 692)(1828, 456)(1541, 354)(781, 670)(1346, 408)(1203, 385)(2995, 264)
salesman-2:(2995, 264)(278, 165)(202, 233)(47, 363)(460, 267)(634, 294)(981, 848)(555, 1121)(149, 1629)(80, 1533)(386, 1616)(571, 1982)(2995, 264)
salesman-3:(2995, 264)(394, 1944)(555, 1753)(811, 1295)(241, 1069)(240, 619)(401, 980)(235, 1059)(778, 1282)(2995, 264)
salesman-4:(2995, 264)(931, 512)(1017, 333)(366, 339)(387, 199)(547, 25)(264, 36)(1272, 246)(1962, 389)(2592, 248)(2581, 121)(2995, 264)(2982, 949)(2944, 632)(2993, 624)(3023, 871)(3062, 329)(2656, 128)(2597, 349)(1699, 1294)(2050, 1833)(1623, 1723)(1632, 1742)(1768, 1578)(1725, 927)(1819, 814)(1604, 706)(1393, 859)(997, 942)(2214, 1977)(2995, 264)
Running time: 150.03488183021545s
min:5.0, max:50.0
Global minimum distance: 48419.7002902589
Route:
salesman-0:(2995, 264)(1203, 385)(1017, 333)(547, 25)(366, 339)(387, 199)(460, 267)(634, 294)(1346, 408)(1725, 927)(1021, 962)(235, 1059)(80, 1533)(149, 1629)(241, 1069)(2995, 264)
salesman-1:(2995, 264)(47, 363)(2927, 1777)(2356, 1568)(2374, 1944)(1994, 1852)(2050, 1833)(1632, 1742)(1646, 1817)(1699, 1294)(2028, 1736)(1623, 1723)(2995, 264)
salesman-2:(2995, 264)(981, 848)(401, 980)(555, 1121)(464, 1302)(1082, 1561)(1009, 1001)(997, 942)(240, 619)(931, 512)(1264, 1090)(555, 1753)(571, 1982)(394, 1944)(2067, 694)(3007, 1524)(264, 36)(278, 165)(781, 670)(1179, 969)(1109, 1196)(1768, 1578)(1787, 1902)(3220, 1945)(3248, 1906)(3786, 1862)(3805, 1619)(3918, 1217)(3535, 1112)(3023, 871)(2944, 632)(2993, 624)(3060, 781)(3538, 125)(3503, 301)(3600, 459)(3642, 699)(2982, 949)(2581, 121)(3599, 514)(3766, 154)(3946, 459)(2995, 264)
salesman-3:(2995, 264)(3935, 540)(3868, 697)(3452, 637)(3062, 329)(2334, 523)(2347, 388)(2995, 264)
salesman-4:(2995, 264)(811, 1295)(778, 1282)(1529, 581)(1828, 456)(2592, 248)(2597, 349)(2658, 360)(2995, 264)(386, 1616)(1819, 814)(1766, 678)(1604, 706)(1393, 859)(1541, 354)(1766, 692)(1677, 1238)(2223, 990)(1272, 246)(1962, 389)(2656, 128)(2901, 920)(3332, 1049)(3373, 1902)(2214, 1977)(2221, 1578)(2740, 1101)(2834, 1512)(202, 233)(2995, 264)
Running time: 150.01548075675964s
min:5.0, max:50.0
Global minimum distance: 46332.07096388781
Route:
salesman-0:(2995, 264)(3538, 125)(3766, 154)(3946, 459)(3868, 697)(3642, 699)(3503, 301)(3452, 637)(3935, 540)(3599, 514)(3600, 459)(2995, 264)
salesman-1:(2995, 264)(1725, 927)(1604, 706)(1677, 1238)(1393, 859)(1819, 814)(2834, 1512)(547, 25)(202, 233)(387, 199)(366, 339)(2995, 264)
salesman-2:(2995, 264)(47, 363)(278, 165)(264, 36)(2028, 1736)(2221, 1578)(1082, 1561)(555, 1753)(386, 1616)(571, 1982)(2995, 264)
salesman-3:(2995, 264)(80, 1533)(149, 1629)(1109, 1196)(1994, 1852)(2374, 1944)(2214, 1977)(2597, 349)(1541, 354)(1766, 678)(1828, 456)(1768, 1578)(1017, 333)(1272, 246)(1203, 385)(1346, 408)(931, 512)(634, 294)(460, 267)(2050, 1833)(1787, 1902)(1632, 1742)(1623, 1723)(1646, 1817)(2356, 1568)(3220, 1945)(781, 670)(2223, 990)(2982, 949)(2901, 920)(2740, 1101)(2995, 264)(3060, 781)(3007, 1524)(2927, 1777)(3373, 1902)(3248, 1906)(3805, 1619)(3918, 1217)(3786, 1862)(3062, 329)(2581, 121)(2656, 128)(2592, 248)(2347, 388)(1962, 389)(2995, 264)
salesman-4:(2995, 264)(1529, 581)(1699, 1294)(997, 942)(1179, 969)(1021, 962)(981, 848)(1009, 1001)(2067, 694)(2334, 523)(1766, 692)(555, 1121)(235, 1059)(241, 1069)(401, 980)(240, 619)(464, 1302)(394, 1944)(811, 1295)(778, 1282)(1264, 1090)(3023, 871)(3332, 1049)(3535, 1112)(2993, 624)(2944, 632)(2658, 360)(2995, 264)
Running time: 150.04711151123047s
min:5.0, max:50.0
Global minimum distance: 51371.64037850252
Route:
salesman-0:(2995, 264)(3766, 154)(3642, 699)(3332, 1049)(2993, 624)(3062, 329)(2658, 360)(3023, 871)(2740, 1101)(3007, 1524)(2214, 1977)(3600, 459)(634, 294)(278, 165)(202, 233)(366, 339)(264, 36)(547, 25)(1272, 246)(1203, 385)(1346, 408)(1766, 692)(1819, 814)(2581, 121)(2592, 248)(2597, 349)(2656, 128)(3538, 125)(1787, 1902)(2050, 1833)(1632, 1742)(2028, 1736)(1646, 1817)(1541, 354)(1828, 456)(1962, 389)(2995, 264)(3868, 697)(3918, 1217)(3786, 1862)(2995, 264)
salesman-1:(2995, 264)(3805, 1619)(3599, 514)(3935, 540)(2982, 949)(3946, 459)(3373, 1902)(240, 619)(235, 1059)(401, 980)(149, 1629)(555, 1753)(394, 1944)(571, 1982)(386, 1616)(80, 1533)(2995, 264)
salesman-2:(2995, 264)(555, 1121)(997, 942)(981, 848)(464, 1302)(47, 363)(1021, 962)(1009, 1001)(1109, 1196)(2995, 264)
salesman-3:(2995, 264)(1179, 969)(1393, 859)(1604, 706)(1264, 1090)(1699, 1294)(1766, 678)(2223, 990)(2334, 523)(3503, 301)(1725, 927)(3452, 637)(3535, 1112)(2927, 1777)(2834, 1512)(3220, 1945)(3248, 1906)(2067, 694)(2995, 264)
salesman-4:(2995, 264)(1017, 333)(1529, 581)(1677, 1238)(2221, 1578)(2374, 1944)(2356, 1568)(1994, 1852)(1623, 1723)(1768, 1578)(1082, 1561)(778, 1282)(811, 1295)(781, 670)(460, 267)(241, 1069)(387, 199)(931, 512)(2347, 388)(2901, 920)(3060, 781)(2944, 632)(2995, 264)
Running time: 150.02897095680237s
min:5.0, max:50.0
Global minimum distance: 51190.80252765819
Route:
salesman-0:(2995, 264)(3062, 329)(2656, 128)(2581, 121)(2901, 920)(2982, 949)(3060, 781)(3535, 1112)(3452, 637)(3642, 699)(2347, 388)(1962, 389)(241, 1069)(1017, 333)(1272, 246)(634, 294)(278, 165)(202, 233)(460, 267)(547, 25)(387, 199)(981, 848)(2995, 264)
salesman-1:(2995, 264)(1264, 1090)(394, 1944)(2223, 990)(1725, 927)(1109, 1196)(811, 1295)(1787, 1902)(1082, 1561)(1632, 1742)(1828, 456)(2334, 523)(2597, 349)(2592, 248)(1346, 408)(1203, 385)(1766, 678)(1677, 1238)(1623, 1723)(571, 1982)(1646, 1817)(1994, 1852)(2374, 1944)(2221, 1578)(2356, 1568)(1768, 1578)(2028, 1736)(2944, 632)(3918, 1217)(3805, 1619)(2995, 264)
salesman-2:(2995, 264)(3786, 1862)(3373, 1902)(3248, 1906)(3220, 1945)(2927, 1777)(2740, 1101)(3023, 871)(2993, 624)(3599, 514)(3538, 125)(3503, 301)(3600, 459)(3766, 154)(2067, 694)(1819, 814)(1604, 706)(2995, 264)
salesman-3:(2995, 264)(997, 942)(1009, 1001)(1179, 969)(1021, 962)(555, 1121)(235, 1059)(2995, 264)
salesman-4:(2995, 264)(240, 619)(401, 980)(778, 1282)(464, 1302)(80, 1533)(149, 1629)(386, 1616)(555, 1753)(1393, 859)(264, 36)(366, 339)(3868, 697)(1699, 1294)(2050, 1833)(2214, 1977)(3007, 1524)(2834, 1512)(3332, 1049)(2995, 264)(2658, 360)(3935, 540)(3946, 459)(1766, 692)(47, 363)(781, 670)(931, 512)(1541, 354)(1529, 581)(2995, 264)
Running time: 150.03042197227478s
min:5.0, max:50.0
Global minimum distance: 51443.953158707795
Route:
salesman-0:(2995, 264)(2834, 1512)(2927, 1777)(3248, 1906)(3220, 1945)(2901, 920)(2982, 949)(2740, 1101)(2592, 248)(2067, 694)(1962, 389)(1346, 408)(1272, 246)(1179, 969)(1264, 1090)(811, 1295)(778, 1282)(1109, 1196)(1082, 1561)(1646, 1817)(394, 1944)(386, 1616)(555, 1121)(1021, 962)(997, 942)(547, 25)(2995, 264)
salesman-1:(2995, 264)(387, 199)(634, 294)(278, 165)(931, 512)(1766, 678)(1766, 692)(2581, 121)(1819, 814)(1699, 1294)(1768, 1578)(3452, 637)(3503, 301)(3766, 154)(3868, 697)(3935, 540)(2944, 632)(3060, 781)(2995, 264)
salesman-2:(2995, 264)(3535, 1112)(3332, 1049)(3007, 1524)(3373, 1902)(3786, 1862)(3805, 1619)(202, 233)(2050, 1833)(1787, 1902)(571, 1982)(2995, 264)
salesman-3:(2995, 264)(555, 1753)(240, 619)(264, 36)(2214, 1977)(3918, 1217)(3642, 699)(3599, 514)(3946, 459)(3600, 459)(2658, 360)(3023, 871)(2221, 1578)(2993, 624)(2374, 1944)(2356, 1568)(1994, 1852)(47, 363)(241, 1069)(235, 1059)(464, 1302)(1623, 1723)(1632, 1742)(2028, 1736)(2223, 990)(2347, 388)(2597, 349)(2656, 128)(2334, 523)(2995, 264)
salesman-4:(2995, 264)(1725, 927)(1677, 1238)(149, 1629)(80, 1533)(401, 980)(366, 339)(460, 267)(981, 848)(1009, 1001)(781, 670)(1203, 385)(1017, 333)(1393, 859)(1604, 706)(1529, 581)(1541, 354)(1828, 456)(3062, 329)(3538, 125)(2995, 264)(2995, 264)
Running time: 150.03114414215088s
min:5.0, max:50.0
Global minimum distance: 47051.517609766255
Route:
salesman-0:(2995, 264)(3007, 1524)(3786, 1862)(3918, 1217)(3535, 1112)(3935, 540)(3868, 697)(3946, 459)(2901, 920)(2982, 949)(2356, 1568)(2050, 1833)(1787, 1902)(1994, 1852)(2214, 1977)(2374, 1944)(2028, 1736)(1768, 1578)(1632, 1742)(1699, 1294)(1264, 1090)(1109, 1196)(1179, 969)(1346, 408)(1604, 706)(1203, 385)(2995, 264)
salesman-1:(2995, 264)(1272, 246)(1529, 581)(1766, 692)(2223, 990)(2740, 1101)(3023, 871)(2581, 121)(2656, 128)(3538, 125)(3248, 1906)(3642, 699)(3062, 329)(3332, 1049)(3452, 637)(2995, 264)
salesman-2:(2995, 264)(3600, 459)(3503, 301)(3766, 154)(3060, 781)(2993, 624)(2334, 523)(2347, 388)(2592, 248)(2658, 360)(2597, 349)(2067, 694)(1819, 814)(555, 1121)(394, 1944)(571, 1982)(2995, 264)
salesman-3:(2995, 264)(555, 1753)(149, 1629)(3599, 514)(2944, 632)(3805, 1619)(386, 1616)(80, 1533)(401, 980)(464, 1302)(778, 1282)(241, 1069)(235, 1059)(981, 848)(366, 339)(387, 199)(2995, 264)
salesman-4:(2995, 264)(547, 25)(634, 294)(460, 267)(202, 233)(278, 165)(264, 36)(1828, 456)(1766, 678)(1541, 354)(1393, 859)(1021, 962)(811, 1295)(1082, 1561)(1623, 1723)(240, 619)(781, 670)(931, 512)(1017, 333)(1009, 1001)(997, 942)(1725, 927)(1962, 389)(47, 363)(1677, 1238)(1646, 1817)(2221, 1578)(2834, 1512)(2927, 1777)(3373, 1902)(3220, 1945)(2995, 264)(2995, 264)
Running time: 150.0344123840332s
min:5.0, max:50.0
Global minimum distance: 49891.42702975625
Route:
salesman-0:(2995, 264)(3248, 1906)(2995, 264)(2374, 1944)(2050, 1833)(1203, 385)(1393, 859)(1272, 246)(1017, 333)(366, 339)(202, 233)(931, 512)(781, 670)(47, 363)(278, 165)(460, 267)(547, 25)(3786, 1862)(3373, 1902)(3220, 1945)(2995, 264)
salesman-1:(2995, 264)(1994, 1852)(1699, 1294)(2221, 1578)(2356, 1568)(3062, 329)(2901, 920)(3060, 781)(2993, 624)(3535, 1112)(3007, 1524)(2944, 632)(3918, 1217)(3452, 637)(3946, 459)(3868, 697)(3766, 154)(3600, 459)(3599, 514)(3935, 540)(3642, 699)(3538, 125)(3503, 301)(2597, 349)(2658, 360)(2334, 523)(2347, 388)(2223, 990)(1677, 1238)(1766, 678)(1604, 706)(1346, 408)(1264, 1090)(1009, 1001)(1179, 969)(1768, 1578)(1646, 1817)(1082, 1561)(464, 1302)(149, 1629)(555, 1753)(80, 1533)(386, 1616)(235, 1059)(2995, 264)
salesman-2:(2995, 264)(241, 1069)(401, 980)(240, 619)(555, 1121)(3805, 1619)(264, 36)(2995, 264)
salesman-3:(2995, 264)(387, 199)(634, 294)(1021, 962)(811, 1295)(981, 848)(1529, 581)(2995, 264)
salesman-4:(2995, 264)(1541, 354)(2592, 248)(2581, 121)(2656, 128)(3332, 1049)(3023, 871)(2982, 949)(2740, 1101)(2834, 1512)(2927, 1777)(571, 1982)(394, 1944)(778, 1282)(1109, 1196)(997, 942)(1725, 927)(1819, 814)(1766, 692)(1962, 389)(1828, 456)(2067, 694)(1632, 1742)(1623, 1723)(1787, 1902)(2214, 1977)(2028, 1736)(2995, 264)
Running time: 150.0410351753235s
min:5.0, max:50.0
Global minimum distance: 47446.01885527638
Route:
salesman-0:(2995, 264)(3600, 459)(3599, 514)(3452, 637)(3538, 125)(3503, 301)(3332, 1049)(3535, 1112)(3918, 1217)(3805, 1619)(3786, 1862)(3373, 1902)(3220, 1945)(3946, 459)(3766, 154)(2995, 264)(2740, 1101)(3007, 1524)(1994, 1852)(1646, 1817)(2050, 1833)(1632, 1742)(1768, 1578)(1699, 1294)(1082, 1561)(1109, 1196)(811, 1295)(778, 1282)(401, 980)(555, 1121)(2995, 264)
salesman-1:(2995, 264)(464, 1302)(1264, 1090)(981, 848)(1766, 692)(1346, 408)(2995, 264)
salesman-2:(2995, 264)(1541, 354)(1828, 456)(2334, 523)(2597, 349)(2223, 990)(1819, 814)(1529, 581)(1766, 678)(2067, 694)(2993, 624)(2901, 920)(2658, 360)(3062, 329)(2982, 949)(3868, 697)(3935, 540)(3642, 699)(2581, 121)(2592, 248)(2656, 128)(1725, 927)(1677, 1238)(1623, 1723)(1179, 969)(571, 1982)(149, 1629)(1604, 706)(781, 670)(2995, 264)
salesman-3:(2995, 264)(1021, 962)(634, 294)(240, 619)(460, 267)(2374, 1944)(2214, 1977)(2028, 1736)(2221, 1578)(1787, 1902)(2356, 1568)(264, 36)(387, 199)(547, 25)(278, 165)(2995, 264)
salesman-4:(2995, 264)(202, 233)(1393, 859)(1203, 385)(931, 512)(47, 363)(1017, 333)(1272, 246)(1962, 389)(2347, 388)(2944, 632)(3060, 781)(3023, 871)(3248, 1906)(235, 1059)(241, 1069)(80, 1533)(386, 1616)(394, 1944)(1009, 1001)(555, 1753)(997, 942)(366, 339)(2927, 1777)(2834, 1512)(2995, 264)
Running time: 150.01561045646667s
min:5.0, max:50.0
Global minimum distance: 48276.95453951314
Route:
salesman-0:(2995, 264)(3060, 781)(3332, 1049)(3373, 1902)(3248, 1906)(3220, 1945)(2834, 1512)(2356, 1568)(2028, 1736)(1677, 1238)(1699, 1294)(1646, 1817)(1787, 1902)(2995, 264)
salesman-1:(2995, 264)(2050, 1833)(2214, 1977)(1768, 1578)(1623, 1723)(981, 848)(931, 512)(555, 1121)(555, 1753)(571, 1982)(1725, 927)(1632, 1742)(2221, 1578)(2223, 990)(2740, 1101)(2927, 1777)(2982, 949)(2374, 1944)(1994, 1852)(3062, 329)(3538, 125)(3503, 301)(2995, 264)
salesman-2:(2995, 264)(3600, 459)(3766, 154)(2995, 264)(2592, 248)(2658, 360)(2334, 523)(1962, 389)(1017, 333)(1021, 962)(997, 942)(1179, 969)(1109, 1196)(1346, 408)(1604, 706)(1529, 581)(1393, 859)(2067, 694)(3007, 1524)(3786, 1862)(3918, 1217)(3805, 1619)(3535, 1112)(3642, 699)(3868, 697)(3946, 459)(3935, 540)(264, 36)(2347, 388)(1264, 1090)(1009, 1001)(401, 980)(781, 670)(778, 1282)(394, 1944)(80, 1533)(149, 1629)(2995, 264)
salesman-3:(2995, 264)(386, 1616)(241, 1069)(47, 363)(202, 233)(3452, 637)(3599, 514)(2993, 624)(2581, 121)(2656, 128)(2944, 632)(2901, 920)(3023, 871)(460, 267)(547, 25)(634, 294)(278, 165)(387, 199)(366, 339)(240, 619)(235, 1059)(2995, 264)
salesman-4:(2995, 264)(464, 1302)(811, 1295)(1082, 1561)(1819, 814)(1766, 692)(1828, 456)(1272, 246)(1203, 385)(1541, 354)(1766, 678)(2597, 349)(2995, 264)
Running time: 150.02836847305298s
min:5.0, max:50.0
Global minimum distance: 49903.020732878416
Route:
salesman-0:(2995, 264)(2995, 264)(2656, 128)(1677, 1238)(1604, 706)(1962, 389)(1828, 456)(1766, 692)(1766, 678)(3373, 1902)(1994, 1852)(1646, 1817)(2356, 1568)(2374, 1944)(2050, 1833)(1787, 1902)(3918, 1217)(3538, 125)(2347, 388)(2067, 694)(2995, 264)
salesman-1:(2995, 264)(1725, 927)(2223, 990)(2221, 1578)(2028, 1736)(1699, 1294)(1819, 814)(1272, 246)(235, 1059)(401, 980)(240, 619)(264, 36)(3060, 781)(3023, 871)(3600, 459)(460, 267)(387, 199)(47, 363)(202, 233)(547, 25)(634, 294)(366, 339)(981, 848)(1346, 408)(2581, 121)(2658, 360)(3062, 329)(2993, 624)(2982, 949)(2740, 1101)(2927, 1777)(3535, 1112)(3452, 637)(2901, 920)(2944, 632)(2334, 523)(2592, 248)(2597, 349)(3599, 514)(3503, 301)(3332, 1049)(2834, 1512)(3007, 1524)(3220, 1945)(3248, 1906)(3786, 1862)(3805, 1619)(2214, 1977)(1632, 1742)(1623, 1723)(2995, 264)
salesman-2:(2995, 264)(1768, 1578)(1082, 1561)(997, 942)(1203, 385)(1179, 969)(1109, 1196)(1021, 962)(781, 670)(931, 512)(1017, 333)(1541, 354)(1529, 581)(1264, 1090)(1009, 1001)(555, 1121)(778, 1282)(811, 1295)(386, 1616)(2995, 264)
salesman-3:(2995, 264)(394, 1944)(571, 1982)(464, 1302)(80, 1533)(149, 1629)(2995, 264)
salesman-4:(2995, 264)(555, 1753)(241, 1069)(1393, 859)(3642, 699)(3766, 154)(3946, 459)(3935, 540)(3868, 697)(278, 165)(2995, 264)
Running time: 150.02810168266296s
min:5.0, max:50.0
Global minimum distance: 45196.437013743154
Route:
salesman-0:(2995, 264)(3766, 154)(3599, 514)(3642, 699)(3452, 637)(3332, 1049)(3503, 301)(3600, 459)(3062, 329)(2993, 624)(2944, 632)(2592, 248)(2223, 990)(2740, 1101)(3373, 1902)(3248, 1906)(1766, 678)(1179, 969)(1021, 962)(1699, 1294)(1264, 1090)(555, 1753)(394, 1944)(571, 1982)(1082, 1561)(1109, 1196)(1393, 859)(811, 1295)(555, 1121)(2995, 264)
salesman-1:(2995, 264)(386, 1616)(149, 1629)(80, 1533)(778, 1282)(981, 848)(1604, 706)(1677, 1238)(1768, 1578)(2028, 1736)(1623, 1723)(1632, 1742)(1646, 1817)(1787, 1902)(2214, 1977)(1994, 1852)(2050, 1833)(2374, 1944)(2334, 523)(2597, 349)(3220, 1945)(2834, 1512)(2356, 1568)(2221, 1578)(2927, 1777)(3060, 781)(2995, 264)
salesman-2:(2995, 264)(3023, 871)(2658, 360)(1828, 456)(1529, 581)(1541, 354)(3007, 1524)(2995, 264)(2581, 121)(1962, 389)(2067, 694)(1766, 692)(1346, 408)(1272, 246)(931, 512)(1203, 385)(1017, 333)(634, 294)(202, 233)(278, 165)(460, 267)(387, 199)(264, 36)(781, 670)(997, 942)(464, 1302)(2995, 264)
salesman-3:(2995, 264)(1009, 1001)(1725, 927)(1819, 814)(2982, 949)(241, 1069)(547, 25)(366, 339)(2995, 264)
salesman-4:(2995, 264)(240, 619)(47, 363)(235, 1059)(401, 980)(2901, 920)(3868, 697)(3935, 540)(3946, 459)(3538, 125)(2656, 128)(2347, 388)(3918, 1217)(3805, 1619)(3786, 1862)(3535, 1112)(2995, 264)
Running time: 150.02544522285461s
min:5.0, max:50.0
Global minimum distance: 48958.63212626427
Route:
salesman-0:(2995, 264)(2592, 248)(1962, 389)(1529, 581)(1179, 969)(1021, 962)(981, 848)(1109, 1196)(811, 1295)(1623, 1723)(1677, 1238)(2028, 1736)(2221, 1578)(2356, 1568)(2927, 1777)(2995, 264)
salesman-1:(2995, 264)(464, 1302)(241, 1069)(235, 1059)(555, 1121)(386, 1616)(149, 1629)(394, 1944)(571, 1982)(555, 1753)(1009, 1001)(1346, 408)(1272, 246)(931, 512)(366, 339)(460, 267)(278, 165)(387, 199)(401, 980)(2995, 264)
salesman-2:(2995, 264)(1017, 333)(1203, 385)(1393, 859)(1082, 1561)(1264, 1090)(781, 670)(997, 942)(778, 1282)(1699, 1294)(1632, 1742)(80, 1533)(2374, 1944)(2995, 264)(2581, 121)(2656, 128)(1541, 354)(1828, 456)(1604, 706)(1766, 678)(1766, 692)(2334, 523)(2067, 694)(1725, 927)(1819, 814)(634, 294)(547, 25)(264, 36)(2995, 264)
salesman-3:(2995, 264)(202, 233)(47, 363)(240, 619)(3786, 1862)(1768, 1578)(2995, 264)
salesman-4:(2995, 264)(1787, 1902)(1646, 1817)(1994, 1852)(2834, 1512)(3007, 1524)(3805, 1619)(3332, 1049)(3248, 1906)(3373, 1902)(3220, 1945)(2740, 1101)(2993, 624)(2944, 632)(3503, 301)(3538, 125)(3766, 154)(3642, 699)(3599, 514)(3918, 1217)(3868, 697)(3946, 459)(3935, 540)(3452, 637)(3600, 459)(3023, 871)(3060, 781)(2597, 349)(2658, 360)(2347, 388)(2901, 920)(2982, 949)(2223, 990)(2050, 1833)(2214, 1977)(3535, 1112)(3062, 329)(2995, 264)
Running time: 150.04344367980957s
min:5.0, max:50.0
Global minimum distance: 47760.984032621316
Route:
salesman-0:(2995, 264)(3452, 637)(2927, 1777)(2374, 1944)(2356, 1568)(2223, 990)(1962, 389)(1604, 706)(1264, 1090)(1179, 969)(1393, 859)(1009, 1001)(931, 512)(781, 670)(634, 294)(547, 25)(1346, 408)(981, 848)(778, 1282)(811, 1295)(555, 1753)(149, 1629)(571, 1982)(394, 1944)(2995, 264)
salesman-1:(2995, 264)(80, 1533)(386, 1616)(235, 1059)(464, 1302)(2740, 1101)(2982, 949)(3332, 1049)(2221, 1578)(1994, 1852)(1787, 1902)(2214, 1977)(2050, 1833)(1646, 1817)(47, 363)(2995, 264)
salesman-2:(2995, 264)(240, 619)(366, 339)(387, 199)(278, 165)(202, 233)(264, 36)(460, 267)(1203, 385)(1272, 246)(1766, 678)(1541, 354)(1766, 692)(1529, 581)(2067, 694)(1828, 456)(2581, 121)(2658, 360)(3023, 871)(3060, 781)(2993, 624)(3935, 540)(3946, 459)(3868, 697)(3766, 154)(3538, 125)(2597, 349)(2334, 523)(2656, 128)(2347, 388)(401, 980)(1623, 1723)(2028, 1736)(1768, 1578)(1082, 1561)(1632, 1742)(1699, 1294)(1677, 1238)(555, 1121)(2995, 264)
salesman-3:(2995, 264)(241, 1069)(1017, 333)(997, 942)(1109, 1196)(1021, 962)(1725, 927)(1819, 814)(2592, 248)(2995, 264)(2944, 632)(2995, 264)
salesman-4:(2995, 264)(2901, 920)(3600, 459)(3503, 301)(3062, 329)(3642, 699)(3535, 1112)(3786, 1862)(3373, 1902)(3007, 1524)(3220, 1945)(3248, 1906)(2834, 1512)(3918, 1217)(3805, 1619)(3599, 514)(2995, 264)
Running time: 150.0435128211975s
min:5.0, max:50.0
Global minimum distance: 46800.87826079121
Route:
salesman-0:(2995, 264)(3538, 125)(3599, 514)(3600, 459)(3503, 301)(3452, 637)(2334, 523)(2597, 349)(2223, 990)(2740, 1101)(3060, 781)(2995, 264)(2658, 360)(2581, 121)(2347, 388)(1203, 385)(1017, 333)(202, 233)(460, 267)(547, 25)(634, 294)(387, 199)(240, 619)(1272, 246)(1529, 581)(1725, 927)(1766, 678)(1828, 456)(1962, 389)(1541, 354)(931, 512)(781, 670)(401, 980)(47, 363)(278, 165)(235, 1059)(241, 1069)(80, 1533)(149, 1629)(386, 1616)(394, 1944)(2995, 264)
salesman-1:(2995, 264)(571, 1982)(464, 1302)(811, 1295)(555, 1753)(1082, 1561)(1393, 859)(1646, 1817)(1677, 1238)(1768, 1578)(2050, 1833)(1699, 1294)(1819, 814)(2221, 1578)(1994, 1852)(2028, 1736)(1623, 1723)(1632, 1742)(1787, 1902)(2356, 1568)(2993, 624)(3062, 329)(2067, 694)(1766, 692)(1604, 706)(1179, 969)(555, 1121)(2944, 632)(3918, 1217)(3786, 1862)(3805, 1619)(778, 1282)(366, 339)(981, 848)(1021, 962)(997, 942)(1264, 1090)(2995, 264)
salesman-2:(2995, 264)(1009, 1001)(1109, 1196)(1346, 408)(2982, 949)(3007, 1524)(2834, 1512)(2214, 1977)(2374, 1944)(3373, 1902)(3248, 1906)(3220, 1945)(2995, 264)
salesman-3:(2995, 264)(2927, 1777)(2901, 920)(3023, 871)(264, 36)(3332, 1049)(2995, 264)
salesman-4:(2995, 264)(3535, 1112)(2592, 248)(2656, 128)(3766, 154)(3935, 540)(3946, 459)(3868, 697)(3642, 699)(2995, 264)
Running time: 150.03742337226868s
min:5.0, max:50.0
Global minimum distance: 45804.77187219032
Route:
salesman-0:(2995, 264)(2995, 264)(3332, 1049)(3805, 1619)(3918, 1217)(3007, 1524)(2901, 920)(2944, 632)(2993, 624)(3060, 781)(3786, 1862)(3373, 1902)(3248, 1906)(3220, 1945)(264, 36)(3503, 301)(3538, 125)(3868, 697)(3642, 699)(3452, 637)(3062, 329)(3946, 459)(3535, 1112)(2927, 1777)(2214, 1977)(1646, 1817)(1082, 1561)(1009, 1001)(781, 670)(366, 339)(278, 165)(47, 363)(401, 980)(460, 267)(240, 619)(235, 1059)(241, 1069)(464, 1302)(555, 1121)(778, 1282)(2995, 264)
salesman-1:(2995, 264)(571, 1982)(394, 1944)(80, 1533)(386, 1616)(149, 1629)(555, 1753)(811, 1295)(1264, 1090)(1109, 1196)(1699, 1294)(1529, 581)(1819, 814)(2223, 990)(981, 848)(1766, 678)(1725, 927)(1828, 456)(2067, 694)(1962, 389)(2334, 523)(2592, 248)(2656, 128)(2597, 349)(2347, 388)(1766, 692)(1604, 706)(1541, 354)(1272, 246)(1203, 385)(1017, 333)(931, 512)(387, 199)(547, 25)(2995, 264)
salesman-2:(2995, 264)(202, 233)(3766, 154)(2834, 1512)(2658, 360)(2581, 121)(634, 294)(2995, 264)
salesman-3:(2995, 264)(1346, 408)(1393, 859)(1021, 962)(1179, 969)(997, 942)(1787, 1902)(2374, 1944)(2356, 1568)(2221, 1578)(2028, 1736)(1632, 1742)(1623, 1723)(1677, 1238)(1768, 1578)(2050, 1833)(1994, 1852)(2995, 264)
salesman-4:(2995, 264)(2740, 1101)(3023, 871)(2982, 949)(3935, 540)(3599, 514)(3600, 459)(2995, 264)
Running time: 150.03680038452148s
min:5.0, max:50.0
Global minimum distance: 50416.42692919521
Route:
salesman-0:(2995, 264)(2995, 264)(3600, 459)(3868, 697)(240, 619)(387, 199)(460, 267)(2995, 264)
salesman-1:(2995, 264)(547, 25)(634, 294)(1264, 1090)(1766, 692)(1541, 354)(1346, 408)(1272, 246)(1179, 969)(555, 1121)(1021, 962)(1009, 1001)(781, 670)(2581, 121)(2656, 128)(278, 165)(3503, 301)(3935, 540)(2993, 624)(2592, 248)(2347, 388)(464, 1302)(386, 1616)(149, 1629)(80, 1533)(555, 1753)(394, 1944)(2944, 632)(3023, 871)(2982, 949)(2221, 1578)(2356, 1568)(1768, 1578)(1623, 1723)(1632, 1742)(1699, 1294)(1677, 1238)(1725, 927)(1819, 814)(1529, 581)(1203, 385)(997, 942)(1646, 1817)(2995, 264)
salesman-2:(2995, 264)(1787, 1902)(1082, 1561)(571, 1982)(401, 980)(235, 1059)(241, 1069)(2028, 1736)(2050, 1833)(2374, 1944)(2214, 1977)(1994, 1852)(3248, 1906)(2834, 1512)(2927, 1777)(3220, 1945)(3332, 1049)(2740, 1101)(2901, 920)(3060, 781)(2658, 360)(3946, 459)(3452, 637)(3538, 125)(3766, 154)(2995, 264)
salesman-3:(2995, 264)(3599, 514)(3918, 1217)(3786, 1862)(3373, 1902)(2223, 990)(2597, 349)(2334, 523)(1962, 389)(3007, 1524)(3805, 1619)(3535, 1112)(3062, 329)(2067, 694)(778, 1282)(811, 1295)(1109, 1196)(1604, 706)(1766, 678)(1828, 456)(1393, 859)(981, 848)(2995, 264)
salesman-4:(2995, 264)(931, 512)(1017, 333)(202, 233)(264, 36)(47, 363)(366, 339)(3642, 699)(2995, 264)
Running time: 150.05421924591064s
