Initial minimum distance: 79858.87677805567
Global minimum distance: 71362.52259300706
Running time: 85.46822953224182s
Route:
salesman-1:(2995,264)(3503,301)(3946,459)(3935,540)(3600,459)(3599,514)(3868,697)(3642,699)(3452,637)(3062,329)(3918,1217)(3535,1112)(3805,1619)(3786,1862)(3373,1902)(3248,1906)(3220,1945)(3060,781)(3023,871)(3007,1524)(2995,264)
salesman-2:(2995,264)(2993,624)(2982,949)(2927,1777)(2834,1512)(2944,632)(2901,920)(2740,1101)(3332,1049)(2374,1944)(2214,1977)(2356,1568)(2221,1578)(2050,1833)(1994,1852)(2028,1736)(1787,1902)(1646,1817)(1632,1742)(1768,1578)(1623,1723)(2223,990)(2995,264)
salesman-3:(2995,264)(1699,1294)(1677,1238)(1109,1196)(394,1944)(80,1533)(571,1982)(1819,814)(811,1295)(778,1282)(1082,1561)(555,1753)(1725,927)(149,1629)(1264,1090)(2334,523)(2067,694)(1179,969)(386,1616)(464,1302)(1393,859)(2995,264)
salesman-4:(2995,264)(1766,678)(2658,360)(1828,456)(1962,389)(1766,692)(1009,1001)(235,1059)(241,1069)(2597,349)(2347,388)(781,670)(1604,706)(240,619)(1021,962)(997,942)(1529,581)(931,512)(555,1121)(981,848)(401,980)(2995,264)
salesman-5:(2995,264)(1346,408)(1203,385)(1541,354)(1017,333)(47,363)(366,339)(634,294)(460,267)(1272,246)(202,233)(387,199)(278,165)(2592,248)(264,36)(547,25)(2581,121)(2656,128)(3538,125)(3766,154)(2995,264)

Initial minimum distance: 79858.87677805567
Global minimum distance: 61660.7521138569
Running time: 85.80381560325623s
Route:
salesman-1:(2995,264)(3503,301)(3946,459)(3935,540)(3600,459)(3599,514)(3868,697)(3642,699)(3452,637)(3062,329)(3918,1217)(3535,1112)(3805,1619)(3786,1862)(3332,1049)(3373,1902)(3248,1906)(3220,1945)(3060,781)(3023,871)(3007,1524)(2995,264)
salesman-2:(2995,264)(2993,624)(2982,949)(2927,1777)(2834,1512)(2944,632)(2901,920)(2740,1101)(2374,1944)(2214,1977)(2356,1568)(2221,1578)(2050,1833)(1994,1852)(2028,1736)(1787,1902)(1646,1817)(1632,1742)(1768,1578)(1623,1723)(2223,990)(2995,264)
salesman-3:(2995,264)(1699,1294)(1677,1238)(2334,523)(1725,927)(1819,814)(1264,1090)(1179,969)(1393,859)(2067,694)(80,1533)(464,1302)(386,1616)(1082,1561)(571,1982)(1109,1196)(394,1944)(149,1629)(555,1753)(778,1282)(811,1295)(2995,264)
salesman-4:(2995,264)(2658,360)(1828,456)(781,670)(931,512)(241,1069)(997,942)(1962,389)(2597,349)(1766,678)(235,1059)(401,980)(1021,962)(1009,1001)(981,848)(1604,706)(1529,581)(240,619)(555,1121)(1766,692)(2347,388)(2995,264)
salesman-5:(2995,264)(2656,128)(3538,125)(2581,121)(547,25)(366,339)(387,199)(264,36)(47,363)(1541,354)(1346,408)(1203,385)(1017,333)(1272,246)(634,294)(460,267)(202,233)(278,165)(2592,248)(3766,154)(2995,264)

Initial minimum distance: 79858.87677805567
Global minimum distance: 65217.37642237898
Running time: 85.86331248283386s
Route:
salesman-1:(2995,264)(3503,301)(3946,459)(3935,540)(3600,459)(3599,514)(3868,697)(3642,699)(3452,637)(3062,329)(3918,1217)(3535,1112)(3805,1619)(3786,1862)(3332,1049)(3373,1902)(3248,1906)(3220,1945)(3060,781)(3023,871)(3007,1524)(2995,264)
salesman-2:(2995,264)(2993,624)(2982,949)(2927,1777)(2834,1512)(2944,632)(2901,920)(2740,1101)(2374,1944)(2214,1977)(2356,1568)(2221,1578)(2050,1833)(1994,1852)(2028,1736)(1787,1902)(1646,1817)(1632,1742)(1768,1578)(1623,1723)(2223,990)(2995,264)
salesman-3:(2995,264)(1699,1294)(1677,1238)(571,1982)(1082,1561)(394,1944)(555,1753)(1725,927)(1109,1196)(811,1295)(1819,814)(778,1282)(464,1302)(1393,859)(386,1616)(80,1533)(149,1629)(2067,694)(1179,969)(1264,1090)(2334,523)(2995,264)
salesman-4:(2995,264)(2658,360)(1529,581)(240,619)(781,670)(981,848)(1021,962)(1766,678)(1766,692)(997,942)(1828,456)(1962,389)(1604,706)(2597,349)(2347,388)(1009,1001)(555,1121)(241,1069)(235,1059)(401,980)(931,512)(2995,264)
salesman-5:(2995,264)(1346,408)(1203,385)(1541,354)(1017,333)(47,363)(366,339)(634,294)(460,267)(1272,246)(202,233)(387,199)(278,165)(2592,248)(264,36)(547,25)(2581,121)(2656,128)(3538,125)(3766,154)(2995,264)

Initial minimum distance: 79858.87677805567
Global minimum distance: 61707.04209594239
Running time: 86.37004923820496s
Route:
salesman-1:(2995,264)(3503,301)(3946,459)(3935,540)(3600,459)(3599,514)(3868,697)(3642,699)(3452,637)(3062,329)(3918,1217)(3535,1112)(3805,1619)(3786,1862)(3332,1049)(3373,1902)(3248,1906)(3220,1945)(3060,781)(3023,871)(3007,1524)(2995,264)
salesman-2:(2995,264)(2993,624)(2982,949)(2927,1777)(2834,1512)(2944,632)(2901,920)(2740,1101)(2374,1944)(2214,1977)(2356,1568)(2221,1578)(2050,1833)(1994,1852)(2028,1736)(1787,1902)(1646,1817)(1632,1742)(1768,1578)(1623,1723)(2223,990)(2995,264)
salesman-3:(2995,264)(1725,927)(555,1753)(1699,1294)(1082,1561)(464,1302)(80,1533)(386,1616)(149,1629)(2067,694)(2334,523)(1819,814)(1677,1238)(1264,1090)(1179,969)(1393,859)(1109,1196)(778,1282)(811,1295)(571,1982)(394,1944)(2995,264)
salesman-4:(2995,264)(2597,349)(235,1059)(555,1121)(401,980)(997,942)(1766,692)(2347,388)(1828,456)(1766,678)(931,512)(1604,706)(2658,360)(1529,581)(240,619)(241,1069)(981,848)(1021,962)(1009,1001)(781,670)(1962,389)(2995,264)
salesman-5:(2995,264)(2581,121)(2592,248)(47,363)(1541,354)(1272,246)(202,233)(387,199)(278,165)(264,36)(634,294)(460,267)(547,25)(366,339)(1017,333)(1346,408)(1203,385)(2656,128)(3538,125)(3766,154)(2995,264)

Initial minimum distance: 79858.87677805567
Global minimum distance: 61315.00750103501
Running time: 86.6860990524292s
Route:
salesman-1:(2995,264)(3503,301)(3946,459)(3935,540)(3600,459)(3599,514)(3868,697)(3642,699)(3452,637)(3062,329)(3918,1217)(3535,1112)(3805,1619)(3786,1862)(3332,1049)(3373,1902)(3248,1906)(3220,1945)(2356,1568)(2374,1944)(3007,1524)(2995,264)
salesman-2:(2995,264)(2993,624)(3060,781)(3023,871)(2982,949)(2927,1777)(2834,1512)(2944,632)(2901,920)(2740,1101)(2214,1977)(2221,1578)(2050,1833)(1994,1852)(2028,1736)(1787,1902)(1646,1817)(1632,1742)(1768,1578)(1623,1723)(2223,990)(2995,264)
salesman-3:(2995,264)(1699,1294)(571,1982)(1082,1561)(778,1282)(1725,927)(2067,694)(1393,859)(1677,1238)(1819,814)(1264,1090)(555,1753)(386,1616)(149,1629)(80,1533)(1179,969)(1109,1196)(464,1302)(811,1295)(394,1944)(2334,523)(2995,264)
salesman-4:(2995,264)(2658,360)(1604,706)(1766,692)(1021,962)(781,670)(1009,1001)(555,1121)(997,942)(241,1069)(981,848)(235,1059)(401,980)(1529,581)(2597,349)(2347,388)(1962,389)(1828,456)(931,512)(1272,246)(240,619)(2995,264)
salesman-5:(2995,264)(1346,408)(1203,385)(1541,354)(1766,678)(47,363)(366,339)(1017,333)(460,267)(387,199)(202,233)(278,165)(547,25)(264,36)(634,294)(3766,154)(3538,125)(2592,248)(2656,128)(2581,121)(2995,264)

Initial minimum distance: 79858.87677805567
Global minimum distance: 69827.45728474615
Running time: 87.27407693862915s
Route:
salesman-1:(2995,264)(3503,301)(3946,459)(3935,540)(3600,459)(3599,514)(3868,697)(3642,699)(3452,637)(3062,329)(3918,1217)(3535,1112)(3805,1619)(3786,1862)(3332,1049)(3373,1902)(3248,1906)(3220,1945)(3060,781)(3023,871)(3007,1524)(2995,264)
salesman-2:(2995,264)(2944,632)(2993,624)(2982,949)(2834,1512)(2901,920)(2927,1777)(2374,1944)(2214,1977)(2356,1568)(2221,1578)(2050,1833)(1994,1852)(2028,1736)(1787,1902)(1646,1817)(1632,1742)(1768,1578)(1623,1723)(2223,990)(2740,1101)(2995,264)
salesman-3:(2995,264)(1699,1294)(1677,1238)(571,1982)(1082,1561)(394,1944)(1109,1196)(811,1295)(1819,814)(2067,694)(1725,927)(386,1616)(149,1629)(555,1753)(1264,1090)(778,1282)(80,1533)(464,1302)(2334,523)(1179,969)(1393,859)(2995,264)
salesman-4:(2995,264)(1009,1001)(1021,962)(555,1121)(1766,692)(981,848)(401,980)(1529,581)(2597,349)(2347,388)(1766,678)(1962,389)(1604,706)(1828,456)(240,619)(997,942)(241,1069)(235,1059)(781,670)(931,512)(2658,360)(2995,264)
salesman-5:(2995,264)(3766,154)(1346,408)(264,36)(1203,385)(1541,354)(1017,333)(47,363)(366,339)(634,294)(460,267)(1272,246)(202,233)(387,199)(278,165)(2592,248)(547,25)(2581,121)(2656,128)(3538,125)(2995,264)

Initial minimum distance: 79858.87677805567
Global minimum distance: 72119.7639043963
Running time: 87.47826910018921s
Route:
salesman-1:(2995,264)(3503,301)(3946,459)(3935,540)(3600,459)(3599,514)(3868,697)(3642,699)(3452,637)(3062,329)(3918,1217)(3535,1112)(3805,1619)(3786,1862)(3332,1049)(3373,1902)(3248,1906)(3220,1945)(3060,781)(3023,871)(3007,1524)(2995,264)
salesman-2:(2995,264)(2993,624)(2982,949)(2927,1777)(2834,1512)(2944,632)(2901,920)(2740,1101)(2374,1944)(2214,1977)(2356,1568)(2221,1578)(2050,1833)(1994,1852)(2028,1736)(1787,1902)(1646,1817)(1632,1742)(1768,1578)(1623,1723)(2223,990)(2995,264)
salesman-3:(2995,264)(1699,1294)(1677,1238)(571,1982)(1082,1561)(394,1944)(555,1753)(1725,927)(386,1616)(1109,1196)(149,1629)(1264,1090)(811,1295)(1819,814)(2067,694)(1179,969)(1393,859)(2334,523)(778,1282)(464,1302)(80,1533)(2995,264)
salesman-4:(2995,264)(241,1069)(1766,692)(1962,389)(2658,360)(931,512)(781,670)(1766,678)(1009,1001)(1021,962)(555,1121)(997,942)(1604,706)(981,848)(235,1059)(401,980)(1529,581)(2597,349)(2347,388)(1828,456)(240,619)(2995,264)
salesman-5:(2995,264)(1346,408)(1203,385)(1541,354)(1017,333)(47,363)(366,339)(634,294)(460,267)(1272,246)(547,25)(278,165)(387,199)(202,233)(264,36)(2592,248)(3766,154)(2656,128)(2581,121)(3538,125)(2995,264)

Initial minimum distance: 79858.87677805567
Global minimum distance: 70031.32586337313
Running time: 87.58616065979004s
Route:
salesman-1:(2995,264)(3503,301)(3946,459)(3935,540)(3600,459)(3599,514)(3868,697)(3642,699)(3452,637)(3062,329)(3918,1217)(3535,1112)(3805,1619)(3786,1862)(3332,1049)(3373,1902)(3248,1906)(3220,1945)(3060,781)(3023,871)(3007,1524)(2995,264)
salesman-2:(2995,264)(2993,624)(2982,949)(2927,1777)(2834,1512)(2944,632)(2901,920)(2740,1101)(2374,1944)(2214,1977)(2356,1568)(2221,1578)(2050,1833)(1994,1852)(2028,1736)(1787,1902)(1646,1817)(1632,1742)(1768,1578)(1623,1723)(2223,990)(2995,264)
salesman-3:(2995,264)(1699,1294)(1677,1238)(571,1982)(1082,1561)(394,1944)(555,1753)(1725,927)(386,1616)(1109,1196)(149,1629)(1264,1090)(1179,969)(464,1302)(811,1295)(1819,814)(2334,523)(2067,694)(778,1282)(80,1533)(1393,859)(2995,264)
salesman-4:(2995,264)(1009,1001)(781,670)(931,512)(1766,692)(2658,360)(981,848)(1766,678)(1529,581)(1021,962)(240,619)(401,980)(555,1121)(997,942)(1604,706)(241,1069)(235,1059)(2597,349)(2347,388)(1828,456)(1962,389)(2995,264)
salesman-5:(2995,264)(1346,408)(1203,385)(1541,354)(1017,333)(47,363)(366,339)(634,294)(460,267)(1272,246)(202,233)(387,199)(278,165)(2592,248)(264,36)(547,25)(2581,121)(2656,128)(3538,125)(3766,154)(2995,264)

Initial minimum distance: 79858.87677805567
Global minimum distance: 67406.89194915014
Running time: 87.7606897354126s
Route:
salesman-1:(2995,264)(3503,301)(3946,459)(3935,540)(3600,459)(3599,514)(3868,697)(3642,699)(3452,637)(3062,329)(3918,1217)(3535,1112)(3805,1619)(3786,1862)(3332,1049)(3373,1902)(3248,1906)(3220,1945)(3060,781)(3023,871)(3007,1524)(2995,264)
salesman-2:(2995,264)(2993,624)(2982,949)(2927,1777)(2834,1512)(2944,632)(2901,920)(2740,1101)(2374,1944)(2214,1977)(2356,1568)(2221,1578)(2050,1833)(1994,1852)(2028,1736)(1787,1902)(1646,1817)(1632,1742)(1768,1578)(1623,1723)(2223,990)(2995,264)
salesman-3:(2995,264)(1699,1294)(1677,1238)(571,1982)(1082,1561)(394,1944)(555,1753)(1725,927)(2067,694)(1828,456)(386,1616)(1109,1196)(149,1629)(781,670)(997,942)(1819,814)(778,1282)(80,1533)(464,1302)(1179,969)(1393,859)(2995,264)
salesman-4:(2995,264)(1009,1001)(1021,962)(555,1121)(1766,692)(1962,389)(235,1059)(240,619)(931,512)(1529,581)(401,980)(2334,523)(1766,678)(811,1295)(241,1069)(981,848)(1264,1090)(2597,349)(1604,706)(2347,388)(2658,360)(2995,264)
salesman-5:(2995,264)(3538,125)(2592,248)(1346,408)(1203,385)(1541,354)(1017,333)(47,363)(366,339)(634,294)(460,267)(1272,246)(202,233)(387,199)(278,165)(264,36)(547,25)(2581,121)(2656,128)(3766,154)(2995,264)

Initial minimum distance: 79858.87677805567
Global minimum distance: 56060.9958170939
Running time: 87.83168697357178s
Route:
salesman-1:(2995,264)(3503,301)(3946,459)(3935,540)(3600,459)(3599,514)(3868,697)(3642,699)(3452,637)(3062,329)(3918,1217)(3535,1112)(3805,1619)(3786,1862)(3332,1049)(3373,1902)(3248,1906)(3220,1945)(3060,781)(3023,871)(3007,1524)(2995,264)
salesman-2:(2995,264)(2993,624)(2982,949)(2927,1777)(2834,1512)(2944,632)(2901,920)(2740,1101)(2374,1944)(2214,1977)(2356,1568)(2221,1578)(2050,1833)(1994,1852)(2028,1736)(1787,1902)(1646,1817)(1632,1742)(1768,1578)(1623,1723)(2223,990)(2995,264)
salesman-3:(2995,264)(2334,523)(1264,1090)(778,1282)(1677,1238)(1725,927)(571,1982)(386,1616)(555,1753)(80,1533)(464,1302)(149,1629)(394,1944)(811,1295)(1109,1196)(1082,1561)(2067,694)(1819,814)(1699,1294)(1393,859)(1179,969)(2995,264)
salesman-4:(2995,264)(2597,349)(2658,360)(1009,1001)(1604,706)(1766,678)(1529,581)(235,1059)(240,619)(401,980)(241,1069)(997,942)(2347,388)(1962,389)(1766,692)(931,512)(555,1121)(1021,962)(981,848)(781,670)(1828,456)(2995,264)
salesman-5:(2995,264)(2581,121)(1346,408)(1017,333)(1203,385)(264,36)(387,199)(47,363)(202,233)(366,339)(460,267)(547,25)(278,165)(634,294)(1272,246)(1541,354)(3766,154)(3538,125)(2592,248)(2656,128)(2995,264)

Initial minimum distance: 79858.87677805567
Global minimum distance: 72184.15592957038
Running time: 88.50904846191406s
Route:
salesman-1:(2995,264)(3935,540)(3599,514)(3642,699)(3600,459)(3060,781)(3503,301)(3452,637)(3007,1524)(3918,1217)(3535,1112)(3805,1619)(3786,1862)(3023,871)(3332,1049)(3373,1902)(3248,1906)(3220,1945)(3946,459)(3868,697)(3062,329)(2995,264)
salesman-2:(2995,264)(2993,624)(2982,949)(2927,1777)(2834,1512)(2944,632)(2901,920)(2740,1101)(2374,1944)(2214,1977)(2356,1568)(2221,1578)(2050,1833)(1994,1852)(2028,1736)(1787,1902)(1646,1817)(1632,1742)(1768,1578)(1623,1723)(2223,990)(2995,264)
salesman-3:(2995,264)(1699,1294)(1677,1238)(571,1982)(1082,1561)(394,1944)(555,1753)(1725,927)(386,1616)(80,1533)(778,1282)(811,1295)(149,1629)(1109,1196)(2067,694)(464,1302)(1819,814)(2334,523)(1264,1090)(1179,969)(1393,859)(2995,264)
salesman-4:(2995,264)(2658,360)(2347,388)(997,942)(240,619)(1828,456)(1021,962)(981,848)(401,980)(931,512)(241,1069)(235,1059)(1962,389)(1604,706)(781,670)(1766,692)(1009,1001)(1529,581)(1766,678)(555,1121)(2597,349)(2995,264)
salesman-5:(2995,264)(1346,408)(1203,385)(1541,354)(1017,333)(47,363)(366,339)(634,294)(460,267)(1272,246)(202,233)(387,199)(278,165)(2592,248)(264,36)(547,25)(2581,121)(2656,128)(3538,125)(3766,154)(2995,264)

Initial minimum distance: 79858.87677805567
Global minimum distance: 69133.18876472162
Running time: 88.66998481750488s
Route:
salesman-1:(2995,264)(3503,301)(3946,459)(3935,540)(3600,459)(3599,514)(3868,697)(3642,699)(3452,637)(3062,329)(3918,1217)(3535,1112)(3805,1619)(3786,1862)(3332,1049)(3373,1902)(3248,1906)(3220,1945)(3060,781)(3023,871)(3007,1524)(2995,264)
salesman-2:(2995,264)(2993,624)(2982,949)(2927,1777)(2834,1512)(2944,632)(2901,920)(2740,1101)(2374,1944)(2214,1977)(2356,1568)(2221,1578)(2050,1833)(1994,1852)(2028,1736)(1787,1902)(1646,1817)(1632,1742)(1768,1578)(1623,1723)(2223,990)(2995,264)
salesman-3:(2995,264)(1699,1294)(1677,1238)(571,1982)(1082,1561)(394,1944)(555,1753)(1725,927)(149,1629)(80,1533)(1179,969)(2067,694)(778,1282)(386,1616)(1109,1196)(1264,1090)(811,1295)(464,1302)(1393,859)(1819,814)(2334,523)(2995,264)
salesman-4:(2995,264)(781,670)(997,942)(1021,962)(1766,678)(1009,1001)(235,1059)(2658,360)(1529,581)(1828,456)(1604,706)(2597,349)(1962,389)(1766,692)(2347,388)(555,1121)(241,1069)(931,512)(981,848)(240,619)(401,980)(2995,264)
salesman-5:(2995,264)(3538,125)(202,233)(264,36)(387,199)(1272,246)(2592,248)(1541,354)(1346,408)(1203,385)(1017,333)(47,363)(366,339)(634,294)(460,267)(278,165)(547,25)(2581,121)(2656,128)(3766,154)(2995,264)

Initial minimum distance: 79858.87677805567
Global minimum distance: 66064.88517477598
Running time: 88.72123193740845s
Route:
salesman-1:(2995,264)(3503,301)(3946,459)(3935,540)(3600,459)(3599,514)(3868,697)(3642,699)(3452,637)(3062,329)(3918,1217)(3535,1112)(3332,1049)(3373,1902)(3805,1619)(3786,1862)(3248,1906)(3220,1945)(3060,781)(3023,871)(3007,1524)(2995,264)
salesman-2:(2995,264)(2993,624)(2982,949)(2927,1777)(2834,1512)(2944,632)(2901,920)(2740,1101)(2374,1944)(2214,1977)(2356,1568)(2221,1578)(2050,1833)(1994,1852)(2028,1736)(1787,1902)(1646,1817)(1632,1742)(1768,1578)(1623,1723)(2223,990)(2995,264)
salesman-3:(2995,264)(1699,1294)(1677,1238)(571,1982)(1082,1561)(394,1944)(555,1753)(386,1616)(1725,927)(1109,1196)(149,1629)(1264,1090)(811,1295)(1819,814)(2067,694)(778,1282)(80,1533)(464,1302)(1179,969)(1393,859)(2334,523)(2995,264)
salesman-4:(2995,264)(2597,349)(2347,388)(981,848)(235,1059)(240,619)(555,1121)(997,942)(241,1069)(931,512)(1604,706)(1766,678)(2658,360)(401,980)(1529,581)(1962,389)(1021,962)(781,670)(1009,1001)(1828,456)(1766,692)(2995,264)
salesman-5:(2995,264)(2592,248)(3538,125)(47,363)(1017,333)(1346,408)(1203,385)(1541,354)(366,339)(634,294)(460,267)(1272,246)(202,233)(387,199)(278,165)(264,36)(547,25)(2581,121)(2656,128)(3766,154)(2995,264)

Initial minimum distance: 79858.87677805567
Global minimum distance: 62361.587143235
Running time: 88.83937311172485s
Route:
salesman-1:(2995,264)(3503,301)(3946,459)(3935,540)(3600,459)(3599,514)(3868,697)(3642,699)(3452,637)(3062,329)(3918,1217)(3535,1112)(3805,1619)(3786,1862)(3332,1049)(3373,1902)(3248,1906)(3220,1945)(3060,781)(3023,871)(3007,1524)(2995,264)
salesman-2:(2995,264)(2993,624)(2982,949)(2927,1777)(2834,1512)(2944,632)(2901,920)(2740,1101)(2374,1944)(2214,1977)(2356,1568)(2221,1578)(2050,1833)(1994,1852)(2028,1736)(1787,1902)(1646,1817)(1632,1742)(1768,1578)(1623,1723)(2223,990)(2995,264)
salesman-3:(2995,264)(2067,694)(1819,814)(1699,1294)(1082,1561)(555,1753)(394,1944)(386,1616)(1725,927)(2334,523)(1264,1090)(464,1302)(571,1982)(80,1533)(811,1295)(1393,859)(1677,1238)(149,1629)(778,1282)(1179,969)(1109,1196)(2995,264)
salesman-4:(2995,264)(2347,388)(2658,360)(1604,706)(1529,581)(1766,678)(241,1069)(401,980)(931,512)(1021,962)(555,1121)(981,848)(781,670)(1766,692)(1009,1001)(997,942)(235,1059)(240,619)(1828,456)(1962,389)(2597,349)(2995,264)
salesman-5:(2995,264)(2656,128)(1541,354)(1272,246)(634,294)(547,25)(460,267)(366,339)(387,199)(1203,385)(47,363)(1346,408)(2581,121)(2592,248)(264,36)(202,233)(278,165)(1017,333)(3538,125)(3766,154)(2995,264)

Initial minimum distance: 79858.87677805567
Global minimum distance: 62707.433272744536
Running time: 88.93512225151062s
Route:
salesman-1:(2995,264)(3503,301)(3946,459)(3935,540)(3600,459)(3599,514)(3868,697)(3642,699)(3452,637)(3062,329)(3918,1217)(3535,1112)(3805,1619)(3786,1862)(3332,1049)(3373,1902)(3248,1906)(3220,1945)(3060,781)(3023,871)(3007,1524)(2995,264)
salesman-2:(2995,264)(2993,624)(2982,949)(2927,1777)(2834,1512)(2944,632)(2901,920)(2740,1101)(2374,1944)(2214,1977)(2356,1568)(2221,1578)(2050,1833)(1994,1852)(2028,1736)(1787,1902)(1646,1817)(1632,1742)(1768,1578)(1623,1723)(2223,990)(2995,264)
salesman-3:(2995,264)(1699,1294)(1677,1238)(571,1982)(1082,1561)(394,1944)(555,1753)(1725,927)(386,1616)(149,1629)(1109,1196)(1264,1090)(811,1295)(1819,814)(2067,694)(778,1282)(80,1533)(464,1302)(2334,523)(1179,969)(1393,859)(2995,264)
salesman-4:(2995,264)(2347,388)(1766,678)(1828,456)(1962,389)(781,670)(981,848)(235,1059)(241,1069)(1604,706)(1021,962)(2597,349)(2658,360)(1766,692)(1009,1001)(931,512)(240,619)(997,942)(401,980)(555,1121)(1529,581)(2995,264)
salesman-5:(2995,264)(2592,248)(3538,125)(3766,154)(1346,408)(1203,385)(1541,354)(1272,246)(1017,333)(47,363)(366,339)(634,294)(460,267)(202,233)(387,199)(278,165)(264,36)(547,25)(2581,121)(2656,128)(2995,264)

Initial minimum distance: 79858.87677805567
Global minimum distance: 68967.30949710279
Running time: 89.17850065231323s
Route:
salesman-1:(2995,264)(3503,301)(3946,459)(3935,540)(3600,459)(3599,514)(3868,697)(3642,699)(3452,637)(3062,329)(3918,1217)(3535,1112)(3805,1619)(3786,1862)(3332,1049)(3373,1902)(3248,1906)(3220,1945)(3060,781)(3023,871)(3007,1524)(2995,264)
salesman-2:(2995,264)(2993,624)(2982,949)(2927,1777)(2834,1512)(2944,632)(2901,920)(2740,1101)(2374,1944)(2214,1977)(2356,1568)(2221,1578)(2050,1833)(1994,1852)(2028,1736)(1787,1902)(1646,1817)(1632,1742)(1768,1578)(1623,1723)(2223,990)(2995,264)
salesman-3:(2995,264)(1699,1294)(1677,1238)(571,1982)(1082,1561)(394,1944)(555,1753)(1725,927)(386,1616)(778,1282)(464,1302)(811,1295)(1109,1196)(80,1533)(149,1629)(2067,694)(1819,814)(1393,859)(1264,1090)(1179,969)(2334,523)(2995,264)
salesman-4:(2995,264)(997,942)(1766,692)(555,1121)(401,980)(931,512)(1828,456)(241,1069)(1529,581)(2658,360)(240,619)(1021,962)(2347,388)(2597,349)(1604,706)(1962,389)(1766,678)(781,670)(235,1059)(981,848)(1009,1001)(2995,264)
salesman-5:(2995,264)(2656,128)(2592,248)(1346,408)(278,165)(1541,354)(1203,385)(1017,333)(47,363)(366,339)(634,294)(460,267)(1272,246)(202,233)(387,199)(264,36)(547,25)(2581,121)(3538,125)(3766,154)(2995,264)

Initial minimum distance: 79858.87677805567
Global minimum distance: 56760.71799601969
Running time: 89.24096298217773s
Route:
salesman-1:(2995,264)(3503,301)(3600,459)(3946,459)(3935,540)(3599,514)(3868,697)(3642,699)(3452,637)(3062,329)(3918,1217)(3535,1112)(3805,1619)(3786,1862)(3332,1049)(3373,1902)(3248,1906)(3220,1945)(3060,781)(3023,871)(3007,1524)(2995,264)
salesman-2:(2995,264)(2993,624)(2944,632)(2982,949)(2927,1777)(2834,1512)(2901,920)(2740,1101)(2374,1944)(2214,1977)(2356,1568)(2221,1578)(2050,1833)(1994,1852)(2028,1736)(1787,1902)(1646,1817)(1632,1742)(1768,1578)(1623,1723)(2223,990)(2995,264)
salesman-3:(2995,264)(2658,360)(1766,692)(1009,1001)(1604,706)(1021,962)(997,942)(1699,1294)(1677,1238)(571,1982)(1082,1561)(394,1944)(555,1753)(1725,927)(1264,1090)(464,1302)(2334,523)(2067,694)(1179,969)(1393,859)(1819,814)(1109,1196)(811,1295)(386,1616)(149,1629)(80,1533)(778,1282)(2995,264)
salesman-4:(2995,264)(2347,388)(1962,389)(1766,678)(1828,456)(555,1121)(235,1059)(240,619)(981,848)(241,1069)(401,980)(781,670)(931,512)(1529,581)(2597,349)(2995,264)
salesman-5:(2995,264)(2592,248)(1272,246)(460,267)(634,294)(47,363)(202,233)(547,25)(387,199)(1541,354)(1346,408)(1203,385)(1017,333)(366,339)(278,165)(264,36)(2581,121)(2656,128)(3538,125)(3766,154)(2995,264)

Initial minimum distance: 79858.87677805567
Global minimum distance: 69417.5334852218
Running time: 89.4861376285553s
Route:
salesman-1:(2995,264)(3503,301)(3946,459)(3935,540)(3600,459)(3599,514)(3868,697)(3642,699)(3452,637)(3062,329)(3535,1112)(3805,1619)(3786,1862)(3373,1902)(3248,1906)(3220,1945)(3060,781)(3023,871)(3007,1524)(3918,1217)(3332,1049)(2995,264)
salesman-2:(2995,264)(2993,624)(2982,949)(2927,1777)(2834,1512)(2944,632)(2901,920)(2740,1101)(2374,1944)(2214,1977)(2356,1568)(2221,1578)(2050,1833)(1994,1852)(2028,1736)(1787,1902)(1646,1817)(1632,1742)(1768,1578)(1623,1723)(2223,990)(2995,264)
salesman-3:(2995,264)(1699,1294)(1677,1238)(571,1982)(1082,1561)(394,1944)(555,1753)(1725,927)(386,1616)(1109,1196)(149,1629)(1264,1090)(811,1295)(1819,814)(2067,694)(778,1282)(80,1533)(464,1302)(2334,523)(1179,969)(1393,859)(2995,264)
salesman-4:(2995,264)(2658,360)(981,848)(1766,692)(931,512)(1009,1001)(1021,962)(555,1121)(1529,581)(997,942)(2597,349)(1962,389)(1828,456)(241,1069)(781,670)(401,980)(235,1059)(240,619)(1766,678)(1604,706)(2347,388)(2995,264)
salesman-5:(2995,264)(1346,408)(1203,385)(1541,354)(1017,333)(47,363)(366,339)(634,294)(460,267)(1272,246)(202,233)(387,199)(278,165)(2592,248)(264,36)(547,25)(2581,121)(2656,128)(3538,125)(3766,154)(2995,264)

Initial minimum distance: 79858.87677805567
Global minimum distance: 74255.27363173662
Running time: 89.62704229354858s
Route:
salesman-1:(2995,264)(3503,301)(3946,459)(3935,540)(3600,459)(3599,514)(3868,697)(3642,699)(3452,637)(3062,329)(3918,1217)(3535,1112)(3805,1619)(3786,1862)(3332,1049)(3373,1902)(3248,1906)(3220,1945)(3060,781)(3023,871)(3007,1524)(2995,264)
salesman-2:(2995,264)(2993,624)(2982,949)(2927,1777)(2834,1512)(2944,632)(2901,920)(2740,1101)(2374,1944)(2214,1977)(2356,1568)(2221,1578)(2050,1833)(1994,1852)(2028,1736)(1787,1902)(1646,1817)(1632,1742)(1768,1578)(1623,1723)(2223,990)(2995,264)
salesman-3:(2995,264)(1699,1294)(1677,1238)(571,1982)(1082,1561)(394,1944)(555,1753)(1725,927)(386,1616)(1109,1196)(149,1629)(1264,1090)(811,1295)(1819,814)(2067,694)(778,1282)(80,1533)(464,1302)(2334,523)(1179,969)(1393,859)(2995,264)
salesman-4:(2995,264)(1009,1001)(1021,962)(981,848)(1962,389)(1529,581)(235,1059)(931,512)(1828,456)(241,1069)(555,1121)(997,942)(2597,349)(1766,692)(401,980)(240,619)(2347,388)(2658,360)(781,670)(1604,706)(1766,678)(2995,264)
salesman-5:(2995,264)(3538,125)(3766,154)(366,339)(1203,385)(634,294)(1272,246)(1346,408)(387,199)(547,25)(202,233)(1541,354)(1017,333)(278,165)(460,267)(47,363)(264,36)(2592,248)(2581,121)(2656,128)(2995,264)

Initial minimum distance: 79858.87677805567
Global minimum distance: 64089.30844241353
Running time: 91.05941224098206s
Route:
salesman-1:(2995,264)(3503,301)(3946,459)(3935,540)(3600,459)(3599,514)(3868,697)(3642,699)(3452,637)(3062,329)(3918,1217)(3535,1112)(3805,1619)(3786,1862)(3332,1049)(3373,1902)(3248,1906)(3220,1945)(3060,781)(3023,871)(3007,1524)(2995,264)
salesman-2:(2995,264)(2993,624)(2982,949)(2927,1777)(2834,1512)(2944,632)(2901,920)(2740,1101)(2374,1944)(2214,1977)(2356,1568)(2221,1578)(2050,1833)(1994,1852)(2028,1736)(1787,1902)(1646,1817)(1632,1742)(1768,1578)(1623,1723)(2223,990)(2995,264)
salesman-3:(2995,264)(1699,1294)(1677,1238)(811,1295)(386,1616)(1082,1561)(1393,859)(1109,1196)(464,1302)(1819,814)(2334,523)(1725,927)(394,1944)(555,1753)(778,1282)(149,1629)(80,1533)(571,1982)(1962,389)(2067,694)(1264,1090)(2995,264)
salesman-4:(2995,264)(1766,692)(235,1059)(1179,969)(1021,962)(1009,1001)(555,1121)(401,980)(241,1069)(240,619)(981,848)(997,942)(1766,678)(2347,388)(2658,360)(1828,456)(781,670)(931,512)(1529,581)(1604,706)(2597,349)(2995,264)
salesman-5:(2995,264)(1346,408)(1203,385)(1541,354)(1017,333)(47,363)(366,339)(634,294)(460,267)(1272,246)(202,233)(387,199)(278,165)(2592,248)(264,36)(547,25)(2581,121)(2656,128)(3538,125)(3766,154)(2995,264)

Initial minimum distance: 79858.87677805567
Global minimum distance: 66477.1584636072
Running time: 91.18167424201965s
Route:
salesman-1:(2995,264)(3503,301)(3946,459)(3935,540)(3600,459)(3599,514)(3868,697)(3642,699)(3452,637)(3062,329)(3918,1217)(3535,1112)(3805,1619)(3786,1862)(3332,1049)(3373,1902)(3248,1906)(3220,1945)(3060,781)(3023,871)(3007,1524)(2995,264)
salesman-2:(2995,264)(2993,624)(2982,949)(2927,1777)(2834,1512)(2944,632)(2901,920)(2740,1101)(2374,1944)(2214,1977)(2356,1568)(2221,1578)(2050,1833)(1994,1852)(2028,1736)(1787,1902)(1646,1817)(1632,1742)(1768,1578)(1623,1723)(2223,990)(2995,264)
salesman-3:(2995,264)(1699,1294)(1677,1238)(1082,1561)(555,1753)(571,1982)(394,1944)(1725,927)(1109,1196)(981,848)(149,1629)(1264,1090)(811,1295)(1819,814)(2067,694)(235,1059)(80,1533)(1828,456)(1766,692)(1766,678)(1393,859)(2995,264)
salesman-4:(2995,264)(1009,1001)(781,670)(401,980)(240,619)(997,942)(1179,969)(1604,706)(386,1616)(778,1282)(1021,962)(464,1302)(555,1121)(241,1069)(2658,360)(1962,389)(2334,523)(1529,581)(2597,349)(2347,388)(931,512)(2995,264)
salesman-5:(2995,264)(1346,408)(1203,385)(1541,354)(1017,333)(47,363)(366,339)(634,294)(460,267)(1272,246)(202,233)(387,199)(278,165)(264,36)(547,25)(2592,248)(2581,121)(3766,154)(2656,128)(3538,125)(2995,264)

Initial minimum distance: 79858.87677805567
Global minimum distance: 62398.60317292118
Running time: 91.30328178405762s
Route:
salesman-1:(2995,264)(3503,301)(3946,459)(3935,540)(3600,459)(3599,514)(3868,697)(3642,699)(3452,637)(3062,329)(3535,1112)(3805,1619)(3786,1862)(3332,1049)(3918,1217)(3373,1902)(3248,1906)(3220,1945)(3060,781)(3023,871)(3007,1524)(2995,264)
salesman-2:(2995,264)(2993,624)(2982,949)(2927,1777)(2834,1512)(2944,632)(2901,920)(2740,1101)(2374,1944)(2214,1977)(2356,1568)(2221,1578)(2050,1833)(1994,1852)(2028,1736)(1787,1902)(1646,1817)(1632,1742)(1768,1578)(1623,1723)(2223,990)(2995,264)
salesman-3:(2995,264)(1699,1294)(1677,1238)(571,1982)(1082,1561)(555,1753)(386,1616)(778,1282)(811,1295)(1264,1090)(394,1944)(1725,927)(1393,859)(464,1302)(149,1629)(80,1533)(1109,1196)(1179,969)(2334,523)(1819,814)(2067,694)(2995,264)
salesman-4:(2995,264)(1009,1001)(1021,962)(931,512)(981,848)(1766,692)(997,942)(1766,678)(1604,706)(401,980)(555,1121)(235,1059)(240,619)(781,670)(241,1069)(1529,581)(2658,360)(2597,349)(2347,388)(1828,456)(1962,389)(2995,264)
salesman-5:(2995,264)(1346,408)(1203,385)(1541,354)(1017,333)(47,363)(366,339)(634,294)(460,267)(1272,246)(202,233)(387,199)(278,165)(2592,248)(264,36)(547,25)(2581,121)(2656,128)(3538,125)(3766,154)(2995,264)

Initial minimum distance: 79858.87677805567
Global minimum distance: 59834.38926703241
Running time: 91.65988659858704s
Route:
salesman-1:(2995,264)(3503,301)(3946,459)(3935,540)(3600,459)(3599,514)(3868,697)(3642,699)(3452,637)(3062,329)(3918,1217)(3535,1112)(3805,1619)(3786,1862)(3332,1049)(3373,1902)(3248,1906)(3220,1945)(3060,781)(3023,871)(3007,1524)(2995,264)
salesman-2:(2995,264)(2993,624)(2982,949)(2944,632)(2901,920)(2927,1777)(2834,1512)(2740,1101)(2374,1944)(2214,1977)(2356,1568)(2221,1578)(2050,1833)(1994,1852)(2028,1736)(1787,1902)(1646,1817)(1632,1742)(1768,1578)(1623,1723)(2223,990)(2995,264)
salesman-3:(2995,264)(2334,523)(1179,969)(1264,1090)(80,1533)(464,1302)(1393,859)(1725,927)(2067,694)(1677,1238)(1819,814)(1699,1294)(394,1944)(1109,1196)(386,1616)(811,1295)(778,1282)(149,1629)(555,1753)(571,1982)(1082,1561)(2995,264)
salesman-4:(2995,264)(2658,360)(2347,388)(931,512)(1009,1001)(555,1121)(1766,692)(1529,581)(2597,349)(401,980)(235,1059)(240,619)(981,848)(1021,962)(997,942)(1766,678)(1604,706)(241,1069)(781,670)(1962,389)(1828,456)(2995,264)
salesman-5:(2995,264)(2592,248)(1346,408)(1203,385)(1541,354)(1017,333)(47,363)(366,339)(634,294)(460,267)(1272,246)(202,233)(387,199)(278,165)(264,36)(547,25)(2581,121)(2656,128)(3538,125)(3766,154)(2995,264)

Initial minimum distance: 79858.87677805567
Global minimum distance: 65158.64504600746
Running time: 91.72279834747314s
Route:
salesman-1:(2995,264)(3503,301)(3935,540)(3918,1217)(3868,697)(3599,514)(3062,329)(3535,1112)(3946,459)(3452,637)(3642,699)(3600,459)(3805,1619)(3786,1862)(3332,1049)(3373,1902)(3248,1906)(3220,1945)(3060,781)(3023,871)(3007,1524)(2995,264)
salesman-2:(2995,264)(2993,624)(2982,949)(2927,1777)(2834,1512)(2944,632)(2901,920)(2740,1101)(2374,1944)(2214,1977)(2356,1568)(2221,1578)(2050,1833)(1994,1852)(2028,1736)(1787,1902)(1646,1817)(1632,1742)(1768,1578)(1623,1723)(2223,990)(2995,264)
salesman-3:(2995,264)(1699,1294)(1677,1238)(394,1944)(555,1753)(571,1982)(1082,1561)(2334,523)(1819,814)(149,1629)(811,1295)(80,1533)(1264,1090)(778,1282)(386,1616)(464,1302)(1109,1196)(2067,694)(1725,927)(1179,969)(1393,859)(2995,264)
salesman-4:(2995,264)(997,942)(781,670)(1604,706)(981,848)(931,512)(240,619)(555,1121)(241,1069)(235,1059)(1766,678)(1529,581)(401,980)(2347,388)(1962,389)(2658,360)(2597,349)(1766,692)(1828,456)(1021,962)(1009,1001)(2995,264)
salesman-5:(2995,264)(2592,248)(1346,408)(1203,385)(1541,354)(1017,333)(47,363)(366,339)(634,294)(460,267)(1272,246)(202,233)(387,199)(278,165)(264,36)(547,25)(2581,121)(2656,128)(3538,125)(3766,154)(2995,264)

Initial minimum distance: 79858.87677805567
Global minimum distance: 77888.25486959096
Running time: 93.48140668869019s
Route:
salesman-1:(2995,264)(3503,301)(3946,459)(3935,540)(3600,459)(3599,514)(3868,697)(3642,699)(3452,637)(3062,329)(3918,1217)(3535,1112)(3805,1619)(3786,1862)(3332,1049)(3373,1902)(3248,1906)(3220,1945)(3060,781)(3023,871)(3007,1524)(2995,264)
salesman-2:(2995,264)(2993,624)(2982,949)(2927,1777)(2834,1512)(2944,632)(2901,920)(2740,1101)(2374,1944)(2214,1977)(2356,1568)(2221,1578)(2050,1833)(1994,1852)(2028,1736)(1787,1902)(1646,1817)(1632,1742)(1768,1578)(1623,1723)(2223,990)(2995,264)
salesman-3:(2995,264)(1699,1294)(1677,1238)(571,1982)(1082,1561)(394,1944)(555,1753)(1725,927)(386,1616)(1109,1196)(149,1629)(1264,1090)(811,1295)(1819,814)(2067,694)(778,1282)(80,1533)(464,1302)(2334,523)(1179,969)(1393,859)(2995,264)
salesman-4:(2995,264)(1009,1001)(1021,962)(555,1121)(1766,692)(997,942)(1766,678)(1604,706)(241,1069)(981,848)(235,1059)(931,512)(2347,388)(1828,456)(2597,349)(401,980)(1962,389)(1529,581)(2658,360)(781,670)(240,619)(2995,264)
salesman-5:(2995,264)(2592,248)(3538,125)(2656,128)(2581,121)(366,339)(387,199)(1203,385)(278,165)(1272,246)(460,267)(1346,408)(1541,354)(1017,333)(547,25)(264,36)(202,233)(47,363)(634,294)(3766,154)(2995,264)

Initial minimum distance: 79858.87677805567
Global minimum distance: 72960.67234237696
Running time: 93.85409045219421s
Route:
salesman-1:(2995,264)(3503,301)(3946,459)(3935,540)(3600,459)(3599,514)(3868,697)(3642,699)(3452,637)(3062,329)(3918,1217)(3535,1112)(3805,1619)(3786,1862)(3332,1049)(3373,1902)(3248,1906)(3220,1945)(3060,781)(3023,871)(3007,1524)(2995,264)
salesman-2:(2995,264)(2993,624)(2982,949)(2927,1777)(2834,1512)(2944,632)(2901,920)(2740,1101)(2374,1944)(2214,1977)(2356,1568)(2221,1578)(2050,1833)(1994,1852)(2028,1736)(1787,1902)(1646,1817)(1632,1742)(1768,1578)(1623,1723)(2223,990)(2995,264)
salesman-3:(2995,264)(1699,1294)(1677,1238)(571,1982)(1082,1561)(394,1944)(555,1753)(1725,927)(386,1616)(1109,1196)(149,1629)(1264,1090)(811,1295)(1819,814)(1179,969)(1393,859)(2067,694)(778,1282)(80,1533)(464,1302)(2334,523)(2995,264)
salesman-4:(2995,264)(2347,388)(781,670)(1766,692)(2597,349)(1766,678)(1828,456)(1529,581)(555,1121)(1021,962)(241,1069)(2658,360)(235,1059)(981,848)(1604,706)(931,512)(1009,1001)(997,942)(401,980)(240,619)(1962,389)(2995,264)
salesman-5:(2995,264)(1346,408)(1203,385)(1541,354)(1017,333)(47,363)(366,339)(634,294)(460,267)(1272,246)(202,233)(387,199)(278,165)(2592,248)(264,36)(547,25)(2581,121)(2656,128)(3538,125)(3766,154)(2995,264)

Initial minimum distance: 79858.87677805567
Global minimum distance: 68961.33261467697
Running time: 95.60288834571838s
Route:
salesman-1:(2995,264)(3503,301)(3946,459)(3935,540)(3600,459)(3599,514)(3868,697)(3642,699)(3452,637)(3062,329)(3918,1217)(3535,1112)(3805,1619)(3786,1862)(3332,1049)(3373,1902)(3248,1906)(3220,1945)(2982,949)(3023,871)(3007,1524)(2995,264)
salesman-2:(2995,264)(2993,624)(3060,781)(2927,1777)(2834,1512)(2944,632)(2901,920)(2740,1101)(2374,1944)(2214,1977)(2356,1568)(2221,1578)(2050,1833)(1994,1852)(2028,1736)(1787,1902)(1646,1817)(1632,1742)(1768,1578)(1623,1723)(2223,990)(2995,264)
salesman-3:(2995,264)(1725,927)(555,1753)(80,1533)(386,1616)(394,1944)(571,1982)(149,1629)(1109,1196)(2067,694)(1699,1294)(778,1282)(1677,1238)(464,1302)(2334,523)(811,1295)(1264,1090)(1082,1561)(1179,969)(1393,859)(1819,814)(2995,264)
salesman-4:(2995,264)(555,1121)(997,942)(1021,962)(240,619)(2658,360)(1009,1001)(981,848)(401,980)(235,1059)(2597,349)(1962,389)(2347,388)(931,512)(1604,706)(1529,581)(1766,692)(1828,456)(1766,678)(781,670)(241,1069)(2995,264)
salesman-5:(2995,264)(1541,354)(2592,248)(1346,408)(1203,385)(1017,333)(47,363)(366,339)(634,294)(460,267)(1272,246)(202,233)(387,199)(278,165)(264,36)(547,25)(2581,121)(2656,128)(3538,125)(3766,154)(2995,264)

Initial minimum distance: 79858.87677805567
Global minimum distance: 63169.86570294056
Running time: 96.68317103385925s
Route:
salesman-1:(2995,264)(3599,514)(3868,697)(3935,540)(3503,301)(3946,459)(3600,459)(3642,699)(3918,1217)(3805,1619)(3786,1862)(3332,1049)(3373,1902)(3248,1906)(3220,1945)(3060,781)(3023,871)(3007,1524)(3452,637)(3535,1112)(3062,329)(2995,264)
salesman-2:(2995,264)(2993,624)(2982,949)(2927,1777)(2834,1512)(2944,632)(2901,920)(2740,1101)(2374,1944)(2214,1977)(2356,1568)(2221,1578)(2050,1833)(1994,1852)(2028,1736)(1787,1902)(1646,1817)(1632,1742)(1768,1578)(1623,1723)(2223,990)(2995,264)
salesman-3:(2995,264)(1699,1294)(1677,1238)(571,1982)(1082,1561)(394,1944)(555,1753)(386,1616)(1109,1196)(1264,1090)(811,1295)(149,1629)(778,1282)(80,1533)(464,1302)(1179,969)(1725,927)(1819,814)(2334,523)(1393,859)(2067,694)(2995,264)
salesman-4:(2995,264)(2658,360)(240,619)(1009,1001)(1828,456)(1766,692)(1604,706)(1766,678)(1529,581)(981,848)(555,1121)(2347,388)(1962,389)(1021,962)(997,942)(241,1069)(235,1059)(781,670)(931,512)(401,980)(2597,349)(2995,264)
salesman-5:(2995,264)(1346,408)(1203,385)(1541,354)(1017,333)(47,363)(366,339)(634,294)(460,267)(1272,246)(202,233)(387,199)(278,165)(2592,248)(264,36)(547,25)(2581,121)(2656,128)(3538,125)(3766,154)(2995,264)

Initial minimum distance: 79858.87677805567
Global minimum distance: 64414.20036392762
Running time: 97.8332769870758s
Route:
salesman-1:(2995,264)(3503,301)(3946,459)(3935,540)(3600,459)(3599,514)(3868,697)(3642,699)(3452,637)(3062,329)(3918,1217)(3535,1112)(3805,1619)(3786,1862)(3332,1049)(3373,1902)(3248,1906)(3220,1945)(3060,781)(3023,871)(3007,1524)(2995,264)
salesman-2:(2995,264)(2993,624)(2982,949)(2927,1777)(2834,1512)(2901,920)(2740,1101)(2374,1944)(2214,1977)(2356,1568)(2221,1578)(2050,1833)(1994,1852)(2028,1736)(1787,1902)(1646,1817)(1632,1742)(2067,694)(1768,1578)(1623,1723)(2944,632)(2995,264)
salesman-3:(2995,264)(1699,1294)(1677,1238)(1819,814)(2223,990)(571,1982)(1082,1561)(394,1944)(80,1533)(386,1616)(1109,1196)(1725,927)(464,1302)(555,1753)(1179,969)(811,1295)(149,1629)(778,1282)(1264,1090)(997,942)(1962,389)(2658,360)(1828,456)(401,980)(555,1121)(1393,859)(2334,523)(2995,264)
salesman-4:(2995,264)(2347,388)(981,848)(1009,1001)(1766,692)(1021,962)(1604,706)(1766,678)(2597,349)(241,1069)(235,1059)(1529,581)(781,670)(240,619)(931,512)(2995,264)
salesman-5:(2995,264)(1346,408)(1203,385)(1272,246)(1017,333)(1541,354)(634,294)(202,233)(47,363)(366,339)(460,267)(278,165)(547,25)(387,199)(264,36)(2592,248)(2581,121)(2656,128)(3538,125)(3766,154)(2995,264)

Initial minimum distance: 79858.87677805567
Global minimum distance: 61966.66698802475
Running time: 99.82784962654114s
Route:
salesman-1:(2995,264)(3503,301)(3946,459)(3935,540)(3600,459)(3599,514)(3868,697)(3642,699)(3452,637)(3062,329)(3918,1217)(3535,1112)(3805,1619)(3786,1862)(3332,1049)(3373,1902)(3248,1906)(3220,1945)(3060,781)(3023,871)(3007,1524)(2995,264)
salesman-2:(2995,264)(2993,624)(2982,949)(2927,1777)(2834,1512)(2944,632)(2901,920)(2740,1101)(2374,1944)(2214,1977)(2356,1568)(2221,1578)(2050,1833)(1994,1852)(2028,1736)(1787,1902)(1646,1817)(1632,1742)(1768,1578)(1623,1723)(2223,990)(2995,264)
salesman-3:(2995,264)(2334,523)(1725,927)(1699,1294)(1677,1238)(571,1982)(1082,1561)(394,1944)(555,1753)(386,1616)(1109,1196)(149,1629)(1179,969)(1264,1090)(1819,814)(2067,694)(778,1282)(80,1533)(464,1302)(811,1295)(1393,859)(2995,264)
salesman-4:(2995,264)(1766,692)(240,619)(241,1069)(235,1059)(555,1121)(931,512)(1604,706)(997,942)(981,848)(781,670)(401,980)(1529,581)(2347,388)(2597,349)(1962,389)(1766,678)(1828,456)(1009,1001)(1021,962)(2658,360)(2995,264)
salesman-5:(2995,264)(1346,408)(1203,385)(1541,354)(1017,333)(47,363)(366,339)(634,294)(460,267)(1272,246)(202,233)(387,199)(278,165)(2592,248)(264,36)(547,25)(2581,121)(2656,128)(3538,125)(3766,154)(2995,264)

