Initial minimum distance: 1061774.960542111
Global minimum distance: 538718.8617401998
Running time: 153.33646273612976s
[29, 36, 32, 33, 26]
Final Route: |(15625,1150)|(10175,11850)|(6175,11850)|(4975,8650)|(12525,8650)|(12525,11850)|(12625,6700)|(10075,11850)|(9525,11850)|(12225,11850)|(4875,8550)|(4975,7200)|(4975,6500)|(4975,6800)|(4975,7100)|(4975,8450)|(4975,7000)|(4875,6600)|(4975,8850)|(13125,11850)|(12525,9050)|(12625,7100)|(12525,6500)|(12625,7000)|(12525,7100)|(12625,9050)|(12625,8750)|(16375,2650)|(16375,3500)|
(15625,1150)|(5475,2500)|(5825,1750)|(4375,1300)|(5825,1900)|(4975,6900)|(4875,8750)|(12525,8950)|(12625,7200)|(12525,6700)|(12625,8650)|(9625,11850)|(5875,11850)|(11825,11850)|(13725,11850)|(13825,11850)|(8725,2650)|(6775,1200)|(5825,1600)|(5675,1200)|(4975,6700)|(4375,11850)|(5475,11850)|(4875,8650)|(16375,3300)|(16375,3200)|(14625,1200)|(13125,2500)|(8725,2950)|(12025,1300)|(13625,1200)|(14525,1200)|(16375,3800)|(13975,1500)|(16375,2850)|(16375,2750)|
(15625,1150)|(7975,1150)|(8725,3700)|(5475,3000)|(8725,2850)|(16375,3600)|(12625,8450)|(13525,11850)|(10275,11850)|(9725,11850)|(11125,11850)|(5975,11850)|(10375,11850)|(10775,11850)|(4875,7100)|(12625,8950)|(12525,8750)|(12525,8450)|(16375,3400)|(2925,11850)|(4675,11850)|(1875,11850)|(3675,11850)|(4975,11850)|(4475,11850)|(3775,11850)|(6075,11850)|(12425,11850)|(3375,11850)|(2425,11850)|(3025,11850)|(4175,11850)|
(15625,1150)|(9725,3850)|(12675,2150)|(12625,6500)|(12625,6600)|(10575,11850)|(4575,11850)|(4075,11850)|(2825,11850)|(4275,11850)|(11925,11850)|(11725,11850)|(12525,8550)|(9725,1450)|(8725,3500)|(4975,6600)|(2075,1450)|(2075,3850)|(4875,6800)|(4975,8950)|(5375,11850)|(3125,11850)|(11325,11850)|(12125,11850)|(13225,11850)|(13425,11850)|(13175,1200)|(13475,1900)|(14125,1200)|(13325,1200)|(11425,2300)|(13100,2150)|(13475,1750)|
(15625,1150)|(12625,6900)|(12625,8550)|(1975,11850)|(4775,11850)|(3475,11850)|(4875,8450)|(4875,8950)|(4975,8550)|(5675,11850)|(4975,9050)|(5775,11850)|(3575,11850)|(10075,8800)|(12525,7000)|(5025,1725)|(8725,3050)|(6325,2200)|(5525,1200)|(8725,2550)|(3775,1600)|(4375,3300)|(6275,1200)|(5975,1200)|(5025,2150)|(16375,3700)|

Initial minimum distance: 1098767.7609616446
Global minimum distance: 541443.2965895956
Running time: 154.0655333995819s
[36, 16, 45, 25, 34]
Final Route: |(15625,1150)|(13325,11850)|(12525,7200)|(5025,1725)|(4375,1300)|(5975,1200)|(13475,2050)|(14425,1200)|(16375,3800)|(12525,6700)|(12525,6800)|(12525,6900)|(12625,8750)|(10175,11850)|(11425,11850)|(13925,11850)|(12525,8450)|(8725,3400)|(2075,3850)|(2125,8800)|(3675,11850)|(3775,2300)|(5825,2050)|(6475,1200)|(15625,2150)|(16375,3200)|(13975,2200)|(13100,2150)|(4875,8650)|(5825,1600)|(8725,2950)|(8725,3300)|(9875,8800)|(9775,8800)|(13625,11850)|(12625,6900)|
(15625,1150)|(10075,8800)|(10675,11850)|(12625,8850)|(5875,11850)|(4975,8950)|(4975,9050)|(4575,11850)|(4875,6800)|(4975,6800)|(4975,6600)|(5775,11850)|(4975,8650)|(4875,6600)|(2075,1450)|(4975,6900)|
(15625,1150)|(12025,1300)|(14525,1200)|(12525,7100)|(12625,6700)|(14025,1200)|(13125,3000)|(16375,3700)|(16375,3500)|(16375,3050)|(12625,8550)|(12525,8650)|(12525,8750)|(12625,8950)|(12325,11850)|(11225,11850)|(12125,11850)|(11925,11850)|(9975,8800)|(13025,11850)|(12025,11850)|(12625,6500)|(16375,3300)|(13475,1750)|(13475,1900)|(12675,2150)|(13175,1200)|(8725,3050)|(9725,11850)|(5825,1900)|(5475,2500)|(6075,11850)|(4875,6900)|(2925,11850)|(2525,11850)|(5975,11850)|(12625,6600)|(11725,11850)|(9525,11850)|(10575,11850)|(10475,11850)|(10775,11850)|(11325,11850)|(13425,11850)|(13125,2500)|
(15625,1150)|(12025,3300)|(12525,7000)|(12525,8850)|(12525,8550)|(12625,6800)|(10275,11850)|(9725,1450)|(8725,3500)|(4275,11850)|(3475,11850)|(2825,11850)|(4875,7000)|(4875,8950)|(4975,7000)|(4975,7100)|(5475,3000)|(1975,11850)|(4875,8550)|(5825,1200)|(5675,1200)|(5025,2150)|(6875,1200)|(12675,1725)|(11425,2300)|
(15625,1150)|(8725,3600)|(8725,2850)|(13625,1200)|(9725,3850)|(13100,1725)|(7975,2150)|(4875,8850)|(4975,11850)|(2625,11850)|(3375,11850)|(4475,11850)|(3125,11850)|(2425,11850)|(3025,11850)|(3775,11850)|(4875,9050)|(2325,8800)|(2225,8800)|(1875,11850)|(4975,8850)|(4875,6500)|(5375,11850)|(5575,11850)|(6175,11850)|(5475,11850)|(4875,11850)|(4675,11850)|(4875,8750)|(4375,3300)|(8725,3200)|(8725,3800)|(8725,2650)|(13925,1200)|

Initial minimum distance: 1085279.0001702546
Global minimum distance: 492724.6253851609
Running time: 154.8155357837677s
[21, 45, 28, 42, 20]
Final Route: |(15625,1150)|(12625,7200)|(12525,8450)|(12525,9050)|(12525,6900)|(8725,3800)|(6325,1500)|(2075,1450)|(3775,1600)|(8725,2950)|(6975,1200)|(5825,1750)|(4575,11850)|(5575,11850)|(4975,11850)|(9625,11850)|(6175,11850)|(9525,11850)|(13100,2150)|(12025,3300)|(16375,2650)|
(15625,1150)|(13125,2500)|(8725,3700)|(9725,3850)|(12025,1300)|(8725,2850)|(8725,2750)|(8725,3600)|(8725,2550)|(12625,6600)|(12625,6500)|(13825,11850)|(4875,8550)|(4875,8950)|(5875,11850)|(5975,11850)|(4075,11850)|(3025,11850)|(2725,11850)|(2425,8800)|(4875,6600)|(7975,1150)|(6875,1200)|(4975,8450)|(4975,8650)|(4875,8750)|(2525,11850)|(2325,8800)|(4875,6700)|(5775,11850)|(4875,8650)|(5825,1600)|(5675,1200)|(4375,1300)|(6775,1200)|(11425,1600)|(12675,2150)|(10275,11850)|(12625,8550)|(12625,7000)|(12525,6500)|(12625,6800)|(11325,11850)|(10175,11850)|(13425,11850)|
(15625,1150)|(13225,11850)|(11425,11850)|(12625,11850)|(12625,8750)|(10775,11850)|(12425,11850)|(12625,8450)|(5675,11850)|(3125,11850)|(4175,11850)|(4675,11850)|(2825,11850)|(4375,11850)|(5475,11850)|(3575,11850)|(4775,11850)|(4975,6800)|(4875,6900)|(4875,9050)|(8725,3200)|(10075,11850)|(5450,1725)|(4975,6600)|(4975,6700)|(4875,6800)|(6325,2200)|(11425,2300)|
(15625,1150)|(8725,3500)|(4975,9050)|(4975,8950)|(2425,11850)|(2625,11850)|(2075,11850)|(4275,11850)|(4875,7200)|(4875,7100)|(4875,8850)|(12525,8650)|(12525,8850)|(12525,8550)|(12525,8950)|(12225,11850)|(11925,11850)|(12525,6600)|(16375,3200)|(4975,7100)|(2225,8800)|(4875,8450)|(8725,3300)|(8725,3400)|(5825,2050)|(9725,1450)|(5525,1200)|(16375,2550)|(12625,8950)|(12625,9050)|(12625,6700)|(9875,8800)|(12325,11850)|(12525,11850)|(13325,11850)|(11025,11850)|(11725,11850)|(12625,8650)|(12625,7100)|(12525,7000)|(14525,1200)|(16375,3800)|
(15625,1150)|(13475,1200)|(14425,1200)|(16375,2750)|(16375,3400)|(16375,2950)|(14125,1200)|(13325,1200)|(14025,1200)|(13975,2200)|(9975,8800)|(4975,6500)|(4875,6500)|(5475,2500)|(8725,3050)|(8725,2650)|(13475,2050)|(16375,2850)|(16375,3700)|(15625,2150)|

Initial minimum distance: 1093717.1915494
Global minimum distance: 527812.1587080065
Running time: 154.95715260505676s
[19, 44, 20, 31, 42]
Final Route: |(15625,1150)|(16375,2550)|(12525,6600)|(12525,6500)|(8725,2650)|(8725,3050)|(4875,6600)|(4975,8450)|(5450,2150)|(4975,6600)|(12525,7100)|(4375,1300)|(8725,2950)|(12025,1300)|(13925,1200)|(13475,1200)|(14525,1200)|(13175,1200)|(13475,1750)|
(15625,1150)|(13475,2050)|(13975,1500)|(13125,3000)|(13325,1200)|(13125,2500)|(8725,2550)|(8725,3600)|(12525,6800)|(10075,8800)|(4875,8650)|(4975,11850)|(5025,1725)|(5825,1200)|(6275,1200)|(6875,1200)|(3775,1600)|(4875,6800)|(10575,11850)|(13325,11850)|(12425,11850)|(13425,11850)|(12525,6900)|(13225,11850)|(13925,11850)|(13525,11850)|(11425,11850)|(12625,8750)|(12625,9050)|(12525,8450)|(12625,6800)|(16375,3800)|(14625,1200)|(15625,2150)|(16375,2750)|(9525,11850)|(6075,11850)|(4275,11850)|(6175,11850)|(10175,11850)|(9975,8800)|(10375,11850)|(9775,8800)|(6275,11850)|
(15625,1150)|(8725,3500)|(9875,8800)|(12625,7200)|(12525,7200)|(14425,1200)|(11425,2300)|(13625,11850)|(12625,8650)|(12625,7000)|(12525,6700)|(5825,1900)|(6475,1200)|(2075,1450)|(5450,1725)|(12025,3300)|(8725,3400)|(8725,2850)|(5975,1200)|(4375,3300)|
(15625,1150)|(5675,1200)|(5825,2050)|(6325,2200)|(6975,1200)|(8725,3200)|(4875,7000)|(4875,8750)|(5375,11850)|(4575,11850)|(11825,11850)|(12525,8850)|(12625,8550)|(5675,11850)|(5775,11850)|(4375,11850)|(3675,11850)|(3375,11850)|(3575,11850)|(2725,11850)|(2825,11850)|(2525,11850)|(3125,11850)|(2925,11850)|(2325,8800)|(2225,8800)|(2075,11850)|(4875,8450)|(4875,8850)|(4875,8950)|(4975,6800)|
(15625,1150)|(14025,1200)|(13475,1900)|(13100,1725)|(16375,3600)|(16375,3400)|(13825,11850)|(12525,9050)|(13025,11850)|(12325,11850)|(1975,11850)|(4875,6900)|(2075,3850)|(4875,6700)|(4875,6500)|(4975,8750)|(10675,11850)|(11025,11850)|(12025,11850)|(3475,11850)|(5575,11850)|(4075,11850)|(8725,3700)|(6375,1200)|(12525,7000)|(12625,8450)|(12625,6500)|(12625,7100)|(4975,6700)|(4975,6900)|(5475,3000)|(12125,11850)|(12525,8650)|(12625,11850)|(12225,11850)|(5875,11850)|(4975,7100)|(4875,7100)|(4975,6500)|(3025,11850)|(4975,8850)|(16375,3700)|

Initial minimum distance: 1074531.9164464269
Global minimum distance: 534228.6818815677
Running time: 156.74332737922668s
[21, 34, 37, 31, 33]
Final Route: |(15625,1150)|(16375,2750)|(13125,2500)|(13475,1200)|(13100,1725)|(16375,3200)|(16375,2850)|(13975,2200)|(8725,3800)|(4975,7000)|(4975,8950)|(5975,11850)|(4875,8750)|(5025,2150)|(4975,8450)|(4875,6600)|(4875,6500)|(4975,6500)|(4975,7100)|(4975,6600)|(4875,7200)|
(15625,1150)|(4375,3300)|(6375,1200)|(8725,3500)|(16375,2950)|(13325,1200)|(16375,3600)|(16375,3400)|(13125,11850)|(11425,11850)|(11125,11850)|(11925,11850)|(12625,8550)|(12525,7200)|(12525,8450)|(10575,11850)|(2325,8800)|(4875,6900)|(5575,11850)|(4475,11850)|(2075,3850)|(3775,1600)|(6475,1200)|(4375,1300)|(5825,1600)|(6275,1200)|(5825,1200)|(16375,3500)|(13475,1750)|(14425,1200)|(15625,2150)|(12625,8650)|(12525,8550)|(12625,7100)|
(15625,1150)|(13125,3000)|(13925,1200)|(12675,1725)|(12525,7000)|(7975,2150)|(4075,11850)|(13325,11850)|(9525,11850)|(6175,11850)|(4875,7100)|(4875,8950)|(4875,6800)|(11025,11850)|(13475,1600)|(12025,1300)|(8725,3300)|(12525,8650)|(4875,11850)|(4875,8850)|(4575,11850)|(3125,11850)|(2075,11850)|(1975,11850)|(4675,11850)|(4975,8550)|(4175,11850)|(5825,1900)|(2525,11850)|(4975,8850)|(4975,8650)|(2725,11850)|(2625,11850)|(13625,11850)|(12425,11850)|(13925,11850)|(16375,3800)|
(15625,1150)|(16375,3700)|(14525,1200)|(14025,1200)|(13175,1200)|(12675,2150)|(11425,2300)|(16375,2550)|(16375,3300)|(12625,8850)|(12525,6600)|(4375,11850)|(6275,11850)|(10275,11850)|(2425,11850)|(3375,11850)|(5375,11850)|(4775,11850)|(2425,8800)|(8725,3700)|(8725,3600)|(7975,1150)|(5475,2500)|(5025,1725)|(8725,2650)|(8725,2950)|(11425,1600)|(13625,1200)|(13100,2150)|(13475,2050)|(13975,1500)|
(15625,1150)|(8725,3400)|(4875,6700)|(4875,7000)|(4975,8750)|(4975,11850)|(9725,11850)|(9625,11850)|(10475,11850)|(10775,11850)|(10175,11850)|(5775,11850)|(3575,11850)|(12625,9050)|(12625,8950)|(12525,6900)|(13225,11850)|(13725,11850)|(12625,6600)|(11225,11850)|(12525,7100)|(12625,6800)|(12525,8950)|(9875,8800)|(12525,6500)|(2075,1450)|(5825,2050)|(5675,1200)|(5975,1200)|(6325,1500)|(6775,1200)|(5450,2150)|(9725,3850)|

Initial minimum distance: 1056893.5259805773
Global minimum distance: 537182.573906483
Running time: 158.0326497554779s
[25, 42, 19, 46, 24]
Final Route: |(15625,1150)|(9725,3850)|(8725,2950)|(12675,2150)|(13475,1750)|(12525,9050)|(13100,1725)|(4975,6700)|(4875,6700)|(9725,11850)|(12625,8450)|(13475,1900)|(14425,1200)|(16375,3300)|(16375,3700)|(14525,1200)|(13475,2050)|(13125,2500)|(8725,2650)|(2225,8800)|(2425,8800)|(2325,8800)|(14125,1200)|(14025,1200)|(14625,1200)|
(15625,1150)|(13925,1200)|(13475,1600)|(16375,2650)|(12625,7000)|(11025,11850)|(12625,9050)|(12525,8650)|(13825,11850)|(12625,7200)|(12525,7100)|(12525,6800)|(12625,7100)|(13725,11850)|(12525,8850)|(6375,1200)|(12025,1300)|(12525,6900)|(4975,6800)|(4875,6600)|(4875,7100)|(5575,11850)|(6075,11850)|(3575,11850)|(4975,11850)|(4875,6800)|(4075,11850)|(6275,11850)|(5375,11850)|(4975,8650)|(3775,11850)|(4775,11850)|(3475,11850)|(5475,11850)|(4575,11850)|(12525,6500)|(12625,6500)|(12525,8950)|(12625,8750)|(12625,11850)|(13925,11850)|(12525,6600)|
(15625,1150)|(12525,8550)|(9775,8800)|(12225,11850)|(11925,11850)|(11225,11850)|(13425,11850)|(4875,8450)|(4875,8850)|(5475,3000)|(5825,1200)|(4375,3300)|(6325,2200)|(5825,1600)|(5675,1200)|(4375,1300)|(4975,7100)|(4975,8850)|(4875,11850)|
(15625,1150)|(3775,1600)|(5450,2150)|(5825,1750)|(5450,1725)|(8725,3200)|(8725,3800)|(11425,1600)|(13975,1500)|(13125,3000)|(10075,8800)|(12525,7000)|(10675,11850)|(13525,11850)|(13225,11850)|(12025,11850)|(12525,11850)|(12325,11850)|(10475,11850)|(10775,11850)|(5875,11850)|(4875,9050)|(4275,11850)|(2625,11850)|(2075,11850)|(4975,9050)|(5975,11850)|(2725,11850)|(5825,1900)|(5525,1200)|(8725,3500)|(8725,3050)|(13625,11850)|(11425,11850)|(12525,8450)|(10175,11850)|(9625,11850)|(9525,11850)|(11125,11850)|(9875,8800)|(9975,8800)|(4875,8950)|(8725,2750)|(8725,3700)|(8725,3300)|(13325,1200)|
(15625,1150)|(16375,2550)|(12625,6600)|(12625,6700)|(16375,3500)|(16375,2950)|(5825,2050)|(3675,11850)|(3375,11850)|(4975,7000)|(4975,8450)|(4975,8750)|(12625,8550)|(12025,3300)|(6325,1500)|(10375,11850)|(13325,11850)|(3775,2300)|(5975,1200)|(4975,6500)|(4875,7200)|(5475,2500)|(13475,1200)|(15625,2150)|

Initial minimum distance: 1082412.7787090456
Global minimum distance: 548395.3846167342
Running time: 158.18760180473328s
[21, 31, 33, 23, 48]
Final Route: |(15625,1150)|(16375,3500)|(16375,3700)|(11425,2300)|(8725,2850)|(12625,8450)|(12625,6700)|(8725,2550)|(9775,8800)|(7975,2150)|(4975,7100)|(9725,1450)|(16375,2850)|(15625,2150)|(12675,2150)|(5675,1200)|(3775,1600)|(5525,1200)|(14025,1200)|(13100,1725)|(16375,3600)|
(15625,1150)|(16375,3200)|(14525,1200)|(16375,3400)|(5825,2050)|(8725,3200)|(12525,7100)|(4775,11850)|(4975,8450)|(4875,8650)|(4975,6600)|(4975,6700)|(6325,1500)|(8725,3600)|(4875,8450)|(4975,6800)|(10075,8800)|(4875,6900)|(4975,6900)|(12525,8450)|(12525,6500)|(13475,1750)|(12625,8950)|(4875,9050)|(4875,7100)|(4975,9050)|(4975,7000)|(2225,8800)|(12625,9050)|(12525,7200)|(12625,7100)|
(15625,1150)|(16375,2550)|(8725,3800)|(8725,2950)|(9525,11850)|(6175,11850)|(5575,11850)|(2425,8800)|(6075,11850)|(4975,8950)|(4975,6500)|(2325,8800)|(2425,11850)|(12625,8850)|(12025,1300)|(13475,1900)|(16375,2950)|(12625,6500)|(11425,1600)|(12625,6800)|(12625,6600)|(8725,3300)|(5025,2150)|(5825,1900)|(5975,1200)|(4375,3300)|(5450,2150)|(6475,1200)|(8725,2650)|(9725,3850)|(8725,3700)|(5825,1200)|(5825,1750)|
(15625,1150)|(9875,8800)|(9975,8800)|(13725,11850)|(13625,11850)|(13425,11850)|(13125,11850)|(11425,11850)|(10075,11850)|(5375,11850)|(4975,8650)|(4875,8850)|(4875,8750)|(4875,7200)|(4375,11850)|(5975,11850)|(1875,11850)|(2075,11850)|(2125,8800)|(13925,11850)|(12525,8550)|(13175,1200)|(14125,1200)|
(15625,1150)|(13325,1200)|(13975,1500)|(12675,1725)|(13475,1600)|(12525,6600)|(3575,11850)|(2925,11850)|(4275,11850)|(3375,11850)|(4475,11850)|(4075,11850)|(9625,11850)|(9725,11850)|(12625,11850)|(11325,11850)|(10775,11850)|(3775,11850)|(3475,11850)|(2725,11850)|(12525,9050)|(12525,6900)|(10675,11850)|(13525,11850)|(13225,11850)|(12425,11850)|(10275,11850)|(12625,8550)|(12525,7000)|(5775,11850)|(5875,11850)|(10375,11850)|(10475,11850)|(4875,11850)|(5675,11850)|(4875,8950)|(2825,11850)|(2525,11850)|(1975,11850)|(11925,11850)|(12525,11850)|(12525,8950)|(13025,11850)|(12525,8750)|(4975,8850)|(4875,6500)|(2075,3850)|(5475,2500)|

Initial minimum distance: 1068367.195735834
Global minimum distance: 568710.3174129899
Running time: 158.76592445373535s
[32, 38, 29, 25, 32]
Final Route: |(15625,1150)|(4975,6500)|(4875,7100)|(9725,11850)|(12625,7100)|(10175,11850)|(5525,1200)|(6325,1500)|(6975,1200)|(5025,1725)|(5025,2150)|(5975,1200)|(9725,3850)|(12025,1300)|(8725,3300)|(12025,3300)|(13125,3000)|(11425,2300)|(12525,8650)|(12625,8450)|(12625,6500)|(4875,9050)|(2225,8800)|(12625,11850)|(12025,11850)|(9875,8800)|(8725,3050)|(6375,1200)|(13175,1200)|(13100,2150)|(12675,2150)|(16375,3600)|
(15625,1150)|(16375,2750)|(8725,2850)|(4375,3300)|(5450,1725)|(5825,1200)|(2925,11850)|(3025,11850)|(5875,11850)|(5975,11850)|(5475,11850)|(4675,11850)|(5675,11850)|(4175,11850)|(4875,8850)|(3775,11850)|(1975,11850)|(4975,8650)|(4975,6900)|(4975,8950)|(2075,11850)|(8725,3500)|(5825,1600)|(8725,2650)|(4975,7000)|(11225,11850)|(13325,11850)|(10075,8800)|(6075,11850)|(5375,11850)|(4275,11850)|(4575,11850)|(4875,8650)|(16375,3700)|(7975,1150)|(6325,2200)|(6875,1200)|(6775,1200)|
(15625,1150)|(4875,7200)|(4975,7100)|(12625,9050)|(13725,11850)|(12525,7200)|(3125,11850)|(5825,1750)|(5475,3000)|(14125,1200)|(13475,1200)|(13975,1500)|(16375,3400)|(12625,6700)|(8725,3700)|(8725,2750)|(8725,2550)|(9725,1450)|(2075,1450)|(4875,6500)|(4875,6700)|(4875,8750)|(4975,6700)|(12525,6600)|(12525,6500)|(12625,6900)|(12525,7000)|(12625,8750)|(11425,1600)|
(15625,1150)|(14525,1200)|(13475,1600)|(16375,2650)|(15625,2150)|(2425,8800)|(4975,8850)|(2325,8800)|(4875,11850)|(4875,8450)|(13625,1200)|(13225,11850)|(13425,11850)|(4875,8950)|(12625,8850)|(12525,8450)|(13625,11850)|(10675,11850)|(10275,11850)|(10075,11850)|(12525,9050)|(12225,11850)|(12525,8950)|(12625,6600)|(13125,2500)|
(15625,1150)|(14425,1200)|(13975,2200)|(4875,6900)|(4875,8550)|(4375,11850)|(2425,11850)|(1875,11850)|(3375,11850)|(3575,11850)|(3675,11850)|(2725,11850)|(11725,11850)|(12525,11850)|(11425,11850)|(12525,8850)|(13025,11850)|(10775,11850)|(10375,11850)|(6175,11850)|(4475,11850)|(4075,11850)|(5575,11850)|(12625,8550)|(12625,7000)|(11825,11850)|(12125,11850)|(11325,11850)|(4975,8750)|(2625,11850)|(6275,11850)|(12675,1725)|

Initial minimum distance: 1079211.2814221813
Global minimum distance: 533035.9044085805
Running time: 158.8946988582611s
[41, 38, 24, 28, 25]
Final Route: |(15625,1150)|(10375,11850)|(2425,8800)|(2525,11850)|(4975,11850)|(4475,11850)|(6175,11850)|(1875,11850)|(2825,11850)|(3475,11850)|(3125,11850)|(3575,11850)|(13125,11850)|(12625,6800)|(8725,2950)|(7975,2150)|(12325,11850)|(12525,11850)|(12025,11850)|(10075,8800)|(12625,6500)|(11325,11850)|(12625,8550)|(12525,8450)|(12525,6600)|(12625,7200)|(16375,3200)|(14425,1200)|(13475,1600)|(12525,9050)|(4875,7200)|(4875,9050)|(12625,11850)|(12225,11850)|(12125,11850)|(10775,11850)|(12525,8650)|(9875,8800)|(8725,2750)|(8725,2550)|(8725,2850)|
(15625,1150)|(13925,1200)|(14125,1200)|(11425,2300)|(5825,1900)|(5825,1200)|(2725,11850)|(5025,1725)|(5825,2050)|(5825,1600)|(4875,6700)|(4975,6900)|(4375,11850)|(4975,8850)|(4875,8550)|(4975,9050)|(4975,8450)|(4975,6500)|(4875,6600)|(4875,7100)|(4975,8650)|(4075,11850)|(5775,11850)|(3375,11850)|(1975,11850)|(5975,11850)|(11225,11850)|(13725,11850)|(13025,11850)|(4875,8450)|(9775,8800)|(10675,11850)|(10275,11850)|(9975,8800)|(5575,11850)|(10175,11850)|(11425,1600)|(12525,8850)|
(15625,1150)|(8725,3200)|(2075,11850)|(3675,11850)|(8725,3800)|(13100,2150)|(13475,1750)|(12625,8950)|(12625,7000)|(12625,6600)|(12675,2150)|(14025,1200)|(13475,2050)|(13475,1900)|(14525,1200)|(13325,1200)|(5450,2150)|(6975,1200)|(2075,1450)|(8725,3300)|(8725,3700)|(13975,2200)|(16375,3400)|(16375,3050)|
(15625,1150)|(4975,7200)|(3025,11850)|(3775,11850)|(4875,8850)|(4875,6500)|(6475,1200)|(3775,1600)|(5675,1200)|(4375,1300)|(4975,8950)|(13225,11850)|(13525,11850)|(12625,8650)|(12425,11850)|(11825,11850)|(13625,11850)|(11425,11850)|(10075,11850)|(10575,11850)|(9725,3850)|(8725,3600)|(5450,1725)|(13100,1725)|(13975,1500)|(12675,1725)|(13175,1200)|(12525,7100)|
(15625,1150)|(12625,9050)|(5375,11850)|(5875,11850)|(4875,8750)|(9525,11850)|(12525,8750)|(12525,6900)|(5475,3000)|(4975,8550)|(4875,6800)|(4875,6900)|(4975,6600)|(4975,7100)|(9625,11850)|(9725,11850)|(12625,7100)|(12525,7000)|(16375,3800)|(16375,2550)|(16375,2750)|(15625,2150)|(16375,3500)|(16375,2950)|(16375,3300)|

Initial minimum distance: 1085722.0757077443
Global minimum distance: 531266.3892758061
Running time: 159.36566305160522s
[40, 34, 38, 23, 21]
Final Route: |(15625,1150)|(8725,2950)|(5475,2500)|(13125,11850)|(12525,8750)|(13025,11850)|(4975,8750)|(4975,9050)|(5450,1725)|(6375,1200)|(4975,6600)|(4975,6700)|(4975,8850)|(4975,8550)|(6075,11850)|(4975,11850)|(3575,11850)|(2075,11850)|(4575,11850)|(2725,11850)|(4875,8550)|(4975,8950)|(2125,8800)|(4875,7200)|(5025,2150)|(4975,6900)|(4975,8650)|(3675,11850)|(4675,11850)|(5575,11850)|(3475,11850)|(2625,11850)|(1975,11850)|(2225,8800)|(12525,7100)|(12625,6900)|(16375,3500)|(16375,2550)|(16375,2750)|(13625,1200)|
(15625,1150)|(16375,2650)|(12675,1725)|(11425,1600)|(16375,2950)|(13975,2200)|(12525,8650)|(10075,8800)|(10475,11850)|(9625,11850)|(4875,8750)|(12625,8750)|(12425,11850)|(13425,11850)|(16375,3800)|(12625,7000)|(13975,1500)|(15625,2150)|(16375,3400)|(13475,1750)|(13475,1900)|(8725,2850)|(5825,1200)|(4375,1300)|(5025,1725)|(5475,3000)|(5825,2050)|(3775,1600)|(7975,1150)|(12525,6700)|(12625,8550)|(12525,8550)|(12625,8650)|(5825,1750)|
(15625,1150)|(13125,3000)|(9775,8800)|(8725,3200)|(12325,11850)|(11425,11850)|(10375,11850)|(11925,11850)|(11325,11850)|(11825,11850)|(3025,11850)|(4775,11850)|(4975,7000)|(4975,6800)|(4975,6500)|(4975,7200)|(12625,8850)|(12625,6600)|(12625,7200)|(12525,6600)|(16375,3700)|(7975,2150)|(3775,2300)|(6875,1200)|(6325,2200)|(4975,7100)|(4975,8450)|(2925,11850)|(4875,9050)|(4875,7000)|(4875,6500)|(2075,3850)|(4875,6900)|(4875,8850)|(4875,8450)|(10075,11850)|(9525,11850)|(8725,3400)|
(15625,1150)|(6775,1200)|(6975,1200)|(2075,1450)|(9725,1450)|(8725,3800)|(6475,1200)|(13100,1725)|(13825,11850)|(12625,9050)|(5375,11850)|(2525,11850)|(3375,11850)|(4875,8950)|(5475,11850)|(3125,11850)|(4875,8650)|(4175,11850)|(4475,11850)|(12525,8850)|(12525,9050)|(10575,11850)|(16375,2850)|
(15625,1150)|(13925,1200)|(13475,1200)|(13125,2500)|(12525,7200)|(12625,6700)|(12525,8450)|(8725,3050)|(9975,8800)|(9725,11850)|(12525,11850)|(13625,11850)|(13525,11850)|(12625,8450)|(12525,6900)|(12625,6800)|(5875,11850)|(4875,11850)|(4875,6600)|(8725,2750)|(11425,2300)|

Initial minimum distance: 1092131.4365242103
Global minimum distance: 535488.7362473565
Running time: 159.60429430007935s
[19, 56, 34, 23, 24]
Final Route: |(15625,1150)|(13475,1200)|(13475,1900)|(12675,1725)|(13475,2050)|(5675,1200)|(6375,1200)|(4375,1300)|(5475,3000)|(5475,2500)|(4975,7000)|(9875,8800)|(8725,2750)|(8725,3800)|(8725,3500)|(16375,2850)|(16375,3800)|(12525,6800)|(16375,2750)|
(15625,1150)|(13975,1500)|(13625,1200)|(14025,1200)|(14125,1200)|(13475,1600)|(8725,2950)|(13100,2150)|(12125,11850)|(11925,11850)|(13725,11850)|(12625,9050)|(12625,8550)|(13125,2500)|(11425,1600)|(5825,1900)|(4875,6700)|(4975,7200)|(2125,8800)|(3025,11850)|(6075,11850)|(9625,11850)|(3475,11850)|(4975,6900)|(4875,8950)|(5675,11850)|(10275,11850)|(12225,11850)|(12525,8750)|(9525,11850)|(10475,11850)|(12625,7000)|(9975,8800)|(4875,8550)|(5575,11850)|(6275,11850)|(8725,3600)|(12525,6600)|(16375,3050)|(12625,8950)|(12525,7100)|(10075,11850)|(13325,11850)|(13225,11850)|(13825,11850)|(10775,11850)|(11125,11850)|(2225,8800)|(2825,11850)|(4375,11850)|(2925,11850)|(4075,11850)|(6175,11850)|(4875,7000)|(4975,6800)|(11425,2300)|
(15625,1150)|(16375,3300)|(13175,1200)|(13325,1200)|(13475,1750)|(8725,3700)|(6775,1200)|(5825,1750)|(5825,1600)|(6325,2200)|(5025,2150)|(4875,6600)|(4175,11850)|(3575,11850)|(2625,11850)|(5775,11850)|(12525,8950)|(4875,8450)|(4475,11850)|(12525,9050)|(11725,11850)|(11025,11850)|(12425,11850)|(13925,11850)|(5475,11850)|(4775,11850)|(5375,11850)|(2525,11850)|(4975,8850)|(4975,8550)|(8725,3050)|(8725,2850)|(8725,2650)|(8725,3400)|
(15625,1150)|(5450,1725)|(3775,2300)|(12525,7000)|(5825,1200)|(5975,11850)|(4975,8650)|(4875,8750)|(4875,8650)|(4875,11850)|(2075,11850)|(4675,11850)|(2425,8800)|(2325,8800)|(2075,3850)|(4975,6500)|(4875,7100)|(7975,1150)|(12525,6700)|(11225,11850)|(2425,11850)|(10175,11850)|(9725,11850)|
(15625,1150)|(4975,6600)|(4875,6800)|(2075,1450)|(4375,3300)|(5975,1200)|(6875,1200)|(4975,8450)|(6975,1200)|(6475,1200)|(8725,2550)|(13125,3000)|(13100,1725)|(10075,8800)|(12525,6900)|(12525,8450)|(10575,11850)|(12625,11850)|(11825,11850)|(12625,6600)|(12625,6700)|(16375,3600)|(16375,2950)|(16375,2550)|

Initial minimum distance: 1081892.3227847565
Global minimum distance: 531592.9605732377
Running time: 159.8675889968872s
[48, 6, 28, 48, 26]
Final Route: |(15625,1150)|(9975,8800)|(12625,8950)|(12625,7200)|(12625,8550)|(13825,11850)|(3375,11850)|(11825,11850)|(12525,11850)|(2425,8800)|(2925,11850)|(4875,7100)|(4975,6800)|(5450,2150)|(2075,3850)|(13125,3000)|(8725,3300)|(8725,2650)|(4975,6900)|(4975,8450)|(4975,6700)|(6475,1200)|(5825,1750)|(6325,1500)|(3775,1600)|(6875,1200)|(6275,1200)|(6775,1200)|(5025,2150)|(12025,1300)|(12625,6700)|(12525,8950)|(11225,11850)|(12625,6500)|(12625,6900)|(12625,6800)|(12625,8750)|(12525,8850)|(10075,8800)|(4875,6500)|(2125,8800)|(5775,11850)|(9725,11850)|(4975,8950)|(4875,6900)|(8725,3500)|(12525,6600)|(13625,1200)|
(15625,1150)|(12675,2150)|(13100,2150)|(4875,7000)|(12525,6700)|(12025,3300)|
(15625,1150)|(13325,1200)|(16375,2650)|(12525,7100)|(5475,3000)|(5025,1725)|(8725,3600)|(8725,3700)|(7975,1150)|(6325,2200)|(8725,2850)|(13475,1200)|(13475,1750)|(8725,3050)|(6075,11850)|(6275,11850)|(3775,11850)|(4175,11850)|(4475,11850)|(5375,11850)|(4875,6800)|(5825,1900)|(5825,1600)|(5675,1200)|(8725,2750)|(13975,1500)|(13925,1200)|(16375,3400)|
(15625,1150)|(13100,1725)|(16375,3700)|(15625,2150)|(4375,3300)|(4975,7100)|(7975,2150)|(4875,8450)|(5675,11850)|(3125,11850)|(2625,11850)|(2425,11850)|(4975,8850)|(4975,9050)|(4975,8550)|(4875,8950)|(4875,9050)|(4875,6700)|(6175,11850)|(12525,6900)|(12525,7000)|(16375,3500)|(16375,3200)|(2825,11850)|(4875,11850)|(12525,7200)|(12525,8750)|(12525,8450)|(11425,11850)|(13225,11850)|(13625,11850)|(12225,11850)|(11025,11850)|(10675,11850)|(10475,11850)|(4375,11850)|(2725,11850)|(4875,8550)|(2225,8800)|(3475,11850)|(4275,11850)|(3675,11850)|(2325,8800)|(5825,2050)|(2075,1450)|(9725,3850)|(16375,3300)|(13125,2500)|
(15625,1150)|(14425,1200)|(16375,3050)|(13175,1200)|(12625,7000)|(12525,6800)|(9625,11850)|(10575,11850)|(4575,11850)|(12625,8450)|(11925,11850)|(10075,11850)|(10775,11850)|(5875,11850)|(4975,11850)|(5475,11850)|(4775,11850)|(4075,11850)|(5975,11850)|(4675,11850)|(12625,7100)|(8725,3200)|(6375,1200)|(8725,3400)|(8725,2950)|(13975,2200)|

Initial minimum distance: 1098450.0778817856
Global minimum distance: 509137.92751456035
Running time: 161.3804314136505s
[18, 46, 20, 31, 41]
Final Route: |(15625,1150)|(12125,11850)|(11325,11850)|(3775,11850)|(4875,7200)|(4375,3300)|(3775,1600)|(6325,2200)|(6325,1500)|(5825,1200)|(4975,6900)|(4875,7000)|(9725,1450)|(8725,2850)|(15625,2150)|(16375,2550)|(16375,3050)|(13975,2200)|
(15625,1150)|(12525,7200)|(13225,11850)|(12625,7100)|(13125,2500)|(16375,3300)|(16375,3800)|(16375,2850)|(16375,3400)|(16375,3200)|(13475,1900)|(10475,11850)|(11025,11850)|(11125,11850)|(13325,11850)|(12525,8850)|(12625,7200)|(12525,6500)|(12625,6600)|(6975,1200)|(5875,11850)|(4975,8850)|(4875,8550)|(8725,3600)|(8725,3200)|(8725,3300)|(8725,3800)|(12225,11850)|(13825,11850)|(13025,11850)|(11925,11850)|(12525,11850)|(13125,11850)|(12625,8950)|(12525,7000)|(12025,1300)|(13475,2050)|(11425,1600)|(12675,2150)|(9875,8800)|(12525,8750)|(10175,11850)|(10675,11850)|(11225,11850)|(11825,11850)|(12525,7100)|
(15625,1150)|(16375,3700)|(12675,1725)|(13325,1200)|(6375,1200)|(5975,1200)|(7975,1150)|(6275,1200)|(5675,1200)|(3775,2300)|(3375,11850)|(1975,11850)|(2625,11850)|(5525,1200)|(8725,3700)|(13625,11850)|(9975,8800)|(10075,11850)|(12625,6800)|(13975,1500)|
(15625,1150)|(13625,1200)|(14125,1200)|(13925,1200)|(8725,2750)|(9725,3850)|(12025,3300)|(12525,9050)|(16375,3500)|(14025,1200)|(13125,3000)|(13475,1600)|(12625,6500)|(8725,2550)|(3125,11850)|(1875,11850)|(4475,11850)|(4875,8450)|(4975,8450)|(4975,9050)|(4975,6800)|(4875,7100)|(6175,11850)|(5675,11850)|(4175,11850)|(4275,11850)|(5975,11850)|(4075,11850)|(5375,11850)|(4575,11850)|(9725,11850)|
(15625,1150)|(2425,8800)|(2825,11850)|(4875,6900)|(4975,7100)|(4975,7200)|(4875,6500)|(4875,6700)|(4975,6700)|(5450,2150)|(8725,3500)|(4875,8850)|(4975,7000)|(12025,11850)|(11425,11850)|(10575,11850)|(10275,11850)|(9625,11850)|(5575,11850)|(12525,6900)|(12625,7000)|(12525,8650)|(12525,8950)|(12625,9050)|(12625,8650)|(12525,8550)|(12325,11850)|(6475,1200)|(4975,6600)|(4775,11850)|(3675,11850)|(3575,11850)|(2125,8800)|(5475,3000)|(5825,1900)|(5825,1750)|(4375,1300)|(2725,11850)|(4875,11850)|(13425,11850)|(12425,11850)|

Initial minimum distance: 1075021.1444749788
Global minimum distance: 548268.0349389033
Running time: 162.68483185768127s
[15, 28, 43, 22, 48]
Final Route: |(15625,1150)|(14425,1200)|(12625,7100)|(3675,11850)|(3575,11850)|(3125,11850)|(3025,11850)|(4975,7000)|(4875,7200)|(12525,7200)|(12625,6900)|(14525,1200)|(13100,1725)|(13475,1900)|(13475,1750)|
(15625,1150)|(4975,6700)|(4675,11850)|(4275,11850)|(12525,8850)|(12625,8550)|(12525,8450)|(13025,11850)|(5475,11850)|(9775,8800)|(4175,11850)|(2925,11850)|(4975,7200)|(4875,8750)|(12225,11850)|(12425,11850)|(12625,8950)|(12525,7000)|(6175,11850)|(2425,11850)|(4975,8650)|(9975,8800)|(7975,1150)|(12525,8650)|(12625,6600)|(13125,3000)|(16375,2650)|(16375,2950)|
(15625,1150)|(16375,2750)|(16375,3200)|(13325,1200)|(13625,1200)|(8725,2650)|(12675,2150)|(5025,1725)|(5475,2500)|(9725,3850)|(6275,1200)|(5525,1200)|(2075,1450)|(8725,3400)|(8725,2850)|(14025,1200)|(10275,11850)|(2225,8800)|(2425,8800)|(9625,11850)|(9525,11850)|(12625,6700)|(12625,7200)|(9875,8800)|(12525,6700)|(12625,6800)|(12625,8450)|(11325,11850)|(10075,8800)|(4875,6500)|(4975,8550)|(10375,11850)|(12025,11850)|(12325,11850)|(13325,11850)|(16375,3700)|(14625,1200)|(16375,3050)|(16375,3400)|(8725,3300)|(8725,3800)|(11425,2300)|(16375,2850)|
(15625,1150)|(12525,9050)|(12625,11850)|(13525,11850)|(11725,11850)|(10775,11850)|(10075,11850)|(10675,11850)|(13425,11850)|(4975,11850)|(5375,11850)|(4575,11850)|(4075,11850)|(4775,11850)|(4875,8650)|(4875,6700)|(4875,6800)|(4875,7000)|(4875,8950)|(4975,6900)|(12025,3300)|(8725,2550)|
(15625,1150)|(12025,1300)|(13475,1600)|(11425,1600)|(9725,1450)|(5825,1900)|(5450,2150)|(4375,3300)|(4975,8450)|(13475,2050)|(13125,2500)|(13925,1200)|(8725,3700)|(4975,8950)|(6875,1200)|(4375,1300)|(4875,7100)|(3375,11850)|(2625,11850)|(2075,11850)|(5775,11850)|(12525,11850)|(12525,6900)|(12525,7100)|(6325,2200)|(12625,7000)|(12625,8750)|(8725,3200)|(8725,3500)|(4975,7100)|(4875,6900)|(4975,8750)|(4375,11850)|(13125,11850)|(12525,8950)|(12525,6600)|(10475,11850)|(13225,11850)|(9725,11850)|(6075,11850)|(1975,11850)|(4875,8550)|(8725,2950)|(5975,1200)|(5025,2150)|(5475,3000)|(13175,1200)|(13100,2150)|

Initial minimum distance: 1079984.1625981913
Global minimum distance: 513811.1182214452
Running time: 162.94135975837708s
[51, 14, 28, 42, 21]
Final Route: |(15625,1150)|(5675,11850)|(4675,11850)|(4975,8950)|(4275,11850)|(3475,11850)|(2625,11850)|(4875,7000)|(4975,8450)|(4875,9050)|(4875,8950)|(4975,6800)|(4975,7100)|(2075,3850)|(4875,6500)|(3775,1600)|(8725,2650)|(8725,3200)|(15625,2150)|(12525,6800)|(12525,9050)|(3025,11850)|(3775,11850)|(6275,11850)|(6175,11850)|(5775,11850)|(12625,8750)|(12625,8450)|(12625,6800)|(12625,7200)|(3575,11850)|(4575,11850)|(1975,11850)|(5475,3000)|(5825,1900)|(5825,1200)|(8725,3800)|(8725,2950)|(13925,1200)|(8725,3500)|(12625,11850)|(12625,9050)|(12525,8650)|(13225,11850)|(4875,8450)|(4975,8650)|(2725,11850)|(2425,8800)|(4975,6700)|(4875,6700)|(8725,3300)|
(15625,1150)|(10075,8800)|(5475,11850)|(4775,11850)|(2825,11850)|(4875,11850)|(4175,11850)|(4975,6500)|(4975,8850)|(5525,1200)|(5675,1200)|(6475,1200)|(12025,3300)|(13475,1600)|
(15625,1150)|(8725,2850)|(8725,3050)|(6775,1200)|(5450,1725)|(6275,1200)|(5025,2150)|(4375,1300)|(4975,6900)|(2225,8800)|(5875,11850)|(5575,11850)|(4875,8650)|(4975,9050)|(1875,11850)|(2425,11850)|(2075,11850)|(2925,11850)|(4875,8850)|(9775,8800)|(12525,6500)|(12625,6700)|(16375,2550)|(16375,2650)|(16375,3300)|(13325,1200)|(13100,2150)|(13975,2200)|
(15625,1150)|(14625,1200)|(16375,3050)|(16375,3700)|(5825,1750)|(5825,2050)|(7975,2150)|(8725,2550)|(8725,3400)|(12625,8950)|(13725,11850)|(11025,11850)|(12025,11850)|(12225,11850)|(9975,8800)|(3125,11850)|(12525,6600)|(12525,7200)|(12525,8550)|(10375,11850)|(14525,1200)|(13125,2500)|(13625,11850)|(10075,11850)|(13125,11850)|(11425,11850)|(13425,11850)|(9525,11850)|(11225,11850)|(11825,11850)|(12525,8950)|(16375,3500)|(12625,7000)|(10275,11850)|(9725,11850)|(12625,8650)|(13025,11850)|(12125,11850)|(4875,8550)|(4875,6800)|(12675,1725)|(16375,3600)|
(15625,1150)|(13925,11850)|(12625,6500)|(12525,8450)|(9625,11850)|(13825,11850)|(12525,6900)|(12625,8850)|(12425,11850)|(11725,11850)|(11325,11850)|(10775,11850)|(10575,11850)|(5475,2500)|(12675,2150)|(13475,2050)|(13475,1200)|(13625,1200)|(13975,1500)|(16375,2950)|(13100,1725)|

Initial minimum distance: 1026313.2275726066
Global minimum distance: 553963.4038692847
Running time: 163.35849380493164s
[19, 21, 34, 25, 57]
Final Route: |(15625,1150)|(16375,3300)|(16375,3200)|(12675,2150)|(7975,2150)|(5025,1725)|(4975,7200)|(4875,6700)|(4975,6700)|(9525,11850)|(12625,7200)|(12525,6500)|(8725,3800)|(12625,6800)|(13100,2150)|(16375,3050)|(12625,7000)|(12525,7000)|(13475,1750)|
(15625,1150)|(16375,3700)|(16375,2650)|(4975,6600)|(4975,6800)|(4875,8650)|(4075,11850)|(4975,11850)|(4775,11850)|(4175,11850)|(5475,11850)|(5975,11850)|(4875,8950)|(9725,11850)|(13625,11850)|(13725,11850)|(13825,11850)|(13225,11850)|(14525,1200)|(14425,1200)|(13175,1200)|
(15625,1150)|(13325,1200)|(5825,1600)|(5825,1900)|(2075,3850)|(6875,1200)|(5025,2150)|(4975,8450)|(2225,8800)|(2125,8800)|(2325,8800)|(4875,6500)|(4975,7100)|(4875,8850)|(5675,11850)|(6275,11850)|(11125,11850)|(12525,11850)|(8725,3600)|(13100,1725)|(13975,2200)|(7975,1150)|(6775,1200)|(5825,2050)|(4475,11850)|(4275,11850)|(2075,11850)|(12625,9050)|(12525,6600)|(12625,6500)|(13025,11850)|(13325,11850)|(11725,11850)|(13425,11850)|
(15625,1150)|(16375,2850)|(8725,3200)|(9775,8800)|(16375,3600)|(12525,6700)|(12625,8450)|(11925,11850)|(12625,11850)|(12625,8950)|(5775,11850)|(11025,11850)|(12525,8950)|(12525,8750)|(12625,6700)|(13475,2050)|(16375,3400)|(15625,2150)|(13625,1200)|(3775,2300)|(4875,6800)|(4875,6900)|(4975,8550)|(4975,8750)|(4875,7100)|
(15625,1150)|(12125,11850)|(12525,8850)|(8725,3500)|(10575,11850)|(2425,11850)|(4375,11850)|(12625,8550)|(11825,11850)|(11325,11850)|(12225,11850)|(11425,1600)|(12025,3300)|(8725,3300)|(13475,1200)|(9625,11850)|(2625,11850)|(2925,11850)|(5450,2150)|(2725,11850)|(4975,6900)|(4875,8450)|(4875,7000)|(4575,11850)|(3375,11850)|(5875,11850)|(10175,11850)|(8725,2850)|(5825,1200)|(5825,1750)|(6375,1200)|(6325,1500)|(6975,1200)|(5475,2500)|(5525,1200)|(4375,3300)|(6325,2200)|(14125,1200)|(12025,1300)|(13125,3000)|(8725,3400)|(8725,2950)|(8725,3700)|(3475,11850)|(2425,8800)|(4875,11850)|(10375,11850)|(5575,11850)|(12025,11850)|(11425,11850)|(12625,8750)|(12625,8650)|(12625,6900)|(12625,6600)|(12525,6800)|(13975,1500)|(16375,2550)|

Initial minimum distance: 1075982.3172797456
Global minimum distance: 536890.0323846997
Running time: 163.46729373931885s
[32, 28, 32, 39, 25]
Final Route: |(15625,1150)|(12525,7100)|(4875,7200)|(4975,6600)|(7975,1150)|(5475,2500)|(6875,1200)|(5975,1200)|(8725,3050)|(12625,6700)|(12625,6900)|(12525,6500)|(13625,11850)|(12125,11850)|(11325,11850)|(13525,11850)|(11125,11850)|(12625,7000)|(12625,7100)|(12525,8750)|(11425,1600)|(12525,7000)|(12525,8550)|(13225,11850)|(13925,11850)|(13025,11850)|(12225,11850)|(13100,1725)|(5450,2150)|(8725,3800)|(13125,3000)|(12525,6700)|
(15625,1150)|(14625,1200)|(16375,3700)|(8725,3600)|(8725,3300)|(8725,2650)|(8725,2750)|(8725,2850)|(7975,2150)|(4975,8550)|(4875,8850)|(10175,11850)|(5475,11850)|(9875,8800)|(16375,3200)|(12025,3300)|(13975,2200)|(13625,1200)|(12525,6900)|(6175,11850)|(4975,8450)|(4875,6900)|(4875,6600)|(4875,8550)|(5825,1900)|(8725,3500)|(8725,2950)|(16375,2850)|
(15625,1150)|(13175,1200)|(12675,2150)|(6325,2200)|(5525,1200)|(4975,8850)|(4875,9050)|(4875,8750)|(4975,9050)|(3775,11850)|(3475,11850)|(2075,11850)|(2525,11850)|(2425,8800)|(2075,3850)|(4975,6900)|(2225,8800)|(4575,11850)|(4475,11850)|(4375,11850)|(1975,11850)|(2125,8800)|(5450,1725)|(3775,2300)|(5475,3000)|(4375,3300)|(12525,7200)|(4975,11850)|(12625,8650)|(12625,8850)|(12625,7200)|(12625,8450)|
(15625,1150)|(12625,8750)|(10775,11850)|(11225,11850)|(11725,11850)|(10575,11850)|(12525,8850)|(12525,8650)|(10275,11850)|(11825,11850)|(11025,11850)|(5675,11850)|(4975,7000)|(4875,6700)|(5825,1200)|(5825,1750)|(12425,11850)|(13425,11850)|(5375,11850)|(5575,11850)|(2075,1450)|(4975,6800)|(2725,11850)|(4875,11850)|(10475,11850)|(10075,11850)|(6075,11850)|(2825,11850)|(4875,8950)|(2625,11850)|(12625,6800)|(16375,3600)|(6325,1500)|(6975,1200)|(6275,1200)|(6475,1200)|(3775,1600)|(12525,8450)|(13475,2050)|
(15625,1150)|(13125,2500)|(16375,3500)|(12525,6600)|(13475,1900)|(4875,8650)|(3675,11850)|(4675,11850)|(10375,11850)|(9525,11850)|(11425,11850)|(12625,6500)|(11925,11850)|(12625,6600)|(14125,1200)|(14425,1200)|(13925,1200)|(13475,1200)|(13100,2150)|(13475,1600)|(13475,1750)|(16375,3300)|(16375,3400)|(16375,3050)|(14025,1200)|

Initial minimum distance: 1077873.5110426557
Global minimum distance: 492321.1755031016
Running time: 163.71244311332703s
[26, 38, 45, 24, 23]
Final Route: |(15625,1150)|(12025,3300)|(11025,11850)|(4875,6800)|(5575,11850)|(4775,11850)|(10675,11850)|(4875,11850)|(10075,11850)|(12025,11850)|(12325,11850)|(12525,9050)|(12525,8750)|(13475,1750)|(14025,1200)|(13625,1200)|(13925,1200)|(12525,7100)|(16375,3050)|(16375,3500)|(13475,1900)|(16375,3300)|(16375,3200)|(16375,2950)|(16375,2550)|(14525,1200)|
(15625,1150)|(12625,7000)|(12625,8850)|(12625,6800)|(12525,6800)|(12525,6700)|(12525,6600)|(12625,6700)|(12525,6900)|(13325,11850)|(13625,11850)|(12525,6500)|(4975,11850)|(4375,11850)|(4975,7200)|(4975,6900)|(4875,8850)|(12525,7200)|(16375,3600)|(16375,2850)|(16375,3400)|(4975,6700)|(4975,6800)|(4975,6600)|(4675,11850)|(5475,2500)|(3575,11850)|(4975,7000)|(4875,8450)|(4975,9050)|(1875,11850)|(4975,8950)|(10075,8800)|(9875,8800)|(9775,8800)|(13175,1200)|(14625,1200)|(16375,2750)|
(15625,1150)|(13975,2200)|(9725,1450)|(5025,1725)|(2125,8800)|(3125,11850)|(2075,11850)|(2825,11850)|(3025,11850)|(4275,11850)|(2925,11850)|(4875,8950)|(5375,11850)|(12625,8450)|(12625,8950)|(9725,11850)|(9525,11850)|(6275,11850)|(4875,9050)|(12525,7000)|(13100,2150)|(12625,8650)|(12525,8950)|(12525,8550)|(13425,11850)|(12525,11850)|(13825,11850)|(11825,11850)|(10275,11850)|(11925,11850)|(10375,11850)|(11425,11850)|(13225,11850)|(12225,11850)|(11325,11850)|(11225,11850)|(2725,11850)|(4975,8450)|(4475,11850)|(3675,11850)|(4975,6500)|(8725,3050)|(8725,3200)|(7975,1150)|(13100,1725)|
(15625,1150)|(6775,1200)|(8725,3800)|(8725,2750)|(8725,2850)|(11425,2300)|(13125,2500)|(13475,1600)|(9725,3850)|(5475,3000)|(6375,1200)|(5825,1600)|(5825,1750)|(5825,1200)|(13125,3000)|(4975,8650)|(4975,8750)|(6175,11850)|(5675,11850)|(8725,3500)|(8725,3600)|(5675,1200)|(8725,2950)|(5825,1900)|
(15625,1150)|(12625,6900)|(12525,8450)|(12525,8850)|(12525,8650)|(1975,11850)|(2525,11850)|(4875,8650)|(4975,8550)|(4975,8850)|(4575,11850)|(2425,11850)|(3775,11850)|(6075,11850)|(4375,3300)|(5450,1725)|(5875,11850)|(5475,11850)|(4875,6700)|(2075,1450)|(5025,2150)|(7975,2150)|(13475,2050)|

Initial minimum distance: 1073709.3527562316
Global minimum distance: 558623.4908696456
Running time: 164.20895767211914s
[46, 21, 35, 17, 37]
Final Route: |(15625,1150)|(4875,6500)|(9725,3850)|(12625,7000)|(12625,6800)|(16375,3400)|(12025,1300)|(13100,2150)|(13325,1200)|(12625,6700)|(11225,11850)|(11925,11850)|(12625,11850)|(12625,9050)|(5475,2500)|(4775,11850)|(3775,11850)|(4975,6900)|(4975,6600)|(4975,6800)|(4875,7000)|(4875,8950)|(4875,8450)|(8725,2650)|(8725,2550)|(8725,2850)|(7975,2150)|(5475,3000)|(5450,1725)|(4975,8750)|(4975,9050)|(4875,8750)|(10675,11850)|(11325,11850)|(4975,7200)|(9525,11850)|(4975,6500)|(4875,7200)|(5975,11850)|(4875,11850)|(4975,11850)|(2925,11850)|(4375,1300)|(2075,1450)|(12525,8650)|(12525,8550)|
(15625,1150)|(12525,6700)|(12625,8750)|(12625,6900)|(12525,6900)|(13475,1900)|(5825,1750)|(4375,3300)|(4975,8650)|(1875,11850)|(2425,8800)|(4875,6700)|(13125,2500)|(13175,1200)|(13975,2200)|(12025,3300)|(8725,2950)|(11425,2300)|(13475,1600)|(13100,1725)|(12625,7100)|
(15625,1150)|(16375,3700)|(9725,1450)|(10175,11850)|(10275,11850)|(13225,11850)|(9775,8800)|(12625,8950)|(13925,11850)|(10375,11850)|(11025,11850)|(12025,11850)|(2825,11850)|(5475,11850)|(6275,11850)|(12625,8650)|(5675,11850)|(2125,8800)|(5875,11850)|(2425,11850)|(3375,11850)|(3575,11850)|(3125,11850)|(4875,8550)|(2225,8800)|(4975,8950)|(4975,8850)|(4875,6600)|(5675,1200)|(8725,3600)|(8725,3300)|(6975,1200)|(6375,1200)|(12675,2150)|(13625,1200)|
(15625,1150)|(14125,1200)|(11425,1600)|(13125,3000)|(14425,1200)|(16375,3050)|(13625,11850)|(8725,3050)|(5525,1200)|(5025,1725)|(3775,1600)|(5825,1900)|(5825,1600)|(4975,8450)|(12675,1725)|(13475,1200)|(16375,3200)|
(15625,1150)|(14525,1200)|(14625,1200)|(13475,2050)|(8725,3700)|(5975,1200)|(12525,6500)|(12625,7200)|(9725,11850)|(2625,11850)|(4275,11850)|(1975,11850)|(4375,11850)|(3025,11850)|(5575,11850)|(6175,11850)|(12425,11850)|(12125,11850)|(12525,8850)|(12225,11850)|(10575,11850)|(12325,11850)|(13325,11850)|(10775,11850)|(13525,11850)|(16375,3500)|(13975,1500)|(13925,1200)|(4875,8850)|(5375,11850)|(2075,11850)|(10475,11850)|(12525,11850)|(12525,8750)|(9625,11850)|(4175,11850)|(5775,11850)|

Initial minimum distance: 1087857.538099691
Global minimum distance: 516945.99288051744
Running time: 165.34400272369385s
[33, 43, 33, 22, 25]
Final Route: |(15625,1150)|(14425,1200)|(4975,8450)|(4975,6800)|(2725,11850)|(4875,6500)|(3125,11850)|(4075,11850)|(4175,11850)|(4575,11850)|(5375,11850)|(5875,11850)|(10175,11850)|(10675,11850)|(9725,11850)|(10075,11850)|(10475,11850)|(12525,8650)|(12525,6900)|(12625,6900)|(9875,8800)|(12525,9050)|(9775,8800)|(5825,2050)|(8725,3200)|(7975,2150)|(4375,3300)|(14025,1200)|(14125,1200)|(16375,3200)|(13025,11850)|(13525,11850)|(13625,11850)|
(15625,1150)|(6875,1200)|(6325,1500)|(6375,1200)|(3775,2300)|(2425,8800)|(4975,8850)|(4975,6500)|(4875,6800)|(3575,11850)|(5675,11850)|(3475,11850)|(1875,11850)|(2625,11850)|(3775,11850)|(4775,11850)|(2425,11850)|(6275,11850)|(5975,11850)|(11325,11850)|(12525,11850)|(12125,11850)|(13225,11850)|(13925,11850)|(13825,11850)|(11925,11850)|(12325,11850)|(9525,11850)|(12625,6600)|(12525,7000)|(12525,8450)|(9725,3850)|(8725,2850)|(12625,6700)|(12625,7200)|(4275,11850)|(11725,11850)|(11425,11850)|(11225,11850)|(10275,11850)|(8725,3400)|(8725,2750)|(9725,1450)|
(15625,1150)|(12025,1300)|(8725,3600)|(12525,6700)|(12525,8750)|(4875,8450)|(4875,8650)|(3675,11850)|(6075,11850)|(8725,2650)|(6775,1200)|(2075,1450)|(3775,1600)|(4375,1300)|(5475,3000)|(2075,11850)|(4875,8950)|(4875,11850)|(2925,11850)|(2125,8800)|(4675,11850)|(4975,7200)|(4875,6700)|(8725,2550)|(12625,7100)|(12525,8550)|(12525,6500)|(12675,1725)|(13975,2200)|(13475,2050)|(16375,3300)|(16375,3500)|(12525,6800)|
(15625,1150)|(12525,8850)|(16375,3600)|(13475,1600)|(16375,3400)|(13925,1200)|(12625,6800)|(12625,8650)|(16375,2650)|(13975,1500)|(8725,3300)|(5525,1200)|(5825,1600)|(8725,3800)|(16375,3800)|(16375,3700)|(13625,1200)|(13125,2500)|(11425,2300)|(16375,2850)|(13475,1750)|(13325,1200)|
(15625,1150)|(5025,1725)|(6475,1200)|(8725,3700)|(10075,8800)|(12625,8750)|(12525,8950)|(12625,9050)|(10775,11850)|(16375,2750)|(16375,2950)|(13125,3000)|(15625,2150)|(13175,1200)|(12675,2150)|(7975,1150)|(5675,1200)|(4975,9050)|(4975,6900)|(4875,7000)|(6175,11850)|(5775,11850)|(13325,11850)|(12625,7000)|(12025,11850)|

Initial minimum distance: 1076553.222781452
Global minimum distance: 544976.6345874154
Running time: 166.3885953426361s
[33, 47, 14, 35, 27]
Final Route: |(15625,1150)|(4975,8450)|(5025,1725)|(4875,6600)|(2125,8800)|(6875,1200)|(5825,2050)|(6475,1200)|(5475,2500)|(2075,1450)|(5450,1725)|(3775,1600)|(6275,1200)|(5525,1200)|(5825,1600)|(5675,1200)|(8725,2650)|(11425,2300)|(8725,3700)|(12625,6500)|(12525,6600)|(12625,8950)|(12525,8850)|(12525,8550)|(12525,9050)|(6775,1200)|(6975,1200)|(6325,1500)|(13125,3000)|(13475,2050)|(13975,2200)|(13475,1750)|(14625,1200)|
(15625,1150)|(12525,6900)|(12625,6800)|(12525,7100)|(13825,11850)|(13625,11850)|(4375,11850)|(2625,11850)|(4475,11850)|(2425,8800)|(4975,6700)|(4875,7000)|(4375,1300)|(4375,3300)|(2075,3850)|(2425,11850)|(2825,11850)|(1875,11850)|(5575,11850)|(10175,11850)|(9525,11850)|(4975,7100)|(8725,3500)|(12625,6900)|(13725,11850)|(13425,11850)|(3025,11850)|(5375,11850)|(4975,11850)|(4975,6500)|(4875,8850)|(3475,11850)|(3575,11850)|(5975,11850)|(4875,7200)|(4975,8850)|(1975,11850)|(4975,8550)|(12625,8550)|(9975,8800)|(9775,8800)|(11725,11850)|(10575,11850)|(11425,11850)|(12025,11850)|(11125,11850)|(12325,11850)|
(15625,1150)|(13325,11850)|(12225,11850)|(11225,11850)|(10275,11850)|(12425,11850)|(10375,11850)|(10475,11850)|(12625,8750)|(12625,9050)|(12525,8450)|(12525,6700)|(12625,8450)|(10075,8800)|
(15625,1150)|(13975,1500)|(16375,3800)|(12525,6500)|(13100,1725)|(12675,2150)|(9725,11850)|(5825,1750)|(8725,3050)|(8725,3600)|(8725,3400)|(8725,3300)|(12625,6600)|(12025,3300)|(6275,11850)|(4975,8650)|(4875,8450)|(4675,11850)|(5775,11850)|(5475,11850)|(6075,11850)|(4575,11850)|(2225,8800)|(13925,1200)|(9725,3850)|(12525,8950)|(13225,11850)|(12525,8650)|(13325,1200)|(8725,3800)|(3775,11850)|(4975,8950)|(4075,11850)|(4875,8650)|(14125,1200)|
(15625,1150)|(8725,3200)|(8725,2950)|(9875,8800)|(4875,6500)|(11425,1600)|(14425,1200)|(16375,3050)|(16375,3500)|(12625,6700)|(16375,2750)|(16375,2550)|(12525,6800)|(12125,11850)|(12525,7200)|(12625,7200)|(12625,8850)|(10075,11850)|(16375,3300)|(12525,8750)|(12525,7000)|(13475,1600)|(13475,1900)|(16375,3400)|(13475,1200)|(8725,2850)|(13625,1200)|

Initial minimum distance: 1096350.3210529285
Global minimum distance: 527237.468730615
Running time: 166.45570397377014s
[34, 23, 36, 35, 28]
Final Route: |(15625,1150)|(12025,11850)|(12625,8450)|(12525,6600)|(9725,3850)|(12625,8750)|(13725,11850)|(13425,11850)|(11425,11850)|(11325,11850)|(9525,11850)|(4975,8850)|(4875,8850)|(3775,2300)|(8725,3500)|(2725,11850)|(4675,11850)|(6075,11850)|(5975,11850)|(11825,11850)|(11925,11850)|(11025,11850)|(3375,11850)|(4775,11850)|(5575,11850)|(4975,6700)|(3775,1600)|(4975,9050)|(3575,11850)|(4275,11850)|(4075,11850)|(9975,8800)|(12325,11850)|(11225,11850)|
(15625,1150)|(16375,2550)|(13475,1750)|(8725,3800)|(6975,1200)|(12525,7200)|(12525,8450)|(10175,11850)|(4875,8550)|(4875,7100)|(6775,1200)|(2225,8800)|(2425,8800)|(1975,11850)|(4375,11850)|(4875,8450)|(6275,1200)|(5825,1900)|(5825,1200)|(6325,1500)|(6475,1200)|(8725,3400)|(8725,2750)|
(15625,1150)|(12525,7000)|(12525,6800)|(8725,2550)|(4475,11850)|(5375,11850)|(4975,11850)|(5775,11850)|(2825,11850)|(2325,8800)|(4975,7100)|(9875,8800)|(10775,11850)|(10075,8800)|(12525,6700)|(13475,1900)|(13100,1725)|(8725,3200)|(9725,1450)|(5825,1750)|(4975,7200)|(16375,2850)|(14625,1200)|(15625,2150)|(13475,1200)|(13975,1500)|(12625,6900)|(13025,11850)|(12625,8950)|(12625,7000)|(12625,9050)|(12525,6900)|(12525,8650)|(12625,8550)|(4975,6500)|(4975,8650)|
(15625,1150)|(5825,1600)|(5475,2500)|(5975,1200)|(4875,7000)|(4975,6900)|(3675,11850)|(4975,8950)|(4875,6600)|(5475,3000)|(4875,6500)|(8725,3700)|(12625,8650)|(13825,11850)|(12625,11850)|(12125,11850)|(4875,6800)|(4975,8450)|(16375,3800)|(16375,3600)|(16375,2950)|(12625,7100)|(10375,11850)|(10675,11850)|(9775,8800)|(4975,7000)|(6275,11850)|(2525,11850)|(2075,11850)|(3125,11850)|(2925,11850)|(3025,11850)|(9625,11850)|(12525,7100)|(12625,6500)|
(15625,1150)|(13925,1200)|(13325,1200)|(13175,1200)|(13475,1600)|(13625,1200)|(14125,1200)|(12675,2150)|(12025,1300)|(8725,2950)|(8725,3050)|(7975,1150)|(5450,1725)|(6325,2200)|(2075,1450)|(4875,8750)|(4875,8650)|(12525,11850)|(12625,6800)|(12525,9050)|(12625,7200)|(12625,6700)|(11425,1600)|(14425,1200)|(16375,2750)|(16375,3700)|(16375,3050)|(13975,2200)|

Initial minimum distance: 1088555.8583895082
Global minimum distance: 532247.2560897376
Running time: 167.42141699790955s
[28, 35, 43, 27, 23]
Final Route: |(15625,1150)|(13475,1600)|(13475,1750)|(7975,2150)|(4975,7100)|(4875,6800)|(10275,11850)|(12525,8550)|(10175,11850)|(4975,8750)|(2525,11850)|(2425,11850)|(5375,11850)|(5875,11850)|(4975,8650)|(4975,8450)|(3125,11850)|(4275,11850)|(5475,11850)|(4075,11850)|(4975,9050)|(5975,11850)|(4975,6500)|(4975,7200)|(8725,3200)|(16375,2650)|(16375,3800)|(16375,3300)|
(15625,1150)|(14025,1200)|(8725,2750)|(3775,2300)|(5475,3000)|(7975,1150)|(8725,3800)|(6375,1200)|(5525,1200)|(13325,1200)|(11425,1600)|(15625,2150)|(16375,3600)|(13475,2050)|(11425,2300)|(4875,8650)|(3375,11850)|(2925,11850)|(9725,11850)|(6275,11850)|(6075,11850)|(3025,11850)|(4875,8950)|(3475,11850)|(4475,11850)|(5575,11850)|(4875,7200)|(5775,11850)|(13225,11850)|(11925,11850)|(12625,8650)|(8725,3300)|(5825,1600)|(5450,2150)|(8725,3050)|
(15625,1150)|(8725,2950)|(14625,1200)|(14125,1200)|(12025,1300)|(11325,11850)|(10575,11850)|(9975,8800)|(12025,3300)|(8725,3700)|(12125,11850)|(12325,11850)|(13425,11850)|(13325,11850)|(12425,11850)|(12525,9050)|(13925,11850)|(13125,11850)|(13725,11850)|(13625,11850)|(12625,11850)|(13025,11850)|(12625,8550)|(12525,6600)|(12625,6600)|(12525,6500)|(4975,8950)|(4875,7100)|(4675,11850)|(4775,11850)|(8725,2850)|(5825,1750)|(12625,9050)|(12525,8650)|(12525,7200)|(12525,6800)|(12625,7000)|(12625,6700)|(12525,11850)|(10075,8800)|(9875,8800)|(8725,2650)|(12625,7100)|
(15625,1150)|(9775,8800)|(9725,1450)|(6325,1500)|(5825,2050)|(6325,2200)|(13100,2150)|(12625,6500)|(12025,11850)|(12625,8450)|(11025,11850)|(12525,7100)|(12625,8750)|(12525,6900)|(3675,11850)|(2825,11850)|(1975,11850)|(8725,3400)|(6275,1200)|(4375,1300)|(4375,3300)|(13175,1200)|(13125,3000)|(16375,2850)|(13925,1200)|(12675,1725)|(14525,1200)|
(15625,1150)|(16375,3200)|(16375,3500)|(12675,2150)|(6475,1200)|(10475,11850)|(12625,8950)|(12625,6800)|(12525,8950)|(12525,8450)|(12525,6700)|(2075,3850)|(4975,6600)|(4875,9050)|(4875,8450)|(5675,1200)|(5025,1725)|(4875,8850)|(4875,6900)|(4975,6800)|(5025,2150)|(16375,2750)|(16375,2550)|

Initial minimum distance: 1064625.5530373673
Global minimum distance: 498410.96707325074
Running time: 167.45480155944824s
[33, 31, 21, 26, 45]
Final Route: |(15625,1150)|(13325,1200)|(5525,1200)|(5025,2150)|(4875,6900)|(3025,11850)|(4975,11850)|(12625,8550)|(12525,9050)|(12125,11850)|(11925,11850)|(13525,11850)|(12525,11850)|(12625,6600)|(12225,11850)|(13025,11850)|(13825,11850)|(13125,11850)|(11725,11850)|(11825,11850)|(10375,11850)|(12625,8750)|(10075,8800)|(12525,8950)|(12525,8450)|(12625,6900)|(16375,2850)|(16375,2950)|(13975,2200)|(13475,1750)|(13475,1200)|(14625,1200)|(14525,1200)|
(15625,1150)|(13475,1600)|(12525,6600)|(12525,8750)|(4875,6800)|(2075,3850)|(6275,11850)|(4875,8650)|(9725,11850)|(9975,8800)|(11425,11850)|(12525,8850)|(12325,11850)|(13425,11850)|(2425,11850)|(2925,11850)|(4775,11850)|(4375,11850)|(4275,11850)|(5475,11850)|(9525,11850)|(5575,11850)|(4875,8950)|(4675,11850)|(4175,11850)|(3475,11850)|(3575,11850)|(4475,11850)|(5675,11850)|(12625,7100)|(11025,11850)|
(15625,1150)|(13975,1500)|(13475,1900)|(12525,6700)|(16375,3050)|(12525,6800)|(9875,8800)|(12625,8650)|(12525,8650)|(12625,9050)|(8725,2750)|(8725,3800)|(8725,3300)|(4375,1300)|(5025,1725)|(5450,2150)|(4975,7000)|(4975,8550)|(13925,11850)|(16375,3400)|(14125,1200)|
(15625,1150)|(8725,3200)|(13100,2150)|(12625,7000)|(13125,3000)|(14425,1200)|(11425,2300)|(8725,3600)|(8725,3500)|(6875,1200)|(8725,3400)|(12625,6700)|(11225,11850)|(13625,11850)|(4975,8950)|(5975,11850)|(5375,11850)|(4875,11850)|(3775,11850)|(4975,8850)|(3775,1600)|(4875,7000)|(4975,9050)|(4875,8750)|(4975,7200)|(4875,6600)|
(15625,1150)|(12025,11850)|(10275,11850)|(10475,11850)|(4875,9050)|(6975,1200)|(5975,1200)|(6375,1200)|(6325,2200)|(4875,6700)|(5825,1200)|(3775,2300)|(4375,3300)|(6275,1200)|(5825,1900)|(13475,2050)|(12525,6500)|(4975,6900)|(4975,6800)|(4875,8450)|(2325,8800)|(1975,11850)|(2725,11850)|(4975,8650)|(4875,8850)|(4975,7100)|(2225,8800)|(4875,8550)|(4975,8450)|(4975,6500)|(6775,1200)|(6475,1200)|(8725,2550)|(7975,2150)|(8725,2950)|(12675,1725)|(10575,11850)|(12025,3300)|(14025,1200)|(13625,1200)|(12625,6800)|(12625,7200)|(8725,2650)|(7975,1150)|(11425,1600)|

Initial minimum distance: 1089789.7062004965
Global minimum distance: 548791.8366381851
Running time: 168.41827511787415s
[33, 34, 36, 31, 22]
Final Route: |(15625,1150)|(5025,2150)|(5025,1725)|(5675,1200)|(6975,1200)|(8725,3300)|(8725,3600)|(5450,2150)|(3775,1600)|(2075,3850)|(4875,8650)|(4875,9050)|(8725,3050)|(4975,8950)|(4975,7200)|(2225,8800)|(2925,11850)|(3025,11850)|(3375,11850)|(4175,11850)|(3675,11850)|(11025,11850)|(11925,11850)|(13125,11850)|(12525,8550)|(6075,11850)|(11725,11850)|(12525,8450)|(9975,8800)|(10075,8800)|(13925,11850)|(11225,11850)|(13525,11850)|
(15625,1150)|(13125,3000)|(13475,1200)|(14525,1200)|(16375,3200)|(13975,2200)|(5825,1900)|(6325,2200)|(6775,1200)|(5825,1200)|(8725,3400)|(5525,1200)|(2075,1450)|(4375,11850)|(5450,1725)|(3775,2300)|(4975,6900)|(5875,11850)|(4075,11850)|(5375,11850)|(4275,11850)|(3475,11850)|(4875,11850)|(9525,11850)|(12625,8850)|(12525,8750)|(4875,8550)|(2525,11850)|(5575,11850)|(9625,11850)|(10175,11850)|(12525,7000)|(12625,6500)|(12625,8750)|
(15625,1150)|(12625,7200)|(13325,1200)|(16375,2850)|(16375,2550)|(12625,8650)|(13725,11850)|(11125,11850)|(12525,7100)|(12525,6500)|(4975,8650)|(1975,11850)|(14425,1200)|(8725,3700)|(2425,8800)|(3125,11850)|(2425,11850)|(4775,11850)|(13625,11850)|(4975,8850)|(11325,11850)|(13425,11850)|(6175,11850)|(2725,11850)|(4975,8550)|(7975,2150)|(5475,3000)|(4375,3300)|(6375,1200)|(6275,1200)|(6475,1200)|(12025,1300)|(12675,1725)|(14025,1200)|(12525,8650)|(12625,6600)|
(15625,1150)|(13475,1600)|(11425,2300)|(14125,1200)|(16375,2650)|(12525,7200)|(12625,8450)|(8725,2950)|(8725,2750)|(9725,3850)|(4975,8750)|(4975,6600)|(4975,8450)|(5475,11850)|(4875,8950)|(12525,11850)|(10475,11850)|(10075,11850)|(4875,6700)|(5675,11850)|(4975,6500)|(4975,7100)|(4875,6900)|(12125,11850)|(12425,11850)|(13225,11850)|(10775,11850)|(13025,11850)|(9775,8800)|(12625,8550)|(16375,3050)|
(15625,1150)|(15625,2150)|(16375,3600)|(16375,3500)|(16375,3400)|(16375,2750)|(13625,1200)|(13975,1500)|(13175,1200)|(12675,2150)|(16375,3300)|(13125,2500)|(4875,6800)|(4975,7000)|(2325,8800)|(3775,11850)|(4875,8450)|(10575,11850)|(13825,11850)|(12525,8950)|(13475,1900)|(14625,1200)|

Initial minimum distance: 1083203.778560293
Global minimum distance: 554743.8507982431
Running time: 168.6021933555603s
[52, 28, 38, 9, 29]
Final Route: |(15625,1150)|(3675,11850)|(2325,8800)|(3125,11850)|(3575,11850)|(4375,11850)|(12625,8550)|(11125,11850)|(10375,11850)|(10675,11850)|(12625,6500)|(13975,2200)|(8725,2750)|(12625,8450)|(13625,11850)|(12625,7000)|(12525,6700)|(12525,9050)|(5575,11850)|(5675,11850)|(4875,7100)|(4875,8850)|(5375,11850)|(2825,11850)|(3775,11850)|(4075,11850)|(3475,11850)|(3375,11850)|(2625,11850)|(4175,11850)|(2725,11850)|(12625,11850)|(10775,11850)|(4875,8750)|(5975,11850)|(6275,11850)|(4975,11850)|(4275,11850)|(3025,11850)|(1875,11850)|(5675,1200)|(2075,1450)|(3775,1600)|(5475,2500)|(5450,1725)|(8725,3400)|(12625,6600)|(4975,8650)|(13175,1200)|(14025,1200)|(16375,2550)|(12625,6800)|
(15625,1150)|(13125,2500)|(13925,1200)|(8725,3300)|(13125,3000)|(12625,7200)|(12625,8750)|(12625,9050)|(12525,6900)|(12525,6500)|(12525,8750)|(8725,3500)|(4875,8450)|(4475,11850)|(2075,11850)|(5875,11850)|(11925,11850)|(13825,11850)|(13925,11850)|(10575,11850)|(9775,8800)|(5475,3000)|(5450,2150)|(5825,1900)|(7975,2150)|(5825,1600)|(12525,7200)|(12525,6600)|
(15625,1150)|(12525,8550)|(11825,11850)|(12125,11850)|(12225,11850)|(13725,11850)|(11025,11850)|(5775,11850)|(4675,11850)|(4775,11850)|(4975,8550)|(4975,7200)|(4875,7000)|(4375,3300)|(6275,1200)|(5825,1750)|(4875,8950)|(4875,8650)|(2525,11850)|(2425,8800)|(10275,11850)|(12525,7100)|(12025,3300)|(12675,2150)|(16375,3700)|(8725,2550)|(12025,1300)|(16375,3600)|(14525,1200)|(13100,2150)|(13625,1200)|(13975,1500)|(6175,11850)|(9625,11850)|(9525,11850)|(5975,1200)|(11425,2300)|(16375,2850)|
(15625,1150)|(12625,7100)|(5825,2050)|(1975,11850)|(4975,6900)|(4875,9050)|(4975,8950)|(2125,8800)|(2075,3850)|
(15625,1150)|(8725,2650)|(8725,3600)|(11425,1600)|(8725,2850)|(8725,3800)|(6475,1200)|(13475,1600)|(12525,7000)|(10175,11850)|(10475,11850)|(12325,11850)|(11225,11850)|(13325,11850)|(6075,11850)|(4975,8750)|(4875,6900)|(4975,8850)|(9975,8800)|(12625,8950)|(12525,8850)|(13525,11850)|(13025,11850)|(13225,11850)|(10075,11850)|(11725,11850)|(13475,1900)|(16375,3200)|(16375,3400)|

Initial minimum distance: 1068534.738735605
Global minimum distance: 524231.78323723056
Running time: 168.93242359161377s
[26, 32, 36, 43, 19]
Final Route: |(15625,1150)|(13475,2050)|(13100,2150)|(11425,2300)|(16375,2950)|(12625,6500)|(12625,7100)|(12525,8650)|(13325,11850)|(6275,11850)|(2075,3850)|(4975,6800)|(4875,6800)|(4975,8450)|(4475,11850)|(4675,11850)|(2725,11850)|(3775,11850)|(5875,11850)|(4875,7000)|(9725,1450)|(12025,1300)|(13975,1500)|(16375,2550)|(16375,2750)|(15625,2150)|
(15625,1150)|(14125,1200)|(14425,1200)|(5675,11850)|(6975,1200)|(6375,1200)|(6275,1200)|(4975,6700)|(4875,8550)|(4875,11850)|(9625,11850)|(11425,11850)|(10075,8800)|(9875,8800)|(6325,2200)|(14025,1200)|(13925,1200)|(6325,1500)|(10175,11850)|(12625,8750)|(12625,8550)|(13625,11850)|(12525,6600)|(10475,11850)|(12525,9050)|(16375,3300)|(16375,3800)|(16375,3500)|(16375,3200)|(16375,3700)|(4975,11850)|(12525,11850)|
(15625,1150)|(12625,7000)|(12525,7000)|(12525,8550)|(10575,11850)|(11025,11850)|(12525,8850)|(13475,1200)|(13475,1600)|(13325,1200)|(8725,3700)|(5825,1200)|(7975,2150)|(12625,7200)|(12525,7100)|(3575,11850)|(5475,11850)|(5375,11850)|(2075,11850)|(2425,11850)|(3675,11850)|(3475,11850)|(4975,7100)|(4975,6500)|(4875,8950)|(4875,8850)|(4875,6600)|(12525,6800)|(12625,8650)|(13725,11850)|(13825,11850)|(13125,11850)|(6075,11850)|(4875,9050)|(4875,8650)|(12525,8450)|
(15625,1150)|(12625,8450)|(11825,11850)|(11725,11850)|(9525,11850)|(12225,11850)|(12625,8850)|(12525,8750)|(13925,11850)|(12625,6700)|(12525,6900)|(12525,7200)|(4875,8450)|(2825,11850)|(2925,11850)|(2325,8800)|(4875,6500)|(4975,6600)|(8725,3800)|(8725,2950)|(5525,1200)|(5675,1200)|(6775,1200)|(8725,2550)|(4975,9050)|(12425,11850)|(13025,11850)|(13425,11850)|(11325,11850)|(10775,11850)|(13525,11850)|(10375,11850)|(8725,2750)|(4875,6900)|(3775,1600)|(2075,1450)|(5475,2500)|(3775,2300)|(5825,1600)|(5825,1900)|(5825,2050)|(8725,3600)|(16375,3600)|
(15625,1150)|(14625,1200)|(16375,2850)|(16375,2650)|(9725,3850)|(11425,1600)|(13975,2200)|(8725,2850)|(6475,1200)|(13175,1200)|(12675,2150)|(9775,8800)|(5775,11850)|(2625,11850)|(3025,11850)|(2525,11850)|(4875,7100)|(4875,8750)|(13475,1900)|

Initial minimum distance: 1101000.1047608356
Global minimum distance: 534701.1969826551
Running time: 170.57711052894592s
[46, 31, 24, 26, 29]
Final Route: |(15625,1150)|(13475,1750)|(6875,1200)|(6325,2200)|(5825,1900)|(5825,2050)|(11025,11850)|(4875,8950)|(2225,8800)|(3025,11850)|(9525,11850)|(4375,11850)|(12525,8750)|(10675,11850)|(12625,8750)|(4975,8950)|(12025,3300)|(5825,1200)|(8725,3500)|(4875,6600)|(1875,11850)|(4775,11850)|(4975,11850)|(5875,11850)|(13625,11850)|(13225,11850)|(10575,11850)|(9725,11850)|(13025,11850)|(11825,11850)|(11925,11850)|(6175,11850)|(4175,11850)|(2925,11850)|(2425,11850)|(3475,11850)|(13925,11850)|(13525,11850)|(10075,11850)|(12125,11850)|(12225,11850)|(13125,11850)|(11325,11850)|(4975,9050)|(8725,3600)|(13125,2500)|
(15625,1150)|(16375,3400)|(13975,2200)|(4975,8550)|(4275,11850)|(4975,7100)|(5675,11850)|(5575,11850)|(12025,11850)|(11725,11850)|(12625,11850)|(12525,6600)|(12625,8950)|(8725,2550)|(7975,2150)|(10275,11850)|(11425,11850)|(5975,11850)|(12525,8450)|(4875,7000)|(4875,6800)|(8725,3200)|(6375,1200)|(6775,1200)|(5450,1725)|(8725,3050)|(6475,1200)|(5975,1200)|(5675,1200)|(4375,1300)|(14125,1200)|
(15625,1150)|(16375,3200)|(16375,3050)|(14625,1200)|(13100,1725)|(14025,1200)|(12525,9050)|(12625,9050)|(13175,1200)|(12525,6500)|(12625,7100)|(12625,6900)|(12525,8950)|(12525,6800)|(12625,6600)|(13100,2150)|(13475,1600)|(16375,2650)|(12525,8550)|(12525,8650)|(12625,6700)|(16375,3500)|(13475,1200)|(4975,8650)|
(15625,1150)|(11425,2300)|(12025,1300)|(8725,3400)|(4875,11850)|(3775,11850)|(4575,11850)|(2075,11850)|(6275,11850)|(6075,11850)|(5475,11850)|(4975,8850)|(4975,7200)|(4875,8550)|(3775,1600)|(4375,3300)|(5475,2500)|(2075,3850)|(4875,8450)|(4075,11850)|(4875,8750)|(8725,2750)|(8725,2950)|(8725,2850)|(12675,2150)|(16375,3700)|
(15625,1150)|(16375,3800)|(16375,3600)|(16375,2950)|(9975,8800)|(4975,6800)|(4875,9050)|(2625,11850)|(3675,11850)|(4875,6900)|(4875,7100)|(4875,6700)|(4975,6500)|(10475,11850)|(11225,11850)|(10375,11850)|(5475,3000)|(5525,1200)|(6275,1200)|(5025,1725)|(12525,6700)|(12625,8850)|(13725,11850)|(9625,11850)|(12625,6500)|(12525,6900)|(13125,3000)|(13475,1900)|(13625,1200)|

Initial minimum distance: 1051727.1166617908
Global minimum distance: 529259.1240069909
Running time: 170.73110103607178s
[37, 50, 22, 21, 26]
Final Route: |(15625,1150)|(13725,11850)|(6275,11850)|(6075,11850)|(4875,11850)|(4075,11850)|(4875,8450)|(4975,8450)|(4375,3300)|(4875,7000)|(4875,6800)|(4875,8650)|(8725,3400)|(8725,3600)|(12625,8850)|(12625,7100)|(3775,1600)|(11425,1600)|(12525,8750)|(12525,7000)|(12625,6600)|(13325,11850)|(11225,11850)|(11325,11850)|(13125,11850)|(13525,11850)|(12625,9050)|(5975,11850)|(4775,11850)|(4175,11850)|(12525,8950)|(13025,11850)|(12525,8450)|(12525,7200)|(10075,11850)|(4975,8850)|(2075,11850)|
(15625,1150)|(4975,8950)|(3575,11850)|(4875,8550)|(4975,6900)|(6375,1200)|(13175,1200)|(12625,6700)|(8725,3200)|(6975,1200)|(5525,1200)|(6325,1500)|(7975,1150)|(8725,2650)|(4875,6700)|(4875,6500)|(4975,6800)|(4875,7200)|(2425,11850)|(2825,11850)|(2325,8800)|(3025,11850)|(2425,8800)|(9875,8800)|(12325,11850)|(10275,11850)|(11025,11850)|(10575,11850)|(11125,11850)|(12525,8650)|(5775,11850)|(4275,11850)|(6325,2200)|(5675,1200)|(5475,3000)|(6875,1200)|(8725,3800)|(16375,2550)|(12525,6900)|(11925,11850)|(12525,6800)|(12525,8550)|(12625,6500)|(16375,3600)|(16375,3300)|(16375,2850)|(16375,2950)|(15625,2150)|(13975,1500)|(16375,3200)|
(15625,1150)|(14125,1200)|(13475,2050)|(12025,1300)|(13125,2500)|(9725,3850)|(4975,6700)|(4975,7200)|(9725,11850)|(10775,11850)|(4875,6600)|(8725,3300)|(8725,2850)|(9725,1450)|(2075,1450)|(5825,1600)|(7975,2150)|(8725,3050)|(13475,1750)|(13475,1200)|(16375,3500)|(13925,1200)|
(15625,1150)|(12625,6900)|(12525,8850)|(3775,11850)|(3125,11850)|(2625,11850)|(1975,11850)|(9625,11850)|(9525,11850)|(12625,8950)|(13425,11850)|(12425,11850)|(4975,8750)|(8725,3500)|(8725,2750)|(8725,2950)|(12525,6600)|(16375,3700)|(16375,3050)|(14425,1200)|(13975,2200)|
(15625,1150)|(13475,1900)|(12625,7000)|(12525,7100)|(12625,6800)|(12625,11850)|(12025,11850)|(9975,8800)|(4975,7100)|(5450,1725)|(4975,11850)|(4875,9050)|(2525,11850)|(4575,11850)|(10675,11850)|(11825,11850)|(12625,8650)|(11425,11850)|(12625,8750)|(10175,11850)|(12225,11850)|(13825,11850)|(12525,9050)|(12625,8450)|(12525,6700)|(13475,1600)|

Initial minimum distance: 1089278.9854540722
Global minimum distance: 506381.74387188227
Running time: 172.96033430099487s
[18, 49, 19, 31, 39]
Final Route: |(15625,1150)|(4875,9050)|(2325,8800)|(4875,11850)|(3025,11850)|(4875,8850)|(9625,11850)|(10575,11850)|(12525,6600)|(12525,6500)|(12625,7200)|(9875,8800)|(8725,3800)|(6775,1200)|(6375,1200)|(5825,1900)|(8725,2550)|(13475,1750)|
(15625,1150)|(12525,6900)|(13725,11850)|(12625,8450)|(12525,9050)|(12625,8850)|(4475,11850)|(5975,11850)|(4275,11850)|(12525,8650)|(12625,6900)|(12525,8550)|(11325,11850)|(12525,6700)|(4975,8850)|(5375,11850)|(5475,3000)|(7975,2150)|(8725,2650)|(8725,3600)|(5450,2150)|(6325,1500)|(16375,3700)|(13475,1900)|(13475,1600)|(13125,2500)|(16375,2750)|(4875,7000)|(4875,6600)|(4975,6500)|(4875,6500)|(2225,8800)|(1875,11850)|(4075,11850)|(3575,11850)|(10075,11850)|(11725,11850)|(9775,8800)|(5775,11850)|(5475,11850)|(5675,11850)|(4875,8950)|(10075,8800)|(8725,2850)|(9725,1450)|(7975,1150)|(5450,1725)|(6875,1200)|(10675,11850)|
(15625,1150)|(12625,8750)|(13025,11850)|(11425,11850)|(13625,11850)|(12425,11850)|(13425,11850)|(4875,7100)|(12225,11850)|(12625,11850)|(12125,11850)|(13825,11850)|(11825,11850)|(12625,6800)|(13125,3000)|(12025,3300)|(16375,3500)|(16375,3800)|(16375,3300)|
(15625,1150)|(14025,1200)|(16375,2950)|(16375,2650)|(16375,3200)|(13475,1200)|(5025,1725)|(8725,3050)|(8725,2950)|(8725,3700)|(5825,2050)|(5825,1600)|(3775,2300)|(4375,3300)|(3775,1600)|(2075,1450)|(5525,1200)|(4975,6600)|(10475,11850)|(11125,11850)|(12625,8950)|(12325,11850)|(13225,11850)|(12525,8950)|(8725,3400)|(8725,3500)|(8725,2750)|(13100,1725)|(12525,8750)|(13325,11850)|(9525,11850)|
(15625,1150)|(12525,7000)|(12525,6800)|(12025,1300)|(13325,1200)|(11425,2300)|(9725,11850)|(10175,11850)|(12525,11850)|(11025,11850)|(4875,6900)|(4875,8650)|(4975,8750)|(4975,8450)|(4975,8650)|(4975,6800)|(2125,8800)|(4575,11850)|(5875,11850)|(4975,9050)|(4975,8550)|(4975,7000)|(4975,11850)|(4675,11850)|(2725,11850)|(2825,11850)|(2425,11850)|(4975,7100)|(3475,11850)|(3775,11850)|(4875,8550)|(2425,8800)|(5025,2150)|(5475,2500)|(12625,6700)|(16375,2850)|(14625,1200)|(13925,1200)|(13100,2150)|

