Initial minimum distance: 570128.6184869121
Global minimum distance: 324930.7723238656
Running time: 73.48635721206665s
[26, 10, 11, 17, 16]
Final Route: |(3600,2300)|(4700,5750)|(12600,7250)|(15110,10053)|(12600,10950)|(13992,10052)|(15108,7103)|(19800,11900)|(16800,10950)|(14900,8450)|(12050,3300)|(13100,6950)|(12050,10950)|(13993,7102)|(16800,3300)|(16150,2300)|(19800,800)|(14900,1600)|(14200,5750)|(12600,3300)|(13100,2300)|(16800,7250)|(10360,10053)|(7850,10950)|(10150,11650)|(9450,5750)|
(3600,2300)|(11400,2300)|(10150,1600)|(6650,2300)|(7300,3300)|(7850,3300)|(7300,7250)|(10150,8450)|(5400,8450)|(5400,1600)|
(3600,2300)|(8350,2300)|(7850,7250)|(14200,8450)|(12050,7250)|(9243,7102)|(10358,7103)|(6650,6950)|(4493,7102)|(200,800)|(200,1100)|
(3600,2300)|(3100,7250)|(4492,10052)|(3100,3300)|(13100,10800)|(9242,10052)|(10150,5750)|(11400,6950)|(14200,11650)|(11400,10800)|(14900,11650)|(16150,10800)|(19800,12200)|(19800,10000)|(16150,6950)|(14900,5750)|(8350,10800)|
(3600,2300)|(4700,8450)|(9450,11650)|(7300,10950)|(5400,11650)|(3600,10800)|(200,12200)|(4700,11650)|(5400,5750)|(8350,6950)|(9450,8450)|(5610,10053)|(6650,10800)|(5608,7103)|(3100,10950)|(3600,6950)|

Initial minimum distance: 548709.2459652781
Global minimum distance: 299824.4310572943
Running time: 73.77240753173828s
[14, 13, 18, 20, 15]
Final Route: |(3600,2300)|(7850,3300)|(10150,5750)|(5608,7103)|(3600,6950)|(4493,7102)|(9450,11650)|(7850,10950)|(3100,10950)|(3600,10800)|(3100,7250)|(4700,5750)|(5400,8450)|(5400,5750)|
(3600,2300)|(5400,1600)|(8350,2300)|(11400,2300)|(10150,1600)|(12050,3300)|(9242,10052)|(10150,11650)|(5610,10053)|(4492,10052)|(5400,11650)|(4700,8450)|(9450,5750)|
(3600,2300)|(7300,7250)|(8350,6950)|(12050,10950)|(7300,10950)|(6650,10800)|(8350,10800)|(12600,10950)|(11400,10800)|(9450,8450)|(14900,11650)|(19800,12200)|(13100,10800)|(10358,7103)|(10150,8450)|(7850,7250)|(4700,11650)|(200,12200)|
(3600,2300)|(6650,6950)|(9243,7102)|(12600,7250)|(14200,8450)|(13100,6950)|(12050,7250)|(14200,11650)|(19800,10000)|(14900,8450)|(16150,10800)|(13992,10052)|(11400,6950)|(13993,7102)|(14900,5750)|(16150,6950)|(15108,7103)|(19800,11900)|(16800,10950)|(10360,10053)|
(3600,2300)|(14200,5750)|(15110,10053)|(16800,7250)|(19800,800)|(16800,3300)|(16150,2300)|(14900,1600)|(13100,2300)|(12600,3300)|(200,1100)|(200,800)|(3100,3300)|(7300,3300)|(6650,2300)|

Initial minimum distance: 565520.1133270486
Global minimum distance: 324445.80823053565
Running time: 73.99588966369629s
[14, 19, 13, 21, 13]
Final Route: |(3600,2300)|(8350,2300)|(11400,2300)|(14900,1600)|(16150,10800)|(14900,8450)|(16800,3300)|(19800,800)|(16150,2300)|(13100,2300)|(14200,8450)|(11400,6950)|(13993,7102)|(14200,5750)|
(3600,2300)|(12600,3300)|(16150,6950)|(14900,11650)|(14200,11650)|(15110,10053)|(19800,12200)|(19800,10000)|(19800,11900)|(16800,10950)|(9450,11650)|(5400,11650)|(5610,10053)|(7300,10950)|(8350,10800)|(6650,2300)|(12050,3300)|(15108,7103)|(14900,5750)|
(3600,2300)|(10150,5750)|(9242,10052)|(9243,7102)|(11400,10800)|(10358,7103)|(16800,7250)|(12050,7250)|(12600,7250)|(10360,10053)|(13100,10800)|(12600,10950)|(12050,10950)|
(3600,2300)|(4700,8450)|(4493,7102)|(6650,6950)|(3600,6950)|(3100,3300)|(200,800)|(200,1100)|(5608,7103)|(5400,5750)|(4700,5750)|(7850,7250)|(7300,7250)|(13992,10052)|(9450,5750)|(10150,11650)|(8350,6950)|(10150,8450)|(13100,6950)|(7300,3300)|(5400,1600)|
(3600,2300)|(3100,7250)|(5400,8450)|(6650,10800)|(4700,11650)|(3600,10800)|(3100,10950)|(200,12200)|(4492,10052)|(9450,8450)|(7850,10950)|(7850,3300)|(10150,1600)|

Initial minimum distance: 560134.5817088383
Global minimum distance: 327328.57371447363
Running time: 74.91021919250488s
[22, 21, 12, 11, 14]
Final Route: |(3600,2300)|(5400,5750)|(10150,8450)|(8350,6950)|(10150,5750)|(12600,7250)|(13993,7102)|(9450,8450)|(7850,10950)|(10150,11650)|(14900,8450)|(14200,5750)|(16800,3300)|(16800,7250)|(16150,6950)|(15108,7103)|(11400,10800)|(9450,11650)|(200,12200)|(4700,11650)|(5608,7103)|(6650,2300)|
(3600,2300)|(200,800)|(200,1100)|(3100,3300)|(8350,2300)|(5400,1600)|(7850,7250)|(5400,8450)|(3600,6950)|(4700,5750)|(4493,7102)|(6650,6950)|(3100,10950)|(5400,11650)|(4700,8450)|(4492,10052)|(6650,10800)|(5610,10053)|(8350,10800)|(7300,10950)|(9243,7102)|
(3600,2300)|(7850,3300)|(3100,7250)|(10358,7103)|(12050,10950)|(12050,7250)|(15110,10053)|(14200,11650)|(12600,3300)|(13100,2300)|(12050,3300)|(14900,1600)|
(3600,2300)|(9450,5750)|(11400,6950)|(14900,5750)|(11400,2300)|(19800,800)|(16150,2300)|(10150,1600)|(7300,3300)|(9242,10052)|(7300,7250)|
(3600,2300)|(3600,10800)|(14200,8450)|(14900,11650)|(16150,10800)|(19800,11900)|(19800,10000)|(13100,10800)|(16800,10950)|(19800,12200)|(13992,10052)|(13100,6950)|(12600,10950)|(10360,10053)|

Initial minimum distance: 538535.3426066536
Global minimum distance: 318668.8065857646
Running time: 75.3939049243927s
[13, 11, 13, 25, 18]
Final Route: |(3600,2300)|(6650,6950)|(8350,6950)|(14900,5750)|(16150,10800)|(19800,12200)|(19800,11900)|(19800,10000)|(16150,6950)|(13100,6950)|(12050,7250)|(13100,2300)|(10150,1600)|
(3600,2300)|(7300,3300)|(6650,2300)|(8350,2300)|(5400,1600)|(3600,6950)|(4493,7102)|(4700,8450)|(3100,3300)|(200,800)|(200,1100)|
(3600,2300)|(11400,2300)|(3100,7250)|(5400,8450)|(10150,8450)|(12600,7250)|(10358,7103)|(12600,3300)|(9450,8450)|(9243,7102)|(12050,3300)|(7850,3300)|(7300,7250)|
(3600,2300)|(5400,5750)|(4700,11650)|(14200,11650)|(15110,10053)|(11400,10800)|(13992,10052)|(14900,11650)|(16800,10950)|(12050,10950)|(15108,7103)|(12600,10950)|(9450,11650)|(9242,10052)|(4492,10052)|(200,12200)|(3100,10950)|(3600,10800)|(4700,5750)|(6650,10800)|(14900,8450)|(8350,10800)|(7300,10950)|(5400,11650)|(5608,7103)|
(3600,2300)|(10150,5750)|(11400,6950)|(14900,1600)|(19800,800)|(16150,2300)|(16800,3300)|(14200,8450)|(9450,5750)|(7850,7250)|(10150,11650)|(13100,10800)|(13993,7102)|(16800,7250)|(14200,5750)|(10360,10053)|(7850,10950)|(5610,10053)|

Initial minimum distance: 564181.0770340378
Global minimum distance: 298809.1328056983
Running time: 75.69008946418762s
[17, 15, 13, 23, 12]
Final Route: |(3600,2300)|(4700,5750)|(3600,10800)|(3100,10950)|(4492,10052)|(4493,7102)|(5400,8450)|(4700,8450)|(200,1100)|(3600,6950)|(6650,2300)|(7850,3300)|(7300,3300)|(5400,5750)|(3100,7250)|(3100,3300)|(200,800)|
(3600,2300)|(10150,1600)|(13100,2300)|(12050,3300)|(11400,2300)|(12600,3300)|(12050,7250)|(14900,5750)|(19800,11900)|(19800,12200)|(19800,10000)|(13992,10052)|(11400,10800)|(8350,2300)|(5400,1600)|
(3600,2300)|(10150,5750)|(11400,6950)|(16800,10950)|(14900,11650)|(12050,10950)|(13100,10800)|(14200,5750)|(4700,11650)|(5400,11650)|(200,12200)|(6650,10800)|(5608,7103)|
(3600,2300)|(9450,5750)|(5610,10053)|(7300,10950)|(9450,8450)|(10150,11650)|(9450,11650)|(12600,10950)|(14200,11650)|(14900,8450)|(13100,6950)|(13993,7102)|(10150,8450)|(10360,10053)|(9243,7102)|(10358,7103)|(15108,7103)|(16800,7250)|(16800,3300)|(14900,1600)|(16150,2300)|(19800,800)|(12600,7250)|
(3600,2300)|(7300,7250)|(6650,6950)|(7850,10950)|(8350,10800)|(9242,10052)|(8350,6950)|(15110,10053)|(14200,8450)|(16150,10800)|(16150,6950)|(7850,7250)|

Initial minimum distance: 552347.1000922642
Global minimum distance: 329944.1723239176
Running time: 80.07963562011719s
[10, 30, 12, 13, 15]
Final Route: |(3600,2300)|(14900,1600)|(16150,6950)|(19800,12200)|(19800,10000)|(14900,8450)|(15108,7103)|(14200,8450)|(14200,5750)|(8350,6950)|
(3600,2300)|(7300,3300)|(5400,1600)|(3100,3300)|(200,1100)|(200,800)|(5610,10053)|(3600,6950)|(3100,7250)|(5400,5750)|(7300,10950)|(10360,10053)|(8350,10800)|(10150,11650)|(13992,10052)|(14200,11650)|(15110,10053)|(12050,10950)|(11400,10800)|(9450,11650)|(13100,10800)|(16800,10950)|(16150,10800)|(13993,7102)|(14900,5750)|(9450,5750)|(10150,5750)|(9243,7102)|(12050,7250)|(12600,10950)|
(3600,2300)|(5400,11650)|(5400,8450)|(14900,11650)|(11400,6950)|(12600,3300)|(11400,2300)|(16150,2300)|(19800,800)|(16800,3300)|(13100,2300)|(6650,2300)|
(3600,2300)|(4700,8450)|(7850,10950)|(4493,7102)|(5608,7103)|(3600,10800)|(4700,5750)|(6650,6950)|(7300,7250)|(12600,7250)|(19800,11900)|(16800,7250)|(10150,8450)|
(3600,2300)|(7850,7250)|(9242,10052)|(6650,10800)|(200,12200)|(4492,10052)|(4700,11650)|(3100,10950)|(7850,3300)|(9450,8450)|(10358,7103)|(13100,6950)|(12050,3300)|(10150,1600)|(8350,2300)|

Initial minimum distance: 516405.6749176391
Global minimum distance: 314334.24951501423
Running time: 80.13341045379639s
[14, 13, 23, 12, 18]
Final Route: |(3600,2300)|(16800,3300)|(19800,800)|(16150,2300)|(15108,7103)|(16800,7250)|(14900,5750)|(14900,11650)|(12050,7250)|(11400,6950)|(12600,3300)|(11400,2300)|(7850,7250)|(8350,6950)|
(3600,2300)|(13100,10800)|(14200,11650)|(14900,8450)|(15110,10053)|(16150,10800)|(16800,10950)|(19800,10000)|(19800,11900)|(19800,12200)|(14200,5750)|(12050,3300)|(9243,7102)|
(3600,2300)|(3100,3300)|(4700,8450)|(4700,11650)|(9242,10052)|(7850,10950)|(5400,11650)|(6650,10800)|(7300,10950)|(6650,6950)|(4493,7102)|(7300,7250)|(9450,8450)|(13100,2300)|(10150,1600)|(10150,5750)|(9450,11650)|(8350,10800)|(12600,10950)|(12050,10950)|(13100,6950)|(10358,7103)|(12600,7250)|
(3600,2300)|(3600,6950)|(4492,10052)|(200,12200)|(3100,10950)|(3600,10800)|(5610,10053)|(5400,8450)|(200,1100)|(200,800)|(3100,7250)|(6650,2300)|
(3600,2300)|(7850,3300)|(10150,8450)|(5400,5750)|(5608,7103)|(4700,5750)|(7300,3300)|(5400,1600)|(14200,8450)|(13993,7102)|(16150,6950)|(14900,1600)|(8350,2300)|(9450,5750)|(10150,11650)|(10360,10053)|(11400,10800)|(13992,10052)|

Initial minimum distance: 560418.3819028838
Global minimum distance: 325573.957428493
Running time: 80.40585446357727s
[17, 17, 12, 10, 24]
Final Route: |(3600,2300)|(4493,7102)|(5400,11650)|(3100,10950)|(7300,10950)|(12050,7250)|(13100,6950)|(9450,8450)|(10150,8450)|(6650,6950)|(9450,11650)|(10150,11650)|(4492,10052)|(6650,10800)|(5610,10053)|(4700,5750)|(7850,10950)|
(3600,2300)|(3600,10800)|(200,12200)|(8350,10800)|(4700,11650)|(14900,8450)|(16800,10950)|(13993,7102)|(19800,10000)|(19800,11900)|(19800,12200)|(14200,8450)|(10358,7103)|(7850,3300)|(7300,3300)|(5608,7103)|(5400,5750)|
(3600,2300)|(9450,5750)|(12600,7250)|(8350,6950)|(10150,1600)|(6650,2300)|(8350,2300)|(11400,6950)|(9243,7102)|(9242,10052)|(12600,10950)|(11400,10800)|
(3600,2300)|(7850,7250)|(3600,6950)|(4700,8450)|(5400,8450)|(3100,7250)|(7300,7250)|(5400,1600)|(200,1100)|(200,800)|
(3600,2300)|(3100,3300)|(10150,5750)|(16150,10800)|(15108,7103)|(11400,2300)|(12600,3300)|(16150,2300)|(19800,800)|(14900,1600)|(13100,2300)|(12050,3300)|(14900,5750)|(16800,7250)|(14200,5750)|(10360,10053)|(13992,10052)|(15110,10053)|(12050,10950)|(14900,11650)|(14200,11650)|(13100,10800)|(16150,6950)|(16800,3300)|

Initial minimum distance: 541039.1234514014
Global minimum distance: 335922.882111819
Running time: 80.60542678833008s
[11, 18, 15, 12, 24]
Final Route: |(3600,2300)|(5400,11650)|(8350,10800)|(10150,11650)|(9450,11650)|(13100,10800)|(12600,10950)|(11400,6950)|(7300,7250)|(7850,7250)|(9242,10052)|
(3600,2300)|(10150,1600)|(4493,7102)|(11400,2300)|(10358,7103)|(10150,8450)|(10360,10053)|(10150,5750)|(5608,7103)|(9243,7102)|(12050,10950)|(7850,10950)|(4700,8450)|(8350,6950)|(5400,1600)|(7300,3300)|(7850,3300)|(3100,3300)|
(3600,2300)|(4700,5750)|(3600,6950)|(5400,8450)|(5610,10053)|(6650,6950)|(15110,10053)|(14200,11650)|(11400,10800)|(14900,11650)|(13992,10052)|(12600,7250)|(12050,7250)|(8350,2300)|(6650,2300)|
(3600,2300)|(5400,5750)|(7300,10950)|(19800,11900)|(16150,10800)|(9450,8450)|(9450,5750)|(3100,7250)|(4700,11650)|(3600,10800)|(3100,10950)|(4492,10052)|
(3600,2300)|(200,12200)|(6650,10800)|(14200,5750)|(12600,3300)|(14900,5750)|(13100,6950)|(16800,7250)|(16800,10950)|(14200,8450)|(16800,3300)|(13993,7102)|(12050,3300)|(13100,2300)|(19800,800)|(19800,10000)|(19800,12200)|(16150,6950)|(14900,8450)|(15108,7103)|(16150,2300)|(14900,1600)|(200,1100)|(200,800)|

Initial minimum distance: 562922.9009766257
Global minimum distance: 296192.8345773542
Running time: 80.78918862342834s
[20, 14, 16, 14, 16]
Final Route: |(3600,2300)|(3100,10950)|(200,12200)|(4700,11650)|(5400,11650)|(12600,10950)|(13100,10800)|(16800,10950)|(14200,11650)|(16150,10800)|(19800,12200)|(19800,11900)|(19800,10000)|(15108,7103)|(16150,6950)|(12600,7250)|(11400,6950)|(10150,5750)|(8350,6950)|(7850,7250)|
(3600,2300)|(9242,10052)|(12050,10950)|(11400,10800)|(4700,8450)|(7300,7250)|(8350,10800)|(9450,5750)|(10150,1600)|(14200,5750)|(12600,3300)|(11400,2300)|(8350,2300)|(5400,1600)|
(3600,2300)|(4700,5750)|(3100,7250)|(3600,6950)|(3600,10800)|(4492,10052)|(5610,10053)|(6650,10800)|(7300,10950)|(10150,11650)|(9450,11650)|(10358,7103)|(10360,10053)|(5608,7103)|(14900,1600)|(13100,2300)|
(3600,2300)|(13100,6950)|(13992,10052)|(14900,11650)|(19800,800)|(16150,2300)|(16800,3300)|(16800,7250)|(12050,7250)|(5400,8450)|(5400,5750)|(6650,6950)|(7300,3300)|(7850,3300)|
(3600,2300)|(3100,3300)|(200,1100)|(200,800)|(6650,2300)|(13993,7102)|(10150,8450)|(9450,8450)|(7850,10950)|(12050,3300)|(14900,8450)|(14200,8450)|(15110,10053)|(14900,5750)|(9243,7102)|(4493,7102)|

Initial minimum distance: 566243.004175204
Global minimum distance: 305597.22937335726
Running time: 80.96743178367615s
[10, 16, 23, 9, 22]
Final Route: |(3600,2300)|(5400,1600)|(10360,10053)|(9450,8450)|(7850,10950)|(9242,10052)|(6650,6950)|(4700,5750)|(200,800)|(3100,3300)|
(3600,2300)|(8350,2300)|(5400,8450)|(4700,8450)|(5400,11650)|(4492,10052)|(3100,10950)|(6650,10800)|(10150,8450)|(9243,7102)|(12600,7250)|(5608,7103)|(5400,5750)|(3100,7250)|(4493,7102)|(3600,6950)|
(3600,2300)|(8350,6950)|(9450,5750)|(10358,7103)|(13992,10052)|(16800,7250)|(16150,6950)|(15108,7103)|(19800,12200)|(19800,11900)|(14900,11650)|(13100,6950)|(14200,5750)|(15110,10053)|(12600,10950)|(10150,11650)|(14200,11650)|(11400,10800)|(12050,10950)|(13100,10800)|(9450,11650)|(8350,10800)|(10150,5750)|
(3600,2300)|(11400,6950)|(7850,7250)|(5610,10053)|(4700,11650)|(3600,10800)|(200,12200)|(7300,3300)|(6650,2300)|
(3600,2300)|(200,1100)|(16800,10950)|(7300,10950)|(14900,8450)|(16800,3300)|(19800,800)|(16150,2300)|(14900,1600)|(13100,2300)|(11400,2300)|(10150,1600)|(7850,3300)|(7300,7250)|(14200,8450)|(19800,10000)|(16150,10800)|(14900,5750)|(13993,7102)|(12050,7250)|(12600,3300)|(12050,3300)|

Initial minimum distance: 563645.054225485
Global minimum distance: 304283.3209947534
Running time: 81.15012383460999s
[10, 10, 17, 14, 29]
Final Route: |(3600,2300)|(3600,6950)|(4700,5750)|(10358,7103)|(12050,3300)|(13100,6950)|(12600,10950)|(16800,7250)|(13100,2300)|(6650,2300)|
(3600,2300)|(5400,5750)|(6650,6950)|(7300,7250)|(7850,7250)|(5610,10053)|(6650,10800)|(8350,10800)|(7300,10950)|(9450,5750)|
(3600,2300)|(12600,3300)|(11400,6950)|(12050,7250)|(12600,7250)|(10150,1600)|(14200,5750)|(9242,10052)|(12050,10950)|(10150,11650)|(13992,10052)|(15110,10053)|(16150,10800)|(16800,10950)|(11400,10800)|(13100,10800)|(9450,11650)|
(3600,2300)|(4493,7102)|(5400,11650)|(5400,8450)|(3100,3300)|(7300,3300)|(8350,2300)|(10150,5750)|(10150,8450)|(8350,6950)|(10360,10053)|(7850,10950)|(7850,3300)|(11400,2300)|
(3600,2300)|(4700,8450)|(4700,11650)|(200,12200)|(3100,10950)|(9243,7102)|(14900,5750)|(15108,7103)|(16150,6950)|(16150,2300)|(14900,1600)|(19800,800)|(16800,3300)|(13993,7102)|(19800,12200)|(19800,11900)|(19800,10000)|(14200,8450)|(14900,8450)|(14900,11650)|(14200,11650)|(9450,8450)|(3600,10800)|(4492,10052)|(5608,7103)|(3100,7250)|(5400,1600)|(200,800)|(200,1100)|

Initial minimum distance: 539826.0098821617
Global minimum distance: 312586.8643524938
Running time: 82.20520830154419s
[12, 15, 25, 18, 10]
Final Route: |(3600,2300)|(11400,10800)|(10150,11650)|(9243,7102)|(7300,10950)|(3100,10950)|(4492,10052)|(4700,11650)|(8350,10800)|(6650,10800)|(5610,10053)|(4700,8450)|
(3600,2300)|(3100,3300)|(200,1100)|(5400,1600)|(6650,2300)|(7300,3300)|(200,800)|(4493,7102)|(7300,7250)|(3600,10800)|(200,12200)|(3600,6950)|(5400,8450)|(5608,7103)|(5400,5750)|
(3600,2300)|(3100,7250)|(5400,11650)|(9450,11650)|(12600,10950)|(10150,5750)|(6650,6950)|(9450,8450)|(16150,6950)|(16150,10800)|(13992,10052)|(14900,8450)|(14900,5750)|(13100,6950)|(13993,7102)|(14200,8450)|(12600,7250)|(7850,7250)|(13100,10800)|(8350,6950)|(12050,3300)|(7850,3300)|(10150,1600)|(9450,5750)|(10358,7103)|
(3600,2300)|(11400,6950)|(16800,10950)|(19800,10000)|(19800,12200)|(19800,11900)|(16800,7250)|(15108,7103)|(14200,5750)|(10150,8450)|(12050,10950)|(14200,11650)|(14900,11650)|(7850,10950)|(9242,10052)|(10360,10053)|(12050,7250)|(12600,3300)|
(3600,2300)|(4700,5750)|(15110,10053)|(19800,800)|(16800,3300)|(13100,2300)|(16150,2300)|(14900,1600)|(11400,2300)|(8350,2300)|

Initial minimum distance: 548322.0414339551
Global minimum distance: 313137.1208791782
Running time: 82.57468962669373s
[19, 10, 15, 24, 12]
Final Route: |(3600,2300)|(9450,5750)|(9243,7102)|(13992,10052)|(12600,7250)|(13993,7102)|(19800,10000)|(19800,11900)|(19800,12200)|(16150,10800)|(12050,10950)|(11400,10800)|(12600,10950)|(15110,10053)|(14900,1600)|(12600,3300)|(12050,3300)|(8350,10800)|(11400,6950)|
(3600,2300)|(11400,2300)|(9242,10052)|(7850,10950)|(7300,10950)|(4700,11650)|(6650,10800)|(5400,8450)|(200,12200)|(5400,11650)|
(3600,2300)|(3600,10800)|(4492,10052)|(10150,8450)|(14200,8450)|(13100,6950)|(14900,8450)|(14900,11650)|(16800,10950)|(16800,3300)|(19800,800)|(16150,2300)|(13100,2300)|(10150,1600)|(5400,1600)|
(3600,2300)|(6650,2300)|(8350,2300)|(7850,3300)|(16800,7250)|(12050,7250)|(10150,5750)|(14900,5750)|(15108,7103)|(16150,6950)|(14200,5750)|(5400,5750)|(7300,3300)|(3100,3300)|(4700,5750)|(200,800)|(200,1100)|(3600,6950)|(5608,7103)|(10360,10053)|(13100,10800)|(14200,11650)|(10150,11650)|(9450,11650)|
(3600,2300)|(7300,7250)|(4493,7102)|(10358,7103)|(8350,6950)|(9450,8450)|(5610,10053)|(4700,8450)|(3100,10950)|(3100,7250)|(6650,6950)|(7850,7250)|

Initial minimum distance: 551018.5401743253
Global minimum distance: 330721.16018555907
Running time: 83.0866425037384s
[11, 19, 18, 19, 13]
Final Route: |(3600,2300)|(5608,7103)|(3600,6950)|(4700,5750)|(6650,6950)|(7850,3300)|(3100,7250)|(3100,3300)|(5400,11650)|(5610,10053)|(4492,10052)|
(3600,2300)|(13100,10800)|(13100,6950)|(12600,7250)|(9450,11650)|(11400,6950)|(10358,7103)|(9450,8450)|(10150,5750)|(15108,7103)|(16150,2300)|(14900,1600)|(16800,3300)|(19800,800)|(16150,6950)|(14900,8450)|(12050,7250)|(12050,3300)|(10150,1600)|
(3600,2300)|(11400,2300)|(13100,2300)|(14900,5750)|(14200,8450)|(13993,7102)|(16800,7250)|(7850,7250)|(9450,5750)|(8350,2300)|(8350,6950)|(6650,10800)|(3100,10950)|(5400,5750)|(8350,10800)|(10360,10053)|(13992,10052)|(10150,8450)|
(3600,2300)|(9243,7102)|(7300,10950)|(14200,5750)|(12600,10950)|(12050,10950)|(12600,3300)|(19800,11900)|(19800,10000)|(19800,12200)|(14900,11650)|(16150,10800)|(16800,10950)|(14200,11650)|(15110,10053)|(11400,10800)|(7850,10950)|(4700,8450)|(4493,7102)|
(3600,2300)|(5400,1600)|(7300,3300)|(6650,2300)|(200,800)|(200,1100)|(7300,7250)|(5400,8450)|(3600,10800)|(200,12200)|(4700,11650)|(9242,10052)|(10150,11650)|

Initial minimum distance: 534792.4675583786
Global minimum distance: 306941.04366401915
Running time: 83.71754026412964s
[8, 19, 19, 17, 17]
Final Route: |(3600,2300)|(14900,8450)|(16150,2300)|(16800,3300)|(19800,800)|(9243,7102)|(10150,5750)|(8350,2300)|
(3600,2300)|(5400,1600)|(6650,2300)|(16800,7250)|(14900,11650)|(14200,8450)|(15108,7103)|(14200,5750)|(10150,1600)|(7300,3300)|(12600,7250)|(11400,6950)|(8350,6950)|(9450,5750)|(13100,2300)|(12600,3300)|(14900,1600)|(12050,3300)|(11400,2300)|
(3600,2300)|(7850,3300)|(5400,5750)|(6650,6950)|(7300,7250)|(9450,11650)|(10360,10053)|(12050,10950)|(13100,10800)|(16800,10950)|(16150,10800)|(19800,12200)|(14200,11650)|(13993,7102)|(10150,8450)|(7300,10950)|(5610,10053)|(9450,8450)|(7850,7250)|
(3600,2300)|(10358,7103)|(9242,10052)|(12600,10950)|(15110,10053)|(16150,6950)|(14900,5750)|(19800,11900)|(19800,10000)|(12050,7250)|(4700,5750)|(4492,10052)|(5400,8450)|(5608,7103)|(4493,7102)|(3100,7250)|(3600,6950)|
(3600,2300)|(4700,11650)|(3600,10800)|(8350,10800)|(6650,10800)|(3100,10950)|(200,12200)|(5400,11650)|(7850,10950)|(11400,10800)|(13992,10052)|(13100,6950)|(10150,11650)|(4700,8450)|(200,1100)|(200,800)|(3100,3300)|

Initial minimum distance: 572716.4799444175
Global minimum distance: 302140.00336138095
Running time: 84.02100110054016s
[11, 12, 32, 10, 15]
Final Route: |(3600,2300)|(8350,2300)|(15108,7103)|(19800,10000)|(19800,12200)|(19800,11900)|(15110,10053)|(14900,8450)|(13992,10052)|(8350,10800)|(7850,3300)|
(3600,2300)|(12600,3300)|(14200,5750)|(12050,10950)|(12600,7250)|(13993,7102)|(13100,6950)|(12600,10950)|(11400,10800)|(10150,5750)|(7300,7250)|(4493,7102)|
(3600,2300)|(3100,7250)|(13100,10800)|(14200,11650)|(16150,10800)|(10358,7103)|(11400,6950)|(12050,3300)|(10150,1600)|(11400,2300)|(13100,2300)|(19800,800)|(16800,3300)|(16150,2300)|(14900,1600)|(12050,7250)|(16150,6950)|(14900,5750)|(14200,8450)|(16800,10950)|(14900,11650)|(16800,7250)|(10150,8450)|(10360,10053)|(9450,11650)|(9242,10052)|(7300,10950)|(4700,11650)|(5400,5750)|(5400,8450)|(4700,8450)|(6650,2300)|
(3600,2300)|(4700,5750)|(3600,6950)|(5608,7103)|(8350,6950)|(5610,10053)|(7850,7250)|(9450,8450)|(9243,7102)|(6650,10800)|
(3600,2300)|(7850,10950)|(10150,11650)|(9450,5750)|(5400,11650)|(4492,10052)|(200,12200)|(3600,10800)|(3100,10950)|(3100,3300)|(200,800)|(200,1100)|(6650,6950)|(7300,3300)|(5400,1600)|

Initial minimum distance: 553665.3879652563
Global minimum distance: 328118.49841939035
Running time: 84.62286734580994s
[18, 16, 20, 11, 15]
Final Route: |(3600,2300)|(9450,11650)|(10360,10053)|(10150,11650)|(12600,10950)|(10358,7103)|(13992,10052)|(15110,10053)|(14200,8450)|(11400,6950)|(12600,7250)|(10150,5750)|(10150,8450)|(19800,11900)|(13993,7102)|(13100,6950)|(9450,5750)|(7850,3300)|
(3600,2300)|(7300,3300)|(6650,6950)|(9242,10052)|(16800,7250)|(16150,6950)|(14200,11650)|(16800,10950)|(19800,12200)|(19800,10000)|(11400,10800)|(7850,10950)|(9243,7102)|(8350,6950)|(4493,7102)|(3600,6950)|
(3600,2300)|(7300,10950)|(8350,10800)|(5610,10053)|(6650,10800)|(14900,11650)|(16150,10800)|(19800,800)|(14900,1600)|(13100,2300)|(7850,7250)|(7300,7250)|(5400,8450)|(4492,10052)|(5608,7103)|(4700,5750)|(8350,2300)|(200,800)|(200,1100)|(3100,3300)|
(3600,2300)|(9450,8450)|(6650,2300)|(5400,1600)|(10150,1600)|(12050,7250)|(14900,8450)|(13100,10800)|(3600,10800)|(200,12200)|(5400,11650)|
(3600,2300)|(3100,10950)|(5400,5750)|(4700,11650)|(3100,7250)|(4700,8450)|(12050,10950)|(14200,5750)|(15108,7103)|(14900,5750)|(16800,3300)|(16150,2300)|(12600,3300)|(12050,3300)|(11400,2300)|

Initial minimum distance: 546728.5095245339
Global minimum distance: 326597.8791411028
Running time: 84.84889078140259s
[24, 11, 17, 14, 14]
Final Route: |(3600,2300)|(3100,7250)|(5400,11650)|(10150,8450)|(15110,10053)|(13992,10052)|(11400,6950)|(19800,10000)|(19800,11900)|(19800,12200)|(14200,8450)|(6650,6950)|(7300,7250)|(5400,5750)|(10150,5750)|(11400,2300)|(12600,7250)|(9243,7102)|(8350,10800)|(5400,8450)|(3600,6950)|(5610,10053)|(4492,10052)|(5608,7103)|
(3600,2300)|(3100,3300)|(200,1100)|(200,800)|(10358,7103)|(16150,10800)|(16800,7250)|(9450,5750)|(7850,7250)|(10150,11650)|(7300,3300)|
(3600,2300)|(10150,1600)|(7850,3300)|(8350,2300)|(12050,3300)|(12600,3300)|(15108,7103)|(16150,6950)|(19800,800)|(16150,2300)|(14900,1600)|(16800,3300)|(14900,5750)|(14900,8450)|(12600,10950)|(9450,11650)|(6650,10800)|
(3600,2300)|(4700,11650)|(200,12200)|(3100,10950)|(3600,10800)|(4493,7102)|(4700,8450)|(13100,6950)|(12050,7250)|(16800,10950)|(14900,11650)|(13100,2300)|(14200,5750)|(13993,7102)|
(3600,2300)|(6650,2300)|(5400,1600)|(4700,5750)|(9242,10052)|(13100,10800)|(12050,10950)|(11400,10800)|(7850,10950)|(14200,11650)|(10360,10053)|(9450,8450)|(7300,10950)|(8350,6950)|

Initial minimum distance: 555823.0215362947
Global minimum distance: 312108.3366571717
Running time: 85.0450074672699s
[20, 23, 20, 7, 10]
Final Route: |(3600,2300)|(3100,3300)|(7300,7250)|(7300,3300)|(10150,1600)|(8350,2300)|(12050,3300)|(19800,800)|(19800,10000)|(16800,10950)|(14900,11650)|(16150,10800)|(14200,8450)|(14900,8450)|(12600,7250)|(15108,7103)|(16800,7250)|(14900,5750)|(10360,10053)|(7300,10950)|
(3600,2300)|(3100,7250)|(3600,6950)|(3100,10950)|(8350,6950)|(11400,6950)|(9450,5750)|(10150,5750)|(10358,7103)|(15110,10053)|(14200,11650)|(11400,10800)|(12050,10950)|(12050,7250)|(9450,11650)|(8350,10800)|(4700,11650)|(3600,10800)|(5400,11650)|(200,12200)|(5610,10053)|(4492,10052)|(9242,10052)|
(3600,2300)|(12600,10950)|(13992,10052)|(19800,11900)|(19800,12200)|(13100,6950)|(14200,5750)|(13100,10800)|(13993,7102)|(5400,1600)|(6650,6950)|(7850,10950)|(5608,7103)|(5400,8450)|(5400,5750)|(4493,7102)|(4700,8450)|(9450,8450)|(10150,8450)|(6650,2300)|
(3600,2300)|(7850,3300)|(9243,7102)|(7850,7250)|(6650,10800)|(10150,11650)|(4700,5750)|
(3600,2300)|(12600,3300)|(13100,2300)|(14900,1600)|(16150,6950)|(16800,3300)|(16150,2300)|(11400,2300)|(200,800)|(200,1100)|

Initial minimum distance: 529246.5402154125
Global minimum distance: 315271.28491399024
Running time: 85.3505711555481s
[23, 11, 21, 10, 15]
Final Route: |(3600,2300)|(10150,5750)|(15110,10053)|(19800,11900)|(19800,12200)|(19800,10000)|(6650,6950)|(4492,10052)|(3100,10950)|(7850,10950)|(9243,7102)|(8350,6950)|(14200,8450)|(13100,6950)|(13993,7102)|(16800,10950)|(11400,10800)|(12600,10950)|(10360,10053)|(8350,10800)|(7300,10950)|(3100,7250)|(3600,6950)|
(3600,2300)|(4700,8450)|(4493,7102)|(5400,11650)|(4700,11650)|(9450,5750)|(16150,2300)|(16800,3300)|(15108,7103)|(10150,8450)|(10358,7103)|
(3600,2300)|(11400,6950)|(9450,11650)|(12050,7250)|(9450,8450)|(5610,10053)|(6650,10800)|(9242,10052)|(10150,11650)|(13992,10052)|(14900,11650)|(14200,11650)|(13100,10800)|(12050,10950)|(16150,10800)|(14900,8450)|(14900,5750)|(16800,7250)|(16150,6950)|(5400,8450)|(7850,7250)|
(3600,2300)|(4700,5750)|(7300,3300)|(6650,2300)|(5400,1600)|(5400,5750)|(5608,7103)|(200,800)|(200,1100)|(3100,3300)|
(3600,2300)|(7300,7250)|(3600,10800)|(200,12200)|(12600,3300)|(7850,3300)|(10150,1600)|(11400,2300)|(12050,3300)|(12600,7250)|(14900,1600)|(19800,800)|(13100,2300)|(14200,5750)|(8350,2300)|

Initial minimum distance: 540823.4905168973
Global minimum distance: 312485.8196118549
Running time: 85.97738265991211s
[8, 25, 19, 15, 13]
Final Route: |(3600,2300)|(4493,7102)|(3100,7250)|(4700,5750)|(7850,7250)|(8350,6950)|(10360,10053)|(4700,11650)|
(3600,2300)|(3100,10950)|(9243,7102)|(14900,1600)|(16800,7250)|(15108,7103)|(11400,6950)|(15110,10053)|(16150,10800)|(19800,10000)|(14900,8450)|(12050,7250)|(12600,7250)|(16150,6950)|(19800,12200)|(19800,11900)|(16800,10950)|(14900,11650)|(13992,10052)|(10150,11650)|(12600,10950)|(11400,10800)|(7850,10950)|(12600,3300)|(10150,1600)|
(3600,2300)|(8350,2300)|(7850,3300)|(11400,2300)|(12050,3300)|(14200,11650)|(13100,10800)|(10358,7103)|(13100,6950)|(13100,2300)|(14200,5750)|(14900,5750)|(19800,800)|(16800,3300)|(16150,2300)|(13993,7102)|(14200,8450)|(3600,10800)|(4492,10052)|
(3600,2300)|(6650,10800)|(5610,10053)|(10150,8450)|(9450,8450)|(10150,5750)|(9450,5750)|(6650,6950)|(7300,7250)|(8350,10800)|(200,12200)|(6650,2300)|(5400,1600)|(5400,5750)|(5608,7103)|
(3600,2300)|(200,800)|(200,1100)|(3100,3300)|(3600,6950)|(4700,8450)|(5400,8450)|(9450,11650)|(12050,10950)|(7300,10950)|(9242,10052)|(5400,11650)|(7300,3300)|

Initial minimum distance: 557076.216435181
Global minimum distance: 316371.0797353327
Running time: 86.00770664215088s
[16, 13, 23, 14, 14]
Final Route: |(3600,2300)|(16150,6950)|(14900,1600)|(14200,5750)|(14900,8450)|(12050,7250)|(13992,10052)|(13100,10800)|(14200,11650)|(13993,7102)|(13100,2300)|(12600,3300)|(7300,3300)|(5608,7103)|(3600,6950)|(200,12200)|
(3600,2300)|(10150,8450)|(8350,6950)|(7850,7250)|(6650,6950)|(8350,2300)|(7850,3300)|(7300,7250)|(12600,10950)|(10150,11650)|(11400,10800)|(9242,10052)|(9450,8450)|
(3600,2300)|(200,1100)|(200,800)|(3100,3300)|(6650,2300)|(4700,5750)|(10150,1600)|(9450,5750)|(10150,5750)|(12050,10950)|(14900,11650)|(16800,10950)|(12600,7250)|(16800,7250)|(16150,10800)|(11400,6950)|(8350,10800)|(5610,10053)|(4700,8450)|(3100,10950)|(4493,7102)|(5400,8450)|(3100,7250)|
(3600,2300)|(7850,10950)|(7300,10950)|(9450,11650)|(10360,10053)|(14200,8450)|(15108,7103)|(15110,10053)|(19800,12200)|(19800,10000)|(19800,11900)|(11400,2300)|(12050,3300)|(10358,7103)|
(3600,2300)|(5400,5750)|(4492,10052)|(3600,10800)|(5400,11650)|(6650,10800)|(4700,11650)|(13100,6950)|(14900,5750)|(16800,3300)|(19800,800)|(16150,2300)|(9243,7102)|(5400,1600)|

Initial minimum distance: 556288.6866499314
Global minimum distance: 329197.27567299036
Running time: 86.95295119285583s
[24, 9, 21, 12, 14]
Final Route: |(3600,2300)|(4700,5750)|(6650,6950)|(12050,7250)|(9243,7102)|(12050,10950)|(10150,11650)|(10150,8450)|(13100,10800)|(15110,10053)|(14900,8450)|(14900,11650)|(11400,10800)|(10358,7103)|(12050,3300)|(16150,2300)|(13100,2300)|(19800,800)|(16800,3300)|(14900,1600)|(10150,1600)|(3100,7250)|(4493,7102)|(5400,8450)|
(3600,2300)|(7300,7250)|(14200,8450)|(12600,10950)|(14200,11650)|(13992,10052)|(7300,10950)|(8350,10800)|(5608,7103)|
(3600,2300)|(9450,8450)|(10150,5750)|(12600,7250)|(16800,7250)|(16150,6950)|(19800,11900)|(19800,12200)|(19800,10000)|(16150,10800)|(16800,10950)|(14900,5750)|(7850,10950)|(4700,11650)|(4700,8450)|(13993,7102)|(9242,10052)|(3600,10800)|(4492,10052)|(6650,2300)|(7300,3300)|
(3600,2300)|(11400,6950)|(11400,2300)|(7850,3300)|(200,12200)|(3100,10950)|(5400,11650)|(10360,10053)|(8350,6950)|(5400,1600)|(200,800)|(200,1100)|
(3600,2300)|(3100,3300)|(8350,2300)|(5400,5750)|(9450,11650)|(6650,10800)|(5610,10053)|(3600,6950)|(9450,5750)|(13100,6950)|(15108,7103)|(14200,5750)|(12600,3300)|(7850,7250)|

Initial minimum distance: 555232.8296441163
Global minimum distance: 304669.1189313426
Running time: 87.00850701332092s
[21, 13, 14, 8, 24]
Final Route: |(3600,2300)|(6650,6950)|(5400,8450)|(5608,7103)|(4493,7102)|(3100,7250)|(5400,11650)|(4700,11650)|(3100,10950)|(200,12200)|(7300,10950)|(8350,10800)|(6650,10800)|(7850,10950)|(10360,10053)|(12050,10950)|(16800,7250)|(15110,10053)|(11400,6950)|(9243,7102)|(3100,3300)|
(3600,2300)|(5400,1600)|(10150,5750)|(12600,10950)|(14200,11650)|(13100,10800)|(13992,10052)|(16150,10800)|(19800,11900)|(19800,12200)|(16800,10950)|(16150,6950)|(13100,2300)|
(3600,2300)|(6650,2300)|(7850,3300)|(8350,6950)|(15108,7103)|(19800,10000)|(13100,6950)|(10358,7103)|(10150,11650)|(12050,7250)|(10150,8450)|(11400,10800)|(7300,7250)|(7850,7250)|
(3600,2300)|(14900,11650)|(14200,5750)|(14900,8450)|(12600,7250)|(4700,5750)|(7300,3300)|(8350,2300)|
(3600,2300)|(5400,5750)|(3600,10800)|(4700,8450)|(3600,6950)|(4492,10052)|(9450,11650)|(5610,10053)|(9242,10052)|(9450,8450)|(10150,1600)|(9450,5750)|(13993,7102)|(14200,8450)|(12600,3300)|(11400,2300)|(12050,3300)|(14900,5750)|(19800,800)|(16150,2300)|(16800,3300)|(14900,1600)|(200,1100)|(200,800)|

Initial minimum distance: 538619.742765415
Global minimum distance: 307753.4987757525
Running time: 87.82930970191956s
[13, 14, 11, 8, 34]
Final Route: |(3600,2300)|(5400,8450)|(4700,8450)|(5608,7103)|(4493,7102)|(9450,8450)|(12600,7250)|(8350,10800)|(8350,2300)|(3100,7250)|(4700,5750)|(200,1100)|(200,800)|
(3600,2300)|(3100,3300)|(5400,1600)|(6650,2300)|(12600,3300)|(16800,3300)|(19800,800)|(14900,1600)|(13100,2300)|(11400,2300)|(10150,1600)|(12050,7250)|(3600,6950)|(200,12200)|
(3600,2300)|(3600,10800)|(4492,10052)|(4700,11650)|(7850,7250)|(8350,6950)|(7300,7250)|(9450,5750)|(10358,7103)|(14200,8450)|(12050,3300)|
(3600,2300)|(13992,10052)|(14200,11650)|(13100,10800)|(12050,10950)|(10150,11650)|(11400,10800)|(11400,6950)|
(3600,2300)|(16150,2300)|(15108,7103)|(12600,10950)|(16150,10800)|(19800,12200)|(19800,11900)|(19800,10000)|(16150,6950)|(14200,5750)|(16800,10950)|(14900,8450)|(14900,11650)|(15110,10053)|(13993,7102)|(16800,7250)|(14900,5750)|(13100,6950)|(10360,10053)|(9450,11650)|(6650,10800)|(9243,7102)|(3100,10950)|(7300,10950)|(7850,10950)|(9242,10052)|(5400,11650)|(6650,6950)|(5400,5750)|(5610,10053)|(10150,8450)|(10150,5750)|(7850,3300)|(7300,3300)|

Initial minimum distance: 562969.7630606204
Global minimum distance: 326759.71987062617
Running time: 96.04948258399963s
[21, 11, 16, 12, 20]
Final Route: |(3600,2300)|(4700,11650)|(200,12200)|(3100,10950)|(9450,11650)|(16150,10800)|(15108,7103)|(10150,8450)|(15110,10053)|(11400,10800)|(19800,10000)|(19800,11900)|(19800,12200)|(14200,11650)|(12600,7250)|(12050,7250)|(10150,1600)|(8350,6950)|(9243,7102)|(5400,5750)|(7300,3300)|
(3600,2300)|(5400,1600)|(200,800)|(200,1100)|(7850,3300)|(8350,2300)|(10150,11650)|(6650,10800)|(7850,10950)|(7300,10950)|(5400,11650)|
(3600,2300)|(3100,3300)|(11400,6950)|(14900,11650)|(10360,10053)|(7300,7250)|(7850,7250)|(4700,5750)|(3600,6950)|(3100,7250)|(3600,10800)|(4492,10052)|(13100,2300)|(12050,3300)|(11400,2300)|(6650,2300)|
(3600,2300)|(5608,7103)|(6650,6950)|(16800,7250)|(16150,6950)|(14900,5750)|(12600,3300)|(14200,5750)|(13993,7102)|(9242,10052)|(10150,5750)|(9450,5750)|
(3600,2300)|(8350,10800)|(9450,8450)|(4493,7102)|(5400,8450)|(5610,10053)|(12050,10950)|(14200,8450)|(10358,7103)|(16800,3300)|(19800,800)|(16150,2300)|(14900,1600)|(14900,8450)|(16800,10950)|(13100,6950)|(13100,10800)|(12600,10950)|(13992,10052)|(4700,8450)|

Initial minimum distance: 549818.342473642
Global minimum distance: 311353.07194849645
Running time: 102.06648826599121s
[10, 16, 10, 23, 21]
Final Route: |(3600,2300)|(8350,6950)|(9450,8450)|(12050,7250)|(16150,10800)|(19800,11900)|(19800,12200)|(19800,10000)|(16800,10950)|(15110,10053)|
(3600,2300)|(16800,3300)|(16800,7250)|(14200,5750)|(19800,800)|(13100,2300)|(12600,3300)|(14900,1600)|(16150,2300)|(16150,6950)|(14200,11650)|(6650,10800)|(5610,10053)|(5400,11650)|(5400,1600)|(7850,3300)|
(3600,2300)|(3100,3300)|(200,800)|(200,1100)|(4700,8450)|(4700,11650)|(5400,8450)|(6650,6950)|(9450,11650)|(10150,11650)|
(3600,2300)|(12050,3300)|(7300,3300)|(11400,2300)|(10150,1600)|(9450,5750)|(7300,10950)|(8350,10800)|(10150,5750)|(9243,7102)|(10150,8450)|(10358,7103)|(13993,7102)|(13100,6950)|(12050,10950)|(12600,10950)|(12600,7250)|(11400,6950)|(14200,8450)|(14900,8450)|(15108,7103)|(14900,11650)|(14900,5750)|
(3600,2300)|(8350,2300)|(6650,2300)|(13992,10052)|(13100,10800)|(11400,10800)|(10360,10053)|(200,12200)|(3100,10950)|(4493,7102)|(5400,5750)|(5608,7103)|(7850,7250)|(7850,10950)|(9242,10052)|(3600,10800)|(4492,10052)|(3100,7250)|(3600,6950)|(7300,7250)|(4700,5750)|

Initial minimum distance: 552273.8640630697
Global minimum distance: 321799.422978353
Running time: 102.69329333305359s
[13, 26, 12, 5, 24]
Final Route: |(3600,2300)|(3600,10800)|(3100,10950)|(200,12200)|(5610,10053)|(8350,2300)|(9450,5750)|(14900,11650)|(14900,8450)|(12050,3300)|(14900,1600)|(16800,3300)|(16150,2300)|
(3600,2300)|(15108,7103)|(14900,5750)|(16150,6950)|(19800,800)|(14200,5750)|(13100,6950)|(11400,6950)|(12050,7250)|(9450,8450)|(10150,11650)|(8350,10800)|(7850,10950)|(4493,7102)|(3100,7250)|(200,800)|(200,1100)|(5400,8450)|(6650,6950)|(6650,10800)|(12600,7250)|(10150,5750)|(10150,1600)|(11400,2300)|(9242,10052)|(7850,7250)|
(3600,2300)|(7850,3300)|(10358,7103)|(13100,2300)|(12600,3300)|(7300,3300)|(3100,3300)|(5400,1600)|(3600,6950)|(4700,5750)|(7300,7250)|(8350,6950)|
(3600,2300)|(7300,10950)|(12600,10950)|(13993,7102)|(9243,7102)|
(3600,2300)|(5400,5750)|(5608,7103)|(9450,11650)|(11400,10800)|(14200,8450)|(13100,10800)|(12050,10950)|(13992,10052)|(15110,10053)|(16150,10800)|(19800,11900)|(19800,12200)|(16800,10950)|(19800,10000)|(14200,11650)|(16800,7250)|(10150,8450)|(10360,10053)|(5400,11650)|(4700,11650)|(4492,10052)|(4700,8450)|(6650,2300)|

