min:3.8, max:38.0
Global minimum distance: 215555.3570226545
Route:
salesman-0:(3600, 2300)(3600, 2300)(4700, 5750)(5400, 5750)(5400, 1600)(6650, 2300)(8350, 2300)(10150, 1600)(16150, 10800)(3600, 10800)(4700, 8450)(14200, 5750)(14900, 5750)(14200, 8450)(14900, 8450)(15108, 7103)(16150, 6950)(16800, 10950)(15110, 10053)(3100, 10950)(7300, 3300)(7850, 3300)(13100, 2300)(3600, 2300)
salesman-1:(3600, 2300)(14900, 1600)(19800, 800)(3100, 3300)(3100, 7250)(3600, 6950)(4493, 7102)(5400, 8450)(4492, 10052)(5610, 10053)(7850, 10950)(9450, 11650)(12600, 3300)(11400, 2300)(3600, 2300)
salesman-2:(3600, 2300)(12050, 3300)(10150, 5750)(9243, 7102)(12050, 7250)(10358, 7103)(11400, 6950)(5608, 7103)(200, 800)(200, 1100)(8350, 6950)(7300, 7250)(7850, 7250)(9450, 5750)(6650, 6950)(9450, 8450)(10150, 8450)(3600, 2300)
salesman-3:(3600, 2300)(12050, 10950)(12600, 10950)(10360, 10053)(9242, 10052)(10150, 11650)(6650, 10800)(8350, 10800)(7300, 10950)(5400, 11650)(4700, 11650)(200, 12200)(12600, 7250)(13100, 6950)(13993, 7102)(16800, 7250)(16150, 2300)(16800, 3300)(19800, 10000)(19800, 12200)(19800, 11900)(3600, 2300)
salesman-4:(3600, 2300)(14900, 11650)(14200, 11650)(13100, 10800)(13992, 10052)(11400, 10800)(3600, 2300)
Running time: 97.01247239112854s
min:3.8, max:38.0
Global minimum distance: 240465.71091445783
Route:
salesman-0:(3600, 2300)(7850, 7250)(9450, 8450)(10150, 8450)(12050, 7250)(10150, 5750)(8350, 6950)(9450, 11650)(11400, 10800)(12050, 10950)(9243, 7102)(9450, 5750)(9242, 10052)(3100, 7250)(16150, 10800)(15110, 10053)(14200, 8450)(16150, 6950)(15108, 7103)(12050, 3300)(16150, 2300)(14900, 1600)(19800, 800)(16800, 3300)(14900, 5750)(3600, 2300)
salesman-1:(3600, 2300)(10150, 1600)(11400, 2300)(3600, 2300)(200, 800)(200, 1100)(200, 12200)(5400, 11650)(3600, 2300)
salesman-2:(3600, 2300)(3600, 10800)(4492, 10052)(3100, 10950)(4493, 7102)(3100, 3300)(7300, 3300)(7850, 3300)(13100, 10800)(14900, 8450)(16800, 7250)(13993, 7102)(12600, 7250)(13100, 6950)(6650, 2300)(8350, 2300)(5400, 1600)(4700, 5750)(5608, 7103)(4700, 11650)(6650, 10800)(7850, 10950)(5610, 10053)(5400, 8450)(3600, 2300)
salesman-3:(3600, 2300)(12600, 10950)(10360, 10053)(14200, 11650)(13992, 10052)(11400, 6950)(10358, 7103)(7300, 7250)(16800, 10950)(8350, 10800)(7300, 10950)(10150, 11650)(14900, 11650)(19800, 12200)(19800, 11900)(3600, 2300)
salesman-4:(3600, 2300)(19800, 10000)(3600, 6950)(4700, 8450)(6650, 6950)(5400, 5750)(12600, 3300)(14200, 5750)(13100, 2300)(3600, 2300)
Running time: 97.02378153800964s
min:3.8, max:38.0
Global minimum distance: 221401.86537978405
Route:
salesman-0:(3600, 2300)(10150, 8450)(14200, 8450)(16150, 6950)(16800, 3300)(19800, 800)(14900, 1600)(11400, 6950)(200, 12200)(3100, 10950)(3600, 6950)(6650, 6950)(4493, 7102)(4700, 11650)(3600, 10800)(9242, 10052)(9450, 8450)(11400, 10800)(12050, 7250)(12600, 7250)(13100, 6950)(13993, 7102)(3600, 2300)
salesman-1:(3600, 2300)(16800, 7250)(15110, 10053)(14900, 8450)(14900, 5750)(16150, 2300)(14200, 5750)(15108, 7103)(13992, 10052)(7850, 3300)(8350, 2300)(19800, 12200)(3600, 2300)
salesman-2:(3600, 2300)(19800, 11900)(19800, 10000)(16800, 10950)(14900, 11650)(3600, 2300)
salesman-3:(3600, 2300)(14200, 11650)(12050, 10950)(12600, 10950)(13100, 10800)(3600, 2300)
salesman-4:(3600, 2300)(10150, 11650)(8350, 10800)(9450, 5750)(10150, 5750)(16150, 10800)(7300, 3300)(3100, 7250)(10358, 7103)(9450, 11650)(5400, 11650)(4492, 10052)(6650, 10800)(5610, 10053)(11400, 2300)(10150, 1600)(12600, 3300)(13100, 2300)(12050, 3300)(5400, 8450)(4700, 8450)(5400, 5750)(7300, 7250)(7850, 7250)(8350, 6950)(7300, 10950)(7850, 10950)(10360, 10053)(5608, 7103)(4700, 5750)(6650, 2300)(5400, 1600)(3100, 3300)(200, 1100)(200, 800)(3600, 2300)(9243, 7102)(3600, 2300)
Running time: 97.02478909492493s
min:3.8, max:38.0
Global minimum distance: 226426.9009377007
Route:
salesman-0:(3600, 2300)(10150, 1600)(8350, 2300)(7850, 3300)(7300, 7250)(11400, 6950)(4700, 5750)(7300, 3300)(3100, 3300)(3600, 6950)(3100, 7250)(4700, 11650)(6650, 10800)(5400, 11650)(3600, 10800)(3100, 10950)(4492, 10052)(5610, 10053)(8350, 10800)(7850, 10950)(10360, 10053)(7850, 7250)(10150, 5750)(10358, 7103)(3600, 2300)
salesman-1:(3600, 2300)(12050, 3300)(13100, 2300)(12600, 3300)(12600, 7250)(5400, 5750)(5400, 1600)(6650, 2300)(5400, 8450)(9243, 7102)(9242, 10052)(11400, 10800)(13100, 10800)(12600, 10950)(12050, 10950)(14200, 11650)(13992, 10052)(14900, 11650)(15110, 10053)(19800, 11900)(16800, 10950)(19800, 12200)(3600, 2300)
salesman-2:(3600, 2300)(19800, 10000)(16800, 7250)(12050, 7250)(16150, 6950)(15108, 7103)(14200, 8450)(3600, 2300)
salesman-3:(3600, 2300)(13100, 6950)(9450, 11650)(11400, 2300)(14900, 8450)(16150, 10800)(13993, 7102)(14200, 5750)(14900, 5750)(16800, 3300)(3600, 2300)
salesman-4:(3600, 2300)(14900, 1600)(19800, 800)(16150, 2300)(7300, 10950)(10150, 11650)(10150, 8450)(9450, 8450)(6650, 6950)(200, 12200)(4700, 8450)(8350, 6950)(9450, 5750)(200, 1100)(200, 800)(5608, 7103)(4493, 7102)(3600, 2300)(3600, 2300)
Running time: 97.02573204040527s
min:3.8, max:38.0
Global minimum distance: 216922.0053105287
Route:
salesman-0:(3600, 2300)(200, 800)(200, 1100)(4700, 5750)(3600, 2300)(7850, 3300)(13100, 2300)(14900, 5750)(19800, 10000)(16150, 2300)(14900, 1600)(5400, 1600)(4493, 7102)(4700, 8450)(3600, 10800)(4492, 10052)(5400, 8450)(3100, 7250)(3600, 6950)(5400, 5750)(5608, 7103)(7300, 7250)(8350, 6950)(7850, 7250)(6650, 6950)(3100, 3300)(200, 12200)(5400, 11650)(3100, 10950)(4700, 11650)(5610, 10053)(9450, 5750)(9243, 7102)(10358, 7103)(11400, 6950)(13100, 6950)(14200, 8450)(3600, 2300)
salesman-1:(3600, 2300)(13992, 10052)(12600, 10950)(14900, 11650)(15110, 10053)(13993, 7102)(16150, 6950)(3600, 2300)
salesman-2:(3600, 2300)(16800, 7250)(15108, 7103)(13100, 10800)(11400, 10800)(10360, 10053)(9242, 10052)(3600, 2300)
salesman-3:(3600, 2300)(9450, 11650)(10150, 11650)(6650, 10800)(9450, 8450)(10150, 8450)(12050, 7250)(12600, 7250)(14900, 8450)(16150, 10800)(16800, 10950)(12050, 10950)(14200, 5750)(16800, 3300)(19800, 800)(3600, 2300)
salesman-4:(3600, 2300)(12050, 3300)(11400, 2300)(10150, 1600)(8350, 2300)(7300, 3300)(6650, 2300)(19800, 12200)(14200, 11650)(8350, 10800)(7300, 10950)(7850, 10950)(10150, 5750)(12600, 3300)(19800, 11900)(3600, 2300)
Running time: 97.0266432762146s
min:3.8, max:38.0
Global minimum distance: 225865.7530394311
Route:
salesman-0:(3600, 2300)(6650, 6950)(14200, 8450)(14900, 8450)(16800, 10950)(16150, 10800)(15110, 10053)(3600, 2300)
salesman-1:(3600, 2300)(14200, 11650)(13100, 10800)(13992, 10052)(14900, 11650)(8350, 10800)(10150, 11650)(11400, 10800)(10360, 10053)(9450, 8450)(10150, 8450)(12050, 10950)(13100, 6950)(12050, 7250)(8350, 6950)(9243, 7102)(11400, 6950)(10150, 5750)(7850, 3300)(7300, 3300)(3600, 2300)
salesman-2:(3600, 2300)(5400, 1600)(6650, 2300)(200, 1100)(200, 800)(3100, 7250)(3600, 6950)(11400, 2300)(7850, 10950)(9242, 10052)(10358, 7103)(9450, 5750)(13993, 7102)(3600, 2300)
salesman-3:(3600, 2300)(15108, 7103)(16150, 2300)(14900, 1600)(12600, 3300)(13100, 2300)(12050, 3300)(3600, 2300)(8350, 2300)(12600, 7250)(3600, 10800)(3100, 3300)(5608, 7103)(4493, 7102)(4700, 5750)(7850, 7250)(7300, 7250)(7300, 10950)(5610, 10053)(4700, 11650)(4492, 10052)(200, 12200)(3100, 10950)(10150, 1600)(14200, 5750)(14900, 5750)(19800, 800)(16800, 3300)(19800, 10000)(19800, 11900)(3600, 2300)
salesman-4:(3600, 2300)(19800, 12200)(16800, 7250)(16150, 6950)(12600, 10950)(9450, 11650)(6650, 10800)(5400, 11650)(5400, 8450)(4700, 8450)(5400, 5750)(3600, 2300)
Running time: 97.02617383003235s
min:3.8, max:38.0
Global minimum distance: 219730.8366367628
Route:
salesman-0:(3600, 2300)(4700, 5750)(3600, 6950)(4492, 10052)(10150, 11650)(13100, 10800)(10150, 5750)(12600, 3300)(3600, 2300)
salesman-1:(3600, 2300)(9450, 5750)(7300, 3300)(4700, 11650)(16800, 3300)(16150, 2300)(19800, 800)(14900, 1600)(10150, 1600)(11400, 2300)(12050, 3300)(8350, 2300)(7850, 3300)(6650, 2300)(14200, 8450)(19800, 11900)(19800, 12200)(12600, 10950)(11400, 10800)(12050, 10950)(10360, 10053)(7850, 10950)(7300, 10950)(16150, 6950)(16800, 10950)(16150, 10800)(3600, 2300)
salesman-2:(3600, 2300)(15110, 10053)(14900, 11650)(14200, 11650)(13992, 10052)(3600, 2300)
salesman-3:(3600, 2300)(13100, 6950)(13993, 7102)(15108, 7103)(19800, 10000)(3600, 2300)
salesman-4:(3600, 2300)(16800, 7250)(14900, 5750)(14200, 5750)(12600, 7250)(11400, 6950)(9242, 10052)(5610, 10053)(6650, 10800)(5400, 11650)(3600, 10800)(3100, 10950)(200, 12200)(8350, 10800)(9450, 11650)(9450, 8450)(10150, 8450)(10358, 7103)(8350, 6950)(6650, 6950)(4493, 7102)(7850, 7250)(7300, 7250)(5608, 7103)(4700, 8450)(5400, 8450)(3100, 7250)(5400, 5750)(5400, 1600)(3600, 2300)(3100, 3300)(200, 800)(200, 1100)(9243, 7102)(12050, 7250)(13100, 2300)(14900, 8450)(3600, 2300)
Running time: 97.01744842529297s
min:3.8, max:38.0
Global minimum distance: 216653.61947022539
Route:
salesman-0:(3600, 2300)(5400, 1600)(11400, 2300)(9450, 5750)(7850, 3300)(3100, 7250)(4700, 8450)(4493, 7102)(5608, 7103)(5400, 5750)(7850, 7250)(9450, 8450)(10150, 5750)(10150, 8450)(12050, 10950)(13100, 10800)(14200, 8450)(13100, 6950)(12600, 7250)(12600, 3300)(13100, 2300)(10150, 1600)(8350, 2300)(6650, 2300)(3600, 2300)(3100, 3300)(200, 1100)(200, 800)(7300, 3300)(12050, 3300)(14200, 5750)(14900, 1600)(16150, 2300)(3600, 2300)
salesman-1:(3600, 2300)(19800, 800)(16800, 3300)(16800, 7250)(7850, 10950)(7300, 10950)(9450, 11650)(9242, 10052)(10360, 10053)(3600, 2300)
salesman-2:(3600, 2300)(11400, 10800)(12050, 7250)(11400, 6950)(10358, 7103)(10150, 11650)(3600, 2300)
salesman-3:(3600, 2300)(12600, 10950)(8350, 6950)(9243, 7102)(16150, 10800)(16800, 10950)(19800, 12200)(19800, 10000)(19800, 11900)(14900, 8450)(15108, 7103)(14900, 5750)(13993, 7102)(13992, 10052)(15110, 10053)(3600, 2300)
salesman-4:(3600, 2300)(14900, 11650)(14200, 11650)(4700, 5750)(3600, 6950)(5610, 10053)(3600, 10800)(200, 12200)(4492, 10052)(3100, 10950)(5400, 11650)(4700, 11650)(6650, 6950)(7300, 7250)(5400, 8450)(6650, 10800)(8350, 10800)(16150, 6950)(3600, 2300)
Running time: 97.02707815170288s
min:3.8, max:38.0
Global minimum distance: 207665.42059564104
Route:
salesman-0:(3600, 2300)(9450, 5750)(10150, 5750)(10358, 7103)(13100, 6950)(14200, 5750)(16800, 3300)(19800, 800)(9243, 7102)(7850, 7250)(8350, 6950)(9450, 8450)(11400, 2300)(5608, 7103)(4493, 7102)(3600, 10800)(3600, 2300)(200, 800)(200, 1100)(6650, 2300)(5400, 1600)(3100, 7250)(3600, 6950)(4700, 8450)(5610, 10053)(5400, 11650)(4700, 11650)(7300, 3300)(3100, 3300)(7850, 3300)(8350, 2300)(10150, 1600)(6650, 10800)(7300, 7250)(5400, 8450)(7300, 10950)(9450, 11650)(3600, 2300)
salesman-1:(3600, 2300)(11400, 10800)(12050, 10950)(12600, 10950)(14900, 11650)(15110, 10053)(13992, 10052)(14200, 11650)(13100, 10800)(12600, 7250)(14900, 8450)(14200, 8450)(13993, 7102)(16150, 6950)(19800, 12200)(3600, 2300)
salesman-2:(3600, 2300)(19800, 11900)(19800, 10000)(16800, 10950)(16150, 10800)(12050, 7250)(11400, 6950)(3600, 2300)
salesman-3:(3600, 2300)(3100, 10950)(200, 12200)(4492, 10052)(7850, 10950)(3600, 2300)
salesman-4:(3600, 2300)(10150, 11650)(9242, 10052)(8350, 10800)(13100, 2300)(14900, 1600)(16150, 2300)(12600, 3300)(12050, 3300)(14900, 5750)(15108, 7103)(16800, 7250)(10360, 10053)(10150, 8450)(6650, 6950)(5400, 5750)(4700, 5750)(3600, 2300)
Running time: 97.0249297618866s
min:3.8, max:38.0
Global minimum distance: 218451.84521694548
Route:
salesman-0:(3600, 2300)(5608, 7103)(6650, 10800)(7850, 10950)(7300, 10950)(10150, 11650)(9450, 11650)(8350, 10800)(9242, 10052)(9450, 8450)(9243, 7102)(9450, 5750)(10360, 10053)(11400, 10800)(13992, 10052)(12600, 10950)(6650, 2300)(16150, 10800)(3600, 2300)
salesman-1:(3600, 2300)(14200, 11650)(19800, 11900)(19800, 12200)(19800, 10000)(14900, 8450)(12050, 10950)(4492, 10052)(4700, 8450)(5400, 8450)(4700, 5750)(3100, 3300)(3600, 6950)(5400, 11650)(5610, 10053)(7300, 7250)(8350, 6950)(3600, 2300)
salesman-2:(3600, 2300)(7850, 7250)(6650, 6950)(4493, 7102)(5400, 5750)(3600, 2300)(7850, 3300)(7300, 3300)(10150, 1600)(5400, 1600)(200, 800)(200, 1100)(10358, 7103)(11400, 6950)(14900, 5750)(13100, 2300)(16150, 2300)(4700, 11650)(3600, 10800)(3100, 10950)(200, 12200)(10150, 8450)(13100, 6950)(14200, 8450)(13993, 7102)(12050, 7250)(14900, 11650)(13100, 10800)(16800, 10950)(16800, 7250)(16150, 6950)(15108, 7103)(3600, 2300)
salesman-3:(3600, 2300)(14200, 5750)(12600, 7250)(10150, 5750)(3100, 7250)(16800, 3300)(19800, 800)(14900, 1600)(3600, 2300)
salesman-4:(3600, 2300)(12600, 3300)(12050, 3300)(11400, 2300)(8350, 2300)(15110, 10053)(3600, 2300)
Running time: 97.02129006385803s
min:3.8, max:38.0
Global minimum distance: 214982.92142337796
Route:
salesman-0:(3600, 2300)(3100, 3300)(7300, 7250)(8350, 10800)(9242, 10052)(11400, 10800)(12050, 10950)(14200, 11650)(12600, 10950)(13992, 10052)(10360, 10053)(14200, 8450)(16150, 10800)(14900, 11650)(4700, 8450)(5608, 7103)(5400, 5750)(7850, 3300)(9450, 5750)(3600, 2300)
salesman-1:(3600, 2300)(10150, 5750)(14200, 5750)(16150, 6950)(15108, 7103)(13993, 7102)(14900, 5750)(3600, 2300)
salesman-2:(3600, 2300)(19800, 11900)(9450, 11650)(6650, 10800)(7850, 10950)(3600, 10800)(200, 12200)(4492, 10052)(4700, 11650)(3100, 10950)(4493, 7102)(3600, 2300)(7300, 3300)(8350, 2300)(6650, 2300)(9450, 8450)(10358, 7103)(11400, 6950)(12050, 3300)(12600, 3300)(16800, 3300)(13100, 6950)(12600, 7250)(12050, 7250)(10150, 8450)(9243, 7102)(7850, 7250)(6650, 6950)(5400, 8450)(3100, 7250)(13100, 10800)(15110, 10053)(16800, 10950)(19800, 12200)(19800, 10000)(3600, 2300)
salesman-3:(3600, 2300)(10150, 11650)(14900, 8450)(16800, 7250)(19800, 800)(16150, 2300)(11400, 2300)(13100, 2300)(3600, 2300)
salesman-4:(3600, 2300)(14900, 1600)(10150, 1600)(4700, 5750)(3600, 6950)(200, 1100)(200, 800)(5400, 1600)(7300, 10950)(5610, 10053)(5400, 11650)(8350, 6950)(3600, 2300)
Running time: 97.03925561904907s
min:3.8, max:38.0
Global minimum distance: 223100.01414042432
Route:
salesman-0:(3600, 2300)(5400, 1600)(4493, 7102)(5400, 8450)(4700, 11650)(4492, 10052)(3600, 10800)(5610, 10053)(7300, 10950)(8350, 10800)(6650, 10800)(7850, 10950)(9450, 11650)(10150, 11650)(9450, 8450)(7850, 7250)(7300, 7250)(3600, 2300)(3100, 7250)(200, 800)(200, 1100)(7850, 3300)(11400, 2300)(10150, 1600)(5400, 5750)(4700, 8450)(200, 12200)(16150, 10800)(19800, 10000)(19800, 11900)(3600, 2300)
salesman-1:(3600, 2300)(19800, 12200)(13100, 10800)(10150, 8450)(11400, 6950)(9450, 5750)(10150, 5750)(7300, 3300)(6650, 2300)(3600, 2300)
salesman-2:(3600, 2300)(6650, 6950)(5608, 7103)(3100, 10950)(3100, 3300)(12600, 3300)(14200, 5750)(14900, 8450)(13100, 6950)(13993, 7102)(3600, 2300)
salesman-3:(3600, 2300)(14200, 8450)(10358, 7103)(12050, 7250)(12050, 3300)(9243, 7102)(8350, 6950)(8350, 2300)(4700, 5750)(3600, 6950)(5400, 11650)(12600, 7250)(9242, 10052)(10360, 10053)(11400, 10800)(12600, 10950)(3600, 2300)
salesman-4:(3600, 2300)(12050, 10950)(16800, 10950)(16150, 6950)(15108, 7103)(14900, 5750)(16150, 2300)(16800, 3300)(19800, 800)(14900, 1600)(13100, 2300)(16800, 7250)(14900, 11650)(14200, 11650)(13992, 10052)(15110, 10053)(3600, 2300)
Running time: 97.03275680541992s
min:3.8, max:38.0
Global minimum distance: 215056.50310845458
Route:
salesman-0:(3600, 2300)(200, 1100)(200, 800)(10360, 10053)(13100, 2300)(16800, 3300)(14200, 5750)(14900, 5750)(14900, 8450)(8350, 10800)(9450, 8450)(9450, 11650)(9242, 10052)(10150, 11650)(3600, 2300)
salesman-1:(3600, 2300)(7850, 10950)(6650, 10800)(5610, 10053)(7300, 10950)(8350, 2300)(12050, 3300)(12600, 3300)(11400, 2300)(10150, 8450)(7850, 7250)(9243, 7102)(8350, 6950)(3100, 7250)(200, 12200)(3100, 10950)(4700, 11650)(5400, 11650)(4492, 10052)(3600, 10800)(3600, 6950)(4493, 7102)(5400, 5750)(4700, 5750)(3600, 2300)(10150, 1600)(7850, 3300)(7300, 3300)(6650, 2300)(5608, 7103)(5400, 8450)(4700, 8450)(6650, 6950)(7300, 7250)(14200, 8450)(14900, 11650)(13993, 7102)(15108, 7103)(16150, 6950)(3600, 2300)
salesman-2:(3600, 2300)(16800, 7250)(13100, 6950)(16150, 2300)(19800, 800)(14900, 1600)(11400, 10800)(14200, 11650)(12050, 10950)(13100, 10800)(13992, 10052)(5400, 1600)(3100, 3300)(10358, 7103)(3600, 2300)
salesman-3:(3600, 2300)(12600, 7250)(15110, 10053)(16150, 10800)(19800, 11900)(3600, 2300)
salesman-4:(3600, 2300)(19800, 12200)(19800, 10000)(16800, 10950)(12600, 10950)(11400, 6950)(12050, 7250)(10150, 5750)(9450, 5750)(3600, 2300)
Running time: 97.02036452293396s
min:3.8, max:38.0
Global minimum distance: 202252.95608488165
Route:
salesman-0:(3600, 2300)(3100, 7250)(5400, 11650)(3100, 10950)(3600, 10800)(200, 12200)(4493, 7102)(4700, 5750)(5400, 5750)(6650, 2300)(8350, 2300)(7300, 3300)(5400, 1600)(9450, 11650)(9242, 10052)(8350, 10800)(9243, 7102)(7850, 7250)(6650, 6950)(7300, 7250)(8350, 6950)(9450, 8450)(5400, 8450)(4700, 8450)(3600, 6950)(10150, 5750)(11400, 6950)(12050, 3300)(16150, 2300)(14900, 1600)(10150, 11650)(200, 800)(3600, 2300)
salesman-1:(3600, 2300)(200, 1100)(3100, 3300)(7850, 3300)(15108, 7103)(14900, 5750)(14200, 5750)(16150, 6950)(16800, 7250)(13993, 7102)(14200, 8450)(13100, 6950)(12600, 3300)(13100, 2300)(11400, 2300)(3600, 2300)
salesman-2:(3600, 2300)(10150, 1600)(12600, 10950)(13100, 10800)(14200, 11650)(16150, 10800)(14900, 11650)(15110, 10053)(12050, 10950)(11400, 10800)(10360, 10053)(7850, 10950)(3600, 2300)
salesman-3:(3600, 2300)(4492, 10052)(4700, 11650)(6650, 10800)(7300, 10950)(5610, 10053)(5608, 7103)(13992, 10052)(16800, 10950)(3600, 2300)
salesman-4:(3600, 2300)(19800, 12200)(19800, 11900)(19800, 10000)(14900, 8450)(3600, 2300)(16800, 3300)(19800, 800)(12050, 7250)(12600, 7250)(10358, 7103)(10150, 8450)(9450, 5750)(3600, 2300)
Running time: 97.01821112632751s
min:3.8, max:38.0
Global minimum distance: 228948.2243892495
Route:
salesman-0:(3600, 2300)(8350, 6950)(9450, 11650)(10150, 11650)(11400, 10800)(12600, 10950)(14200, 11650)(11400, 6950)(10360, 10053)(12050, 10950)(13100, 10800)(15110, 10053)(3600, 2300)
salesman-1:(3600, 2300)(13992, 10052)(12600, 7250)(14900, 8450)(14200, 8450)(16150, 6950)(15108, 7103)(13993, 7102)(13100, 6950)(14900, 5750)(19800, 800)(11400, 2300)(12050, 3300)(12600, 3300)(10150, 1600)(8350, 2300)(3600, 2300)(3100, 3300)(14900, 11650)(19800, 10000)(19800, 12200)(3600, 2300)
salesman-2:(3600, 2300)(19800, 11900)(9243, 7102)(10150, 5750)(9450, 5750)(6650, 2300)(7300, 3300)(5400, 5750)(10358, 7103)(10150, 8450)(7300, 7250)(3600, 10800)(3600, 2300)
salesman-3:(3600, 2300)(3100, 10950)(200, 12200)(4700, 11650)(5400, 11650)(7300, 10950)(7850, 10950)(8350, 10800)(9242, 10052)(12050, 7250)(14900, 1600)(16150, 2300)(16800, 3300)(3600, 2300)
salesman-4:(3600, 2300)(13100, 2300)(6650, 10800)(6650, 6950)(5400, 8450)(4700, 5750)(4493, 7102)(3100, 7250)(200, 800)(200, 1100)(5400, 1600)(7850, 7250)(3600, 6950)(5608, 7103)(4700, 8450)(5610, 10053)(4492, 10052)(7850, 3300)(9450, 8450)(14200, 5750)(16800, 7250)(16800, 10950)(16150, 10800)(3600, 2300)
Running time: 97.031977891922s
min:3.8, max:38.0
Global minimum distance: 228450.00733313346
Route:
salesman-0:(3600, 2300)(7300, 7250)(11400, 2300)(10150, 1600)(7300, 3300)(3100, 3300)(19800, 12200)(19800, 10000)(14200, 5750)(14900, 5750)(16800, 3300)(16150, 2300)(3600, 2300)
salesman-1:(3600, 2300)(12050, 3300)(10150, 5750)(10358, 7103)(10360, 10053)(11400, 10800)(12050, 10950)(10150, 11650)(8350, 10800)(200, 800)(200, 1100)(9450, 8450)(7850, 10950)(9242, 10052)(6650, 6950)(5400, 5750)(16800, 10950)(6650, 2300)(3600, 2300)
salesman-2:(3600, 2300)(5400, 1600)(10150, 8450)(3100, 10950)(4492, 10052)(5400, 8450)(4493, 7102)(3100, 7250)(9243, 7102)(9450, 5750)(7850, 3300)(8350, 2300)(3600, 6950)(200, 12200)(3600, 10800)(4700, 11650)(9450, 11650)(12600, 10950)(15110, 10053)(16150, 10800)(19800, 11900)(3600, 2300)
salesman-3:(3600, 2300)(15108, 7103)(16150, 6950)(19800, 800)(13100, 2300)(4700, 5750)(4700, 8450)(5610, 10053)(5400, 11650)(6650, 10800)(7300, 10950)(7850, 7250)(8350, 6950)(5608, 7103)(14900, 1600)(12600, 3300)(11400, 6950)(12050, 7250)(13100, 10800)(14200, 11650)(3600, 2300)
salesman-4:(3600, 2300)(14900, 11650)(13992, 10052)(14900, 8450)(14200, 8450)(12600, 7250)(13993, 7102)(13100, 6950)(16800, 7250)(3600, 2300)(3600, 2300)
Running time: 97.02084302902222s
min:3.8, max:38.0
Global minimum distance: 220310.45239117488
Route:
salesman-0:(3600, 2300)(3100, 3300)(7300, 3300)(6650, 6950)(9450, 5750)(3600, 2300)
salesman-1:(3600, 2300)(10358, 7103)(12050, 7250)(14200, 8450)(15110, 10053)(14200, 11650)(16800, 7250)(16150, 6950)(16800, 3300)(16150, 2300)(200, 1100)(200, 800)(3600, 2300)(4700, 5750)(3100, 7250)(3600, 6950)(14900, 1600)(13100, 2300)(10150, 1600)(8350, 2300)(7850, 3300)(7300, 7250)(7850, 7250)(8350, 6950)(12600, 7250)(13100, 6950)(12600, 3300)(3600, 2300)
salesman-2:(3600, 2300)(12050, 3300)(11400, 2300)(13993, 7102)(14200, 5750)(14900, 8450)(19800, 10000)(19800, 12200)(3600, 2300)
salesman-3:(3600, 2300)(19800, 11900)(14900, 11650)(16150, 10800)(16800, 10950)(9243, 7102)(10150, 5750)(10360, 10053)(8350, 10800)(11400, 6950)(6650, 2300)(5400, 1600)(4493, 7102)(7850, 10950)(7300, 10950)(3100, 10950)(200, 12200)(4700, 8450)(5400, 5750)(19800, 800)(4492, 10052)(5610, 10053)(9450, 8450)(9242, 10052)(12050, 10950)(10150, 8450)(10150, 11650)(9450, 11650)(3600, 2300)
salesman-4:(3600, 2300)(6650, 10800)(11400, 10800)(14900, 5750)(15108, 7103)(13992, 10052)(13100, 10800)(12600, 10950)(4700, 11650)(5400, 11650)(3600, 10800)(5400, 8450)(5608, 7103)(3600, 2300)
Running time: 97.04144239425659s
min:3.8, max:38.0
Global minimum distance: 213434.13713906467
Route:
salesman-0:(3600, 2300)(8350, 2300)(6650, 2300)(7850, 3300)(7300, 3300)(7300, 10950)(7850, 10950)(8350, 6950)(4493, 7102)(10150, 8450)(10150, 5750)(9450, 5750)(15110, 10053)(9242, 10052)(6650, 10800)(5400, 11650)(4492, 10052)(5610, 10053)(11400, 10800)(12600, 10950)(12050, 10950)(3600, 2300)
salesman-1:(3600, 2300)(13100, 10800)(14200, 8450)(14900, 8450)(9450, 8450)(5400, 1600)(11400, 2300)(12600, 3300)(12050, 3300)(10150, 1600)(13100, 2300)(14900, 1600)(3600, 2300)
salesman-2:(3600, 2300)(16150, 2300)(16800, 3300)(19800, 800)(13100, 6950)(13992, 10052)(14900, 11650)(16800, 7250)(14200, 11650)(16150, 10800)(4700, 8450)(3600, 2300)
salesman-3:(3600, 2300)(4700, 11650)(3600, 10800)(3100, 10950)(200, 12200)(4700, 5750)(3600, 6950)(3100, 7250)(200, 1100)(200, 800)(3600, 2300)(3100, 3300)(5400, 5750)(5608, 7103)(7300, 7250)(9243, 7102)(11400, 6950)(13993, 7102)(12600, 7250)(10360, 10053)(3600, 2300)
salesman-4:(3600, 2300)(10150, 11650)(9450, 11650)(8350, 10800)(5400, 8450)(16800, 10950)(19800, 12200)(19800, 11900)(19800, 10000)(16150, 6950)(14200, 5750)(14900, 5750)(15108, 7103)(12050, 7250)(10358, 7103)(7850, 7250)(6650, 6950)(3600, 2300)
Running time: 97.03597354888916s
min:3.8, max:38.0
Global minimum distance: 225868.37778956944
Route:
salesman-0:(3600, 2300)(4700, 8450)(4700, 11650)(6650, 10800)(3100, 3300)(3600, 2300)(10150, 5750)(3600, 2300)
salesman-1:(3600, 2300)(10360, 10053)(12050, 7250)(6650, 2300)(5400, 1600)(5400, 5750)(5608, 7103)(5400, 8450)(5610, 10053)(4492, 10052)(5400, 11650)(10150, 11650)(13100, 10800)(3600, 2300)
salesman-2:(3600, 2300)(13992, 10052)(12600, 10950)(13100, 6950)(10150, 8450)(11400, 6950)(12600, 7250)(13993, 7102)(15108, 7103)(14900, 8450)(16150, 10800)(200, 12200)(3100, 10950)(4493, 7102)(7300, 3300)(8350, 6950)(7300, 7250)(9450, 5750)(9450, 11650)(9242, 10052)(8350, 10800)(9450, 8450)(7850, 7250)(4700, 5750)(7850, 3300)(13100, 2300)(12600, 3300)(12050, 3300)(11400, 2300)(14900, 1600)(16150, 2300)(19800, 800)(3600, 2300)
salesman-3:(3600, 2300)(16800, 3300)(14200, 8450)(12050, 10950)(11400, 10800)(14200, 11650)(14900, 11650)(19800, 12200)(3600, 2300)
salesman-4:(3600, 2300)(19800, 11900)(19800, 10000)(16800, 10950)(15110, 10053)(14200, 5750)(9243, 7102)(10358, 7103)(3600, 10800)(7300, 10950)(7850, 10950)(6650, 6950)(3100, 7250)(3600, 6950)(200, 800)(200, 1100)(8350, 2300)(10150, 1600)(14900, 5750)(16150, 6950)(16800, 7250)(3600, 2300)
Running time: 97.03557014465332s
min:3.8, max:38.0
Global minimum distance: 240256.8036935983
Route:
salesman-0:(3600, 2300)(5608, 7103)(5400, 8450)(19800, 800)(14900, 5750)(14200, 5750)(16800, 3300)(15110, 10053)(16150, 10800)(12600, 10950)(12050, 7250)(9450, 8450)(6650, 6950)(5400, 5750)(16150, 2300)(15108, 7103)(16150, 6950)(14900, 8450)(3600, 2300)
salesman-1:(3600, 2300)(14200, 8450)(16800, 7250)(19800, 10000)(19800, 12200)(3600, 2300)
salesman-2:(3600, 2300)(19800, 11900)(14900, 11650)(12050, 10950)(13100, 10800)(9450, 11650)(11400, 6950)(12600, 7250)(12050, 3300)(11400, 2300)(10150, 1600)(9450, 5750)(5400, 1600)(6650, 2300)(7300, 3300)(8350, 2300)(10358, 7103)(13992, 10052)(16800, 10950)(14200, 11650)(10150, 11650)(11400, 10800)(3600, 2300)
salesman-3:(3600, 2300)(7850, 10950)(8350, 10800)(6650, 10800)(5610, 10053)(9242, 10052)(10150, 8450)(9243, 7102)(3100, 7250)(3100, 10950)(200, 12200)(3100, 3300)(12600, 3300)(13100, 6950)(13993, 7102)(8350, 6950)(7850, 3300)(10150, 5750)(10360, 10053)(7300, 10950)(3600, 2300)
salesman-4:(3600, 2300)(4492, 10052)(3600, 10800)(4700, 8450)(4700, 5750)(3600, 6950)(4493, 7102)(4700, 11650)(5400, 11650)(7300, 7250)(200, 800)(200, 1100)(3600, 2300)(13100, 2300)(14900, 1600)(7850, 7250)(3600, 2300)
Running time: 97.01518368721008s
min:3.8, max:38.0
Global minimum distance: 209154.35129552754
Route:
salesman-0:(3600, 2300)(10150, 1600)(13100, 6950)(12600, 7250)(11400, 6950)(9450, 5750)(10360, 10053)(7850, 10950)(8350, 10800)(4700, 11650)(3600, 10800)(200, 12200)(5400, 1600)(6650, 2300)(7300, 3300)(14200, 8450)(15108, 7103)(14200, 5750)(14900, 5750)(19800, 800)(16150, 2300)(5400, 11650)(7300, 10950)(6650, 10800)(3600, 2300)
salesman-1:(3600, 2300)(9242, 10052)(12050, 10950)(13100, 10800)(14900, 1600)(3600, 2300)
salesman-2:(3600, 2300)(13100, 2300)(11400, 2300)(12050, 3300)(12600, 3300)(8350, 2300)(7850, 3300)(3600, 2300)
salesman-3:(3600, 2300)(10358, 7103)(8350, 6950)(12050, 7250)(9243, 7102)(10150, 5750)(9450, 8450)(10150, 8450)(14200, 11650)(15110, 10053)(6650, 6950)(5400, 8450)(4492, 10052)(5610, 10053)(4700, 8450)(3600, 6950)(3100, 7250)(4493, 7102)(4700, 5750)(3100, 10950)(16800, 3300)(13992, 10052)(14900, 11650)(16150, 10800)(19800, 11900)(19800, 12200)(16800, 10950)(13993, 7102)(16150, 6950)(3600, 2300)
salesman-4:(3600, 2300)(16800, 7250)(19800, 10000)(14900, 8450)(12600, 10950)(11400, 10800)(10150, 11650)(9450, 11650)(5608, 7103)(5400, 5750)(7850, 7250)(7300, 7250)(3600, 2300)(200, 1100)(200, 800)(3100, 3300)(3600, 2300)
Running time: 97.03458380699158s
min:3.8, max:38.0
Global minimum distance: 229267.20975929045
Route:
salesman-0:(3600, 2300)(4700, 5750)(3100, 7250)(3100, 10950)(3600, 10800)(200, 12200)(5400, 11650)(4700, 11650)(200, 800)(3100, 3300)(7300, 7250)(5400, 1600)(6650, 6950)(200, 1100)(5610, 10053)(6650, 10800)(8350, 10800)(7300, 10950)(9242, 10052)(9450, 5750)(13992, 10052)(14200, 8450)(12600, 3300)(13100, 2300)(9243, 7102)(6650, 2300)(7850, 3300)(7300, 3300)(8350, 2300)(5400, 8450)(4700, 8450)(5400, 5750)(3600, 2300)
salesman-1:(3600, 2300)(10150, 5750)(13100, 6950)(11400, 6950)(12050, 7250)(14200, 5750)(14900, 5750)(16800, 3300)(3600, 2300)
salesman-2:(3600, 2300)(19800, 800)(12050, 3300)(11400, 2300)(10150, 1600)(10358, 7103)(13993, 7102)(3600, 2300)
salesman-3:(3600, 2300)(14900, 8450)(13100, 10800)(12600, 10950)(14200, 11650)(12050, 10950)(9450, 8450)(8350, 6950)(7850, 7250)(3600, 6950)(4493, 7102)(5608, 7103)(10150, 11650)(9450, 11650)(10360, 10053)(14900, 1600)(16150, 2300)(11400, 10800)(14900, 11650)(16800, 10950)(15108, 7103)(16150, 6950)(16800, 7250)(19800, 10000)(19800, 12200)(19800, 11900)(16150, 10800)(15110, 10053)(3600, 2300)
salesman-4:(3600, 2300)(12600, 7250)(10150, 8450)(7850, 10950)(3600, 2300)(4492, 10052)(3600, 2300)
Running time: 97.04179644584656s
min:3.8, max:38.0
Global minimum distance: 228281.35070538666
Route:
salesman-0:(3600, 2300)(200, 800)(3100, 3300)(4700, 5750)(3600, 6950)(200, 1100)(3600, 2300)(10150, 8450)(9450, 8450)(12600, 7250)(10150, 1600)(4492, 10052)(4493, 7102)(5400, 11650)(6650, 10800)(8350, 10800)(10360, 10053)(3600, 2300)
salesman-1:(3600, 2300)(13100, 10800)(16800, 7250)(15108, 7103)(14900, 5750)(3600, 2300)
salesman-2:(3600, 2300)(16800, 3300)(12050, 7250)(9450, 5750)(11400, 2300)(12600, 3300)(14900, 1600)(16150, 2300)(19800, 800)(19800, 10000)(19800, 11900)(19800, 12200)(3600, 2300)
salesman-3:(3600, 2300)(16800, 10950)(16150, 6950)(13100, 6950)(14200, 5750)(13100, 2300)(12050, 3300)(10150, 5750)(7850, 7250)(7300, 7250)(6650, 6950)(5400, 5750)(7850, 3300)(13992, 10052)(12600, 10950)(10150, 11650)(11400, 10800)(3600, 2300)
salesman-4:(3600, 2300)(12050, 10950)(9450, 11650)(9242, 10052)(7300, 3300)(5400, 1600)(6650, 2300)(8350, 2300)(4700, 8450)(13993, 7102)(14900, 11650)(14200, 11650)(16150, 10800)(14900, 8450)(14200, 8450)(15110, 10053)(7850, 10950)(7300, 10950)(5608, 7103)(3100, 7250)(4700, 11650)(200, 12200)(3600, 10800)(3100, 10950)(5610, 10053)(5400, 8450)(8350, 6950)(9243, 7102)(10358, 7103)(11400, 6950)(3600, 2300)
Running time: 97.01941704750061s
min:3.8, max:38.0
Global minimum distance: 215780.8094232194
Route:
salesman-0:(3600, 2300)(4493, 7102)(3100, 7250)(5608, 7103)(6650, 6950)(3600, 6950)(4700, 8450)(6650, 10800)(5610, 10053)(5400, 8450)(4700, 11650)(3100, 10950)(200, 12200)(10150, 5750)(5400, 11650)(13993, 7102)(15108, 7103)(16150, 6950)(16800, 7250)(6650, 2300)(3600, 2300)(5400, 1600)(7850, 3300)(9243, 7102)(9242, 10052)(8350, 10800)(9450, 11650)(3600, 2300)
salesman-1:(3600, 2300)(7850, 10950)(7300, 10950)(10150, 11650)(13100, 10800)(12050, 10950)(12600, 10950)(14900, 11650)(16800, 10950)(19800, 11900)(14200, 5750)(12600, 3300)(16150, 2300)(14900, 1600)(13100, 2300)(12050, 3300)(8350, 6950)(12050, 7250)(14200, 8450)(10150, 1600)(11400, 2300)(8350, 2300)(200, 800)(200, 1100)(3600, 2300)
salesman-2:(3600, 2300)(3100, 3300)(4700, 5750)(5400, 5750)(7300, 7250)(3600, 2300)
salesman-3:(3600, 2300)(9450, 8450)(10360, 10053)(14900, 8450)(12600, 7250)(13100, 6950)(10150, 8450)(7850, 7250)(11400, 6950)(19800, 12200)(16150, 10800)(14200, 11650)(11400, 10800)(15110, 10053)(3600, 2300)
salesman-4:(3600, 2300)(13992, 10052)(19800, 800)(16800, 3300)(14900, 5750)(19800, 10000)(10358, 7103)(4492, 10052)(3600, 10800)(9450, 5750)(7300, 3300)(3600, 2300)
Running time: 97.0287516117096s
min:3.8, max:38.0
Global minimum distance: 214461.22475247955
Route:
salesman-0:(3600, 2300)(200, 1100)(200, 800)(3100, 3300)(5400, 1600)(3600, 2300)
salesman-1:(3600, 2300)(4700, 8450)(5610, 10053)(7300, 10950)(9450, 8450)(9243, 7102)(16150, 6950)(19800, 10000)(19800, 11900)(19800, 12200)(12600, 10950)(13100, 10800)(12600, 7250)(3100, 10950)(4700, 11650)(6650, 10800)(10150, 11650)(9450, 11650)(10360, 10053)(14200, 8450)(13993, 7102)(14200, 11650)(14900, 11650)(16800, 10950)(16150, 10800)(16800, 7250)(15108, 7103)(3600, 2300)
salesman-2:(3600, 2300)(19800, 800)(16800, 3300)(13100, 2300)(12600, 3300)(11400, 2300)(3600, 2300)
salesman-3:(3600, 2300)(10150, 1600)(8350, 2300)(14200, 5750)(12050, 7250)(14900, 8450)(3600, 2300)
salesman-4:(3600, 2300)(13992, 10052)(15110, 10053)(7300, 3300)(6650, 2300)(4492, 10052)(14900, 1600)(14900, 5750)(12050, 3300)(10358, 7103)(8350, 10800)(11400, 10800)(12050, 10950)(10150, 8450)(11400, 6950)(13100, 6950)(10150, 5750)(9450, 5750)(7850, 3300)(200, 12200)(3600, 10800)(5400, 11650)(7850, 10950)(5400, 5750)(3600, 2300)(4700, 5750)(4493, 7102)(3600, 6950)(3100, 7250)(5608, 7103)(6650, 6950)(7300, 7250)(7850, 7250)(8350, 6950)(9242, 10052)(5400, 8450)(16150, 2300)(3600, 2300)
Running time: 97.02347350120544s
min:3.8, max:38.0
Global minimum distance: 226965.83076391544
Route:
salesman-0:(3600, 2300)(11400, 2300)(13100, 2300)(14900, 1600)(14200, 5750)(15108, 7103)(16150, 6950)(16800, 7250)(3600, 2300)
salesman-1:(3600, 2300)(14900, 8450)(16800, 3300)(19800, 800)(16150, 2300)(14900, 5750)(15110, 10053)(12600, 10950)(3600, 2300)
salesman-2:(3600, 2300)(8350, 10800)(7850, 10950)(9450, 11650)(10150, 11650)(9242, 10052)(7300, 10950)(3100, 7250)(200, 1100)(200, 800)(5400, 1600)(7300, 7250)(13992, 10052)(5400, 8450)(3600, 6950)(5608, 7103)(4700, 5750)(8350, 2300)(10150, 1600)(12050, 3300)(12600, 3300)(3600, 2300)
salesman-3:(3600, 2300)(13993, 7102)(13100, 10800)(12050, 10950)(11400, 10800)(14200, 8450)(16150, 10800)(5610, 10053)(8350, 6950)(6650, 6950)(4493, 7102)(4700, 8450)(200, 12200)(4700, 11650)(3100, 10950)(3600, 10800)(13100, 6950)(12050, 7250)(11400, 6950)(10358, 7103)(10150, 5750)(9243, 7102)(9450, 8450)(7850, 3300)(12600, 7250)(5400, 11650)(9450, 5750)(3600, 2300)(3100, 3300)(5400, 5750)(10150, 8450)(7850, 7250)(6650, 10800)(4492, 10052)(3600, 2300)
salesman-4:(3600, 2300)(19800, 11900)(19800, 12200)(19800, 10000)(16800, 10950)(14900, 11650)(14200, 11650)(10360, 10053)(7300, 3300)(6650, 2300)(3600, 2300)
Running time: 97.02673530578613s
min:3.8, max:38.0
Global minimum distance: 211110.48261125572
Route:
salesman-0:(3600, 2300)(200, 12200)(3600, 10800)(200, 1100)(200, 800)(12050, 3300)(7850, 3300)(8350, 2300)(13100, 2300)(16150, 2300)(19800, 800)(19800, 10000)(19800, 12200)(19800, 11900)(16150, 10800)(12050, 7250)(11400, 10800)(3600, 2300)
salesman-1:(3600, 2300)(12600, 10950)(13100, 10800)(13992, 10052)(14900, 8450)(14200, 8450)(13993, 7102)(14900, 5750)(15108, 7103)(16800, 7250)(16150, 6950)(16800, 10950)(3600, 2300)
salesman-2:(3600, 2300)(14900, 11650)(9450, 11650)(12050, 10950)(14200, 11650)(10150, 11650)(10360, 10053)(10150, 8450)(7850, 7250)(9243, 7102)(10150, 5750)(9450, 5750)(11400, 2300)(12600, 3300)(13100, 6950)(14200, 5750)(12600, 7250)(16800, 3300)(14900, 1600)(7300, 10950)(15110, 10053)(10150, 1600)(6650, 2300)(3100, 3300)(5400, 5750)(4700, 8450)(7300, 3300)(6650, 6950)(3600, 2300)
salesman-3:(3600, 2300)(7300, 7250)(8350, 6950)(9242, 10052)(7850, 10950)(6650, 10800)(10358, 7103)(11400, 6950)(9450, 8450)(3600, 2300)
salesman-4:(3600, 2300)(8350, 10800)(3100, 10950)(5610, 10053)(5400, 8450)(5608, 7103)(4493, 7102)(3600, 6950)(3100, 7250)(5400, 1600)(4700, 11650)(5400, 11650)(4492, 10052)(4700, 5750)(3600, 2300)(3600, 2300)
Running time: 97.02213740348816s
min:3.8, max:38.0
Global minimum distance: 213486.7922636697
Route:
salesman-0:(3600, 2300)(9450, 5750)(7850, 7250)(5400, 5750)(5608, 7103)(3100, 3300)(19800, 12200)(16800, 10950)(14200, 11650)(14900, 11650)(3600, 2300)
salesman-1:(3600, 2300)(15110, 10053)(200, 1100)(3600, 2300)(3100, 7250)(200, 12200)(3100, 10950)(4700, 11650)(3600, 10800)(5610, 10053)(9450, 11650)(10150, 11650)(12050, 10950)(13992, 10052)(7300, 10950)(5400, 8450)(6650, 6950)(4700, 5750)(13100, 10800)(3600, 2300)
salesman-2:(3600, 2300)(12600, 10950)(11400, 10800)(10360, 10053)(10150, 8450)(9242, 10052)(8350, 10800)(4492, 10052)(5400, 11650)(6650, 10800)(3600, 2300)
salesman-3:(3600, 2300)(7850, 10950)(7300, 7250)(9243, 7102)(4700, 8450)(4493, 7102)(7850, 3300)(3600, 2300)
salesman-4:(3600, 2300)(8350, 2300)(10150, 1600)(7300, 3300)(5400, 1600)(3600, 6950)(10358, 7103)(14900, 5750)(16800, 3300)(19800, 800)(16150, 2300)(13100, 2300)(14900, 1600)(12600, 3300)(14200, 5750)(19800, 10000)(19800, 11900)(200, 800)(16800, 7250)(14200, 8450)(14900, 8450)(16150, 6950)(16150, 10800)(15108, 7103)(13100, 6950)(12600, 7250)(13993, 7102)(11400, 6950)(12050, 7250)(9450, 8450)(8350, 6950)(11400, 2300)(12050, 3300)(10150, 5750)(6650, 2300)(3600, 2300)
Running time: 97.0342435836792s
min:3.8, max:38.0
Global minimum distance: 213615.9648816855
Route:
salesman-0:(3600, 2300)(4700, 5750)(19800, 10000)(19800, 12200)(19800, 11900)(3600, 2300)
salesman-1:(3600, 2300)(16800, 7250)(15108, 7103)(10150, 5750)(11400, 6950)(9450, 5750)(7850, 3300)(5400, 5750)(5610, 10053)(4700, 11650)(3600, 10800)(200, 12200)(4493, 7102)(3600, 6950)(5400, 1600)(6650, 2300)(8350, 2300)(10150, 1600)(12050, 3300)(9243, 7102)(8350, 6950)(10360, 10053)(10150, 11650)(9450, 11650)(7850, 10950)(7300, 10950)(8350, 10800)(9242, 10052)(12600, 7250)(13100, 6950)(12050, 7250)(11400, 10800)(12050, 10950)(14200, 11650)(14900, 11650)(16150, 10800)(16800, 10950)(15110, 10053)(3600, 2300)
salesman-2:(3600, 2300)(13992, 10052)(13100, 10800)(12600, 10950)(14900, 8450)(14200, 8450)(16150, 6950)(16800, 3300)(16150, 2300)(3600, 2300)
salesman-3:(3600, 2300)(19800, 800)(13993, 7102)(14200, 5750)(14900, 5750)(12600, 3300)(14900, 1600)(13100, 2300)(11400, 2300)(10150, 8450)(5400, 11650)(4492, 10052)(3100, 7250)(3100, 10950)(200, 800)(3100, 3300)(3600, 2300)(7300, 3300)(10358, 7103)(9450, 8450)(200, 1100)(6650, 10800)(3600, 2300)
salesman-4:(3600, 2300)(4700, 8450)(5608, 7103)(6650, 6950)(5400, 8450)(7300, 7250)(7850, 7250)(3600, 2300)
Running time: 97.02199745178223s
min:3.8, max:38.0
Global minimum distance: 234022.71098352794
Route:
salesman-0:(3600, 2300)(12050, 3300)(11400, 2300)(13100, 2300)(12600, 7250)(14900, 1600)(10150, 1600)(9243, 7102)(10358, 7103)(13100, 6950)(12050, 7250)(13993, 7102)(10150, 5750)(9450, 5750)(7850, 7250)(6650, 6950)(4700, 8450)(7300, 7250)(5400, 8450)(3100, 7250)(3600, 6950)(4493, 7102)(5608, 7103)(4700, 5750)(3600, 2300)(7850, 10950)(7300, 10950)(8350, 6950)(5610, 10053)(4700, 11650)(3100, 10950)(6650, 10800)(9450, 11650)(3600, 2300)
salesman-1:(3600, 2300)(12600, 10950)(11400, 6950)(15108, 7103)(16150, 2300)(19800, 800)(7300, 3300)(6650, 2300)(5400, 5750)(16800, 3300)(14900, 5750)(16150, 6950)(14200, 5750)(12600, 3300)(14200, 8450)(3600, 2300)
salesman-2:(3600, 2300)(15110, 10053)(16800, 10950)(16800, 7250)(14900, 8450)(11400, 10800)(10360, 10053)(10150, 8450)(9450, 8450)(7850, 3300)(3100, 3300)(200, 800)(200, 1100)(200, 12200)(4492, 10052)(3600, 10800)(5400, 11650)(8350, 10800)(10150, 11650)(19800, 12200)(19800, 11900)(3600, 2300)
salesman-3:(3600, 2300)(19800, 10000)(16150, 10800)(13992, 10052)(14900, 11650)(14200, 11650)(3600, 2300)
salesman-4:(3600, 2300)(13100, 10800)(12050, 10950)(9242, 10052)(8350, 2300)(5400, 1600)(3600, 2300)
Running time: 97.02730131149292s
