Initial minimum distance: 377310.78096776037
Global minimum distance: 296076.53396900906
Running time: 59.83101987838745s
Route:
salesman-1:(3600,2300)(12050,3300)(10150,5750)(14900,8450)(13993,7102)(13100,6950)(16150,6950)(14200,5750)(15108,7103)(14900,5750)(16800,3300)(19800,10000)(16800,7250)(12600,3300)(7850,3300)(7300,3300)(3600,2300)
salesman-2:(3600,2300)(9450,5750)(12600,7250)(12050,7250)(14200,8450)(11400,6950)(19800,11900)(19800,12200)(16800,10950)(15110,10053)(16150,10800)(13992,10052)(9243,7102)(14200,11650)(14900,11650)(10358,7103)(3600,2300)
salesman-3:(3600,2300)(6650,6950)(10150,11650)(12050,10950)(12600,10950)(13100,10800)(10360,10053)(9450,8450)(7300,7250)(7850,7250)(9450,11650)(11400,10800)(9242,10052)(10150,8450)(8350,10800)(8350,6950)(3600,2300)
salesman-4:(3600,2300)(4492,10052)(6650,10800)(5400,5750)(4700,8450)(7850,10950)(7300,10950)(5610,10053)(5400,11650)(3600,10800)(4700,11650)(5400,8450)(5608,7103)(4700,5750)(4493,7102)(3600,6950)(3600,2300)
salesman-5:(3600,2300)(3100,10950)(3100,7250)(200,12200)(3100,3300)(200,1100)(200,800)(5400,1600)(10150,1600)(19800,800)(14900,1600)(6650,2300)(8350,2300)(11400,2300)(13100,2300)(16150,2300)(3600,2300)

Initial minimum distance: 383699.03847931453
Global minimum distance: 295316.6944628345
Running time: 60.167471170425415s
Route:
salesman-1:(3600,2300)(7300,3300)(7850,3300)(15108,7103)(16150,6950)(14200,5750)(19800,10000)(14900,8450)(13993,7102)(16800,7250)(12050,3300)(12600,3300)(10150,5750)(16800,3300)(14900,5750)(13100,6950)(3600,2300)
salesman-2:(3600,2300)(12050,7250)(19800,12200)(19800,11900)(16150,10800)(14900,11650)(15110,10053)(10358,7103)(9450,5750)(11400,6950)(14200,11650)(16800,10950)(14200,8450)(13992,10052)(12600,7250)(9243,7102)(3600,2300)
salesman-3:(3600,2300)(10360,10053)(9450,11650)(10150,11650)(9242,10052)(13100,10800)(8350,6950)(7850,7250)(6650,6950)(7300,7250)(8350,10800)(9450,8450)(11400,10800)(12600,10950)(12050,10950)(10150,8450)(3600,2300)
salesman-4:(3600,2300)(4493,7102)(5608,7103)(3600,6950)(5400,8450)(4700,5750)(5400,5750)(7850,10950)(7300,10950)(4700,8450)(3600,10800)(4700,11650)(5400,11650)(5610,10053)(4492,10052)(6650,10800)(3600,2300)
salesman-5:(3600,2300)(3100,10950)(3100,7250)(200,12200)(3100,3300)(200,1100)(200,800)(5400,1600)(6650,2300)(10150,1600)(19800,800)(14900,1600)(16150,2300)(11400,2300)(13100,2300)(8350,2300)(3600,2300)

Initial minimum distance: 383699.03847931453
Global minimum distance: 297702.2408316056
Running time: 61.16541624069214s
Route:
salesman-1:(3600,2300)(16800,3300)(14900,5750)(14200,5750)(16150,6950)(16800,7250)(15108,7103)(13993,7102)(13100,6950)(10150,5750)(12050,3300)(7850,3300)(12600,3300)(19800,10000)(14900,8450)(7300,3300)(3600,2300)
salesman-2:(3600,2300)(12600,7250)(16800,10950)(16150,10800)(14200,11650)(10358,7103)(13992,10052)(11400,6950)(9243,7102)(12050,7250)(14200,8450)(14900,11650)(19800,12200)(19800,11900)(15110,10053)(9450,5750)(3600,2300)
salesman-3:(3600,2300)(9242,10052)(12050,10950)(13100,10800)(8350,10800)(9450,8450)(7850,7250)(8350,6950)(10150,8450)(11400,10800)(10360,10053)(10150,11650)(9450,11650)(12600,10950)(7300,7250)(6650,6950)(3600,2300)
salesman-4:(3600,2300)(4700,5750)(5400,5750)(7300,10950)(7850,10950)(6650,10800)(5610,10053)(5400,8450)(4700,8450)(4493,7102)(3600,6950)(5608,7103)(5400,11650)(4700,11650)(4492,10052)(3600,10800)(3600,2300)
salesman-5:(3600,2300)(3100,10950)(3100,7250)(200,12200)(3100,3300)(200,1100)(200,800)(5400,1600)(10150,1600)(6650,2300)(8350,2300)(14900,1600)(16150,2300)(19800,800)(11400,2300)(13100,2300)(3600,2300)

Initial minimum distance: 383699.03847931453
Global minimum distance: 288856.33338489616
Running time: 61.11035442352295s
Route:
salesman-1:(3600,2300)(12600,3300)(15108,7103)(14900,8450)(13993,7102)(16150,6950)(16800,7250)(19800,10000)(14200,5750)(10150,5750)(12050,3300)(13100,6950)(14900,5750)(16800,3300)(7300,3300)(7850,3300)(3600,2300)
salesman-2:(3600,2300)(9243,7102)(16150,10800)(15110,10053)(14200,8450)(11400,6950)(10358,7103)(12600,7250)(12050,7250)(14200,11650)(14900,11650)(16800,10950)(19800,12200)(19800,11900)(13992,10052)(9450,5750)(3600,2300)
salesman-3:(3600,2300)(6650,6950)(7300,7250)(7850,7250)(8350,10800)(10360,10053)(9242,10052)(12050,10950)(13100,10800)(9450,8450)(9450,11650)(10150,11650)(12600,10950)(10150,8450)(11400,10800)(8350,6950)(3600,2300)
salesman-4:(3600,2300)(4493,7102)(7300,10950)(6650,10800)(5400,8450)(4492,10052)(5400,11650)(5610,10053)(3600,10800)(4700,11650)(7850,10950)(4700,8450)(3600,6950)(5608,7103)(4700,5750)(5400,5750)(3600,2300)
salesman-5:(3600,2300)(3100,10950)(3100,7250)(200,12200)(3100,3300)(200,1100)(200,800)(5400,1600)(10150,1600)(13100,2300)(19800,800)(14900,1600)(6650,2300)(8350,2300)(11400,2300)(16150,2300)(3600,2300)

Initial minimum distance: 379265.2369959771
Global minimum distance: 298363.76615919557
Running time: 61.17805528640747s
Route:
salesman-1:(3600,2300)(7850,3300)(7300,3300)(14900,5750)(15108,7103)(13993,7102)(13100,6950)(14900,8450)(19800,10000)(16150,6950)(10150,5750)(12600,3300)(14200,5750)(16800,3300)(16800,7250)(12050,3300)(3600,2300)
salesman-2:(3600,2300)(9450,5750)(14200,8450)(12600,7250)(16800,10950)(14900,11650)(13992,10052)(16150,10800)(15110,10053)(12050,7250)(10358,7103)(9243,7102)(14200,11650)(19800,11900)(19800,12200)(11400,6950)(3600,2300)
salesman-3:(3600,2300)(6650,6950)(8350,10800)(7300,7250)(7850,7250)(10150,8450)(12600,10950)(11400,10800)(13100,10800)(9450,11650)(10360,10053)(12050,10950)(9242,10052)(10150,11650)(9450,8450)(8350,6950)(3600,2300)
salesman-4:(3600,2300)(4700,5750)(4493,7102)(4492,10052)(4700,11650)(5610,10053)(4700,8450)(5608,7103)(5400,5750)(5400,8450)(7850,10950)(7300,10950)(6650,10800)(5400,11650)(3600,6950)(3600,10800)(3600,2300)
salesman-5:(3600,2300)(200,800)(200,1100)(3100,7250)(3100,10950)(200,12200)(3100,3300)(5400,1600)(10150,1600)(19800,800)(14900,1600)(6650,2300)(8350,2300)(11400,2300)(13100,2300)(16150,2300)(3600,2300)

Initial minimum distance: 383699.03847931453
Global minimum distance: 282302.1481679684
Running time: 61.40736699104309s
Route:
salesman-1:(3600,2300)(12600,3300)(10150,5750)(13993,7102)(15108,7103)(14900,8450)(14900,5750)(14200,5750)(13100,6950)(12050,3300)(16150,6950)(16800,7250)(19800,10000)(16800,3300)(7300,3300)(7850,3300)(3600,2300)
salesman-2:(3600,2300)(12600,7250)(16150,10800)(14200,11650)(19800,11900)(19800,12200)(16800,10950)(15110,10053)(14900,11650)(13992,10052)(14200,8450)(12050,7250)(10358,7103)(11400,6950)(9450,5750)(9243,7102)(3600,2300)
salesman-3:(3600,2300)(6650,6950)(7300,7250)(11400,10800)(9450,11650)(12050,10950)(10360,10053)(8350,10800)(9242,10052)(13100,10800)(12600,10950)(9450,8450)(10150,11650)(10150,8450)(8350,6950)(7850,7250)(3600,2300)
salesman-4:(3600,2300)(5400,5750)(5400,8450)(5610,10053)(3600,6950)(4493,7102)(4700,8450)(6650,10800)(7850,10950)(7300,10950)(5608,7103)(5400,11650)(4700,11650)(4492,10052)(3600,10800)(4700,5750)(3600,2300)
salesman-5:(3600,2300)(3100,10950)(3100,7250)(200,12200)(3100,3300)(200,1100)(200,800)(5400,1600)(10150,1600)(19800,800)(14900,1600)(6650,2300)(8350,2300)(11400,2300)(13100,2300)(16150,2300)(3600,2300)

Initial minimum distance: 366132.5660104536
Global minimum distance: 288897.8565074504
Running time: 61.540741205215454s
Route:
salesman-1:(3600,2300)(7850,3300)(7300,3300)(14200,5750)(16800,7250)(15108,7103)(13100,6950)(10150,5750)(12050,3300)(12600,3300)(16800,3300)(16150,6950)(19800,10000)(14900,5750)(13993,7102)(14900,8450)(3600,2300)
salesman-2:(3600,2300)(11400,6950)(12600,7250)(14200,8450)(16150,10800)(12050,7250)(10358,7103)(9243,7102)(9450,5750)(13992,10052)(14900,11650)(16800,10950)(15110,10053)(14200,11650)(19800,11900)(19800,12200)(3600,2300)
salesman-3:(3600,2300)(10150,8450)(12050,10950)(13100,10800)(9242,10052)(10150,11650)(7850,7250)(9450,8450)(10360,10053)(12600,10950)(8350,10800)(9450,11650)(11400,10800)(8350,6950)(7300,7250)(6650,6950)(3600,2300)
salesman-4:(3600,2300)(5400,5750)(4700,5750)(4700,8450)(7300,10950)(5400,8450)(5608,7103)(3600,6950)(5610,10053)(3600,10800)(3100,7250)(4492,10052)(4700,11650)(5400,11650)(6650,10800)(7850,10950)(4493,7102)(3600,2300)
salesman-5:(3600,2300)(3100,10950)(200,12200)(3100,3300)(200,1100)(200,800)(5400,1600)(6650,2300)(10150,1600)(13100,2300)(19800,800)(16150,2300)(11400,2300)(14900,1600)(8350,2300)(3600,2300)

Initial minimum distance: 383699.03847931453
Global minimum distance: 293176.6189853233
Running time: 61.68529939651489s
Route:
salesman-1:(3600,2300)(12600,3300)(12050,3300)(14900,8450)(10150,5750)(14200,5750)(14900,5750)(16800,3300)(19800,10000)(15108,7103)(16150,6950)(16800,7250)(13100,6950)(13993,7102)(7300,3300)(7850,3300)(3600,2300)
salesman-2:(3600,2300)(9243,7102)(13992,10052)(15110,10053)(19800,12200)(19800,11900)(16150,10800)(11400,6950)(12600,7250)(12050,7250)(14200,11650)(14200,8450)(16800,10950)(14900,11650)(9450,5750)(10358,7103)(3600,2300)
salesman-3:(3600,2300)(7300,7250)(7850,7250)(12050,10950)(9450,8450)(10150,8450)(9242,10052)(10360,10053)(13100,10800)(9450,11650)(8350,10800)(12600,10950)(10150,11650)(11400,10800)(8350,6950)(6650,6950)(3600,2300)
salesman-4:(3600,2300)(5400,5750)(4700,5750)(3600,6950)(4700,8450)(5400,11650)(4700,11650)(6650,10800)(7850,10950)(3600,10800)(5400,8450)(5610,10053)(4492,10052)(7300,10950)(5608,7103)(4493,7102)(3600,2300)
salesman-5:(3600,2300)(3100,10950)(3100,7250)(200,12200)(3100,3300)(200,1100)(200,800)(5400,1600)(10150,1600)(19800,800)(14900,1600)(8350,2300)(13100,2300)(16150,2300)(11400,2300)(6650,2300)(3600,2300)

Initial minimum distance: 383491.9313034071
Global minimum distance: 273371.46735666174
Running time: 61.68294882774353s
Route:
salesman-1:(3600,2300)(7300,3300)(10150,5750)(14200,5750)(13100,6950)(12050,3300)(16150,6950)(14900,8450)(13993,7102)(16800,3300)(15108,7103)(19800,10000)(16800,7250)(14900,5750)(12600,3300)(7850,3300)(3600,2300)
salesman-2:(3600,2300)(9243,7102)(10358,7103)(11400,6950)(12050,7250)(12600,7250)(16150,10800)(19800,12200)(19800,11900)(15110,10053)(14200,11650)(13992,10052)(16800,10950)(14900,11650)(14200,8450)(9450,5750)(3600,2300)
salesman-3:(3600,2300)(8350,6950)(7850,7250)(9450,8450)(9450,11650)(12050,10950)(9242,10052)(13100,10800)(12600,10950)(10150,11650)(10360,10053)(11400,10800)(8350,10800)(7300,7250)(6650,6950)(4700,5750)(3600,2300)
salesman-4:(3600,2300)(4492,10052)(5610,10053)(3600,10800)(5608,7103)(7300,10950)(7850,10950)(6650,10800)(10150,8450)(5400,5750)(4493,7102)(4700,8450)(5400,8450)(5400,11650)(4700,11650)(3600,6950)(3600,2300)
salesman-5:(3600,2300)(3100,10950)(3100,7250)(200,12200)(3100,3300)(200,1100)(200,800)(5400,1600)(6650,2300)(10150,1600)(8350,2300)(14900,1600)(13100,2300)(19800,800)(16150,2300)(11400,2300)(3600,2300)

Initial minimum distance: 383699.03847931453
Global minimum distance: 298490.18976197427
Running time: 61.718644857406616s
Route:
salesman-1:(3600,2300)(12600,3300)(12050,3300)(7850,3300)(14200,5750)(14900,5750)(16150,6950)(16800,7250)(15108,7103)(10150,5750)(13100,6950)(16800,3300)(13993,7102)(14900,8450)(19800,10000)(7300,3300)(3600,2300)
salesman-2:(3600,2300)(12600,7250)(19800,12200)(12050,7250)(9450,5750)(10358,7103)(11400,6950)(16800,10950)(13992,10052)(15110,10053)(14200,11650)(14900,11650)(16150,10800)(19800,11900)(14200,8450)(9243,7102)(3600,2300)
salesman-3:(3600,2300)(7300,7250)(9450,8450)(9450,11650)(13100,10800)(12600,10950)(12050,10950)(11400,10800)(10360,10053)(10150,11650)(9242,10052)(7850,7250)(6650,6950)(10150,8450)(8350,6950)(8350,10800)(3600,2300)
salesman-4:(3600,2300)(4493,7102)(5400,8450)(4492,10052)(5400,11650)(3600,10800)(5610,10053)(7300,10950)(6650,10800)(4700,8450)(5400,5750)(5608,7103)(4700,11650)(7850,10950)(3600,6950)(4700,5750)(3600,2300)
salesman-5:(3600,2300)(3100,10950)(3100,7250)(200,12200)(3100,3300)(5400,1600)(6650,2300)(8350,2300)(16150,2300)(19800,800)(14900,1600)(13100,2300)(11400,2300)(10150,1600)(200,800)(200,1100)(3600,2300)

Initial minimum distance: 363849.5285348347
Global minimum distance: 272555.5313223488
Running time: 61.98852610588074s
Route:
salesman-1:(3600,2300)(14200,5750)(13993,7102)(15108,7103)(19800,10000)(14900,8450)(13100,6950)(10150,5750)(12600,3300)(14900,5750)(16150,6950)(16800,7250)(16800,3300)(12050,3300)(7850,3300)(7300,3300)(3600,2300)
salesman-2:(3600,2300)(10358,7103)(14200,11650)(19800,12200)(19800,11900)(16800,10950)(16150,10800)(13992,10052)(15110,10053)(14900,11650)(9243,7102)(9450,5750)(12050,7250)(11400,6950)(14200,8450)(12600,7250)(3600,2300)
salesman-3:(3600,2300)(6650,6950)(10150,8450)(9450,8450)(10360,10053)(11400,10800)(13100,10800)(8350,6950)(7850,7250)(9242,10052)(12050,10950)(12600,10950)(10150,11650)(9450,11650)(8350,10800)(7300,7250)(3600,2300)
salesman-4:(3600,2300)(7300,10950)(6650,10800)(7850,10950)(4700,11650)(4700,8450)(4492,10052)(4493,7102)(5400,11650)(3600,10800)(3600,6950)(5400,8450)(5610,10053)(5608,7103)(5400,5750)(4700,5750)(3600,2300)
salesman-5:(3600,2300)(3100,10950)(3100,7250)(200,12200)(3100,3300)(200,1100)(200,800)(5400,1600)(10150,1600)(19800,800)(16150,2300)(14900,1600)(13100,2300)(11400,2300)(6650,2300)(8350,2300)(3600,2300)

Initial minimum distance: 383699.03847931453
Global minimum distance: 283933.9686170569
Running time: 62.00293183326721s
Route:
salesman-1:(3600,2300)(16800,3300)(19800,10000)(16800,7250)(14200,5750)(13100,6950)(13993,7102)(7300,3300)(7850,3300)(10150,5750)(14900,8450)(14900,5750)(16150,6950)(15108,7103)(12600,3300)(12050,3300)(3600,2300)
salesman-2:(3600,2300)(14900,11650)(14200,11650)(16800,10950)(16150,10800)(15110,10053)(14200,8450)(13992,10052)(19800,12200)(19800,11900)(12600,7250)(9243,7102)(9450,5750)(11400,6950)(12050,7250)(10358,7103)(3600,2300)
salesman-3:(3600,2300)(8350,6950)(7300,7250)(10150,8450)(9450,11650)(8350,10800)(9242,10052)(10360,10053)(12050,10950)(11400,10800)(10150,11650)(12600,10950)(13100,10800)(6650,6950)(7850,7250)(9450,8450)(3600,2300)
salesman-4:(3600,2300)(5400,5750)(5400,8450)(3600,6950)(4493,7102)(4700,11650)(6650,10800)(5400,11650)(5610,10053)(7850,10950)(7300,10950)(5608,7103)(4700,5750)(4700,8450)(4492,10052)(3600,10800)(3600,2300)
salesman-5:(3600,2300)(3100,10950)(3100,7250)(200,12200)(3100,3300)(200,1100)(200,800)(5400,1600)(10150,1600)(6650,2300)(11400,2300)(13100,2300)(16150,2300)(19800,800)(14900,1600)(8350,2300)(3600,2300)

Initial minimum distance: 364168.2654823666
Global minimum distance: 327046.23864464666
Running time: 62.17739534378052s
Route:
salesman-1:(3600,2300)(7850,3300)(12050,3300)(7300,3300)(10150,5750)(13100,6950)(12600,3300)(19800,10000)(16800,7250)(16150,6950)(15108,7103)(16800,3300)(13993,7102)(14900,8450)(14200,5750)(14900,5750)(3600,2300)
salesman-2:(3600,2300)(12600,7250)(12050,7250)(16800,10950)(14200,8450)(16150,10800)(14200,11650)(19800,11900)(19800,12200)(10358,7103)(11400,6950)(15110,10053)(14900,11650)(13992,10052)(9450,5750)(9243,7102)(3600,2300)
salesman-3:(3600,2300)(6650,6950)(8350,10800)(12600,10950)(7850,7250)(9450,8450)(13100,10800)(11400,10800)(12050,10950)(10360,10053)(10150,8450)(8350,6950)(9242,10052)(10150,11650)(9450,11650)(7300,7250)(3600,2300)
salesman-4:(3600,2300)(5400,5750)(7300,10950)(5610,10053)(4700,11650)(4700,8450)(7850,10950)(4493,7102)(5400,11650)(5608,7103)(4700,5750)(3600,6950)(5400,8450)(3600,10800)(6650,10800)(4492,10052)(3600,2300)
salesman-5:(3600,2300)(8350,2300)(3100,7250)(3100,10950)(200,12200)(3100,3300)(200,1100)(200,800)(5400,1600)(10150,1600)(19800,800)(14900,1600)(6650,2300)(11400,2300)(13100,2300)(16150,2300)(3600,2300)

Initial minimum distance: 383699.03847931453
Global minimum distance: 311420.4695088728
Running time: 62.16625618934631s
Route:
salesman-1:(3600,2300)(12600,3300)(16800,3300)(16150,6950)(19800,10000)(14900,8450)(13993,7102)(15108,7103)(14900,5750)(7300,3300)(7850,3300)(12050,3300)(14200,5750)(16800,7250)(10150,5750)(13100,6950)(3600,2300)
salesman-2:(3600,2300)(12050,7250)(19800,11900)(19800,12200)(16800,10950)(16150,10800)(13992,10052)(14900,11650)(14200,11650)(15110,10053)(9450,5750)(11400,6950)(10358,7103)(14200,8450)(12600,7250)(9243,7102)(3600,2300)
salesman-3:(3600,2300)(10360,10053)(8350,10800)(10150,8450)(7300,7250)(7850,7250)(9450,11650)(9242,10052)(13100,10800)(11400,10800)(12050,10950)(9450,8450)(8350,6950)(10150,11650)(12600,10950)(6650,6950)(3600,2300)
salesman-4:(3600,2300)(5400,5750)(7850,10950)(7300,10950)(5400,8450)(5608,7103)(5610,10053)(4493,7102)(5400,11650)(6650,10800)(4700,5750)(4700,8450)(4700,11650)(4492,10052)(3600,6950)(3600,10800)(3600,2300)
salesman-5:(3600,2300)(3100,10950)(3100,7250)(200,12200)(3100,3300)(200,1100)(200,800)(5400,1600)(10150,1600)(14900,1600)(19800,800)(16150,2300)(13100,2300)(11400,2300)(6650,2300)(8350,2300)(3600,2300)

Initial minimum distance: 383699.03847931453
Global minimum distance: 296312.8069098348
Running time: 62.29826736450195s
Route:
salesman-1:(3600,2300)(12050,3300)(13100,6950)(14900,8450)(15108,7103)(13993,7102)(10150,5750)(7850,3300)(7300,3300)(16800,3300)(19800,10000)(14900,5750)(12600,3300)(14200,5750)(16150,6950)(16800,7250)(3600,2300)
salesman-2:(3600,2300)(12600,7250)(14200,8450)(15110,10053)(14200,11650)(13992,10052)(9450,5750)(10358,7103)(9243,7102)(19800,12200)(19800,11900)(16800,10950)(16150,10800)(14900,11650)(12050,7250)(11400,6950)(3600,2300)
salesman-3:(3600,2300)(8350,6950)(9450,11650)(9242,10052)(12050,10950)(13100,10800)(11400,10800)(12600,10950)(10150,8450)(9450,8450)(10360,10053)(8350,10800)(10150,11650)(6650,6950)(7850,7250)(7300,7250)(3600,2300)
salesman-4:(3600,2300)(5400,5750)(4700,5750)(3600,6950)(4700,11650)(5400,8450)(5400,11650)(4492,10052)(7850,10950)(7300,10950)(5610,10053)(6650,10800)(5608,7103)(4493,7102)(4700,8450)(3600,10800)(3600,2300)
salesman-5:(3600,2300)(3100,10950)(3100,7250)(200,12200)(3100,3300)(200,1100)(200,800)(5400,1600)(10150,1600)(13100,2300)(19800,800)(16150,2300)(14900,1600)(8350,2300)(6650,2300)(11400,2300)(3600,2300)

Initial minimum distance: 363171.95730012096
Global minimum distance: 308807.647173776
Running time: 62.90195560455322s
Route:
salesman-1:(3600,2300)(16800,3300)(12600,3300)(12050,3300)(7850,3300)(7300,3300)(14900,5750)(14200,5750)(16150,6950)(16800,7250)(19800,10000)(15108,7103)(13993,7102)(14900,8450)(3600,2300)
salesman-2:(3600,2300)(10150,5750)(13100,6950)(11400,6950)(13992,10052)(15110,10053)(16800,10950)(14900,11650)(16150,10800)(14200,8450)(19800,11900)(19800,12200)(12600,7250)(14200,11650)(12050,7250)(10358,7103)(9243,7102)(9450,5750)(3600,2300)
salesman-3:(3600,2300)(13100,10800)(10150,8450)(11400,10800)(9450,8450)(8350,6950)(7850,7250)(10360,10053)(9242,10052)(10150,11650)(9450,11650)(8350,10800)(12050,10950)(12600,10950)(7300,7250)(6650,6950)(3600,2300)
salesman-4:(3600,2300)(4493,7102)(5608,7103)(4700,8450)(4700,11650)(4700,5750)(5400,8450)(7850,10950)(5400,5750)(7300,10950)(6650,10800)(5610,10053)(4492,10052)(3600,10800)(5400,11650)(3600,6950)(3600,2300)
salesman-5:(3600,2300)(3100,10950)(3100,7250)(200,12200)(3100,3300)(200,1100)(200,800)(5400,1600)(10150,1600)(19800,800)(14900,1600)(6650,2300)(8350,2300)(11400,2300)(13100,2300)(16150,2300)(3600,2300)

Initial minimum distance: 383699.03847931453
Global minimum distance: 292949.363112472
Running time: 62.91634964942932s
Route:
salesman-1:(3600,2300)(7850,3300)(14900,5750)(14200,5750)(14900,8450)(19800,10000)(10150,5750)(13100,6950)(13993,7102)(15108,7103)(12050,3300)(12600,3300)(16800,3300)(16150,6950)(16800,7250)(7300,3300)(3600,2300)
salesman-2:(3600,2300)(9450,5750)(9243,7102)(13992,10052)(19800,12200)(19800,11900)(16150,10800)(14900,11650)(12600,7250)(15110,10053)(14200,8450)(11400,6950)(16800,10950)(14200,11650)(12050,7250)(10358,7103)(3600,2300)
salesman-3:(3600,2300)(8350,6950)(9450,8450)(9242,10052)(10150,11650)(9450,11650)(13100,10800)(10150,8450)(12600,10950)(12050,10950)(11400,10800)(10360,10053)(7850,7250)(7300,7250)(6650,6950)(8350,10800)(3600,2300)
salesman-4:(3600,2300)(3600,6950)(5608,7103)(4700,5750)(7300,10950)(3600,10800)(4493,7102)(6650,10800)(7850,10950)(5610,10053)(5400,11650)(4700,11650)(4700,8450)(4492,10052)(5400,8450)(5400,5750)(3600,2300)
salesman-5:(3600,2300)(6650,2300)(3100,3300)(3100,7250)(3100,10950)(200,12200)(200,1100)(200,800)(5400,1600)(10150,1600)(19800,800)(11400,2300)(14900,1600)(16150,2300)(13100,2300)(8350,2300)(3600,2300)

Initial minimum distance: 379982.851222255
Global minimum distance: 288657.88261904125
Running time: 62.97642469406128s
Route:
salesman-1:(3600,2300)(7850,3300)(14900,5750)(14200,5750)(16150,6950)(16800,7250)(15108,7103)(12600,3300)(12050,3300)(13993,7102)(14900,8450)(16800,3300)(19800,10000)(13100,6950)(10150,5750)(7300,3300)(3600,2300)
salesman-2:(3600,2300)(14200,8450)(16150,10800)(15110,10053)(13992,10052)(19800,11900)(19800,12200)(12600,7250)(12050,7250)(9450,5750)(11400,6950)(16800,10950)(14200,11650)(14900,11650)(9243,7102)(10358,7103)(3600,2300)
salesman-3:(3600,2300)(7300,7250)(6650,6950)(9450,11650)(10150,11650)(12050,10950)(10360,10053)(10150,8450)(8350,6950)(7850,7250)(9242,10052)(9450,8450)(12600,10950)(11400,10800)(13100,10800)(8350,10800)(3600,2300)
salesman-4:(3600,2300)(5400,5750)(5608,7103)(5400,8450)(7300,10950)(7850,10950)(6650,10800)(4700,5750)(5610,10053)(4492,10052)(4700,11650)(3600,10800)(5400,11650)(4700,8450)(4493,7102)(3600,6950)(3600,2300)
salesman-5:(3600,2300)(200,800)(200,12200)(3100,10950)(3100,7250)(3100,3300)(200,1100)(5400,1600)(10150,1600)(14900,1600)(19800,800)(16150,2300)(6650,2300)(8350,2300)(11400,2300)(13100,2300)(3600,2300)

Initial minimum distance: 383699.03847931453
Global minimum distance: 283685.4241856076
Running time: 63.489737033843994s
Route:
salesman-1:(3600,2300)(12600,3300)(12050,3300)(7300,3300)(7850,3300)(14200,5750)(16150,6950)(16800,7250)(15108,7103)(19800,10000)(13100,6950)(10150,5750)(14900,8450)(13993,7102)(14900,5750)(16800,3300)(3600,2300)
salesman-2:(3600,2300)(14200,11650)(16800,10950)(19800,11900)(19800,12200)(15110,10053)(16150,10800)(14900,11650)(13992,10052)(14200,8450)(12600,7250)(9243,7102)(11400,6950)(10358,7103)(12050,7250)(9450,5750)(3600,2300)
salesman-3:(3600,2300)(7300,7250)(7850,7250)(10150,11650)(13100,10800)(12600,10950)(11400,10800)(8350,10800)(10150,8450)(9450,8450)(10360,10053)(9242,10052)(9450,11650)(6650,6950)(8350,6950)(12050,10950)(3600,2300)
salesman-4:(3600,2300)(5400,5750)(7850,10950)(7300,10950)(6650,10800)(5608,7103)(4700,5750)(5400,8450)(5610,10053)(5400,11650)(4700,11650)(3600,10800)(4492,10052)(3600,6950)(4493,7102)(4700,8450)(3600,2300)
salesman-5:(3600,2300)(3100,10950)(3100,7250)(200,12200)(3100,3300)(200,1100)(200,800)(5400,1600)(10150,1600)(13100,2300)(11400,2300)(14900,1600)(19800,800)(16150,2300)(6650,2300)(8350,2300)(3600,2300)

Initial minimum distance: 372727.5697233565
Global minimum distance: 287227.9415502761
Running time: 63.60819911956787s
Route:
salesman-1:(3600,2300)(7300,3300)(16800,3300)(14900,5750)(12600,3300)(14200,5750)(16800,7250)(13993,7102)(13100,6950)(10150,5750)(12050,3300)(15108,7103)(19800,10000)(16150,6950)(14900,8450)(14200,8450)(12600,7250)(7850,3300)(3600,2300)
salesman-2:(3600,2300)(9243,7102)(9450,5750)(11400,6950)(12050,7250)(16150,10800)(14900,11650)(14200,11650)(16800,10950)(19800,12200)(19800,11900)(13992,10052)(15110,10053)(10358,7103)(3600,2300)
salesman-3:(3600,2300)(12600,10950)(13100,10800)(10150,11650)(10360,10053)(8350,10800)(9450,8450)(9242,10052)(10150,8450)(6650,6950)(7850,7250)(11400,10800)(12050,10950)(9450,11650)(7300,7250)(8350,6950)(3600,2300)
salesman-4:(3600,2300)(5400,5750)(4493,7102)(4492,10052)(6650,10800)(7300,10950)(5400,11650)(3600,10800)(5610,10053)(4700,11650)(7850,10950)(3600,6950)(5400,8450)(5608,7103)(4700,5750)(4700,8450)(3600,2300)
salesman-5:(3600,2300)(3100,10950)(3100,7250)(200,12200)(3100,3300)(200,1100)(200,800)(5400,1600)(10150,1600)(19800,800)(14900,1600)(13100,2300)(16150,2300)(8350,2300)(11400,2300)(6650,2300)(3600,2300)

Initial minimum distance: 383699.03847931453
Global minimum distance: 300091.28376697766
Running time: 64.63922595977783s
Route:
salesman-1:(3600,2300)(7300,3300)(7850,3300)(10150,5750)(19800,10000)(16800,7250)(15108,7103)(13100,6950)(16800,3300)(16150,6950)(14900,8450)(13993,7102)(14900,5750)(14200,5750)(12600,3300)(12050,3300)(3600,2300)
salesman-2:(3600,2300)(13992,10052)(14900,11650)(16800,10950)(15110,10053)(9243,7102)(10358,7103)(11400,6950)(14200,8450)(14200,11650)(12050,7250)(16150,10800)(19800,11900)(19800,12200)(12600,7250)(9450,5750)(3600,2300)
salesman-3:(3600,2300)(7850,7250)(6650,6950)(9450,11650)(10150,8450)(12050,10950)(9242,10052)(12600,10950)(10150,11650)(11400,10800)(10360,10053)(13100,10800)(8350,6950)(7300,7250)(8350,10800)(9450,8450)(3600,2300)
salesman-4:(3600,2300)(4700,8450)(5400,5750)(4700,5750)(5608,7103)(4492,10052)(3600,10800)(7850,10950)(5400,11650)(4700,11650)(6650,10800)(7300,10950)(5400,8450)(3600,6950)(5610,10053)(4493,7102)(3600,2300)
salesman-5:(3600,2300)(3100,10950)(3100,7250)(200,12200)(3100,3300)(200,1100)(200,800)(5400,1600)(8350,2300)(6650,2300)(10150,1600)(19800,800)(14900,1600)(11400,2300)(16150,2300)(13100,2300)(3600,2300)

Initial minimum distance: 383699.03847931453
Global minimum distance: 290974.34952062444
Running time: 65.05958104133606s
Route:
salesman-1:(3600,2300)(12600,3300)(16800,3300)(12050,3300)(7850,3300)(7300,3300)(14900,5750)(14200,5750)(16150,6950)(16800,7250)(15108,7103)(13993,7102)(19800,10000)(13100,6950)(10150,5750)(14900,8450)(3600,2300)
salesman-2:(3600,2300)(11400,6950)(16150,10800)(14900,11650)(14200,11650)(13992,10052)(12050,7250)(14200,8450)(19800,11900)(19800,12200)(16800,10950)(15110,10053)(10358,7103)(9243,7102)(12600,7250)(9450,5750)(3600,2300)
salesman-3:(3600,2300)(6650,6950)(9450,11650)(9242,10052)(8350,10800)(8350,6950)(10150,8450)(10150,11650)(7300,7250)(11400,10800)(13100,10800)(12600,10950)(12050,10950)(10360,10053)(9450,8450)(7850,7250)(3600,2300)
salesman-4:(3600,2300)(5608,7103)(7300,10950)(4700,8450)(3600,10800)(4700,11650)(7850,10950)(6650,10800)(5400,5750)(4700,5750)(5400,8450)(4492,10052)(5400,11650)(5610,10053)(4493,7102)(3600,6950)(3600,2300)
salesman-5:(3600,2300)(3100,7250)(3100,10950)(200,12200)(3100,3300)(200,1100)(200,800)(5400,1600)(6650,2300)(10150,1600)(11400,2300)(8350,2300)(13100,2300)(14900,1600)(19800,800)(16150,2300)(3600,2300)

Initial minimum distance: 383699.03847931453
Global minimum distance: 264784.55215615884
Running time: 65.4650068283081s
Route:
salesman-1:(3600,2300)(7300,3300)(7850,3300)(14900,5750)(16800,3300)(14200,5750)(16150,6950)(16800,7250)(15108,7103)(14900,8450)(19800,10000)(13993,7102)(13100,6950)(12600,3300)(3600,2300)
salesman-2:(3600,2300)(11400,6950)(9243,7102)(10358,7103)(12600,7250)(15110,10053)(13992,10052)(14200,8450)(14900,11650)(16150,10800)(14200,11650)(19800,12200)(19800,11900)(16800,10950)(12050,7250)(9450,5750)(3600,2300)
salesman-3:(3600,2300)(7300,7250)(8350,6950)(7850,7250)(6650,6950)(8350,10800)(12600,10950)(13100,10800)(10150,8450)(9450,11650)(10150,11650)(11400,10800)(10360,10053)(12050,10950)(9242,10052)(9450,8450)(10150,5750)(12050,3300)(3600,2300)
salesman-4:(3600,2300)(5400,8450)(5610,10053)(4700,11650)(3600,10800)(5400,11650)(6650,10800)(7850,10950)(7300,10950)(5608,7103)(5400,5750)(4700,5750)(4493,7102)(4700,8450)(4492,10052)(3600,6950)(3600,2300)
salesman-5:(3600,2300)(3100,10950)(3100,7250)(200,12200)(3100,3300)(200,1100)(200,800)(5400,1600)(10150,1600)(13100,2300)(19800,800)(16150,2300)(14900,1600)(6650,2300)(11400,2300)(8350,2300)(3600,2300)

Initial minimum distance: 374508.6755656299
Global minimum distance: 294649.8498654008
Running time: 66.43139743804932s
Route:
salesman-1:(3600,2300)(16800,3300)(12600,3300)(12050,3300)(7850,3300)(7300,3300)(14900,5750)(14200,5750)(16150,6950)(16800,7250)(15108,7103)(13993,7102)(19800,10000)(13100,6950)(10150,5750)(14900,8450)(3600,2300)
salesman-2:(3600,2300)(12600,7250)(14200,8450)(19800,11900)(19800,12200)(16800,10950)(15110,10053)(16150,10800)(14900,11650)(14200,11650)(11400,6950)(12050,7250)(13992,10052)(10358,7103)(9243,7102)(3600,2300)
salesman-3:(3600,2300)(8350,10800)(7850,7250)(9450,11650)(10150,11650)(12600,10950)(12050,10950)(13100,10800)(9450,5750)(6650,6950)(7300,7250)(9450,8450)(11400,10800)(10360,10053)(9242,10052)(10150,8450)(8350,6950)(3600,2300)
salesman-4:(3600,2300)(5400,8450)(3600,6950)(5608,7103)(7300,10950)(4492,10052)(5610,10053)(7850,10950)(6650,10800)(5400,11650)(3600,10800)(4493,7102)(5400,5750)(4700,8450)(4700,11650)(4700,5750)(3600,2300)
salesman-5:(3600,2300)(200,800)(200,1100)(200,12200)(3100,10950)(3100,7250)(3100,3300)(5400,1600)(10150,1600)(19800,800)(13100,2300)(11400,2300)(14900,1600)(16150,2300)(6650,2300)(8350,2300)(3600,2300)

Initial minimum distance: 383699.03847931453
Global minimum distance: 302537.079644172
Running time: 66.7738721370697s
Route:
salesman-1:(3600,2300)(7850,3300)(12050,3300)(13993,7102)(14900,5750)(15108,7103)(16800,3300)(12600,3300)(16150,6950)(16800,7250)(19800,10000)(14900,8450)(14200,5750)(13100,6950)(10150,5750)(7300,3300)(3600,2300)
salesman-2:(3600,2300)(14200,11650)(14900,11650)(13992,10052)(14200,8450)(16150,10800)(19800,12200)(19800,11900)(16800,10950)(15110,10053)(12050,7250)(10358,7103)(11400,6950)(3600,2300)
salesman-3:(3600,2300)(7850,7250)(9450,8450)(10150,11650)(12050,10950)(8350,10800)(9242,10052)(10360,10053)(13100,10800)(11400,10800)(6650,6950)(7300,7250)(10150,8450)(9450,11650)(12600,10950)(8350,6950)(12600,7250)(9243,7102)(9450,5750)(3600,2300)
salesman-4:(3600,2300)(3600,6950)(5608,7103)(6650,10800)(4493,7102)(4700,5750)(5400,5750)(4700,8450)(4700,11650)(5610,10053)(7300,10950)(7850,10950)(5400,8450)(3600,10800)(5400,11650)(4492,10052)(3600,2300)
salesman-5:(3600,2300)(3100,3300)(200,800)(11400,2300)(14900,1600)(8350,2300)(200,1100)(200,12200)(3100,7250)(3100,10950)(16150,2300)(19800,800)(13100,2300)(10150,1600)(5400,1600)(6650,2300)(3600,2300)

Initial minimum distance: 383699.03847931453
Global minimum distance: 304600.67848823965
Running time: 66.72233963012695s
Route:
salesman-1:(3600,2300)(7300,3300)(16800,3300)(14900,8450)(15108,7103)(16150,6950)(12050,3300)(13100,6950)(12600,3300)(3600,2300)
salesman-2:(3600,2300)(9243,7102)(10358,7103)(15110,10053)(14900,11650)(16800,10950)(14200,11650)(12050,7250)(13992,10052)(19800,12200)(19800,11900)(16150,10800)(14200,8450)(11400,6950)(12600,7250)(9450,5750)(3600,2300)
salesman-3:(3600,2300)(7850,3300)(14900,5750)(14200,5750)(16800,7250)(19800,10000)(13993,7102)(10150,5750)(10150,8450)(11400,10800)(12600,10950)(13100,10800)(8350,10800)(10150,11650)(6650,6950)(7850,7250)(7300,7250)(8350,6950)(10360,10053)(9450,8450)(12050,10950)(9450,11650)(9242,10052)(3600,2300)
salesman-4:(3600,2300)(5400,5750)(7300,10950)(5400,11650)(4492,10052)(4700,11650)(6650,10800)(7850,10950)(5610,10053)(4700,5750)(5608,7103)(4493,7102)(5400,8450)(4700,8450)(3600,6950)(3600,10800)(3600,2300)
salesman-5:(3600,2300)(3100,10950)(3100,7250)(200,12200)(3100,3300)(200,1100)(10150,1600)(5400,1600)(11400,2300)(13100,2300)(19800,800)(16150,2300)(14900,1600)(8350,2300)(6650,2300)(200,800)(3600,2300)

Initial minimum distance: 383699.03847931453
Global minimum distance: 308490.6174518744
Running time: 66.741868019104s
Route:
salesman-1:(3600,2300)(14200,5750)(16800,7250)(14900,8450)(13100,6950)(13993,7102)(12050,3300)(10150,5750)(14900,5750)(15108,7103)(16150,6950)(19800,10000)(16800,3300)(12600,3300)(7850,3300)(7300,3300)(3600,2300)
salesman-2:(3600,2300)(11400,6950)(14200,11650)(10358,7103)(9243,7102)(9450,5750)(19800,12200)(19800,11900)(16800,10950)(13992,10052)(14200,8450)(15110,10053)(14900,11650)(16150,10800)(12050,7250)(12600,7250)(3600,2300)
salesman-3:(3600,2300)(10360,10053)(13100,10800)(9242,10052)(10150,8450)(7300,7250)(9450,8450)(12600,10950)(11400,10800)(7850,7250)(8350,6950)(9450,11650)(10150,11650)(12050,10950)(8350,10800)(6650,6950)(3600,2300)
salesman-4:(3600,2300)(5400,5750)(4700,5750)(5400,11650)(4700,11650)(7300,10950)(6650,10800)(5610,10053)(4492,10052)(7850,10950)(5608,7103)(5400,8450)(4493,7102)(3600,6950)(4700,8450)(3600,10800)(3600,2300)
salesman-5:(3600,2300)(3100,10950)(3100,7250)(200,12200)(3100,3300)(200,1100)(200,800)(5400,1600)(10150,1600)(19800,800)(14900,1600)(6650,2300)(8350,2300)(11400,2300)(13100,2300)(16150,2300)(3600,2300)

Initial minimum distance: 383699.03847931453
Global minimum distance: 276435.85230001906
Running time: 69.06884217262268s
Route:
salesman-1:(3600,2300)(7300,3300)(7850,3300)(16150,6950)(14200,8450)(19800,10000)(16800,7250)(15108,7103)(13100,6950)(14900,5750)(14200,5750)(13993,7102)(14900,8450)(16800,3300)(12050,3300)(12600,3300)(10150,5750)(3600,2300)
salesman-2:(3600,2300)(9450,5750)(9243,7102)(12050,7250)(11400,6950)(14900,11650)(13992,10052)(16800,10950)(16150,10800)(14200,11650)(19800,12200)(19800,11900)(15110,10053)(12600,7250)(10358,7103)(3600,2300)
salesman-3:(3600,2300)(6650,6950)(10150,11650)(12050,10950)(13100,10800)(12600,10950)(10360,10053)(11400,10800)(9450,8450)(9242,10052)(9450,11650)(8350,10800)(7850,7250)(10150,8450)(8350,6950)(7300,7250)(3600,2300)
salesman-4:(3600,2300)(5400,8450)(3600,6950)(4493,7102)(4700,5750)(5610,10053)(3600,10800)(4700,11650)(5608,7103)(5400,5750)(7850,10950)(7300,10950)(6650,10800)(5400,11650)(4700,8450)(4492,10052)(3600,2300)
salesman-5:(3600,2300)(3100,10950)(3100,7250)(200,12200)(3100,3300)(200,1100)(200,800)(5400,1600)(10150,1600)(19800,800)(16150,2300)(14900,1600)(6650,2300)(8350,2300)(11400,2300)(13100,2300)(3600,2300)

Initial minimum distance: 383699.03847931453
Global minimum distance: 271709.2073560397
Running time: 69.20254588127136s
Route:
salesman-1:(3600,2300)(7300,3300)(7850,3300)(12050,3300)(12600,3300)(16800,3300)(14900,5750)(14200,5750)(16150,6950)(16800,7250)(15108,7103)(13993,7102)(19800,10000)(13100,6950)(10150,5750)(14900,8450)(3600,2300)
salesman-2:(3600,2300)(11400,6950)(12050,7250)(14200,11650)(15110,10053)(16150,10800)(16800,10950)(19800,11900)(19800,12200)(14900,11650)(9243,7102)(13992,10052)(14200,8450)(12600,7250)(10358,7103)(9450,5750)(3600,2300)
salesman-3:(3600,2300)(9242,10052)(7850,7250)(10150,8450)(9450,8450)(7300,7250)(10150,11650)(9450,11650)(8350,10800)(11400,10800)(13100,10800)(12600,10950)(12050,10950)(10360,10053)(8350,6950)(6650,6950)(3600,2300)
salesman-4:(3600,2300)(4700,5750)(3600,6950)(4493,7102)(5400,8450)(7300,10950)(6650,10800)(7850,10950)(4700,11650)(4700,8450)(4492,10052)(5400,5750)(5608,7103)(5610,10053)(5400,11650)(3600,10800)(3600,2300)
salesman-5:(3600,2300)(3100,10950)(3100,7250)(200,12200)(200,1100)(200,800)(11400,2300)(10150,1600)(19800,800)(16150,2300)(14900,1600)(13100,2300)(8350,2300)(5400,1600)(6650,2300)(3100,3300)(3600,2300)

Initial minimum distance: 383699.03847931453
Global minimum distance: 300880.43798814225
Running time: 69.899906873703s
Route:
salesman-1:(3600,2300)(16800,3300)(12600,3300)(10150,1600)(19800,800)(14900,5750)(16150,6950)(16800,7250)(15108,7103)(19800,10000)(13100,6950)(10150,5750)(13993,7102)(14900,8450)(14200,5750)(12050,3300)(3600,2300)
salesman-2:(3600,2300)(10358,7103)(9450,5750)(12050,7250)(19800,11900)(16150,10800)(19800,12200)(16800,10950)(15110,10053)(13992,10052)(12600,7250)(9243,7102)(14200,11650)(14900,11650)(14200,8450)(11400,6950)(3600,2300)
salesman-3:(3600,2300)(6650,6950)(10360,10053)(10150,11650)(13100,10800)(9450,8450)(7850,7250)(7300,7250)(8350,6950)(9242,10052)(10150,8450)(8350,10800)(12600,10950)(11400,10800)(12050,10950)(9450,11650)(3600,2300)
salesman-4:(3600,2300)(5608,7103)(4492,10052)(4700,11650)(5610,10053)(5400,11650)(3600,10800)(6650,10800)(5400,8450)(4700,8450)(7300,10950)(7850,10950)(5400,5750)(4700,5750)(4493,7102)(3600,6950)(3600,2300)
salesman-5:(3600,2300)(3100,3300)(200,12200)(3100,10950)(3100,7250)(200,1100)(200,800)(5400,1600)(7850,3300)(16150,2300)(14900,1600)(6650,2300)(7300,3300)(8350,2300)(11400,2300)(13100,2300)(3600,2300)

