Initial minimum distance: 1382.748497251631
Global minimum distance: 885.8113735693213
Running time: 49.586111545562744s
[8, 16, 9, 7, 15]
Final Route: |(37,52)|(17,63)|(5,64)|(16,57)|(7,38)|(12,42)|(20,26)|(17,33)|
(37,52)|(56,37)|(31,32)|(25,32)|(21,10)|(30,15)|(32,22)|(27,23)|(10,17)|(5,25)|(5,6)|(13,13)|(39,10)|(36,16)|(48,28)|(45,35)|
(37,52)|(40,30)|(58,27)|(51,21)|(59,15)|(52,41)|(46,10)|(61,33)|(58,48)|
(37,52)|(49,49)|(42,41)|(38,46)|(31,62)|(8,52)|(30,48)|
(37,52)|(21,47)|(25,55)|(43,67)|(63,69)|(62,63)|(37,69)|(27,68)|(57,58)|(52,64)|(42,57)|(62,42)|(52,33)|(30,40)|(32,39)|

Initial minimum distance: 1501.703747348064
Global minimum distance: 842.8874316771935
Running time: 49.76068139076233s
[14, 12, 10, 10, 9]
Final Route: |(37,52)|(48,28)|(59,15)|(56,37)|(57,58)|(63,69)|(52,64)|(62,63)|(37,69)|(43,67)|(27,68)|(5,64)|(8,52)|(25,55)|
(37,52)|(30,40)|(32,39)|(25,32)|(61,33)|(58,48)|(62,42)|(52,41)|(58,27)|(52,33)|(45,35)|(49,49)|
(37,52)|(42,41)|(36,16)|(46,10)|(51,21)|(40,30)|(21,10)|(30,15)|(32,22)|(31,32)|
(37,52)|(39,10)|(17,33)|(5,25)|(13,13)|(10,17)|(5,6)|(20,26)|(27,23)|(30,48)|
(37,52)|(31,62)|(42,57)|(38,46)|(21,47)|(12,42)|(7,38)|(16,57)|(17,63)|

Initial minimum distance: 1494.3249855817612
Global minimum distance: 849.5409707659164
Running time: 50.14372420310974s
[9, 14, 15, 6, 11]
Final Route: |(37,52)|(17,33)|(5,25)|(13,13)|(5,6)|(10,17)|(30,15)|(36,16)|(40,30)|
(37,52)|(21,47)|(17,63)|(5,64)|(16,57)|(8,52)|(31,32)|(57,58)|(49,49)|(62,42)|(58,48)|(52,41)|(58,27)|(61,33)|
(37,52)|(59,15)|(48,28)|(56,37)|(52,33)|(51,21)|(46,10)|(39,10)|(32,22)|(12,42)|(7,38)|(20,26)|(21,10)|(27,23)|(25,32)|
(37,52)|(32,39)|(38,46)|(30,48)|(25,55)|(42,41)|
(37,52)|(45,35)|(30,40)|(37,69)|(31,62)|(27,68)|(42,57)|(43,67)|(52,64)|(63,69)|(62,63)|

Initial minimum distance: 1348.6899366541693
Global minimum distance: 869.1392828641569
Running time: 50.45584058761597s
[12, 10, 10, 10, 13]
Final Route: |(37,52)|(42,41)|(25,32)|(27,23)|(32,22)|(30,15)|(36,16)|(46,10)|(39,10)|(31,32)|(40,30)|(45,35)|
(37,52)|(5,25)|(20,26)|(30,48)|(30,40)|(25,55)|(31,62)|(37,69)|(48,28)|(49,49)|
(37,52)|(16,57)|(27,68)|(17,63)|(12,42)|(17,33)|(8,52)|(5,64)|(7,38)|(21,47)|
(37,52)|(32,39)|(13,13)|(21,10)|(10,17)|(5,6)|(59,15)|(51,21)|(38,46)|(43,67)|
(37,52)|(42,57)|(52,41)|(58,48)|(57,58)|(52,64)|(62,63)|(63,69)|(62,42)|(61,33)|(58,27)|(52,33)|(56,37)|

Initial minimum distance: 1503.2159958505706
Global minimum distance: 812.0982153444721
Running time: 50.479830503463745s
[7, 11, 11, 11, 15]
Final Route: |(37,52)|(42,57)|(43,67)|(58,48)|(62,42)|(61,33)|(56,37)|
(37,52)|(52,64)|(63,69)|(62,63)|(57,58)|(49,49)|(52,41)|(51,21)|(46,10)|(39,10)|(59,15)|
(37,52)|(58,27)|(48,28)|(45,35)|(52,33)|(40,30)|(36,16)|(27,23)|(32,22)|(21,10)|(30,15)|
(37,52)|(17,63)|(5,64)|(16,57)|(27,68)|(25,55)|(30,48)|(31,32)|(38,46)|(37,69)|(31,62)|
(37,52)|(32,39)|(30,40)|(42,41)|(13,13)|(5,6)|(20,26)|(5,25)|(10,17)|(12,42)|(8,52)|(7,38)|(17,33)|(25,32)|(21,47)|

Initial minimum distance: 1450.4699866617668
Global minimum distance: 842.9741921098102
Running time: 50.712708950042725s
[15, 14, 11, 7, 8]
Final Route: |(37,52)|(40,30)|(46,10)|(39,10)|(36,16)|(13,13)|(27,23)|(5,25)|(12,42)|(7,38)|(17,33)|(20,26)|(8,52)|(17,63)|(5,64)|
(37,52)|(10,17)|(5,6)|(21,10)|(25,32)|(31,32)|(30,40)|(32,22)|(30,15)|(58,48)|(37,69)|(42,57)|(42,41)|(38,46)|
(37,52)|(32,39)|(48,28)|(59,15)|(51,21)|(61,33)|(58,27)|(62,42)|(56,37)|(52,33)|(45,35)|
(37,52)|(52,41)|(49,49)|(57,58)|(52,64)|(62,63)|(63,69)|
(37,52)|(30,48)|(21,47)|(27,68)|(16,57)|(25,55)|(43,67)|(31,62)|

Initial minimum distance: 1482.0013293113066
Global minimum distance: 827.9544363957006
Running time: 50.875385761260986s
[9, 7, 16, 9, 14]
Final Route: |(37,52)|(56,37)|(59,15)|(51,21)|(36,16)|(30,15)|(21,10)|(5,6)|(25,55)|
(37,52)|(16,57)|(5,64)|(42,57)|(52,64)|(61,33)|(48,28)|
(37,52)|(46,10)|(39,10)|(40,30)|(32,39)|(31,32)|(32,22)|(27,23)|(13,13)|(10,17)|(5,25)|(17,33)|(21,47)|(20,26)|(25,32)|(45,35)|
(37,52)|(30,48)|(30,40)|(12,42)|(7,38)|(8,52)|(17,63)|(27,68)|(38,46)|
(37,52)|(42,41)|(52,33)|(58,27)|(52,41)|(58,48)|(62,42)|(49,49)|(57,58)|(63,69)|(62,63)|(43,67)|(37,69)|(31,62)|

Initial minimum distance: 1457.9731943354263
Global minimum distance: 871.2034872462285
Running time: 51.01179623603821s
[15, 9, 9, 6, 16]
Final Route: |(37,52)|(21,47)|(13,13)|(21,10)|(5,64)|(16,57)|(32,39)|(40,30)|(32,22)|(30,48)|(30,40)|(25,32)|(45,35)|(42,41)|(38,46)|
(37,52)|(25,55)|(42,57)|(49,49)|(62,42)|(58,27)|(56,37)|(58,48)|(57,58)|
(37,52)|(61,33)|(52,33)|(48,28)|(52,41)|(63,69)|(62,63)|(52,64)|(43,67)|
(37,52)|(51,21)|(17,33)|(20,26)|(27,23)|(31,32)|
(37,52)|(59,15)|(46,10)|(39,10)|(36,16)|(30,15)|(5,6)|(10,17)|(5,25)|(12,42)|(7,38)|(8,52)|(31,62)|(17,63)|(27,68)|(37,69)|

Initial minimum distance: 1548.620895172628
Global minimum distance: 864.2462198639726
Running time: 51.14511752128601s
[6, 12, 12, 11, 14]
Final Route: |(37,52)|(40,30)|(46,10)|(59,15)|(48,28)|(56,37)|
(37,52)|(30,48)|(32,39)|(25,55)|(31,62)|(57,58)|(58,48)|(52,33)|(58,27)|(61,33)|(49,49)|(42,57)|
(37,52)|(42,41)|(51,21)|(45,35)|(31,32)|(25,32)|(38,46)|(62,42)|(52,41)|(12,42)|(16,57)|(8,52)|
(37,52)|(37,69)|(43,67)|(52,64)|(62,63)|(63,69)|(27,68)|(17,63)|(5,64)|(20,26)|(21,47)|
(37,52)|(30,40)|(36,16)|(32,22)|(30,15)|(39,10)|(21,10)|(10,17)|(5,6)|(13,13)|(5,25)|(7,38)|(17,33)|(27,23)|

Initial minimum distance: 1572.807498533347
Global minimum distance: 858.6089204847189
Running time: 51.20995306968689s
[14, 11, 12, 11, 7]
Final Route: |(37,52)|(42,57)|(57,58)|(62,63)|(63,69)|(52,64)|(43,67)|(37,69)|(56,37)|(61,33)|(52,33)|(48,28)|(45,35)|(32,39)|
(37,52)|(49,49)|(21,47)|(42,41)|(62,42)|(58,48)|(52,41)|(40,30)|(30,40)|(5,64)|(27,68)|
(37,52)|(38,46)|(30,48)|(10,17)|(13,13)|(5,6)|(21,10)|(32,22)|(51,21)|(58,27)|(30,15)|(27,23)|
(37,52)|(17,33)|(7,38)|(12,42)|(5,25)|(20,26)|(59,15)|(46,10)|(39,10)|(36,16)|(31,32)|
(37,52)|(25,32)|(8,52)|(16,57)|(25,55)|(31,62)|(17,63)|

Initial minimum distance: 1532.9637251637832
Global minimum distance: 824.1045329151959
Running time: 51.41337752342224s
[8, 16, 16, 7, 8]
Final Route: |(37,52)|(17,63)|(25,55)|(5,64)|(16,57)|(8,52)|(45,35)|(40,30)|
(37,52)|(32,39)|(31,32)|(17,33)|(20,26)|(27,23)|(30,40)|(48,28)|(61,33)|(58,48)|(52,41)|(46,10)|(30,15)|(36,16)|(32,22)|(25,32)|
(37,52)|(12,42)|(7,38)|(56,37)|(62,42)|(58,27)|(52,33)|(51,21)|(59,15)|(39,10)|(21,10)|(5,6)|(13,13)|(5,25)|(10,17)|(21,47)|
(37,52)|(30,48)|(42,41)|(49,49)|(37,69)|(27,68)|(31,62)|
(37,52)|(43,67)|(57,58)|(63,69)|(62,63)|(52,64)|(42,57)|(38,46)|

Initial minimum distance: 1559.020318396492
Global minimum distance: 841.5079641595803
Running time: 51.48135495185852s
[16, 14, 9, 7, 9]
Final Route: |(37,52)|(32,22)|(30,15)|(5,6)|(51,21)|(36,16)|(39,10)|(46,10)|(59,15)|(58,27)|(56,37)|(61,33)|(52,33)|(48,28)|(42,41)|(31,32)|
(37,52)|(45,35)|(40,30)|(27,23)|(7,38)|(17,33)|(20,26)|(13,13)|(10,17)|(21,10)|(5,25)|(37,69)|(27,68)|(16,57)|
(37,52)|(31,62)|(25,55)|(17,63)|(5,64)|(8,52)|(12,42)|(25,32)|(21,47)|
(37,52)|(30,40)|(43,67)|(52,41)|(62,42)|(49,49)|(58,48)|
(37,52)|(42,57)|(63,69)|(62,63)|(52,64)|(57,58)|(30,48)|(32,39)|(38,46)|

Initial minimum distance: 1550.667956932228
Global minimum distance: 883.5612081830981
Running time: 51.78765416145325s
[17, 13, 8, 10, 7]
Final Route: |(37,52)|(25,32)|(7,38)|(5,25)|(5,6)|(10,17)|(21,10)|(30,15)|(39,10)|(46,10)|(36,16)|(31,32)|(42,41)|(45,35)|(38,46)|(52,33)|(21,47)|
(37,52)|(40,30)|(61,33)|(58,27)|(52,41)|(58,48)|(59,15)|(51,21)|(48,28)|(32,22)|(27,23)|(13,13)|(30,40)|
(37,52)|(56,37)|(32,39)|(20,26)|(17,33)|(27,68)|(25,55)|(30,48)|
(37,52)|(62,42)|(43,67)|(63,69)|(37,69)|(52,64)|(57,58)|(62,63)|(49,49)|(42,57)|
(37,52)|(12,42)|(16,57)|(8,52)|(5,64)|(17,63)|(31,62)|

Initial minimum distance: 1470.171063612082
Global minimum distance: 861.0058196149494
Running time: 51.818854331970215s
[13, 17, 9, 5, 11]
Final Route: |(37,52)|(30,40)|(58,27)|(51,21)|(40,30)|(48,28)|(32,22)|(36,16)|(39,10)|(46,10)|(59,15)|(30,15)|(27,23)|
(37,52)|(5,6)|(10,17)|(13,13)|(25,32)|(7,38)|(20,26)|(21,10)|(17,33)|(5,25)|(5,64)|(16,57)|(30,48)|(62,63)|(63,69)|(43,67)|(49,49)|
(37,52)|(38,46)|(42,41)|(52,41)|(52,33)|(56,37)|(61,33)|(62,42)|(58,48)|
(37,52)|(57,58)|(52,64)|(45,35)|(32,39)|
(37,52)|(42,57)|(27,68)|(37,69)|(31,62)|(21,47)|(25,55)|(17,63)|(8,52)|(12,42)|(31,32)|

Initial minimum distance: 1465.9765233310388
Global minimum distance: 872.7933865718081
Running time: 52.044928312301636s
[12, 8, 14, 9, 12]
Final Route: |(37,52)|(52,33)|(48,28)|(58,27)|(51,21)|(31,32)|(25,32)|(46,10)|(30,15)|(10,17)|(5,25)|(32,39)|
(37,52)|(30,40)|(30,48)|(38,46)|(42,41)|(63,69)|(42,57)|(49,49)|
(37,52)|(59,15)|(45,35)|(40,30)|(36,16)|(32,22)|(39,10)|(20,26)|(5,6)|(13,13)|(27,23)|(21,10)|(7,38)|(17,33)|
(37,52)|(25,55)|(8,52)|(5,64)|(16,57)|(12,42)|(21,47)|(17,63)|(52,64)|
(37,52)|(52,41)|(61,33)|(62,42)|(56,37)|(58,48)|(57,58)|(62,63)|(43,67)|(37,69)|(27,68)|(31,62)|

Initial minimum distance: 1453.0413877807543
Global minimum distance: 886.017821715043
Running time: 52.070948123931885s
[10, 7, 10, 11, 17]
Final Route: |(37,52)|(21,47)|(12,42)|(30,40)|(25,32)|(32,39)|(39,10)|(27,23)|(10,17)|(20,26)|
(37,52)|(49,49)|(58,48)|(62,42)|(61,33)|(45,35)|(32,22)|
(37,52)|(5,6)|(13,13)|(21,10)|(36,16)|(30,15)|(17,33)|(5,25)|(7,38)|(38,46)|
(37,52)|(58,27)|(59,15)|(46,10)|(52,41)|(42,57)|(8,52)|(17,63)|(5,64)|(16,57)|(30,48)|
(37,52)|(25,55)|(27,68)|(37,69)|(43,67)|(31,62)|(42,41)|(48,28)|(51,21)|(31,32)|(40,30)|(52,33)|(56,37)|(57,58)|(62,63)|(63,69)|(52,64)|

Initial minimum distance: 1520.4367694181983
Global minimum distance: 873.0695527875424
Running time: 52.66143321990967s
[12, 8, 10, 10, 15]
Final Route: |(37,52)|(52,64)|(21,47)|(39,10)|(30,15)|(36,16)|(21,10)|(5,6)|(13,13)|(20,26)|(27,23)|(45,35)|
(37,52)|(32,39)|(31,32)|(30,40)|(38,46)|(42,41)|(52,33)|(59,15)|
(37,52)|(48,28)|(51,21)|(58,27)|(61,33)|(62,42)|(52,41)|(57,58)|(63,69)|(62,63)|
(37,52)|(31,62)|(42,57)|(49,49)|(58,48)|(56,37)|(43,67)|(27,68)|(37,69)|(25,55)|
(37,52)|(32,22)|(40,30)|(46,10)|(17,33)|(12,42)|(16,57)|(17,63)|(5,64)|(8,52)|(10,17)|(5,25)|(7,38)|(25,32)|(30,48)|

Initial minimum distance: 1548.7594434020582
Global minimum distance: 848.5450572840859
Running time: 53.519047260284424s
[14, 10, 14, 9, 8]
Final Route: |(37,52)|(5,25)|(10,17)|(13,13)|(21,10)|(5,6)|(32,22)|(39,10)|(36,16)|(30,15)|(46,10)|(59,15)|(48,28)|(51,21)|
(37,52)|(42,41)|(49,49)|(25,32)|(20,26)|(27,23)|(32,39)|(30,40)|(30,48)|(58,48)|
(37,52)|(17,33)|(31,32)|(52,33)|(58,27)|(61,33)|(56,37)|(62,42)|(52,41)|(62,63)|(63,69)|(57,58)|(42,57)|(38,46)|
(37,52)|(12,42)|(8,52)|(25,55)|(31,62)|(37,69)|(43,67)|(52,64)|(27,68)|
(37,52)|(17,63)|(7,38)|(21,47)|(5,64)|(16,57)|(40,30)|(45,35)|

Initial minimum distance: 1513.913846826881
Global minimum distance: 783.6527499742689
Running time: 54.67590665817261s
[4, 10, 12, 12, 17]
Final Route: |(37,52)|(61,33)|(58,48)|(49,49)|
(37,52)|(58,27)|(51,21)|(59,15)|(39,10)|(46,10)|(48,28)|(52,33)|(56,37)|(52,41)|
(37,52)|(42,41)|(38,46)|(62,42)|(52,64)|(62,63)|(63,69)|(57,58)|(42,57)|(43,67)|(37,69)|(31,62)|
(37,52)|(21,47)|(45,35)|(31,32)|(32,39)|(25,55)|(27,68)|(17,63)|(5,64)|(16,57)|(8,52)|(12,42)|
(37,52)|(30,40)|(40,30)|(32,22)|(27,23)|(30,15)|(5,25)|(7,38)|(25,32)|(21,10)|(5,6)|(10,17)|(13,13)|(17,33)|(20,26)|(36,16)|(30,48)|

Initial minimum distance: 1540.0386236149407
Global minimum distance: 921.66829055053
Running time: 54.80408835411072s
[10, 9, 18, 9, 9]
Final Route: |(37,52)|(52,41)|(45,35)|(40,30)|(36,16)|(39,10)|(30,15)|(21,10)|(13,13)|(20,26)|
(37,52)|(17,33)|(25,32)|(31,32)|(27,23)|(48,28)|(59,15)|(30,40)|(32,39)|
(37,52)|(30,48)|(42,41)|(52,33)|(52,64)|(62,63)|(57,58)|(58,48)|(62,42)|(56,37)|(46,10)|(51,21)|(58,27)|(61,33)|(49,49)|(31,62)|(43,67)|(37,69)|
(37,52)|(32,22)|(5,6)|(7,38)|(21,47)|(16,57)|(8,52)|(5,64)|(17,63)|
(37,52)|(63,69)|(12,42)|(10,17)|(5,25)|(38,46)|(27,68)|(25,55)|(42,57)|

Initial minimum distance: 1507.1540168883857
Global minimum distance: 842.7293849187727
Running time: 54.80934238433838s
[13, 10, 12, 11, 9]
Final Route: |(37,52)|(57,58)|(31,62)|(25,55)|(27,68)|(17,63)|(16,57)|(5,64)|(8,52)|(12,42)|(10,17)|(7,38)|(38,46)|
(37,52)|(62,42)|(61,33)|(56,37)|(45,35)|(42,41)|(30,40)|(25,32)|(20,26)|(27,23)|
(37,52)|(59,15)|(51,21)|(58,27)|(46,10)|(30,15)|(21,10)|(39,10)|(13,13)|(5,6)|(5,25)|(17,33)|
(37,52)|(52,33)|(48,28)|(52,41)|(58,48)|(63,69)|(52,64)|(62,63)|(37,69)|(43,67)|(49,49)|
(37,52)|(42,57)|(30,48)|(32,39)|(40,30)|(31,32)|(32,22)|(36,16)|(21,47)|

Initial minimum distance: 1506.7392602411023
Global minimum distance: 854.1835037766156
Running time: 55.14943218231201s
[13, 13, 7, 8, 14]
Final Route: |(37,52)|(45,35)|(31,32)|(5,6)|(12,42)|(7,38)|(17,33)|(20,26)|(38,46)|(32,39)|(30,40)|(21,47)|(8,52)|
(37,52)|(39,10)|(36,16)|(21,10)|(13,13)|(5,25)|(10,17)|(30,15)|(27,23)|(32,22)|(46,10)|(51,21)|(56,37)|
(37,52)|(27,68)|(37,69)|(43,67)|(31,62)|(25,55)|(30,48)|
(37,52)|(42,57)|(52,33)|(42,41)|(25,32)|(16,57)|(5,64)|(17,63)|
(37,52)|(59,15)|(48,28)|(58,27)|(61,33)|(57,58)|(62,63)|(63,69)|(52,64)|(58,48)|(62,42)|(49,49)|(52,41)|(40,30)|

Initial minimum distance: 1512.358349175925
Global minimum distance: 861.2189388563802
Running time: 56.248127698898315s
[8, 9, 26, 5, 7]
Final Route: |(37,52)|(37,69)|(27,68)|(17,63)|(25,55)|(12,42)|(16,57)|(30,48)|
(37,52)|(25,32)|(17,33)|(5,25)|(7,38)|(8,52)|(5,64)|(38,46)|(42,57)|
(37,52)|(49,49)|(62,42)|(58,48)|(52,41)|(61,33)|(58,27)|(59,15)|(40,30)|(32,22)|(27,23)|(36,16)|(21,10)|(5,6)|(10,17)|(39,10)|(46,10)|(30,15)|(31,32)|(21,47)|(51,21)|(20,26)|(13,13)|(56,37)|(43,67)|(31,62)|
(37,52)|(45,35)|(48,28)|(52,33)|(42,41)|
(37,52)|(30,40)|(32,39)|(62,63)|(63,69)|(52,64)|(57,58)|

Initial minimum distance: 1525.6793059166512
Global minimum distance: 873.2438040705382
Running time: 56.32807397842407s
[7, 12, 17, 9, 10]
Final Route: |(37,52)|(49,49)|(42,57)|(25,55)|(52,41)|(56,37)|(62,42)|
(37,52)|(21,47)|(30,40)|(46,10)|(51,21)|(48,28)|(52,33)|(45,35)|(40,30)|(61,33)|(58,27)|(58,48)|
(37,52)|(57,58)|(43,67)|(37,69)|(63,69)|(62,63)|(52,64)|(42,41)|(7,38)|(12,42)|(5,64)|(8,52)|(16,57)|(17,63)|(27,68)|(31,62)|(30,48)|
(37,52)|(59,15)|(39,10)|(32,22)|(36,16)|(21,10)|(13,13)|(5,6)|(17,33)|
(37,52)|(10,17)|(5,25)|(20,26)|(25,32)|(32,39)|(27,23)|(31,32)|(30,15)|(38,46)|

Initial minimum distance: 1514.0758218447068
Global minimum distance: 796.5635191145009
Running time: 56.538508892059326s
[15, 7, 9, 9, 15]
Final Route: |(37,52)|(32,39)|(25,32)|(12,42)|(21,10)|(5,6)|(5,25)|(10,17)|(13,13)|(30,15)|(32,22)|(36,16)|(20,26)|(7,38)|(17,33)|
(37,52)|(42,41)|(49,49)|(52,64)|(62,63)|(63,69)|(58,48)|
(37,52)|(40,30)|(62,42)|(52,41)|(57,58)|(37,69)|(43,67)|(31,62)|(30,48)|
(37,52)|(21,47)|(30,40)|(25,55)|(5,64)|(8,52)|(16,57)|(17,63)|(27,68)|
(37,52)|(51,21)|(58,27)|(59,15)|(61,33)|(52,33)|(48,28)|(56,37)|(45,35)|(46,10)|(39,10)|(27,23)|(31,32)|(38,46)|(42,57)|

Initial minimum distance: 1488.062204617004
Global minimum distance: 876.6069295938646
Running time: 56.61387777328491s
[14, 10, 9, 8, 14]
Final Route: |(37,52)|(27,68)|(5,64)|(8,52)|(7,38)|(17,33)|(20,26)|(10,17)|(5,6)|(13,13)|(5,25)|(30,48)|(17,63)|(25,55)|
(37,52)|(30,40)|(31,32)|(27,23)|(30,15)|(46,10)|(25,32)|(21,47)|(40,30)|(52,33)|
(37,52)|(52,41)|(38,46)|(42,41)|(56,37)|(42,57)|(62,42)|(58,48)|(49,49)|
(37,52)|(62,63)|(57,58)|(52,64)|(63,69)|(43,67)|(37,69)|(31,62)|
(37,52)|(32,39)|(45,35)|(32,22)|(36,16)|(39,10)|(61,33)|(48,28)|(58,27)|(51,21)|(59,15)|(21,10)|(16,57)|(12,42)|

Initial minimum distance: 1477.8847454860756
Global minimum distance: 840.4951602622423
Running time: 57.71034097671509s
[7, 12, 18, 8, 10]
Final Route: |(37,52)|(43,67)|(63,69)|(62,63)|(62,42)|(52,64)|(57,58)|
(37,52)|(21,47)|(25,55)|(45,35)|(56,37)|(58,27)|(51,21)|(52,33)|(30,40)|(27,23)|(20,26)|(17,33)|
(37,52)|(49,49)|(52,41)|(48,28)|(31,32)|(25,32)|(30,48)|(32,39)|(38,46)|(42,41)|(58,48)|(61,33)|(59,15)|(46,10)|(36,16)|(39,10)|(30,15)|(21,10)|
(37,52)|(32,22)|(40,30)|(42,57)|(37,69)|(31,62)|(27,68)|(17,63)|
(37,52)|(16,57)|(8,52)|(5,64)|(12,42)|(7,38)|(5,25)|(10,17)|(5,6)|(13,13)|

Initial minimum distance: 1559.9812434161925
Global minimum distance: 848.4086618271012
Running time: 58.417625427246094s
[17, 8, 7, 12, 11]
Final Route: |(37,52)|(57,58)|(63,69)|(52,64)|(62,63)|(51,21)|(36,16)|(30,15)|(21,10)|(5,6)|(13,13)|(27,23)|(40,30)|(32,22)|(39,10)|(46,10)|(52,33)|
(37,52)|(59,15)|(62,42)|(52,41)|(61,33)|(58,27)|(56,37)|(49,49)|
(37,52)|(42,57)|(42,41)|(31,32)|(48,28)|(58,48)|(38,46)|
(37,52)|(31,62)|(43,67)|(37,69)|(27,68)|(5,64)|(25,55)|(21,47)|(16,57)|(17,63)|(32,39)|(30,40)|
(37,52)|(30,48)|(8,52)|(10,17)|(5,25)|(17,33)|(25,32)|(12,42)|(7,38)|(20,26)|(45,35)|

Initial minimum distance: 1493.1148060872374
Global minimum distance: 898.0060459194058
Running time: 58.713136196136475s
[8, 10, 6, 15, 16]
Final Route: |(37,52)|(12,42)|(17,33)|(21,10)|(46,10)|(30,15)|(36,16)|(7,38)|
(37,52)|(30,48)|(25,55)|(37,69)|(27,68)|(17,63)|(5,64)|(16,57)|(21,47)|(43,67)|
(37,52)|(48,28)|(56,37)|(45,35)|(40,30)|(32,39)|
(37,52)|(42,41)|(61,33)|(62,42)|(52,64)|(63,69)|(62,63)|(31,62)|(8,52)|(20,26)|(39,10)|(59,15)|(58,27)|(51,21)|(52,33)|
(37,52)|(52,41)|(42,57)|(57,58)|(58,48)|(49,49)|(38,46)|(30,40)|(31,32)|(25,32)|(27,23)|(13,13)|(10,17)|(5,6)|(5,25)|(32,22)|

Initial minimum distance: 1524.3148425242116
Global minimum distance: 892.3542664072861
Running time: 62.51866149902344s
[10, 17, 10, 9, 9]
Final Route: |(37,52)|(61,33)|(63,69)|(62,63)|(52,64)|(42,57)|(38,46)|(45,35)|(31,32)|(42,41)|
(37,52)|(30,48)|(17,63)|(27,68)|(25,55)|(43,67)|(31,62)|(37,69)|(57,58)|(58,48)|(52,41)|(30,40)|(21,10)|(30,15)|(36,16)|(51,21)|(56,37)|
(37,52)|(52,33)|(62,42)|(40,30)|(58,27)|(39,10)|(59,15)|(46,10)|(48,28)|(49,49)|
(37,52)|(32,39)|(27,23)|(32,22)|(20,26)|(12,42)|(16,57)|(8,52)|(5,64)|
(37,52)|(25,32)|(13,13)|(5,6)|(10,17)|(5,25)|(17,33)|(7,38)|(21,47)|

