min:2.55, max:25.5
Global minimum distance: 610.8264148650458
Route:
salesman-0:(37, 52)(42, 41)(45, 35)(61, 33)(8, 52)(17, 63)(5, 64)(31, 62)(56, 37)(52, 41)(49, 49)(58, 48)(62, 42)(58, 27)(59, 15)(46, 10)(39, 10)(37, 52)
salesman-1:(37, 52)(30, 15)(20, 26)(17, 33)(37, 52)
salesman-2:(37, 52)(7, 38)(12, 42)(21, 47)(43, 67)(37, 69)(27, 68)(25, 55)(37, 52)(30, 48)(42, 57)(52, 64)(63, 69)(62, 63)(57, 58)(16, 57)(38, 46)(32, 39)(27, 23)(37, 52)
salesman-3:(37, 52)(36, 16)(51, 21)(52, 33)(48, 28)(40, 30)(32, 22)(21, 10)(13, 13)(37, 52)
salesman-4:(37, 52)(5, 6)(10, 17)(5, 25)(25, 32)(31, 32)(30, 40)(37, 52)
Running time: 85.00580739974976s
min:2.55, max:25.5
Global minimum distance: 573.43420494294
Route:
salesman-0:(37, 52)(31, 62)(37, 69)(43, 67)(49, 49)(52, 41)(38, 46)(45, 35)(52, 33)(56, 37)(37, 52)
salesman-1:(37, 52)(48, 28)(51, 21)(25, 55)(36, 16)(39, 10)(46, 10)(59, 15)(58, 27)(5, 64)(16, 57)(27, 68)(32, 39)(30, 48)(37, 52)(17, 63)(62, 42)(58, 48)(57, 58)(63, 69)(62, 63)(37, 52)
salesman-2:(37, 52)(52, 64)(42, 57)(42, 41)(40, 30)(30, 40)(21, 47)(37, 52)
salesman-3:(37, 52)(25, 32)(31, 32)(17, 33)(20, 26)(27, 23)(32, 22)(30, 15)(21, 10)(13, 13)(10, 17)(5, 6)(37, 52)
salesman-4:(37, 52)(5, 25)(7, 38)(12, 42)(8, 52)(61, 33)(37, 52)
Running time: 85.00760126113892s
min:2.55, max:25.5
Global minimum distance: 649.1232434947478
Route:
salesman-0:(37, 52)(42, 41)(12, 42)(5, 25)(37, 52)
salesman-1:(37, 52)(5, 6)(21, 10)(13, 13)(37, 52)
salesman-2:(37, 52)(10, 17)(20, 26)(30, 15)(37, 52)
salesman-3:(37, 52)(39, 10)(46, 10)(59, 15)(30, 40)(17, 33)(58, 27)(58, 48)(49, 49)(38, 46)(52, 41)(45, 35)(51, 21)(48, 28)(52, 33)(56, 37)(62, 42)(61, 33)(40, 30)(31, 32)(37, 52)
salesman-4:(37, 52)(32, 22)(36, 16)(27, 23)(25, 32)(32, 39)(30, 48)(21, 47)(37, 52)(31, 62)(27, 68)(37, 69)(52, 64)(63, 69)(62, 63)(57, 58)(43, 67)(42, 57)(25, 55)(17, 63)(16, 57)(5, 64)(8, 52)(7, 38)(37, 52)
Running time: 85.01127886772156s
min:2.55, max:25.5
Global minimum distance: 587.8692452257472
Route:
salesman-0:(37, 52)(43, 67)(30, 48)(32, 22)(30, 15)(37, 52)
salesman-1:(37, 52)(21, 10)(13, 13)(10, 17)(5, 6)(5, 25)(7, 38)(12, 42)(17, 33)(20, 26)(37, 52)
salesman-2:(37, 52)(27, 23)(32, 39)(38, 46)(42, 41)(45, 35)(40, 30)(31, 32)(25, 32)(30, 40)(21, 47)(37, 52)(42, 57)(52, 64)(16, 57)(8, 52)(5, 64)(37, 52)
salesman-3:(37, 52)(17, 63)(62, 42)(37, 69)(31, 62)(49, 49)(52, 41)(56, 37)(58, 27)(46, 10)(37, 52)
salesman-4:(37, 52)(36, 16)(39, 10)(59, 15)(51, 21)(48, 28)(52, 33)(61, 33)(27, 68)(58, 48)(57, 58)(62, 63)(63, 69)(25, 55)(37, 52)
Running time: 85.01293444633484s
min:2.55, max:25.5
Global minimum distance: 625.3382263206715
Route:
salesman-0:(37, 52)(25, 55)(30, 48)(38, 46)(30, 40)(12, 42)(7, 38)(58, 27)(37, 69)(37, 52)(42, 57)(32, 39)(21, 47)(31, 32)(37, 52)
salesman-1:(37, 52)(48, 28)(32, 22)(20, 26)(37, 52)
salesman-2:(37, 52)(27, 23)(36, 16)(30, 15)(39, 10)(46, 10)(51, 21)(59, 15)(43, 67)(5, 6)(21, 10)(37, 52)
salesman-3:(37, 52)(13, 13)(10, 17)(5, 25)(17, 33)(25, 32)(40, 30)(45, 35)(42, 41)(49, 49)(58, 48)(61, 33)(37, 52)
salesman-4:(37, 52)(62, 42)(56, 37)(52, 33)(52, 41)(31, 62)(8, 52)(5, 64)(16, 57)(17, 63)(27, 68)(57, 58)(62, 63)(63, 69)(52, 64)(37, 52)
Running time: 85.0076425075531s
min:2.55, max:25.5
Global minimum distance: 556.4639249934513
Route:
salesman-0:(37, 52)(63, 69)(62, 63)(57, 58)(49, 49)(52, 41)(52, 33)(30, 15)(39, 10)(59, 15)(58, 27)(61, 33)(56, 37)(62, 42)(37, 52)
salesman-1:(37, 52)(58, 48)(42, 57)(43, 67)(52, 64)(37, 69)(27, 68)(31, 62)(36, 16)(32, 22)(27, 23)(20, 26)(17, 33)(25, 32)(32, 39)(21, 10)(51, 21)(37, 52)
salesman-2:(37, 52)(46, 10)(37, 52)(30, 48)(30, 40)(31, 32)(40, 30)(45, 35)(37, 52)
salesman-3:(37, 52)(42, 41)(38, 46)(25, 55)(17, 63)(5, 64)(8, 52)(16, 57)(21, 47)(12, 42)(7, 38)(5, 25)(37, 52)
salesman-4:(37, 52)(5, 6)(10, 17)(13, 13)(48, 28)(37, 52)
Running time: 85.00993490219116s
min:2.55, max:25.5
Global minimum distance: 591.2978846661377
Route:
salesman-0:(37, 52)(25, 55)(58, 27)(51, 21)(59, 15)(46, 10)(39, 10)(61, 33)(62, 42)(52, 41)(49, 49)(42, 41)(16, 57)(40, 30)(36, 16)(32, 22)(37, 52)
salesman-1:(37, 52)(30, 15)(13, 13)(5, 6)(21, 10)(10, 17)(37, 52)
salesman-2:(37, 52)(5, 25)(7, 38)(12, 42)(56, 37)(52, 33)(48, 28)(37, 52)
salesman-3:(37, 52)(58, 48)(57, 58)(62, 63)(63, 69)(52, 64)(38, 46)(32, 39)(30, 40)(37, 52)(30, 48)(21, 47)(37, 52)
salesman-4:(37, 52)(8, 52)(5, 64)(17, 33)(20, 26)(27, 23)(25, 32)(31, 32)(42, 57)(43, 67)(37, 69)(31, 62)(27, 68)(17, 63)(45, 35)(37, 52)
Running time: 85.01316452026367s
min:2.55, max:25.5
Global minimum distance: 610.690730154216
Route:
salesman-0:(37, 52)(21, 47)(8, 52)(5, 64)(12, 42)(5, 25)(7, 38)(17, 33)(25, 55)(37, 52)
salesman-1:(37, 52)(30, 40)(30, 48)(52, 64)(57, 58)(63, 69)(62, 63)(52, 41)(56, 37)(10, 17)(13, 13)(20, 26)(27, 23)(25, 32)(40, 30)(37, 52)(43, 67)(37, 69)(31, 62)(27, 68)(16, 57)(17, 63)(5, 6)(61, 33)(58, 27)(59, 15)(37, 52)
salesman-2:(37, 52)(51, 21)(32, 22)(31, 32)(37, 52)
salesman-3:(37, 52)(32, 39)(62, 42)(58, 48)(49, 49)(42, 57)(38, 46)(42, 41)(45, 35)(48, 28)(46, 10)(39, 10)(37, 52)
salesman-4:(37, 52)(36, 16)(30, 15)(21, 10)(52, 33)(37, 52)
Running time: 85.01818513870239s
min:2.55, max:25.5
Global minimum distance: 617.4719355085169
Route:
salesman-0:(37, 52)(32, 39)(30, 40)(30, 48)(25, 55)(16, 57)(17, 63)(5, 64)(8, 52)(21, 47)(12, 42)(7, 38)(17, 33)(5, 25)(10, 17)(58, 48)(49, 49)(37, 52)
salesman-1:(37, 52)(57, 58)(52, 64)(63, 69)(62, 63)(43, 67)(42, 57)(45, 35)(56, 37)(37, 52)
salesman-2:(37, 52)(52, 33)(48, 28)(38, 46)(37, 69)(27, 68)(31, 62)(37, 52)(52, 41)(5, 6)(37, 52)
salesman-3:(37, 52)(20, 26)(30, 15)(32, 22)(40, 30)(31, 32)(25, 32)(27, 23)(21, 10)(39, 10)(46, 10)(59, 15)(58, 27)(51, 21)(37, 52)
salesman-4:(37, 52)(36, 16)(61, 33)(62, 42)(42, 41)(13, 13)(37, 52)
Running time: 85.00902891159058s
min:2.55, max:25.5
Global minimum distance: 636.0334415504666
Route:
salesman-0:(37, 52)(17, 33)(21, 47)(16, 57)(8, 52)(5, 64)(17, 63)(37, 52)
salesman-1:(37, 52)(27, 68)(38, 46)(5, 6)(56, 37)(31, 62)(37, 69)(43, 67)(37, 52)
salesman-2:(37, 52)(37, 52)(52, 41)(48, 28)(51, 21)(59, 15)(58, 27)(62, 42)(63, 69)(52, 64)(42, 57)(40, 30)(27, 23)(32, 22)(46, 10)(39, 10)(36, 16)(30, 15)(13, 13)(37, 52)
salesman-3:(37, 52)(21, 10)(42, 41)(45, 35)(52, 33)(61, 33)(25, 55)(10, 17)(5, 25)(12, 42)(37, 52)
salesman-4:(37, 52)(7, 38)(20, 26)(25, 32)(31, 32)(32, 39)(30, 40)(30, 48)(58, 48)(62, 63)(57, 58)(49, 49)(37, 52)
Running time: 85.01553392410278s
min:2.55, max:25.5
Global minimum distance: 618.0161502384148
Route:
salesman-0:(37, 52)(38, 46)(61, 33)(43, 67)(42, 57)(31, 62)(27, 68)(17, 63)(37, 52)
salesman-1:(37, 52)(25, 55)(12, 42)(20, 26)(27, 23)(45, 35)(48, 28)(52, 33)(56, 37)(58, 27)(52, 41)(62, 42)(37, 69)(42, 41)(32, 39)(30, 40)(30, 48)(21, 47)(16, 57)(37, 52)
salesman-2:(37, 52)(5, 64)(8, 52)(7, 38)(37, 52)
salesman-3:(37, 52)(17, 33)(10, 17)(5, 25)(37, 52)
salesman-4:(37, 52)(5, 6)(13, 13)(21, 10)(46, 10)(36, 16)(32, 22)(30, 15)(39, 10)(40, 30)(31, 32)(25, 32)(37, 52)(59, 15)(51, 21)(58, 48)(52, 64)(62, 63)(63, 69)(57, 58)(49, 49)(37, 52)
Running time: 85.00993466377258s
min:2.55, max:25.5
Global minimum distance: 628.74634396582
Route:
salesman-0:(37, 52)(49, 49)(52, 41)(56, 37)(17, 63)(25, 55)(42, 57)(58, 48)(57, 58)(62, 63)(5, 64)(42, 41)(31, 32)(12, 42)(25, 32)(20, 26)(27, 23)(32, 39)(37, 52)(21, 47)(16, 57)(7, 38)(17, 33)(37, 52)
salesman-1:(37, 52)(30, 40)(30, 48)(45, 35)(52, 33)(37, 52)
salesman-2:(37, 52)(48, 28)(40, 30)(38, 46)(62, 42)(61, 33)(58, 27)(59, 15)(51, 21)(36, 16)(39, 10)(37, 52)
salesman-3:(37, 52)(46, 10)(32, 22)(30, 15)(21, 10)(5, 6)(13, 13)(37, 52)
salesman-4:(37, 52)(5, 25)(10, 17)(8, 52)(63, 69)(52, 64)(43, 67)(37, 69)(27, 68)(31, 62)(37, 52)
Running time: 85.00687527656555s
min:2.55, max:25.5
Global minimum distance: 631.9252680417317
Route:
salesman-0:(37, 52)(57, 58)(62, 63)(63, 69)(52, 64)(42, 57)(49, 49)(52, 41)(61, 33)(58, 27)(48, 28)(37, 52)
salesman-1:(37, 52)(51, 21)(59, 15)(36, 16)(46, 10)(39, 10)(37, 52)
salesman-2:(37, 52)(21, 10)(30, 15)(32, 22)(37, 52)
salesman-3:(37, 52)(31, 32)(25, 32)(17, 33)(30, 40)(32, 39)(40, 30)(45, 35)(42, 41)(30, 48)(21, 47)(37, 52)(25, 55)(8, 52)(7, 38)(5, 25)(37, 52)
salesman-4:(37, 52)(5, 6)(10, 17)(13, 13)(37, 69)(43, 67)(31, 62)(38, 46)(52, 33)(56, 37)(62, 42)(58, 48)(27, 23)(12, 42)(16, 57)(17, 63)(5, 64)(27, 68)(20, 26)(37, 52)
Running time: 85.01068019866943s
min:2.55, max:25.5
Global minimum distance: 602.537786361103
Route:
salesman-0:(37, 52)(30, 48)(25, 55)(32, 22)(21, 10)(30, 15)(13, 13)(40, 30)(45, 35)(48, 28)(5, 6)(37, 52)
salesman-1:(37, 52)(10, 17)(5, 25)(12, 42)(7, 38)(8, 52)(5, 64)(36, 16)(37, 52)
salesman-2:(37, 52)(30, 40)(32, 39)(38, 46)(25, 32)(20, 26)(27, 23)(31, 32)(17, 33)(21, 47)(16, 57)(17, 63)(27, 68)(31, 62)(37, 52)
salesman-3:(37, 52)(37, 69)(43, 67)(42, 57)(62, 63)(63, 69)(57, 58)(52, 64)(49, 49)(58, 48)(62, 42)(42, 41)(37, 52)(52, 33)(56, 37)(52, 41)(61, 33)(58, 27)(59, 15)(37, 52)
salesman-4:(37, 52)(51, 21)(46, 10)(39, 10)(37, 52)
Running time: 85.00727415084839s
min:2.55, max:25.5
Global minimum distance: 645.0975940573171
Route:
salesman-0:(37, 52)(63, 69)(10, 17)(27, 68)(16, 57)(17, 63)(25, 55)(38, 46)(52, 33)(48, 28)(58, 27)(59, 15)(37, 52)
salesman-1:(37, 52)(46, 10)(32, 22)(30, 15)(37, 52)
salesman-2:(37, 52)(39, 10)(36, 16)(27, 23)(21, 10)(13, 13)(31, 62)(62, 63)(57, 58)(32, 39)(25, 32)(31, 32)(40, 30)(45, 35)(42, 41)(37, 52)(51, 21)(61, 33)(62, 42)(58, 48)(56, 37)(52, 41)(37, 52)
salesman-3:(37, 52)(49, 49)(52, 64)(43, 67)(37, 69)(5, 6)(5, 25)(20, 26)(37, 52)
salesman-4:(37, 52)(17, 33)(12, 42)(7, 38)(8, 52)(5, 64)(30, 48)(21, 47)(30, 40)(42, 57)(37, 52)
Running time: 85.01712012290955s
min:2.55, max:25.5
Global minimum distance: 586.9054503175136
Route:
salesman-0:(37, 52)(37, 52)(43, 67)(42, 57)(7, 38)(12, 42)(25, 55)(30, 48)(20, 26)(63, 69)(62, 63)(57, 58)(62, 42)(58, 48)(49, 49)(38, 46)(40, 30)(31, 32)(25, 32)(48, 28)(51, 21)(59, 15)(37, 52)
salesman-1:(37, 52)(58, 27)(61, 33)(52, 41)(37, 52)
salesman-2:(37, 52)(56, 37)(52, 33)(42, 41)(31, 62)(37, 69)(27, 68)(17, 63)(5, 64)(8, 52)(16, 57)(21, 47)(30, 40)(32, 39)(45, 35)(10, 17)(5, 25)(5, 6)(13, 13)(37, 52)
salesman-3:(37, 52)(21, 10)(36, 16)(30, 15)(46, 10)(39, 10)(32, 22)(37, 52)
salesman-4:(37, 52)(27, 23)(17, 33)(52, 64)(37, 52)
Running time: 85.01279520988464s
min:2.55, max:25.5
Global minimum distance: 602.2226260651996
Route:
salesman-0:(37, 52)(32, 39)(30, 40)(30, 48)(37, 52)(21, 47)(8, 52)(5, 64)(17, 63)(16, 57)(25, 55)(48, 28)(51, 21)(59, 15)(39, 10)(30, 15)(21, 10)(10, 17)(13, 13)(37, 52)
salesman-1:(37, 52)(12, 42)(20, 26)(17, 33)(25, 32)(31, 32)(27, 23)(38, 46)(27, 68)(37, 69)(43, 67)(37, 52)
salesman-2:(37, 52)(31, 62)(5, 6)(49, 49)(52, 41)(58, 48)(58, 27)(61, 33)(37, 52)
salesman-3:(37, 52)(52, 33)(45, 35)(57, 58)(63, 69)(62, 63)(62, 42)(56, 37)(52, 64)(42, 57)(42, 41)(40, 30)(46, 10)(37, 52)
salesman-4:(37, 52)(36, 16)(32, 22)(5, 25)(7, 38)(37, 52)
Running time: 85.01181221008301s
min:2.55, max:25.5
Global minimum distance: 601.0120749153392
Route:
salesman-0:(37, 52)(42, 57)(56, 37)(52, 33)(42, 41)(45, 35)(52, 41)(58, 48)(57, 58)(62, 63)(63, 69)(52, 64)(43, 67)(37, 69)(31, 62)(27, 68)(25, 55)(16, 57)(59, 15)(46, 10)(36, 16)(39, 10)(30, 15)(32, 22)(37, 52)
salesman-1:(37, 52)(27, 23)(21, 10)(13, 13)(37, 52)
salesman-2:(37, 52)(5, 6)(10, 17)(5, 25)(37, 52)
salesman-3:(37, 52)(20, 26)(17, 33)(7, 38)(37, 52)(58, 27)(5, 64)(8, 52)(12, 42)(25, 32)(62, 42)(49, 49)(30, 40)(38, 46)(30, 48)(21, 47)(32, 39)(31, 32)(37, 52)
salesman-4:(37, 52)(40, 30)(51, 21)(61, 33)(48, 28)(17, 63)(37, 52)
Running time: 85.01211929321289s
min:2.55, max:25.5
Global minimum distance: 615.4334144247396
Route:
salesman-0:(37, 52)(49, 49)(58, 48)(57, 58)(63, 69)(5, 25)(37, 52)
salesman-1:(37, 52)(10, 17)(5, 6)(13, 13)(37, 52)
salesman-2:(37, 52)(25, 32)(31, 32)(27, 23)(36, 16)(39, 10)(37, 52)
salesman-3:(37, 52)(46, 10)(59, 15)(58, 27)(42, 41)(7, 38)(52, 64)(43, 67)(42, 57)(30, 48)(32, 39)(30, 40)(25, 55)(38, 46)(17, 63)(31, 62)(37, 69)(27, 68)(16, 57)(21, 47)(62, 63)(40, 30)(32, 22)(37, 52)
salesman-4:(37, 52)(30, 15)(21, 10)(20, 26)(17, 33)(12, 42)(8, 52)(5, 64)(45, 35)(51, 21)(48, 28)(52, 33)(56, 37)(61, 33)(62, 42)(52, 41)(37, 52)(37, 52)
Running time: 85.00845384597778s
min:2.55, max:25.5
Global minimum distance: 606.3953302086825
Route:
salesman-0:(37, 52)(42, 41)(52, 41)(49, 49)(38, 46)(43, 67)(37, 69)(27, 68)(31, 62)(17, 63)(5, 64)(16, 57)(37, 52)
salesman-1:(37, 52)(63, 69)(37, 52)(42, 57)(52, 64)(57, 58)(62, 63)(25, 55)(32, 39)(31, 32)(27, 23)(20, 26)(21, 10)(39, 10)(36, 16)(30, 15)(37, 52)
salesman-2:(37, 52)(13, 13)(5, 6)(10, 17)(12, 42)(8, 52)(21, 47)(30, 48)(58, 48)(62, 42)(37, 52)
salesman-3:(37, 52)(45, 35)(40, 30)(48, 28)(7, 38)(5, 25)(61, 33)(56, 37)(52, 33)(58, 27)(51, 21)(37, 52)
salesman-4:(37, 52)(59, 15)(46, 10)(32, 22)(25, 32)(17, 33)(30, 40)(37, 52)
Running time: 85.01668357849121s
min:2.55, max:25.5
Global minimum distance: 592.8866934892305
Route:
salesman-0:(37, 52)(32, 39)(30, 40)(31, 32)(17, 33)(12, 42)(7, 38)(5, 25)(37, 52)
salesman-1:(37, 52)(10, 17)(13, 13)(5, 6)(37, 52)
salesman-2:(37, 52)(21, 10)(39, 10)(30, 48)(38, 46)(37, 52)(25, 55)(31, 62)(27, 68)(37, 69)(43, 67)(52, 64)(63, 69)(46, 10)(59, 15)(57, 58)(37, 52)
salesman-3:(37, 52)(62, 63)(16, 57)(17, 63)(5, 64)(8, 52)(21, 47)(58, 48)(62, 42)(61, 33)(48, 28)(52, 33)(56, 37)(52, 41)(45, 35)(49, 49)(42, 41)(40, 30)(27, 23)(20, 26)(25, 32)(32, 22)(37, 52)
salesman-4:(37, 52)(30, 15)(36, 16)(58, 27)(51, 21)(42, 57)(37, 52)
Running time: 85.01137280464172s
min:2.55, max:25.5
Global minimum distance: 605.2968893479577
Route:
salesman-0:(37, 52)(58, 48)(62, 42)(56, 37)(52, 33)(25, 55)(8, 52)(5, 64)(17, 63)(12, 42)(48, 28)(59, 15)(37, 52)
salesman-1:(37, 52)(51, 21)(39, 10)(46, 10)(36, 16)(30, 15)(37, 52)
salesman-2:(37, 52)(21, 10)(5, 6)(5, 25)(10, 17)(13, 13)(20, 26)(27, 23)(32, 22)(38, 46)(45, 35)(25, 32)(30, 40)(32, 39)(30, 48)(27, 68)(16, 57)(21, 47)(17, 33)(7, 38)(37, 52)
salesman-3:(37, 52)(31, 62)(37, 69)(43, 67)(40, 30)(37, 52)(63, 69)(62, 63)(52, 64)(57, 58)(58, 27)(61, 33)(52, 41)(37, 52)
salesman-4:(37, 52)(49, 49)(42, 41)(42, 57)(31, 32)(37, 52)
Running time: 85.01615500450134s
min:2.55, max:25.5
Global minimum distance: 590.5462786507627
Route:
salesman-0:(37, 52)(52, 64)(17, 33)(12, 42)(7, 38)(16, 57)(17, 63)(27, 68)(5, 64)(8, 52)(25, 55)(21, 47)(30, 48)(5, 25)(62, 63)(63, 69)(37, 52)
salesman-1:(37, 52)(58, 48)(49, 49)(52, 41)(56, 37)(32, 39)(40, 30)(42, 41)(38, 46)(45, 35)(61, 33)(37, 52)
salesman-2:(37, 52)(58, 27)(62, 42)(30, 15)(37, 52)
salesman-3:(37, 52)(36, 16)(39, 10)(46, 10)(51, 21)(37, 52)
salesman-4:(37, 52)(59, 15)(52, 33)(48, 28)(37, 52)(31, 32)(27, 23)(32, 22)(42, 57)(43, 67)(37, 69)(31, 62)(30, 40)(25, 32)(20, 26)(21, 10)(13, 13)(5, 6)(10, 17)(57, 58)(37, 52)
Running time: 85.00772094726562s
min:2.55, max:25.5
Global minimum distance: 593.9605401935049
Route:
salesman-0:(37, 52)(43, 67)(37, 69)(42, 57)(37, 52)(31, 32)(8, 52)(59, 15)(48, 28)(40, 30)(45, 35)(32, 39)(30, 40)(38, 46)(21, 47)(25, 55)(31, 62)(27, 23)(36, 16)(5, 64)(37, 52)
salesman-1:(37, 52)(17, 63)(27, 68)(52, 64)(63, 69)(62, 63)(57, 58)(58, 48)(37, 52)
salesman-2:(37, 52)(62, 42)(56, 37)(52, 33)(61, 33)(58, 27)(16, 57)(37, 52)
salesman-3:(37, 52)(51, 21)(46, 10)(39, 10)(30, 15)(21, 10)(10, 17)(5, 6)(37, 52)
salesman-4:(37, 52)(13, 13)(20, 26)(25, 32)(17, 33)(5, 25)(7, 38)(12, 42)(32, 22)(42, 41)(30, 48)(49, 49)(52, 41)(37, 52)
Running time: 85.00914740562439s
min:2.55, max:25.5
Global minimum distance: 619.517732254459
Route:
salesman-0:(37, 52)(27, 68)(16, 57)(8, 52)(37, 52)
salesman-1:(37, 52)(5, 64)(17, 63)(25, 55)(30, 40)(32, 39)(45, 35)(40, 30)(48, 28)(59, 15)(62, 42)(58, 48)(37, 52)
salesman-2:(37, 52)(56, 37)(49, 49)(57, 58)(62, 63)(25, 32)(17, 33)(5, 25)(5, 6)(37, 52)
salesman-3:(37, 52)(10, 17)(13, 13)(36, 16)(32, 22)(30, 15)(27, 23)(20, 26)(7, 38)(12, 42)(31, 32)(52, 64)(37, 52)(31, 62)(37, 69)(43, 67)(42, 57)(37, 52)
salesman-4:(37, 52)(39, 10)(21, 10)(63, 69)(21, 47)(30, 48)(52, 41)(52, 33)(51, 21)(46, 10)(61, 33)(58, 27)(42, 41)(38, 46)(37, 52)
Running time: 85.00720286369324s
min:2.55, max:25.5
Global minimum distance: 560.2282520342069
Route:
salesman-0:(37, 52)(43, 67)(37, 69)(31, 62)(37, 52)
salesman-1:(37, 52)(27, 68)(17, 63)(5, 64)(8, 52)(16, 57)(21, 47)(25, 55)(37, 52)(42, 57)(52, 64)(30, 40)(31, 32)(25, 32)(20, 26)(37, 52)
salesman-2:(37, 52)(17, 33)(12, 42)(63, 69)(57, 58)(49, 49)(32, 39)(62, 63)(7, 38)(5, 25)(10, 17)(13, 13)(37, 52)
salesman-3:(37, 52)(5, 6)(21, 10)(30, 15)(27, 23)(40, 30)(32, 22)(36, 16)(39, 10)(46, 10)(37, 52)
salesman-4:(37, 52)(59, 15)(48, 28)(51, 21)(58, 27)(42, 41)(45, 35)(52, 41)(52, 33)(56, 37)(61, 33)(62, 42)(58, 48)(30, 48)(38, 46)(37, 52)
Running time: 85.00931668281555s
min:2.55, max:25.5
Global minimum distance: 623.0315454303669
Route:
salesman-0:(37, 52)(62, 42)(58, 48)(57, 58)(32, 39)(30, 15)(27, 23)(13, 13)(21, 10)(5, 6)(37, 52)
salesman-1:(37, 52)(5, 25)(10, 17)(20, 26)(37, 52)(30, 48)(17, 33)(7, 38)(17, 63)(5, 64)(12, 42)(8, 52)(16, 57)(27, 68)(31, 62)(38, 46)(25, 32)(30, 40)(36, 16)(62, 63)(63, 69)(52, 64)(37, 52)
salesman-2:(37, 52)(37, 69)(43, 67)(42, 57)(52, 41)(58, 27)(59, 15)(37, 52)
salesman-3:(37, 52)(46, 10)(21, 47)(25, 55)(42, 41)(45, 35)(40, 30)(31, 32)(32, 22)(39, 10)(37, 52)
salesman-4:(37, 52)(51, 21)(61, 33)(52, 33)(48, 28)(56, 37)(49, 49)(37, 52)
Running time: 85.01480269432068s
min:2.55, max:25.5
Global minimum distance: 634.6202210442923
Route:
salesman-0:(37, 52)(37, 52)(30, 40)(31, 62)(25, 55)(52, 41)(62, 42)(62, 63)(63, 69)(57, 58)(52, 64)(43, 67)(27, 23)(21, 10)(5, 6)(10, 17)(5, 25)(13, 13)(20, 26)(17, 33)(25, 32)(42, 57)(30, 15)(27, 68)(17, 63)(37, 52)
salesman-1:(37, 52)(21, 47)(12, 42)(8, 52)(7, 38)(5, 64)(16, 57)(38, 46)(37, 52)
salesman-2:(37, 52)(42, 41)(45, 35)(40, 30)(32, 39)(30, 48)(49, 49)(58, 48)(56, 37)(52, 33)(61, 33)(51, 21)(37, 52)
salesman-3:(37, 52)(59, 15)(58, 27)(48, 28)(31, 32)(32, 22)(37, 52)
salesman-4:(37, 52)(46, 10)(39, 10)(36, 16)(37, 69)(37, 52)
Running time: 85.01133131980896s
min:2.55, max:25.5
Global minimum distance: 639.8874523593042
Route:
salesman-0:(37, 52)(63, 69)(62, 63)(57, 58)(52, 64)(10, 17)(21, 10)(37, 52)
salesman-1:(37, 52)(27, 23)(36, 16)(51, 21)(52, 33)(40, 30)(31, 32)(17, 33)(25, 32)(30, 40)(38, 46)(30, 48)(37, 52)(12, 42)(20, 26)(56, 37)(42, 41)(45, 35)(52, 41)(48, 28)(59, 15)(46, 10)(37, 52)
salesman-2:(37, 52)(39, 10)(32, 22)(30, 15)(37, 52)
salesman-3:(37, 52)(62, 42)(61, 33)(58, 27)(32, 39)(25, 55)(27, 68)(37, 69)(13, 13)(49, 49)(31, 62)(21, 47)(16, 57)(5, 64)(17, 63)(8, 52)(7, 38)(37, 52)
salesman-4:(37, 52)(5, 25)(5, 6)(58, 48)(43, 67)(42, 57)(37, 52)
Running time: 85.0102927684784s
min:2.55, max:25.5
Global minimum distance: 606.9743172989156
Route:
salesman-0:(37, 52)(49, 49)(48, 28)(52, 33)(45, 35)(31, 62)(52, 64)(59, 15)(46, 10)(51, 21)(58, 27)(61, 33)(56, 37)(62, 42)(37, 52)
salesman-1:(37, 52)(63, 69)(62, 63)(21, 10)(39, 10)(36, 16)(30, 15)(37, 52)
salesman-2:(37, 52)(32, 22)(27, 23)(42, 41)(5, 6)(58, 48)(52, 41)(38, 46)(42, 57)(43, 67)(37, 52)
salesman-3:(37, 52)(37, 69)(27, 68)(25, 55)(16, 57)(17, 63)(5, 64)(37, 52)
salesman-4:(37, 52)(8, 52)(37, 52)(25, 32)(40, 30)(31, 32)(32, 39)(30, 40)(30, 48)(21, 47)(12, 42)(7, 38)(17, 33)(20, 26)(5, 25)(10, 17)(13, 13)(57, 58)(37, 52)
Running time: 85.0161280632019s
