Initial minimum distance: 889.4722672005466
Global minimum distance: 718.1017846155543
Running time: 38.47199511528015s
Route:
salesman-1:(37,52)(57,58)(62,63)(63,69)(52,64)(42,57)(43,67)(37,69)(31,62)(27,68)(17,63)(37,52)
salesman-2:(37,52)(25,55)(42,41)(17,33)(8,52)(32,22)(16,57)(7,38)(5,64)(12,42)(21,47)(37,52)
salesman-3:(37,52)(32,39)(30,40)(27,23)(25,32)(31,32)(10,17)(13,13)(21,10)(5,6)(20,26)(37,52)
salesman-4:(37,52)(38,46)(51,21)(40,30)(48,28)(30,15)(30,48)(36,16)(39,10)(5,25)(46,10)(37,52)
salesman-5:(37,52)(45,35)(59,15)(52,33)(58,27)(61,33)(56,37)(52,41)(62,42)(49,49)(58,48)(37,52)

Initial minimum distance: 889.4722672005466
Global minimum distance: 728.1473845928189
Running time: 38.63320755958557s
Route:
salesman-1:(37,52)(42,57)(57,58)(52,64)(62,63)(63,69)(43,67)(37,69)(31,62)(27,68)(17,63)(37,52)
salesman-2:(37,52)(5,64)(16,57)(8,52)(21,47)(12,42)(17,33)(5,25)(7,38)(25,55)(30,48)(37,52)
salesman-3:(37,52)(30,40)(32,39)(25,32)(10,17)(5,6)(20,26)(13,13)(21,10)(27,23)(31,32)(37,52)
salesman-4:(37,52)(42,41)(48,28)(40,30)(32,22)(30,15)(39,10)(51,21)(36,16)(46,10)(38,46)(37,52)
salesman-5:(37,52)(56,37)(52,33)(52,41)(45,35)(58,27)(59,15)(61,33)(58,48)(62,42)(49,49)(37,52)

Initial minimum distance: 889.4722672005466
Global minimum distance: 775.7656983655505
Running time: 38.65839910507202s
Route:
salesman-1:(37,52)(57,58)(52,64)(62,63)(63,69)(42,57)(43,67)(37,69)(31,62)(27,68)(17,63)(37,52)
salesman-2:(37,52)(30,48)(21,47)(25,55)(16,57)(17,33)(12,42)(7,38)(8,52)(5,64)(5,25)(37,52)
salesman-3:(37,52)(21,10)(5,6)(13,13)(10,17)(25,32)(30,40)(32,39)(20,26)(27,23)(31,32)(37,52)
salesman-4:(37,52)(38,46)(40,30)(32,22)(30,15)(36,16)(46,10)(39,10)(51,21)(42,41)(48,28)(37,52)
salesman-5:(37,52)(45,35)(58,48)(62,42)(61,33)(52,33)(58,27)(59,15)(56,37)(49,49)(52,41)(37,52)

Initial minimum distance: 889.4722672005466
Global minimum distance: 697.7721229227552
Running time: 38.69407773017883s
Route:
salesman-1:(37,52)(57,58)(62,63)(63,69)(52,64)(42,57)(43,67)(37,69)(31,62)(27,68)(17,63)(37,52)
salesman-2:(37,52)(25,55)(21,47)(12,42)(7,38)(5,25)(17,33)(5,64)(8,52)(16,57)(30,48)(37,52)
salesman-3:(37,52)(31,32)(25,32)(27,23)(20,26)(5,6)(21,10)(13,13)(10,17)(30,40)(32,39)(37,52)
salesman-4:(37,52)(38,46)(51,21)(48,28)(30,15)(36,16)(39,10)(46,10)(32,22)(40,30)(42,41)(37,52)
salesman-5:(37,52)(45,35)(59,15)(52,33)(58,27)(61,33)(56,37)(52,41)(62,42)(49,49)(58,48)(37,52)

Initial minimum distance: 889.4722672005466
Global minimum distance: 695.6770114160278
Running time: 38.840073347091675s
Route:
salesman-1:(37,52)(57,58)(62,63)(63,69)(52,64)(42,57)(43,67)(37,69)(31,62)(17,63)(27,68)(37,52)
salesman-2:(37,52)(25,55)(21,47)(5,64)(16,57)(8,52)(12,42)(7,38)(5,25)(17,33)(30,48)(37,52)
salesman-3:(37,52)(32,39)(31,32)(21,10)(10,17)(25,32)(5,6)(13,13)(27,23)(20,26)(30,40)(37,52)
salesman-4:(37,52)(38,46)(40,30)(30,15)(32,22)(36,16)(39,10)(46,10)(51,21)(48,28)(42,41)(37,52)
salesman-5:(37,52)(45,35)(62,42)(61,33)(58,27)(59,15)(52,33)(56,37)(52,41)(49,49)(58,48)(37,52)

Initial minimum distance: 889.4722672005466
Global minimum distance: 714.4789703688284
Running time: 39.171061515808105s
Route:
salesman-1:(37,52)(57,58)(62,63)(63,69)(52,64)(42,57)(43,67)(37,69)(31,62)(27,68)(17,63)(37,52)
salesman-2:(37,52)(30,48)(5,64)(16,57)(7,38)(5,25)(17,33)(8,52)(25,55)(12,42)(21,47)(37,52)
salesman-3:(37,52)(31,32)(21,10)(30,15)(32,22)(20,26)(10,17)(13,13)(5,6)(27,23)(25,32)(30,40)(32,39)(37,52)
salesman-4:(37,52)(38,46)(40,30)(48,28)(51,21)(39,10)(46,10)(36,16)(42,41)(37,52)
salesman-5:(37,52)(45,35)(59,15)(52,33)(58,27)(61,33)(56,37)(52,41)(62,42)(58,48)(49,49)(37,52)

Initial minimum distance: 889.4722672005466
Global minimum distance: 737.3506840459787
Running time: 39.20770049095154s
Route:
salesman-1:(37,52)(57,58)(62,63)(63,69)(52,64)(43,67)(37,69)(31,62)(17,63)(37,52)
salesman-2:(37,52)(42,57)(27,68)(5,64)(25,55)(16,57)(8,52)(21,47)(12,42)(7,38)(5,25)(17,33)(30,48)(37,52)
salesman-3:(37,52)(20,26)(10,17)(5,6)(13,13)(25,32)(30,40)(32,39)(21,10)(27,23)(31,32)(37,52)
salesman-4:(37,52)(42,41)(51,21)(46,10)(39,10)(48,28)(32,22)(36,16)(30,15)(40,30)(38,46)(37,52)
salesman-5:(37,52)(45,35)(59,15)(52,33)(58,27)(61,33)(56,37)(52,41)(58,48)(62,42)(49,49)(37,52)

Initial minimum distance: 889.4722672005466
Global minimum distance: 691.7478139844336
Running time: 39.339914321899414s
Route:
salesman-1:(37,52)(57,58)(62,63)(63,69)(52,64)(42,57)(43,67)(37,69)(31,62)(27,68)(17,63)(37,52)
salesman-2:(37,52)(25,55)(5,64)(16,57)(8,52)(21,47)(12,42)(7,38)(5,25)(17,33)(30,48)(37,52)
salesman-3:(37,52)(25,32)(31,32)(21,10)(5,6)(13,13)(10,17)(20,26)(30,40)(32,39)(27,23)(37,52)
salesman-4:(37,52)(42,41)(51,21)(48,28)(40,30)(32,22)(30,15)(36,16)(39,10)(46,10)(38,46)(37,52)
salesman-5:(37,52)(49,49)(52,41)(52,33)(56,37)(45,35)(59,15)(58,27)(61,33)(62,42)(58,48)(37,52)

Initial minimum distance: 889.4722672005466
Global minimum distance: 743.3021120307076
Running time: 39.34475779533386s
Route:
salesman-1:(37,52)(52,64)(57,58)(62,63)(63,69)(42,57)(43,67)(37,69)(31,62)(27,68)(17,63)(37,52)
salesman-2:(37,52)(21,47)(12,42)(5,25)(7,38)(17,33)(5,64)(8,52)(16,57)(30,48)(25,55)(37,52)
salesman-3:(37,52)(31,32)(20,26)(25,32)(30,40)(32,39)(27,23)(21,10)(5,6)(10,17)(13,13)(37,52)
salesman-4:(37,52)(40,30)(51,21)(36,16)(32,22)(30,15)(39,10)(46,10)(48,28)(42,41)(38,46)(37,52)
salesman-5:(37,52)(45,35)(58,27)(59,15)(56,37)(52,33)(58,48)(49,49)(52,41)(62,42)(61,33)(37,52)

Initial minimum distance: 889.4722672005466
Global minimum distance: 718.4800171410476
Running time: 39.41611075401306s
Route:
salesman-1:(37,52)(42,57)(57,58)(62,63)(63,69)(52,64)(43,67)(37,69)(31,62)(27,68)(17,63)(37,52)
salesman-2:(37,52)(5,64)(25,55)(16,57)(8,52)(21,47)(12,42)(5,25)(7,38)(17,33)(30,48)(37,52)
salesman-3:(37,52)(30,40)(25,32)(31,32)(20,26)(27,23)(10,17)(13,13)(5,6)(21,10)(32,39)(37,52)
salesman-4:(37,52)(38,46)(42,41)(46,10)(30,15)(32,22)(36,16)(39,10)(40,30)(51,21)(48,28)(37,52)
salesman-5:(37,52)(45,35)(59,15)(52,33)(58,27)(56,37)(62,42)(61,33)(52,41)(58,48)(49,49)(37,52)

Initial minimum distance: 889.4722672005466
Global minimum distance: 679.5397382641067
Running time: 39.43142652511597s
Route:
salesman-1:(37,52)(62,63)(63,69)(57,58)(52,64)(43,67)(37,69)(27,68)(17,63)(31,62)(42,57)(37,52)
salesman-2:(37,52)(30,48)(25,55)(16,57)(8,52)(5,64)(21,47)(17,33)(7,38)(5,25)(12,42)(37,52)
salesman-3:(37,52)(32,39)(30,40)(31,32)(27,23)(21,10)(10,17)(5,6)(13,13)(20,26)(25,32)(37,52)
salesman-4:(37,52)(38,46)(42,41)(32,22)(48,28)(51,21)(46,10)(36,16)(39,10)(30,15)(40,30)(37,52)
salesman-5:(37,52)(45,35)(52,41)(52,33)(59,15)(58,27)(61,33)(58,48)(62,42)(56,37)(49,49)(37,52)

Initial minimum distance: 889.4722672005466
Global minimum distance: 703.4735248754985
Running time: 39.51422882080078s
Route:
salesman-1:(37,52)(57,58)(62,63)(63,69)(52,64)(42,57)(43,67)(37,69)(31,62)(27,68)(17,63)(37,52)
salesman-2:(37,52)(30,48)(7,38)(12,42)(17,33)(5,25)(21,47)(8,52)(5,64)(16,57)(25,55)(37,52)
salesman-3:(37,52)(32,39)(30,40)(31,32)(27,23)(20,26)(21,10)(13,13)(5,6)(10,17)(25,32)(37,52)
salesman-4:(37,52)(48,28)(51,21)(42,41)(40,30)(32,22)(30,15)(46,10)(39,10)(36,16)(38,46)(37,52)
salesman-5:(37,52)(45,35)(58,27)(59,15)(61,33)(58,48)(52,33)(56,37)(62,42)(52,41)(49,49)(37,52)

Initial minimum distance: 889.4722672005466
Global minimum distance: 666.9358668480552
Running time: 39.65404224395752s
Route:
salesman-1:(37,52)(57,58)(62,63)(63,69)(52,64)(42,57)(43,67)(37,69)(31,62)(27,68)(17,63)(37,52)
salesman-2:(37,52)(21,47)(25,55)(5,64)(16,57)(8,52)(12,42)(7,38)(5,25)(17,33)(30,48)(37,52)
salesman-3:(37,52)(20,26)(10,17)(13,13)(5,6)(21,10)(31,32)(27,23)(25,32)(30,40)(32,39)(37,52)
salesman-4:(37,52)(40,30)(46,10)(39,10)(30,15)(32,22)(36,16)(51,21)(48,28)(42,41)(38,46)(37,52)
salesman-5:(37,52)(45,35)(59,15)(52,33)(58,27)(61,33)(56,37)(52,41)(62,42)(58,48)(49,49)(37,52)

Initial minimum distance: 883.8241601434986
Global minimum distance: 731.8131032192709
Running time: 39.65422224998474s
Route:
salesman-1:(37,52)(57,58)(62,63)(63,69)(52,64)(42,57)(43,67)(37,69)(31,62)(27,68)(17,63)(37,52)
salesman-2:(37,52)(5,64)(25,55)(16,57)(7,38)(17,33)(5,25)(8,52)(12,42)(21,47)(30,48)(37,52)
salesman-3:(37,52)(32,39)(30,40)(27,23)(5,6)(10,17)(13,13)(21,10)(20,26)(25,32)(31,32)(37,52)
salesman-4:(37,52)(38,46)(30,15)(32,22)(36,16)(39,10)(40,30)(51,21)(46,10)(48,28)(42,41)(37,52)
salesman-5:(37,52)(45,35)(59,15)(52,33)(58,27)(61,33)(56,37)(52,41)(49,49)(62,42)(58,48)(37,52)

Initial minimum distance: 889.4722672005466
Global minimum distance: 718.5994845532916
Running time: 39.92434096336365s
Route:
salesman-1:(37,52)(57,58)(62,63)(63,69)(52,64)(42,57)(43,67)(37,69)(31,62)(27,68)(17,63)(37,52)
salesman-2:(37,52)(5,64)(8,52)(12,42)(7,38)(5,25)(25,55)(16,57)(21,47)(30,48)(17,33)(37,52)
salesman-3:(37,52)(32,39)(30,40)(25,32)(20,26)(27,23)(21,10)(10,17)(13,13)(5,6)(31,32)(37,52)
salesman-4:(37,52)(42,41)(38,46)(40,30)(32,22)(36,16)(30,15)(39,10)(46,10)(51,21)(48,28)(37,52)
salesman-5:(37,52)(58,48)(49,49)(45,35)(52,33)(59,15)(58,27)(61,33)(56,37)(52,41)(62,42)(37,52)

Initial minimum distance: 889.4722672005466
Global minimum distance: 695.5737935260134
Running time: 39.966100215911865s
Route:
salesman-1:(37,52)(42,57)(57,58)(62,63)(63,69)(52,64)(43,67)(37,69)(31,62)(27,68)(17,63)(37,52)
salesman-2:(37,52)(21,47)(8,52)(5,64)(16,57)(7,38)(12,42)(5,25)(17,33)(30,48)(25,55)(37,52)
salesman-3:(37,52)(30,40)(25,32)(10,17)(27,23)(13,13)(5,6)(21,10)(20,26)(31,32)(32,39)(37,52)
salesman-4:(37,52)(38,46)(42,41)(39,10)(36,16)(30,15)(32,22)(46,10)(48,28)(40,30)(37,52)
salesman-5:(37,52)(45,35)(52,41)(49,49)(58,48)(62,42)(52,33)(51,21)(59,15)(58,27)(61,33)(56,37)(37,52)

Initial minimum distance: 889.4722672005466
Global minimum distance: 701.5339519268713
Running time: 40.01196336746216s
Route:
salesman-1:(37,52)(57,58)(62,63)(63,69)(52,64)(42,57)(43,67)(37,69)(31,62)(27,68)(17,63)(37,52)
salesman-2:(37,52)(25,55)(16,57)(5,64)(8,52)(21,47)(12,42)(7,38)(5,25)(17,33)(30,48)(37,52)
salesman-3:(37,52)(30,40)(31,32)(32,39)(20,26)(5,6)(10,17)(13,13)(21,10)(25,32)(27,23)(37,52)
salesman-4:(37,52)(38,46)(32,22)(40,30)(48,28)(39,10)(46,10)(51,21)(36,16)(30,15)(42,41)(37,52)
salesman-5:(37,52)(45,35)(52,41)(58,48)(62,42)(61,33)(52,33)(58,27)(59,15)(56,37)(49,49)(37,52)

Initial minimum distance: 889.4722672005466
Global minimum distance: 726.7274374371291
Running time: 40.06031847000122s
Route:
salesman-1:(37,52)(57,58)(62,63)(63,69)(52,64)(42,57)(43,67)(37,69)(31,62)(27,68)(17,63)(37,52)
salesman-2:(37,52)(30,48)(16,57)(8,52)(5,64)(25,55)(21,47)(12,42)(7,38)(5,25)(17,33)(37,52)
salesman-3:(37,52)(25,32)(31,32)(30,40)(27,23)(21,10)(10,17)(13,13)(20,26)(5,6)(32,39)(37,52)
salesman-4:(37,52)(38,46)(51,21)(39,10)(46,10)(59,15)(40,30)(30,15)(36,16)(32,22)(42,41)(37,52)
salesman-5:(37,52)(45,35)(52,33)(48,28)(61,33)(58,27)(56,37)(62,42)(58,48)(52,41)(49,49)(37,52)

Initial minimum distance: 889.4722672005466
Global minimum distance: 744.9972590646067
Running time: 40.05143213272095s
Route:
salesman-1:(37,52)(43,67)(52,64)(57,58)(62,63)(63,69)(42,57)(37,69)(31,62)(27,68)(17,63)(37,52)
salesman-2:(37,52)(17,33)(5,25)(7,38)(5,64)(8,52)(21,47)(25,55)(16,57)(12,42)(30,48)(37,52)
salesman-3:(37,52)(30,40)(31,32)(25,32)(10,17)(20,26)(5,6)(13,13)(21,10)(27,23)(32,39)(37,52)
salesman-4:(37,52)(30,15)(32,22)(40,30)(38,46)(36,16)(39,10)(46,10)(51,21)(48,28)(42,41)(37,52)
salesman-5:(37,52)(45,35)(59,15)(52,33)(58,27)(61,33)(56,37)(52,41)(62,42)(58,48)(49,49)(37,52)

Initial minimum distance: 889.4722672005466
Global minimum distance: 730.3154834765584
Running time: 40.45714974403381s
Route:
salesman-1:(37,52)(57,58)(62,63)(63,69)(52,64)(42,57)(43,67)(37,69)(31,62)(27,68)(17,63)(37,52)
salesman-2:(37,52)(5,64)(25,55)(16,57)(8,52)(21,47)(12,42)(30,48)(5,25)(7,38)(17,33)(37,52)
salesman-3:(37,52)(25,32)(32,39)(30,40)(27,23)(21,10)(5,6)(10,17)(13,13)(20,26)(31,32)(37,52)
salesman-4:(37,52)(38,46)(42,41)(40,30)(30,15)(32,22)(36,16)(39,10)(46,10)(51,21)(48,28)(37,52)
salesman-5:(37,52)(49,49)(45,35)(59,15)(52,33)(58,27)(61,33)(56,37)(52,41)(62,42)(58,48)(37,52)

Initial minimum distance: 889.4722672005466
Global minimum distance: 746.8115740225973
Running time: 40.3787202835083s
Route:
salesman-1:(37,52)(42,57)(63,69)(62,63)(57,58)(52,64)(43,67)(37,69)(31,62)(27,68)(17,63)(37,52)
salesman-2:(37,52)(21,47)(5,25)(17,33)(25,55)(5,64)(16,57)(8,52)(12,42)(7,38)(30,48)(37,52)
salesman-3:(37,52)(10,17)(21,10)(27,23)(5,6)(13,13)(20,26)(31,32)(30,40)(25,32)(32,39)(37,52)
salesman-4:(37,52)(38,46)(42,41)(40,30)(32,22)(36,16)(48,28)(30,15)(39,10)(46,10)(51,21)(37,52)
salesman-5:(37,52)(45,35)(59,15)(52,33)(58,27)(61,33)(56,37)(52,41)(62,42)(58,48)(49,49)(37,52)

Initial minimum distance: 889.4722672005466
Global minimum distance: 751.1554411213515
Running time: 40.90644431114197s
Route:
salesman-1:(37,52)(57,58)(62,63)(63,69)(52,64)(42,57)(43,67)(37,69)(27,68)(17,63)(31,62)(37,52)
salesman-2:(37,52)(12,42)(8,52)(5,64)(16,57)(7,38)(21,47)(30,48)(5,25)(17,33)(25,55)(37,52)
salesman-3:(37,52)(30,40)(10,17)(5,6)(13,13)(21,10)(20,26)(25,32)(32,39)(31,32)(27,23)(37,52)
salesman-4:(37,52)(38,46)(51,21)(30,15)(32,22)(48,28)(46,10)(39,10)(36,16)(40,30)(42,41)(37,52)
salesman-5:(37,52)(45,35)(59,15)(52,33)(58,27)(61,33)(56,37)(52,41)(62,42)(58,48)(49,49)(37,52)

Initial minimum distance: 889.4722672005466
Global minimum distance: 735.5763872191658
Running time: 40.941805601119995s
Route:
salesman-1:(37,52)(57,58)(62,63)(63,69)(52,64)(42,57)(43,67)(37,69)(31,62)(27,68)(17,63)(37,52)
salesman-2:(37,52)(25,55)(5,64)(16,57)(8,52)(5,25)(7,38)(12,42)(17,33)(21,47)(30,48)(37,52)
salesman-3:(37,52)(30,40)(31,32)(25,32)(13,13)(5,6)(21,10)(10,17)(27,23)(20,26)(32,39)(37,52)
salesman-4:(37,52)(48,28)(46,10)(36,16)(51,21)(39,10)(30,15)(32,22)(40,30)(42,41)(38,46)(37,52)
salesman-5:(37,52)(49,49)(52,33)(59,15)(52,41)(61,33)(58,48)(56,37)(58,27)(62,42)(45,35)(37,52)

Initial minimum distance: 889.4722672005466
Global minimum distance: 742.8346002235238
Running time: 41.033045530319214s
Route:
salesman-1:(37,52)(57,58)(62,63)(63,69)(52,64)(42,57)(43,67)(37,69)(31,62)(27,68)(17,63)(37,52)
salesman-2:(37,52)(25,55)(16,57)(21,47)(30,48)(17,33)(5,25)(8,52)(5,64)(7,38)(12,42)(37,52)
salesman-3:(37,52)(31,32)(25,32)(20,26)(5,6)(13,13)(10,17)(21,10)(30,40)(32,39)(27,23)(37,52)
salesman-4:(37,52)(40,30)(39,10)(46,10)(36,16)(32,22)(30,15)(51,21)(48,28)(42,41)(38,46)(37,52)
salesman-5:(37,52)(45,35)(59,15)(52,33)(58,27)(61,33)(56,37)(52,41)(49,49)(62,42)(58,48)(37,52)

Initial minimum distance: 885.9267720412935
Global minimum distance: 721.377858619179
Running time: 41.43301510810852s
Route:
salesman-1:(37,52)(57,58)(62,63)(63,69)(52,64)(42,57)(43,67)(37,69)(31,62)(17,63)(27,68)(37,52)
salesman-2:(37,52)(16,57)(21,47)(30,48)(25,55)(5,64)(8,52)(12,42)(7,38)(5,25)(17,33)(37,52)
salesman-3:(37,52)(21,10)(5,6)(10,17)(13,13)(20,26)(31,32)(30,40)(25,32)(27,23)(32,39)(37,52)
salesman-4:(37,52)(42,41)(38,46)(48,28)(51,21)(36,16)(30,15)(46,10)(39,10)(32,22)(40,30)(37,52)
salesman-5:(37,52)(45,35)(59,15)(52,33)(58,27)(61,33)(56,37)(52,41)(58,48)(62,42)(49,49)(37,52)

Initial minimum distance: 889.4722672005466
Global minimum distance: 693.7882700772954
Running time: 41.484614849090576s
Route:
salesman-1:(37,52)(57,58)(62,63)(63,69)(52,64)(42,57)(43,67)(37,69)(31,62)(37,52)
salesman-2:(37,52)(30,48)(8,52)(5,64)(16,57)(27,68)(17,63)(25,55)(21,47)(12,42)(7,38)(5,25)(17,33)(37,52)
salesman-3:(37,52)(25,32)(27,23)(13,13)(10,17)(5,6)(21,10)(20,26)(32,39)(30,40)(31,32)(37,52)
salesman-4:(37,52)(38,46)(40,30)(46,10)(30,15)(36,16)(32,22)(39,10)(48,28)(51,21)(42,41)(37,52)
salesman-5:(37,52)(45,35)(59,15)(61,33)(58,27)(52,33)(56,37)(52,41)(62,42)(58,48)(49,49)(37,52)

Initial minimum distance: 889.4722672005466
Global minimum distance: 726.567173614512
Running time: 43.262221336364746s
Route:
salesman-1:(37,52)(57,58)(62,63)(63,69)(52,64)(42,57)(43,67)(37,69)(31,62)(17,63)(27,68)(37,52)
salesman-2:(37,52)(25,55)(30,48)(12,42)(7,38)(16,57)(8,52)(5,64)(5,25)(17,33)(21,47)(37,52)
salesman-3:(37,52)(32,39)(31,32)(10,17)(13,13)(21,10)(5,6)(27,23)(20,26)(25,32)(30,40)(37,52)
salesman-4:(37,52)(42,41)(51,21)(48,28)(40,30)(46,10)(39,10)(32,22)(30,15)(36,16)(38,46)(37,52)
salesman-5:(37,52)(58,48)(52,41)(45,35)(59,15)(52,33)(58,27)(61,33)(56,37)(62,42)(49,49)(37,52)

Initial minimum distance: 889.4722672005466
Global minimum distance: 663.692967884162
Running time: 43.74238443374634s
Route:
salesman-1:(37,52)(57,58)(62,63)(63,69)(52,64)(42,57)(43,67)(37,69)(31,62)(27,68)(17,63)(37,52)
salesman-2:(37,52)(25,55)(16,57)(5,64)(8,52)(21,47)(17,33)(5,25)(7,38)(12,42)(30,48)(37,52)
salesman-3:(37,52)(31,32)(27,23)(25,32)(13,13)(21,10)(5,6)(10,17)(20,26)(32,39)(30,40)(37,52)
salesman-4:(37,52)(38,46)(40,30)(48,28)(51,21)(46,10)(39,10)(30,15)(36,16)(32,22)(42,41)(37,52)
salesman-5:(37,52)(45,35)(59,15)(52,33)(58,27)(61,33)(56,37)(62,42)(52,41)(49,49)(58,48)(37,52)

Initial minimum distance: 889.4722672005466
Global minimum distance: 771.8767262131369
Running time: 45.648749351501465s
Route:
salesman-1:(37,52)(57,58)(62,63)(63,69)(52,64)(42,57)(43,67)(37,69)(31,62)(27,68)(17,63)(37,52)
salesman-2:(37,52)(25,55)(5,64)(16,57)(8,52)(21,47)(30,48)(17,33)(7,38)(5,25)(12,42)(37,52)
salesman-3:(37,52)(30,40)(27,23)(21,10)(5,6)(13,13)(10,17)(20,26)(25,32)(31,32)(32,39)(37,52)
salesman-4:(37,52)(30,15)(32,22)(36,16)(39,10)(40,30)(38,46)(46,10)(51,21)(42,41)(48,28)(37,52)
salesman-5:(37,52)(45,35)(59,15)(52,33)(58,27)(61,33)(56,37)(52,41)(62,42)(49,49)(58,48)(37,52)

Initial minimum distance: 889.4722672005466
Global minimum distance: 753.4894286913244
Running time: 46.43977379798889s
Route:
salesman-1:(37,52)(57,58)(62,63)(63,69)(52,64)(42,57)(43,67)(37,69)(31,62)(27,68)(17,63)(37,52)
salesman-2:(37,52)(21,47)(30,48)(25,55)(16,57)(8,52)(12,42)(17,33)(7,38)(5,25)(5,64)(37,52)
salesman-3:(37,52)(30,40)(31,32)(25,32)(20,26)(21,10)(13,13)(27,23)(5,6)(10,17)(32,39)(37,52)
salesman-4:(37,52)(51,21)(30,15)(32,22)(40,30)(46,10)(39,10)(36,16)(48,28)(42,41)(38,46)(37,52)
salesman-5:(37,52)(49,49)(58,48)(61,33)(52,41)(52,33)(59,15)(58,27)(62,42)(56,37)(45,35)(37,52)

