Initial minimum distance: 269463.60834625864
Global minimum distance: 116570.86562385561
Running time: 148.495774269104s
[24, 30, 22, 32, 46]
Final Route: |(2260,1123)|(710,2080)|(1410,2200)|(178,2348)|(400,2140)|(920,1990)|(91,2110)|(739,1850)|(1360,1048)|(1393,1368)|(2310,236)|(2120,330)|(1323,400)|(1286,525)|(2916,1724)|(3447,2160)|(2849,1214)|(2790,1457)|(1795,962)|(298,1513)|(198,1810)|(500,1960)|(738,1325)|(1034,1344)|
(2260,1123)|(1419,872)|(2097,981)|(2186,766)|(241,341)|(382,872)|(22,987)|(53,1657)|(19,674)|(252,1240)|(285,1029)|(123,1310)|(560,1180)|(1247,1945)|(463,1670)|(928,1700)|(1689,1223)|(3430,1088)|(3000,2140)|(3990,2304)|(3911,2180)|(4200,2080)|(4670,1498)|(4520,2030)|(4480,1638)|(4150,899)|(3756,882)|(4260,102)|(4530,265)|(3875,598)|
(2260,1123)|(2991,792)|(1754,390)|(1256,61)|(741,146)|(1782,93)|(1930,2160)|(1251,2362)|(1625,2100)|(2139,2326)|(2716,2120)|(3950,1558)|(3874,1318)|(4090,1067)|(3613,523)|(3780,1079)|(3113,885)|(3180,1070)|(2588,302)|(2753,283)|(2574,946)|(3029,1242)|
(2260,1123)|(2421,1007)|(2482,1183)|(3404,1307)|(2576,1676)|(1250,1200)|(984,965)|(376,550)|(776,392)|(839,620)|(1067,371)|(876,70)|(48,154)|(217,550)|(374,9)|(742,1025)|(1280,237)|(457,334)|(1429,134)|(872,1559)|(938,810)|(1187,706)|(611,673)|(1480,660)|(1628,253)|(611,2326)|(1741,712)|(2820,980)|(3416,143)|(3232,324)|(2519,135)|(2270,550)|
(2260,1123)|(3085,1528)|(2460,1400)|(2848,96)|(3527,41)|(4120,310)|(3810,1900)|(3548,1999)|(3104,1931)|(2445,1820)|(2930,2293)|(2420,2250)|(1770,1884)|(2178,1619)|(1620,1804)|(1513,2326)|(929,2326)|(1220,1560)|(1115,2180)|(2270,1920)|(4610,1758)|(3479,821)|(3230,650)|(2936,337)|(4230,1825)|(4670,1350)|(4590,1023)|(3955,1743)|(3683,1533)|(3326,1846)|(2573,1969)|(3373,1646)|(3730,2304)|(4280,1479)|(4570,857)|(4140,666)|(4340,740)|(4240,1286)|(4530,609)|(4740,268)|(3815,169)|(3640,300)|(4390,420)|(4210,500)|(2863,558)|(2573,599)|

Initial minimum distance: 272415.4623904505
Global minimum distance: 131957.8628857875
Running time: 148.9024395942688s
[51, 26, 29, 38, 10]
Final Route: |(2260,1123)|(2849,1214)|(4670,1350)|(4530,265)|(4280,1479)|(2445,1820)|(3326,1846)|(2421,1007)|(4090,1067)|(4530,609)|(4340,740)|(3430,1088)|(2519,135)|(1286,525)|(53,1657)|(298,1513)|(376,550)|(1429,134)|(1323,400)|(1187,706)|(1393,1368)|(1220,1560)|(1247,1945)|(920,1990)|(928,1700)|(500,1960)|(198,1810)|(1250,1200)|(1360,1048)|(252,1240)|(382,872)|(463,1670)|(1795,962)|(1115,2180)|(4200,2080)|(3104,1931)|(3955,1743)|(3874,1318)|(3613,523)|(4210,500)|(4120,310)|(4570,857)|(3875,598)|(2753,283)|(4260,102)|(3815,169)|(2574,946)|(2588,302)|(1782,93)|(1628,253)|(1741,712)|
(2260,1123)|(929,2326)|(872,1559)|(1625,2100)|(611,2326)|(400,2140)|(1930,2160)|(91,2110)|(178,2348)|(739,1850)|(1480,660)|(876,70)|(938,810)|(738,1325)|(1280,237)|(48,154)|(241,341)|(19,674)|(22,987)|(285,1029)|(123,1310)|(2310,236)|(4390,420)|(4140,666)|(3950,1558)|(3479,821)|
(2260,1123)|(2863,558)|(2576,1676)|(2573,1969)|(2573,599)|(2186,766)|(2270,550)|(2097,981)|(1689,1223)|(1754,390)|(1256,61)|(776,392)|(741,146)|(1419,872)|(1067,371)|(457,334)|(1410,2200)|(1034,1344)|(2120,330)|(2820,980)|(2482,1183)|(2991,792)|(3180,1070)|(3404,1307)|(1770,1884)|(2270,1920)|(2178,1619)|(3113,885)|(3230,650)|
(2260,1123)|(3029,1242)|(2716,2120)|(2930,2293)|(3447,2160)|(3911,2180)|(3990,2304)|(3730,2304)|(3373,1646)|(4150,899)|(4740,268)|(4520,2030)|(3756,882)|(4670,1498)|(4480,1638)|(4610,1758)|(4230,1825)|(3810,1900)|(3683,1533)|(3085,1528)|(2790,1457)|(1513,2326)|(1251,2362)|(710,2080)|(611,673)|(374,9)|(839,620)|(742,1025)|(2460,1400)|(984,965)|(217,550)|(560,1180)|(1620,1804)|(2139,2326)|(3780,1079)|(4240,1286)|(3000,2140)|(2916,1724)|
(2260,1123)|(2936,337)|(3232,324)|(3416,143)|(4590,1023)|(3640,300)|(3527,41)|(2848,96)|(3548,1999)|(2420,2250)|

Initial minimum distance: 268468.276923803
Global minimum distance: 133145.38685222945
Running time: 151.54255890846252s
[34, 17, 26, 54, 23]
Final Route: |(2260,1123)|(3000,2140)|(2716,2120)|(3326,1846)|(2270,1920)|(3447,2160)|(3640,300)|(2519,135)|(3232,324)|(2588,302)|(2310,236)|(2270,550)|(2573,1969)|(1247,1945)|(920,1990)|(839,620)|(611,673)|(1286,525)|(776,392)|(1280,237)|(876,70)|(217,550)|(400,2140)|(1410,2200)|(1251,2362)|(1323,400)|(560,1180)|(1360,1048)|(1115,2180)|(710,2080)|(178,2348)|(929,2326)|(91,2110)|(123,1310)|
(2260,1123)|(1795,962)|(4740,268)|(4260,102)|(4140,666)|(3430,1088)|(3180,1070)|(3373,1646)|(2576,1676)|(2482,1183)|(3527,41)|(3810,1900)|(3950,1558)|(4610,1758)|(3911,2180)|(1782,93)|(2991,792)|
(2260,1123)|(3029,1242)|(2178,1619)|(1770,1884)|(1930,2160)|(2460,1400)|(2097,981)|(3085,1528)|(3955,1743)|(4480,1638)|(4200,2080)|(3548,1999)|(3730,2304)|(3613,523)|(3416,143)|(1754,390)|(1480,660)|(611,2326)|(739,1850)|(1393,1368)|(1513,2326)|(1625,2100)|(1620,1804)|(2753,283)|(2421,1007)|(2574,946)|
(2260,1123)|(2186,766)|(3404,1307)|(4390,420)|(4530,265)|(4530,609)|(3875,598)|(3815,169)|(4670,1498)|(3990,2304)|(2916,1724)|(4150,899)|(4280,1479)|(4340,740)|(3756,882)|(4240,1286)|(4520,2030)|(4590,1023)|(4670,1350)|(3104,1931)|(2139,2326)|(2930,2293)|(3874,1318)|(2790,1457)|(3113,885)|(3683,1533)|(4230,1825)|(4090,1067)|(4570,857)|(4120,310)|(4210,500)|(2120,330)|(1250,1200)|(872,1559)|(285,1029)|(938,810)|(1419,872)|(1187,706)|(2445,1820)|(2420,2250)|(3780,1079)|(3479,821)|(2573,599)|(2820,980)|(2848,96)|(2936,337)|(3230,650)|(374,9)|(48,154)|(241,341)|(1067,371)|(1429,134)|(1741,712)|(1689,1223)|
(2260,1123)|(1034,1344)|(1220,1560)|(198,1810)|(463,1670)|(298,1513)|(500,1960)|(382,872)|(984,965)|(457,334)|(741,146)|(928,1700)|(53,1657)|(738,1325)|(22,987)|(376,550)|(19,674)|(252,1240)|(742,1025)|(1628,253)|(2863,558)|(1256,61)|(2849,1214)|

Initial minimum distance: 266668.0123710908
Global minimum distance: 129911.9712869045
Running time: 152.0120599269867s
[24, 33, 42, 30, 25]
Final Route: |(2260,1123)|(4670,1350)|(4240,1286)|(4230,1825)|(4520,2030)|(3911,2180)|(3447,2160)|(3180,1070)|(2863,558)|(2270,550)|(2186,766)|(1480,660)|(457,334)|(1628,253)|(3527,41)|(3232,324)|(3479,821)|(3613,523)|(2849,1214)|(3810,1900)|(3950,1558)|(3780,1079)|(4280,1479)|(3430,1088)|
(2260,1123)|(2270,1920)|(1782,93)|(611,673)|(382,872)|(298,1513)|(1250,1200)|(1625,2100)|(920,1990)|(123,1310)|(463,1670)|(252,1240)|(22,987)|(739,1850)|(3085,1528)|(1429,134)|(1280,237)|(1067,371)|(1187,706)|(241,341)|(48,154)|(285,1029)|(2097,981)|(839,620)|(376,550)|(19,674)|(872,1559)|(738,1325)|(217,550)|(1323,400)|(1754,390)|(1689,1223)|(2178,1619)|
(2260,1123)|(1795,962)|(1770,1884)|(929,2326)|(611,2326)|(1115,2180)|(710,2080)|(2139,2326)|(1410,2200)|(2574,946)|(4120,310)|(4210,500)|(4200,2080)|(2991,792)|(1286,525)|(2120,330)|(2421,1007)|(2482,1183)|(2716,2120)|(2445,1820)|(2420,2250)|(1930,2160)|(1251,2362)|(1419,872)|(984,965)|(53,1657)|(178,2348)|(400,2140)|(500,1960)|(198,1810)|(1393,1368)|(1513,2326)|(91,2110)|(938,810)|(1256,61)|(876,70)|(374,9)|(741,146)|(2753,283)|(2573,599)|(2588,302)|(2519,135)|
(2260,1123)|(1247,1945)|(1220,1560)|(560,1180)|(1620,1804)|(928,1700)|(1360,1048)|(3640,300)|(3875,598)|(3326,1846)|(2916,1724)|(3000,2140)|(3104,1931)|(3373,1646)|(4670,1498)|(3730,2304)|(3548,1999)|(3874,1318)|(3404,1307)|(3230,650)|(3416,143)|(3990,2304)|(3683,1533)|(4090,1067)|(4150,899)|(2820,980)|(3113,885)|(2576,1676)|(2460,1400)|(2790,1457)|
(2260,1123)|(4610,1758)|(3955,1743)|(4530,265)|(4530,609)|(4340,740)|(4590,1023)|(4740,268)|(4480,1638)|(3756,882)|(3029,1242)|(2573,1969)|(2930,2293)|(1741,712)|(742,1025)|(1034,1344)|(776,392)|(2848,96)|(3815,169)|(4260,102)|(4390,420)|(4570,857)|(4140,666)|(2936,337)|(2310,236)|

Initial minimum distance: 264407.8371076325
Global minimum distance: 131770.4223966306
Running time: 152.16299557685852s
[33, 30, 20, 42, 29]
Final Route: |(2260,1123)|(1187,706)|(1067,371)|(1795,962)|(1628,253)|(1429,134)|(2790,1457)|(3875,598)|(3527,41)|(2270,550)|(1480,660)|(1280,237)|(123,1310)|(1256,61)|(2420,2250)|(252,1240)|(776,392)|(457,334)|(741,146)|(839,620)|(2178,1619)|(2270,1920)|(1513,2326)|(91,2110)|(298,1513)|(53,1657)|(739,1850)|(1393,1368)|(1419,872)|(500,1960)|(1625,2100)|(1115,2180)|(738,1325)|
(2260,1123)|(1360,1048)|(938,810)|(1323,400)|(1286,525)|(876,70)|(984,965)|(1034,1344)|(463,1670)|(929,2326)|(872,1559)|(400,2140)|(285,1029)|(376,550)|(217,550)|(198,1810)|(178,2348)|(611,2326)|(1247,1945)|(1251,2362)|(2716,2120)|(2930,2293)|(3000,2140)|(2848,96)|(1782,93)|(2310,236)|(2519,135)|(3180,1070)|(2186,766)|(2482,1183)|
(2260,1123)|(2421,1007)|(2120,330)|(2753,283)|(2139,2326)|(1620,1804)|(2460,1400)|(3447,2160)|(3990,2304)|(4210,500)|(3230,650)|(3613,523)|(4240,1286)|(3640,300)|(3232,324)|(3416,143)|(3479,821)|(3683,1533)|(3430,1088)|(3085,1528)|
(2260,1123)|(3029,1242)|(1250,1200)|(920,1990)|(2445,1820)|(3756,882)|(2936,337)|(4670,1350)|(4530,609)|(4740,268)|(4530,265)|(4260,102)|(4390,420)|(3815,169)|(3955,1743)|(3730,2304)|(3911,2180)|(4520,2030)|(2573,1969)|(1770,1884)|(1410,2200)|(1930,2160)|(742,1025)|(22,987)|(382,872)|(48,154)|(241,341)|(374,9)|(19,674)|(928,1700)|(710,2080)|(1220,1560)|(2573,599)|(2863,558)|(2574,946)|(1754,390)|(611,673)|(560,1180)|(1741,712)|(2097,981)|(2588,302)|(2820,980)|
(2260,1123)|(4120,310)|(4480,1638)|(3874,1318)|(4670,1498)|(4570,857)|(3950,1558)|(4590,1023)|(3810,1900)|(3548,1999)|(4200,2080)|(4230,1825)|(3326,1846)|(3373,1646)|(3113,885)|(4140,666)|(2991,792)|(4280,1479)|(3104,1931)|(2849,1214)|(2916,1724)|(2576,1676)|(3404,1307)|(4150,899)|(3780,1079)|(4340,740)|(4610,1758)|(4090,1067)|(1689,1223)|

Initial minimum distance: 268543.85285491694
Global minimum distance: 127176.44559160636
Running time: 152.65377378463745s
[22, 29, 19, 55, 29]
Final Route: |(2260,1123)|(4140,666)|(4740,268)|(4260,102)|(3756,882)|(3613,523)|(4670,1498)|(3950,1558)|(3780,1079)|(2574,946)|(3230,650)|(4150,899)|(3874,1318)|(4570,857)|(4670,1350)|(4240,1286)|(4210,500)|(3875,598)|(4390,420)|(4530,609)|(3085,1528)|(2790,1457)|
(2260,1123)|(53,1657)|(463,1670)|(1115,2180)|(2139,2326)|(2270,1920)|(2716,2120)|(3810,1900)|(3683,1533)|(3640,300)|(4530,265)|(3113,885)|(1795,962)|(2753,283)|(3430,1088)|(4200,2080)|(4520,2030)|(4610,1758)|(3911,2180)|(3104,1931)|(3990,2304)|(3447,2160)|(3326,1846)|(2916,1724)|(3955,1743)|(2930,2293)|(3000,2140)|(2445,1820)|(2576,1676)|
(2260,1123)|(1770,1884)|(1930,2160)|(1625,2100)|(1513,2326)|(928,1700)|(920,1990)|(611,2326)|(91,2110)|(178,2348)|(710,2080)|(123,1310)|(19,674)|(839,620)|(1323,400)|(1419,872)|(1360,1048)|(1754,390)|(382,872)|
(2260,1123)|(1187,706)|(1251,2362)|(929,2326)|(1410,2200)|(560,1180)|(1034,1344)|(2460,1400)|(3404,1307)|(2863,558)|(4120,310)|(3232,324)|(3730,2304)|(3548,1999)|(4340,740)|(4280,1479)|(4480,1638)|(4590,1023)|(4230,1825)|(3180,1070)|(3373,1646)|(1741,712)|(2588,302)|(3416,143)|(48,154)|(1280,237)|(1628,253)|(2936,337)|(2848,96)|(1256,61)|(741,146)|(374,9)|(457,334)|(285,1029)|(1247,1945)|(1620,1804)|(1393,1368)|(2186,766)|(2120,330)|(1429,134)|(1480,660)|(876,70)|(1067,371)|(500,1960)|(400,2140)|(738,1325)|(742,1025)|(872,1559)|(938,810)|(376,550)|(2482,1183)|(2573,1969)|(2820,980)|(2991,792)|(2849,1214)|
(2260,1123)|(4090,1067)|(3029,1242)|(2420,2250)|(1689,1223)|(1782,93)|(2270,550)|(2310,236)|(3479,821)|(3815,169)|(3527,41)|(2573,599)|(2519,135)|(2421,1007)|(611,673)|(984,965)|(1286,525)|(2178,1619)|(739,1850)|(198,1810)|(22,987)|(217,550)|(241,341)|(776,392)|(298,1513)|(252,1240)|(1220,1560)|(1250,1200)|(2097,981)|

Initial minimum distance: 272787.9757326536
Global minimum distance: 135771.57349025542
Running time: 153.11261916160583s
[22, 39, 37, 23, 33]
Final Route: |(2260,1123)|(3640,300)|(3232,324)|(4230,1825)|(3950,1558)|(4530,265)|(4610,1758)|(4140,666)|(4740,268)|(4090,1067)|(4260,102)|(4340,740)|(3815,169)|(3527,41)|(2849,1214)|(3113,885)|(2936,337)|(1628,253)|(1067,371)|(2573,599)|(1480,660)|(1410,2200)|
(2260,1123)|(53,1657)|(22,987)|(376,550)|(374,9)|(241,341)|(298,1513)|(1286,525)|(1419,872)|(1795,962)|(1741,712)|(3875,598)|(4120,310)|(4670,1498)|(4200,2080)|(3955,1743)|(3613,523)|(3416,143)|(2991,792)|(3756,882)|(4210,500)|(3780,1079)|(4280,1479)|(4670,1350)|(3683,1533)|(4240,1286)|(4590,1023)|(4150,899)|(2848,96)|(1754,390)|(2310,236)|(2120,330)|(2753,283)|(2588,302)|(1429,134)|(1187,706)|(285,1029)|(457,334)|(1782,93)|
(2260,1123)|(3373,1646)|(1393,1368)|(560,1180)|(382,872)|(742,1025)|(1280,237)|(1323,400)|(738,1325)|(500,1960)|(178,2348)|(929,2326)|(710,2080)|(123,1310)|(1034,1344)|(2716,2120)|(3000,2140)|(3447,2160)|(3029,1242)|(2097,981)|(2270,1920)|(3180,1070)|(3230,650)|(2460,1400)|(2445,1820)|(2790,1457)|(2574,946)|(776,392)|(217,550)|(741,146)|(19,674)|(876,70)|(48,154)|(3326,1846)|(3810,1900)|(3548,1999)|(3104,1931)|
(2260,1123)|(2178,1619)|(2270,550)|(3085,1528)|(2863,558)|(2519,135)|(2186,766)|(839,620)|(611,673)|(938,810)|(1256,61)|(739,1850)|(463,1670)|(1250,1200)|(1689,1223)|(2573,1969)|(2139,2326)|(2916,1724)|(2576,1676)|(2421,1007)|(928,1700)|(91,2110)|(400,2140)|
(2260,1123)|(252,1240)|(984,965)|(1625,2100)|(1620,1804)|(1513,2326)|(872,1559)|(1251,2362)|(1930,2160)|(1770,1884)|(2482,1183)|(2930,2293)|(3404,1307)|(3874,1318)|(4480,1638)|(4520,2030)|(3990,2304)|(3911,2180)|(3730,2304)|(4390,420)|(4570,857)|(4530,609)|(2820,980)|(3479,821)|(3430,1088)|(2420,2250)|(611,2326)|(1220,1560)|(1360,1048)|(920,1990)|(1247,1945)|(198,1810)|(1115,2180)|

Initial minimum distance: 267174.7877881591
Global minimum distance: 127125.36720697161
Running time: 153.46995544433594s
[31, 48, 19, 37, 19]
Final Route: |(2260,1123)|(3085,1528)|(2588,302)|(3874,1318)|(4150,899)|(4480,1638)|(3430,1088)|(3479,821)|(2916,1724)|(3780,1079)|(2936,337)|(2574,946)|(2573,599)|(2753,283)|(3230,650)|(3416,143)|(3527,41)|(4140,666)|(4570,857)|(4590,1023)|(3683,1533)|(3950,1558)|(3810,1900)|(3548,1999)|(4240,1286)|(4090,1067)|(3911,2180)|(2519,135)|(3756,882)|(3029,1242)|(3104,1931)|
(2260,1123)|(2930,2293)|(1795,962)|(876,70)|(1429,134)|(938,810)|(738,1325)|(560,1180)|(382,872)|(872,1559)|(123,1310)|(198,1810)|(400,2140)|(298,1513)|(285,1029)|(500,1960)|(920,1990)|(1220,1560)|(1410,2200)|(1930,2160)|(1251,2362)|(1770,1884)|(2270,1920)|(2178,1619)|(2460,1400)|(4670,1350)|(4670,1498)|(4610,1758)|(4520,2030)|(4230,1825)|(2576,1676)|(2186,766)|(2097,981)|(1419,872)|(1360,1048)|(742,1025)|(1280,237)|(1754,390)|(1782,93)|(776,392)|(839,620)|(217,550)|(22,987)|(19,674)|(376,550)|(1286,525)|(1393,1368)|(1625,2100)|
(2260,1123)|(252,1240)|(611,2326)|(741,146)|(611,673)|(53,1657)|(739,1850)|(1115,2180)|(928,1700)|(1034,1344)|(1620,1804)|(178,2348)|(91,2110)|(2820,980)|(2445,1820)|(2716,2120)|(1513,2326)|(929,2326)|(2139,2326)|
(2260,1123)|(3326,1846)|(3404,1307)|(3447,2160)|(3730,2304)|(3373,1646)|(4280,1479)|(3232,324)|(2863,558)|(2421,1007)|(3000,2140)|(3113,885)|(3180,1070)|(2482,1183)|(2991,792)|(2848,96)|(3640,300)|(3815,169)|(4120,310)|(4210,500)|(4390,420)|(4260,102)|(4530,265)|(3613,523)|(3875,598)|(2310,236)|(4340,740)|(4740,268)|(4200,2080)|(2790,1457)|(2849,1214)|(2420,2250)|(1247,1945)|(4530,609)|(3955,1743)|(3990,2304)|(2573,1969)|
(2260,1123)|(1250,1200)|(984,965)|(2120,330)|(1480,660)|(1187,706)|(1741,712)|(1689,1223)|(463,1670)|(710,2080)|(374,9)|(48,154)|(457,334)|(1256,61)|(241,341)|(1323,400)|(1067,371)|(2270,550)|(1628,253)|

Initial minimum distance: 267634.1826440282
Global minimum distance: 133596.81284149078
Running time: 156.51293420791626s
[27, 30, 45, 20, 32]
Final Route: |(2260,1123)|(1419,872)|(2574,946)|(3527,41)|(4530,265)|(776,392)|(374,9)|(457,334)|(376,550)|(48,154)|(22,987)|(19,674)|(285,1029)|(53,1657)|(741,146)|(876,70)|(3416,143)|(3640,300)|(3950,1558)|(4090,1067)|(4150,899)|(2420,2250)|(1625,2100)|(929,2326)|(1115,2180)|(738,1325)|(984,965)|
(2260,1123)|(2849,1214)|(1429,134)|(2120,330)|(1280,237)|(1628,253)|(1286,525)|(742,1025)|(611,2326)|(1513,2326)|(2460,1400)|(1247,1945)|(2270,1920)|(739,1850)|(1220,1560)|(1393,1368)|(1360,1048)|(938,810)|(1187,706)|(928,1700)|(178,2348)|(91,2110)|(198,1810)|(217,550)|(611,673)|(872,1559)|(710,2080)|(920,1990)|(1251,2362)|(1410,2200)|
(2260,1123)|(3085,1528)|(3404,1307)|(2790,1457)|(3430,1088)|(3232,324)|(3780,1079)|(3230,650)|(3479,821)|(3326,1846)|(3029,1242)|(3548,1999)|(2178,1619)|(2588,302)|(2991,792)|(3113,885)|(3180,1070)|(3613,523)|(4140,666)|(4570,857)|(4670,1350)|(4480,1638)|(4230,1825)|(2573,1969)|(2936,337)|(2863,558)|(1250,1200)|(1795,962)|(1480,660)|(1256,61)|(1067,371)|(839,620)|(400,2140)|(463,1670)|(1689,1223)|(2445,1820)|(2573,599)|(2270,550)|(2848,96)|(4210,500)|(2519,135)|(1782,93)|(1754,390)|(2310,236)|(2820,980)|
(2260,1123)|(2421,1007)|(1770,1884)|(1741,712)|(500,1960)|(252,1240)|(298,1513)|(1034,1344)|(1323,400)|(2916,1724)|(3955,1743)|(3373,1646)|(4200,2080)|(3447,2160)|(2930,2293)|(3683,1533)|(3730,2304)|(4590,1023)|(4280,1479)|(3874,1318)|
(2260,1123)|(4240,1286)|(3104,1931)|(2097,981)|(2482,1183)|(2753,283)|(4260,102)|(4340,740)|(4120,310)|(4670,1498)|(2576,1676)|(2186,766)|(1930,2160)|(2139,2326)|(2716,2120)|(3000,2140)|(3911,2180)|(4520,2030)|(3990,2304)|(3810,1900)|(4610,1758)|(4530,609)|(3875,598)|(4740,268)|(4390,420)|(3815,169)|(3756,882)|(241,341)|(560,1180)|(382,872)|(123,1310)|(1620,1804)|

Initial minimum distance: 270660.8461998689
Global minimum distance: 127408.21995784016
Running time: 156.46908450126648s
[38, 49, 12, 21, 34]
Final Route: |(2260,1123)|(2186,766)|(1250,1200)|(2178,1619)|(1115,2180)|(463,1670)|(198,1810)|(285,1029)|(53,1657)|(91,2110)|(500,1960)|(178,2348)|(928,1700)|(742,1025)|(1256,61)|(1795,962)|(938,810)|(1393,1368)|(1930,2160)|(1251,2362)|(611,2326)|(710,2080)|(1513,2326)|(3683,1533)|(3104,1931)|(4140,666)|(3875,598)|(3404,1307)|(3085,1528)|(3950,1558)|(3029,1242)|(4670,1350)|(4150,899)|(3874,1318)|(4480,1638)|(4210,500)|(4090,1067)|(3730,2304)|
(2260,1123)|(2445,1820)|(2097,981)|(2420,2250)|(3447,2160)|(3230,650)|(3955,1743)|(1625,2100)|(839,620)|(1286,525)|(1419,872)|(1280,237)|(1429,134)|(1628,253)|(872,1559)|(1067,371)|(22,987)|(741,146)|(739,1850)|(1220,1560)|(1360,1048)|(611,673)|(217,550)|(241,341)|(776,392)|(457,334)|(876,70)|(298,1513)|(123,1310)|(252,1240)|(19,674)|(376,550)|(1323,400)|(2573,599)|(48,154)|(374,9)|(382,872)|(1689,1223)|(1034,1344)|(984,965)|(560,1180)|(738,1325)|(920,1990)|(1620,1804)|(1410,2200)|(1247,1945)|(2139,2326)|(1770,1884)|(2482,1183)|
(2260,1123)|(1480,660)|(1754,390)|(1782,93)|(2519,135)|(2460,1400)|(2573,1969)|(2930,2293)|(4200,2080)|(3990,2304)|(3911,2180)|(3810,1900)|
(2260,1123)|(3548,1999)|(3373,1646)|(4230,1825)|(4240,1286)|(4590,1023)|(4120,310)|(3815,169)|(3430,1088)|(3416,143)|(2863,558)|(3613,523)|(3527,41)|(3232,324)|(2270,550)|(2849,1214)|(1187,706)|(1741,712)|(2991,792)|(2310,236)|(2120,330)|
(2260,1123)|(2421,1007)|(3780,1079)|(3180,1070)|(3640,300)|(2753,283)|(2848,96)|(2588,302)|(3479,821)|(4260,102)|(2576,1676)|(2790,1457)|(2270,1920)|(929,2326)|(400,2140)|(2716,2120)|(2936,337)|(2574,946)|(3113,885)|(2820,980)|(4340,740)|(4570,857)|(4740,268)|(4390,420)|(4530,265)|(4530,609)|(3326,1846)|(4610,1758)|(4520,2030)|(4280,1479)|(4670,1498)|(3756,882)|(2916,1724)|(3000,2140)|

Initial minimum distance: 264516.3271302408
Global minimum distance: 128324.50901096578
Running time: 156.67871117591858s
[14, 44, 41, 22, 33]
Final Route: |(2260,1123)|(3180,1070)|(2460,1400)|(2139,2326)|(2270,1920)|(2916,1724)|(2097,981)|(4120,310)|(4570,857)|(4210,500)|(3416,143)|(3527,41)|(1250,1200)|(1620,1804)|
(2260,1123)|(2482,1183)|(4140,666)|(4340,740)|(3230,650)|(3756,882)|(4480,1638)|(4670,1350)|(3613,523)|(3479,821)|(3113,885)|(3780,1079)|(4090,1067)|(3640,300)|(4530,265)|(3373,1646)|(3683,1533)|(3447,2160)|(3326,1846)|(4240,1286)|(4670,1498)|(4610,1758)|(3404,1307)|(3104,1931)|(2573,1969)|(2420,2250)|(3990,2304)|(4230,1825)|(3810,1900)|(3548,1999)|(3955,1743)|(4280,1479)|(4150,899)|(4260,102)|(3815,169)|(2936,337)|(4390,420)|(4530,609)|(4740,268)|(4590,1023)|(3950,1558)|(2753,283)|(1930,2160)|(1625,2100)|
(2260,1123)|(2519,135)|(1628,253)|(876,70)|(2848,96)|(382,872)|(839,620)|(298,1513)|(984,965)|(91,2110)|(123,1310)|(1115,2180)|(178,2348)|(400,2140)|(1220,1560)|(1280,237)|(1782,93)|(2574,946)|(2573,599)|(1770,1884)|(739,1850)|(738,1325)|(53,1657)|(22,987)|(241,341)|(776,392)|(463,1670)|(611,2326)|(1251,2362)|(1513,2326)|(920,1990)|(1247,1945)|(872,1559)|(198,1810)|(928,1700)|(710,2080)|(929,2326)|(1410,2200)|(2310,236)|(3875,598)|(3232,324)|
(2260,1123)|(2120,330)|(3029,1242)|(2849,1214)|(3085,1528)|(4200,2080)|(3911,2180)|(3730,2304)|(3874,1318)|(3430,1088)|(2991,792)|(2790,1457)|(4520,2030)|(3000,2140)|(2716,2120)|(1393,1368)|(285,1029)|(938,810)|(1067,371)|(1419,872)|(742,1025)|(1689,1223)|
(2260,1123)|(1795,962)|(2445,1820)|(2178,1619)|(2930,2293)|(2186,766)|(2270,550)|(2588,302)|(2820,980)|(2421,1007)|(1286,525)|(1741,712)|(252,1240)|(217,550)|(48,154)|(560,1180)|(611,673)|(1754,390)|(1256,61)|(1034,1344)|(500,1960)|(1187,706)|(1480,660)|(374,9)|(741,146)|(376,550)|(19,674)|(457,334)|(1360,1048)|(1323,400)|(1429,134)|(2863,558)|(2576,1676)|

Initial minimum distance: 274538.3404922952
Global minimum distance: 136663.67676655797
Running time: 158.79835033416748s
[26, 36, 22, 26, 44]
Final Route: |(2260,1123)|(1251,2362)|(3029,1242)|(3326,1846)|(4200,2080)|(4670,1350)|(4570,857)|(4610,1758)|(3810,1900)|(3990,2304)|(3950,1558)|(3874,1318)|(3230,650)|(4480,1638)|(4520,2030)|(3373,1646)|(4280,1479)|(3780,1079)|(2588,302)|(3756,882)|(1782,93)|(123,1310)|(252,1240)|(739,1850)|(1247,1945)|(3447,2160)|
(2260,1123)|(2930,2293)|(2420,2250)|(2482,1183)|(2863,558)|(3479,821)|(3613,523)|(4120,310)|(2576,1676)|(1930,2160)|(1620,1804)|(2460,1400)|(3180,1070)|(2573,599)|(2186,766)|(839,620)|(938,810)|(742,1025)|(1115,2180)|(872,1559)|(91,2110)|(1360,1048)|(2097,981)|(1480,660)|(298,1513)|(457,334)|(1286,525)|(1067,371)|(374,9)|(376,550)|(920,1990)|(738,1325)|(1410,2200)|(929,2326)|(3911,2180)|(2849,1214)|
(2260,1123)|(2178,1619)|(2445,1820)|(2573,1969)|(3104,1931)|(3085,1528)|(2790,1457)|(2421,1007)|(611,673)|(741,146)|(1323,400)|(2120,330)|(2519,135)|(2991,792)|(2916,1724)|(4590,1023)|(3683,1533)|(4090,1067)|(4530,609)|(4740,268)|(2270,550)|(1795,962)|
(2260,1123)|(1741,712)|(1280,237)|(876,70)|(217,550)|(22,987)|(48,154)|(241,341)|(1628,253)|(1754,390)|(1250,1200)|(1393,1368)|(1770,1884)|(3000,2140)|(2716,2120)|(3548,1999)|(3730,2304)|(4240,1286)|(4670,1498)|(4230,1825)|(3955,1743)|(3404,1307)|(3875,598)|(2139,2326)|(500,1960)|(463,1670)|
(2260,1123)|(1689,1223)|(198,1810)|(178,2348)|(400,2140)|(53,1657)|(1429,134)|(1419,872)|(1256,61)|(19,674)|(1034,1344)|(1513,2326)|(611,2326)|(560,1180)|(776,392)|(928,1700)|(2936,337)|(2753,283)|(2820,980)|(1625,2100)|(2270,1920)|(710,2080)|(285,1029)|(1220,1560)|(1187,706)|(984,965)|(382,872)|(2848,96)|(2310,236)|(3640,300)|(4140,666)|(4530,265)|(4390,420)|(4150,899)|(4210,500)|(4340,740)|(4260,102)|(3815,169)|(3527,41)|(3416,143)|(3232,324)|(3430,1088)|(2574,946)|(3113,885)|

Initial minimum distance: 266456.18210140715
Global minimum distance: 129614.12319972871
Running time: 158.80935621261597s
[24, 32, 57, 20, 21]
Final Route: |(2260,1123)|(48,154)|(839,620)|(560,1180)|(1115,2180)|(1250,1200)|(1247,1945)|(1741,712)|(3548,1999)|(2716,2120)|(3000,2140)|(3955,1743)|(4230,1825)|(4200,2080)|(4240,1286)|(4140,666)|(4530,265)|(4120,310)|(4570,857)|(4210,500)|(4530,609)|(3404,1307)|(2930,2293)|(3810,1900)|
(2260,1123)|(3430,1088)|(3756,882)|(4090,1067)|(4590,1023)|(4260,102)|(3180,1070)|(3232,324)|(3416,143)|(2848,96)|(3527,41)|(3950,1558)|(3029,1242)|(2519,135)|(2936,337)|(1393,1368)|(252,1240)|(91,2110)|(178,2348)|(611,2326)|(739,1850)|(500,1960)|(463,1670)|(400,2140)|(123,1310)|(928,1700)|(298,1513)|(217,550)|(19,674)|(374,9)|(2097,981)|(2421,1007)|
(2260,1123)|(2588,302)|(2186,766)|(3640,300)|(3479,821)|(3815,169)|(4390,420)|(3780,1079)|(3875,598)|(4340,740)|(4150,899)|(2820,980)|(2790,1457)|(3104,1931)|(3447,2160)|(3373,1646)|(2916,1724)|(1480,660)|(2849,1214)|(2576,1676)|(4740,268)|(3874,1318)|(4610,1758)|(4670,1350)|(4670,1498)|(4280,1479)|(3990,2304)|(3911,2180)|(3730,2304)|(3326,1846)|(3085,1528)|(2420,2250)|(1689,1223)|(2460,1400)|(3230,650)|(3613,523)|(2863,558)|(2120,330)|(1754,390)|(1410,2200)|(1220,1560)|(53,1657)|(22,987)|(611,673)|(741,146)|(1429,134)|(1323,400)|(1067,371)|(457,334)|(776,392)|(876,70)|(376,550)|(984,965)|(710,2080)|(1251,2362)|(1625,2100)|(1360,1048)|
(2260,1123)|(2139,2326)|(2573,1969)|(2270,1920)|(938,810)|(382,872)|(929,2326)|(742,1025)|(1628,253)|(1187,706)|(241,341)|(285,1029)|(1034,1344)|(1280,237)|(2753,283)|(2573,599)|(1419,872)|(1286,525)|(2310,236)|(1930,2160)|
(2260,1123)|(2574,946)|(3113,885)|(2270,550)|(2991,792)|(198,1810)|(738,1325)|(872,1559)|(1256,61)|(1782,93)|(1795,962)|(2482,1183)|(2445,1820)|(2178,1619)|(4480,1638)|(4520,2030)|(3683,1533)|(1513,2326)|(1770,1884)|(920,1990)|(1620,1804)|

Initial minimum distance: 278583.81392081664
Global minimum distance: 128901.5404365674
Running time: 159.54344058036804s
[33, 32, 38, 30, 21]
Final Route: |(2260,1123)|(4090,1067)|(4240,1286)|(3326,1846)|(3000,2140)|(3548,1999)|(3911,2180)|(3990,2304)|(3955,1743)|(3113,885)|(3756,882)|(4340,740)|(4670,1350)|(4570,857)|(4140,666)|(4740,268)|(4530,265)|(4530,609)|(4260,102)|(3180,1070)|(3430,1088)|(3029,1242)|(2848,96)|(2588,302)|(1187,706)|(1286,525)|(1067,371)|(374,9)|(241,341)|(285,1029)|(500,1960)|(252,1240)|(1419,872)|
(2260,1123)|(710,2080)|(928,1700)|(22,987)|(123,1310)|(457,334)|(938,810)|(839,620)|(376,550)|(741,146)|(876,70)|(53,1657)|(738,1325)|(611,2326)|(2186,766)|(2849,1214)|(3373,1646)|(3447,2160)|(3815,169)|(4210,500)|(3875,598)|(3780,1079)|(3640,300)|(3527,41)|(3230,650)|(2716,2120)|(2420,2250)|(298,1513)|(198,1810)|(178,2348)|(91,2110)|(2120,330)|
(2260,1123)|(2482,1183)|(2820,980)|(2790,1457)|(872,1559)|(1625,2100)|(1930,2160)|(1689,1223)|(1410,2200)|(1513,2326)|(1251,2362)|(2574,946)|(2519,135)|(2573,599)|(3874,1318)|(3950,1558)|(4520,2030)|(4230,1825)|(4610,1758)|(4670,1498)|(4280,1479)|(4480,1638)|(4590,1023)|(2753,283)|(2863,558)|(3613,523)|(3416,143)|(3232,324)|(19,674)|(400,2140)|(920,1990)|(560,1180)|(2139,2326)|(3683,1533)|(3479,821)|(3404,1307)|(4150,899)|(2916,1724)|
(2260,1123)|(1115,2180)|(929,2326)|(2270,1920)|(2178,1619)|(2460,1400)|(1480,660)|(2936,337)|(3104,1931)|(3810,1900)|(4200,2080)|(2573,1969)|(2930,2293)|(3730,2304)|(4120,310)|(4390,420)|(2991,792)|(1770,1884)|(1620,1804)|(2097,981)|(1250,1200)|(776,392)|(1741,712)|(1754,390)|(1795,962)|(742,1025)|(1034,1344)|(1323,400)|(611,673)|(1360,1048)|
(2260,1123)|(2445,1820)|(3085,1528)|(1247,1945)|(1220,1560)|(1280,237)|(48,154)|(217,550)|(382,872)|(1782,93)|(1256,61)|(1429,134)|(1628,253)|(2270,550)|(2310,236)|(2576,1676)|(2421,1007)|(739,1850)|(463,1670)|(1393,1368)|(984,965)|

Initial minimum distance: 270086.91551860684
Global minimum distance: 135962.1459069341
Running time: 159.91641497612s
[36, 27, 15, 50, 26]
Final Route: |(2260,1123)|(374,9)|(22,987)|(500,1960)|(872,1559)|(1220,1560)|(1360,1048)|(1419,872)|(463,1670)|(928,1700)|(1250,1200)|(611,673)|(938,810)|(241,341)|(48,154)|(376,550)|(560,1180)|(457,334)|(285,1029)|(382,872)|(776,392)|(839,620)|(876,70)|(91,2110)|(739,1850)|(1251,2362)|(2139,2326)|(1513,2326)|(1247,1945)|(2916,1724)|(3104,1931)|(3373,1646)|(3029,1242)|(4120,310)|(3875,598)|(2120,330)|
(2260,1123)|(3232,324)|(3950,1558)|(3326,1846)|(3085,1528)|(2420,2250)|(2421,1007)|(1741,712)|(19,674)|(1480,660)|(984,965)|(3230,650)|(4670,1498)|(4520,2030)|(3911,2180)|(3479,821)|(2991,792)|(3416,143)|(2820,980)|(2863,558)|(2848,96)|(3613,523)|(2482,1183)|(2186,766)|(1628,253)|(2097,981)|(2753,283)|
(2260,1123)|(3430,1088)|(4530,265)|(4260,102)|(4530,609)|(4740,268)|(4390,420)|(3447,2160)|(3730,2304)|(3990,2304)|(741,146)|(1323,400)|(1256,61)|(1067,371)|(1286,525)|
(2260,1123)|(1280,237)|(2849,1214)|(742,1025)|(1034,1344)|(178,2348)|(400,2140)|(920,1990)|(198,1810)|(53,1657)|(738,1325)|(2576,1676)|(2178,1619)|(1620,1804)|(1770,1884)|(710,2080)|(611,2326)|(1187,706)|(298,1513)|(123,1310)|(252,1240)|(1754,390)|(2936,337)|(2310,236)|(4210,500)|(4340,740)|(4150,899)|(4570,857)|(4610,1758)|(4240,1286)|(3756,882)|(3874,1318)|(3955,1743)|(3810,1900)|(3548,1999)|(4480,1638)|(4590,1023)|(3815,169)|(3640,300)|(3527,41)|(3113,885)|(4200,2080)|(2519,135)|(1782,93)|(1429,134)|(217,550)|(4140,666)|(3780,1079)|(3180,1070)|(4090,1067)|
(2260,1123)|(1625,2100)|(2445,1820)|(3000,2140)|(2460,1400)|(1930,2160)|(2716,2120)|(2573,1969)|(2930,2293)|(2790,1457)|(2573,599)|(2588,302)|(2574,946)|(3404,1307)|(3683,1533)|(4670,1350)|(4230,1825)|(4280,1479)|(2270,550)|(1689,1223)|(2270,1920)|(1393,1368)|(1410,2200)|(1795,962)|(929,2326)|(1115,2180)|

Initial minimum distance: 276631.5347034787
Global minimum distance: 133141.4603923145
Running time: 160.97936153411865s
[39, 34, 25, 23, 33]
Final Route: |(2260,1123)|(2716,2120)|(3373,1646)|(3180,1070)|(2576,1676)|(1360,1048)|(1250,1200)|(739,1850)|(252,1240)|(376,550)|(1419,872)|(611,673)|(382,872)|(298,1513)|(53,1657)|(198,1810)|(1689,1223)|(1741,712)|(48,154)|(2574,946)|(2421,1007)|(2991,792)|(2930,2293)|(4200,2080)|(3730,2304)|(3955,1743)|(4610,1758)|(4480,1638)|(3780,1079)|(2445,1820)|(1410,2200)|(1513,2326)|(1187,706)|(938,810)|(1323,400)|(2588,302)|(2139,2326)|(2916,1724)|(1620,1804)|
(2260,1123)|(3430,1088)|(3085,1528)|(3232,324)|(2849,1214)|(1220,1560)|(1247,1945)|(928,1700)|(400,2140)|(1251,2362)|(742,1025)|(560,1180)|(3104,1931)|(2573,1969)|(3548,1999)|(3640,300)|(3479,821)|(3029,1242)|(3683,1533)|(4240,1286)|(3950,1558)|(3874,1318)|(3756,882)|(3326,1846)|(3447,2160)|(3911,2180)|(3990,2304)|(4590,1023)|(4150,899)|(4530,609)|(4740,268)|(2753,283)|(2270,550)|(1067,371)|
(2260,1123)|(1286,525)|(741,146)|(1429,134)|(1280,237)|(1754,390)|(3000,2140)|(2420,2250)|(1770,1884)|(178,2348)|(920,1990)|(611,2326)|(500,1960)|(463,1670)|(285,1029)|(22,987)|(19,674)|(457,334)|(876,70)|(123,1310)|(91,2110)|(2120,330)|(2310,236)|(2519,135)|(1782,93)|
(2260,1123)|(4570,857)|(4340,740)|(3875,598)|(4390,420)|(4120,310)|(4140,666)|(4090,1067)|(2460,1400)|(2482,1183)|(2863,558)|(872,1559)|(1034,1344)|(1628,253)|(1256,61)|(776,392)|(2186,766)|(4210,500)|(4670,1350)|(4670,1498)|(3113,885)|(2820,980)|(2573,599)|
(2260,1123)|(2097,981)|(984,965)|(1625,2100)|(738,1325)|(1393,1368)|(2270,1920)|(1930,2160)|(929,2326)|(1115,2180)|(1480,660)|(839,620)|(2790,1457)|(3810,1900)|(4520,2030)|(4230,1825)|(3404,1307)|(3613,523)|(3416,143)|(3527,41)|(3815,169)|(4530,265)|(4260,102)|(4280,1479)|(3230,650)|(2936,337)|(2848,96)|(2178,1619)|(1795,962)|(241,341)|(374,9)|(217,550)|(710,2080)|

Initial minimum distance: 261215.5917155225
Global minimum distance: 132662.6372538099
Running time: 161.6274528503418s
[20, 39, 39, 25, 31]
Final Route: |(2260,1123)|(2445,1820)|(1410,2200)|(1220,1560)|(738,1325)|(1419,872)|(2310,236)|(2270,550)|(2120,330)|(298,1513)|(382,872)|(1480,660)|(3029,1242)|(2576,1676)|(3874,1318)|(3404,1307)|(4740,268)|(2588,302)|(2186,766)|(1795,962)|
(2260,1123)|(2420,2250)|(1280,237)|(1429,134)|(1782,93)|(1256,61)|(1754,390)|(400,2140)|(1513,2326)|(2930,2293)|(3000,2140)|(3326,1846)|(3548,1999)|(2790,1457)|(1067,371)|(611,673)|(241,341)|(1620,1804)|(1625,2100)|(1770,1884)|(1628,253)|(1286,525)|(776,392)|(1741,712)|(1034,1344)|(285,1029)|(560,1180)|(178,2348)|(91,2110)|(48,154)|(376,550)|(463,1670)|(710,2080)|(920,1990)|(611,2326)|(2139,2326)|(2421,1007)|(1187,706)|(984,965)|
(2260,1123)|(839,620)|(1360,1048)|(1250,1200)|(2753,283)|(2519,135)|(3815,169)|(2820,980)|(2482,1183)|(1393,1368)|(928,1700)|(872,1559)|(1115,2180)|(938,810)|(374,9)|(741,146)|(19,674)|(217,550)|(742,1025)|(123,1310)|(739,1850)|(1251,2362)|(22,987)|(53,1657)|(252,1240)|(929,2326)|(500,1960)|(198,1810)|(1247,1945)|(1323,400)|(2460,1400)|(3430,1088)|(3613,523)|(4480,1638)|(4670,1350)|(3085,1528)|(2916,1724)|(2573,1969)|(1689,1223)|
(2260,1123)|(3180,1070)|(2573,599)|(4530,609)|(4140,666)|(4150,899)|(4210,500)|(3756,882)|(2849,1214)|(457,334)|(876,70)|(2936,337)|(3232,324)|(3230,650)|(2863,558)|(3875,598)|(4090,1067)|(3911,2180)|(3447,2160)|(3104,1931)|(2270,1920)|(1930,2160)|(2178,1619)|(2097,981)|(3373,1646)|
(2260,1123)|(3950,1558)|(3730,2304)|(4200,2080)|(4230,1825)|(3479,821)|(4590,1023)|(4570,857)|(4390,420)|(4260,102)|(3416,143)|(4530,265)|(3527,41)|(4240,1286)|(4610,1758)|(4280,1479)|(3780,1079)|(2716,2120)|(3810,1900)|(4520,2030)|(3990,2304)|(4670,1498)|(3955,1743)|(3683,1533)|(4340,740)|(4120,310)|(3640,300)|(3113,885)|(2991,792)|(2574,946)|(2848,96)|

Initial minimum distance: 270556.9359836758
Global minimum distance: 127414.27086995823
Running time: 163.5440547466278s
[40, 19, 31, 36, 28]
Final Route: |(2260,1123)|(2420,2250)|(2573,1969)|(2178,1619)|(2270,1920)|(2445,1820)|(1689,1223)|(1628,253)|(1429,134)|(2482,1183)|(3373,1646)|(4610,1758)|(4480,1638)|(4530,609)|(4570,857)|(4530,265)|(4140,666)|(4340,740)|(4090,1067)|(2848,96)|(2863,558)|(3232,324)|(3404,1307)|(2186,766)|(2270,550)|(2120,330)|(1741,712)|(2097,981)|(2310,236)|(3527,41)|(3815,169)|(3548,1999)|(3730,2304)|(3180,1070)|(2790,1457)|(3104,1931)|(4520,2030)|(4240,1286)|(4260,102)|(3416,143)|
(2260,1123)|(3613,523)|(4740,268)|(4150,899)|(3950,1558)|(4670,1498)|(4670,1350)|(4210,500)|(4590,1023)|(4280,1479)|(3875,598)|(4230,1825)|(3113,885)|(2991,792)|(3230,650)|(3911,2180)|(3000,2140)|(2936,337)|(2573,599)|
(2260,1123)|(2588,302)|(2519,135)|(2820,980)|(3085,1528)|(710,2080)|(1620,1804)|(1625,2100)|(739,1850)|(1770,1884)|(776,392)|(1256,61)|(1480,660)|(2574,946)|(4200,2080)|(3683,1533)|(3955,1743)|(3640,300)|(3810,1900)|(3430,1088)|(3479,821)|(2916,1724)|(3447,2160)|(3990,2304)|(2930,2293)|(4390,420)|(4120,310)|(3874,1318)|(3029,1242)|(3780,1079)|(3756,882)|
(2260,1123)|(2753,283)|(2849,1214)|(2421,1007)|(1419,872)|(285,1029)|(382,872)|(611,673)|(876,70)|(217,550)|(19,674)|(742,1025)|(929,2326)|(463,1670)|(198,1810)|(53,1657)|(938,810)|(839,620)|(241,341)|(22,987)|(252,1240)|(298,1513)|(376,550)|(1067,371)|(91,2110)|(123,1310)|(920,1990)|(48,154)|(457,334)|(374,9)|(741,146)|(738,1325)|(1360,1048)|(1034,1344)|(1250,1200)|(2460,1400)|
(2260,1123)|(1187,706)|(984,965)|(1220,1560)|(1393,1368)|(1930,2160)|(1115,2180)|(178,2348)|(500,1960)|(1247,1945)|(1513,2326)|(2139,2326)|(1323,400)|(1286,525)|(1754,390)|(1280,237)|(1782,93)|(2716,2120)|(2576,1676)|(1795,962)|(3326,1846)|(1251,2362)|(1410,2200)|(400,2140)|(611,2326)|(928,1700)|(872,1559)|(560,1180)|

Initial minimum distance: 275430.2746313564
Global minimum distance: 133316.44099281437
Running time: 164.41326117515564s
[32, 30, 20, 26, 46]
Final Route: |(2260,1123)|(1480,660)|(1782,93)|(1754,390)|(1628,253)|(2848,96)|(3875,598)|(3527,41)|(3815,169)|(4260,102)|(4120,310)|(4150,899)|(3479,821)|(4530,609)|(3950,1558)|(3430,1088)|(3404,1307)|(3911,2180)|(3000,2140)|(3326,1846)|(4200,2080)|(3730,2304)|(3874,1318)|(2930,2293)|(2716,2120)|(2573,1969)|(1930,2160)|(1770,1884)|(3447,2160)|(4590,1023)|(3990,2304)|(3810,1900)|
(2260,1123)|(2991,792)|(2588,302)|(2519,135)|(1220,1560)|(741,146)|(1067,371)|(1429,134)|(1256,61)|(457,334)|(2460,1400)|(2445,1820)|(2790,1457)|(3104,1931)|(2482,1183)|(3085,1528)|(3683,1533)|(4520,2030)|(3640,300)|(4570,857)|(4340,740)|(3230,650)|(2573,599)|(2753,283)|(2936,337)|(1410,2200)|(1115,2180)|(400,2140)|(560,1180)|(2576,1676)|
(2260,1123)|(2849,1214)|(2916,1724)|(3613,523)|(4140,666)|(2421,1007)|(4210,500)|(3029,1242)|(3232,324)|(4530,265)|(4740,268)|(2820,980)|(2270,550)|(2310,236)|(1286,525)|(872,1559)|(252,1240)|(285,1029)|(2139,2326)|(2178,1619)|
(2260,1123)|(3180,1070)|(611,673)|(376,550)|(178,2348)|(1620,1804)|(382,872)|(241,341)|(776,392)|(839,620)|(374,9)|(48,154)|(738,1325)|(500,1960)|(739,1850)|(198,1810)|(1393,1368)|(1795,962)|(1323,400)|(876,70)|(1187,706)|(1419,872)|(1250,1200)|(1360,1048)|(1689,1223)|(2097,981)|
(2260,1123)|(2120,330)|(1741,712)|(1034,1344)|(217,550)|(928,1700)|(984,965)|(2270,1920)|(4670,1498)|(4670,1350)|(3955,1743)|(4480,1638)|(4230,1825)|(4610,1758)|(3416,143)|(938,810)|(1280,237)|(298,1513)|(1247,1945)|(920,1990)|(929,2326)|(91,2110)|(463,1670)|(1625,2100)|(1251,2362)|(1513,2326)|(611,2326)|(123,1310)|(742,1025)|(19,674)|(22,987)|(53,1657)|(710,2080)|(2420,2250)|(3373,1646)|(3548,1999)|(2863,558)|(3756,882)|(4240,1286)|(3780,1079)|(4090,1067)|(4280,1479)|(4390,420)|(2574,946)|(2186,766)|(3113,885)|

Initial minimum distance: 268572.1046832076
Global minimum distance: 135315.1783719973
Running time: 164.79912662506104s
[37, 33, 44, 28, 12]
Final Route: |(2260,1123)|(1115,2180)|(928,1700)|(710,2080)|(929,2326)|(178,2348)|(22,987)|(741,146)|(252,1240)|(241,341)|(382,872)|(217,550)|(938,810)|(2460,1400)|(2445,1820)|(2576,1676)|(2863,558)|(2588,302)|(3756,882)|(4570,857)|(3640,300)|(3874,1318)|(2574,946)|(1480,660)|(2482,1183)|(2848,96)|(839,620)|(1795,962)|(1067,371)|(1250,1200)|(742,1025)|(1256,61)|(1323,400)|(1628,253)|(1782,93)|(1247,1945)|(1689,1223)|
(2260,1123)|(1754,390)|(2120,330)|(1741,712)|(1770,1884)|(1251,2362)|(91,2110)|(19,674)|(1419,872)|(739,1850)|(198,1810)|(123,1310)|(463,1670)|(611,673)|(48,154)|(611,2326)|(457,334)|(374,9)|(1187,706)|(984,965)|(1360,1048)|(876,70)|(776,392)|(2270,1920)|(1410,2200)|(1513,2326)|(920,1990)|(560,1180)|(53,1657)|(1393,1368)|(872,1559)|(1220,1560)|(1286,525)|
(2260,1123)|(2849,1214)|(3113,885)|(3180,1070)|(3085,1528)|(2421,1007)|(3104,1931)|(3000,2140)|(4610,1758)|(4480,1638)|(4590,1023)|(3479,821)|(3780,1079)|(3955,1743)|(4210,500)|(4670,1498)|(4740,268)|(4530,265)|(3815,169)|(4530,609)|(4390,420)|(3875,598)|(4120,310)|(4260,102)|(3527,41)|(4140,666)|(4280,1479)|(4670,1350)|(4240,1286)|(4520,2030)|(4340,740)|(4090,1067)|(3548,1999)|(2420,2250)|(2820,980)|(3232,324)|(3416,143)|(3683,1533)|(3911,2180)|(4150,899)|(3950,1558)|(3810,1900)|(3373,1646)|(3326,1846)|
(2260,1123)|(2573,599)|(3029,1242)|(2573,1969)|(2178,1619)|(2991,792)|(2186,766)|(2936,337)|(3613,523)|(3404,1307)|(1620,1804)|(2930,2293)|(2716,2120)|(1034,1344)|(298,1513)|(738,1325)|(500,1960)|(400,2140)|(1930,2160)|(376,550)|(285,1029)|(2097,981)|(2270,550)|(2753,283)|(1280,237)|(1429,134)|(2310,236)|(3230,650)|
(2260,1123)|(2519,135)|(3430,1088)|(3990,2304)|(4200,2080)|(3730,2304)|(2139,2326)|(4230,1825)|(3447,2160)|(1625,2100)|(2790,1457)|(2916,1724)|

Initial minimum distance: 272229.5919650631
Global minimum distance: 130817.03788172489
Running time: 165.86194562911987s
[33, 28, 26, 48, 19]
Final Route: |(2260,1123)|(3416,143)|(2848,96)|(4260,102)|(4740,268)|(4530,265)|(4280,1479)|(4200,2080)|(2445,1820)|(3232,324)|(3815,169)|(4390,420)|(3911,2180)|(3326,1846)|(2930,2293)|(4590,1023)|(4210,500)|(4530,609)|(4240,1286)|(4340,740)|(4140,666)|(3404,1307)|(2916,1724)|(2716,2120)|(2420,2250)|(4520,2030)|(4670,1350)|(3180,1070)|(2310,236)|(2482,1183)|(3613,523)|(2936,337)|(2573,599)|
(2260,1123)|(400,2140)|(178,2348)|(198,1810)|(739,1850)|(3447,2160)|(3373,1646)|(4230,1825)|(3810,1900)|(3990,2304)|(3730,2304)|(3000,2140)|(1628,253)|(1782,93)|(1067,371)|(938,810)|(298,1513)|(91,2110)|(285,1029)|(19,674)|(376,550)|(457,334)|(48,154)|(374,9)|(839,620)|(741,146)|(1419,872)|(1795,962)|
(2260,1123)|(1480,660)|(1393,1368)|(611,2326)|(872,1559)|(738,1325)|(22,987)|(123,1310)|(920,1990)|(1620,1804)|(3085,1528)|(3683,1533)|(4610,1758)|(4090,1067)|(4480,1638)|(3950,1558)|(4670,1498)|(3640,300)|(4120,310)|(3875,598)|(2991,792)|(3780,1079)|(1930,2160)|(2820,980)|(3479,821)|(2588,302)|
(2260,1123)|(2863,558)|(1741,712)|(2120,330)|(1754,390)|(2519,135)|(2753,283)|(2270,1920)|(1280,237)|(1429,134)|(1187,706)|(1256,61)|(1286,525)|(2178,1619)|(1220,1560)|(611,673)|(382,872)|(710,2080)|(252,1240)|(1323,400)|(742,1025)|(984,965)|(560,1180)|(929,2326)|(1410,2200)|(2139,2326)|(3548,1999)|(3104,1931)|(3756,882)|(3430,1088)|(3527,41)|(4150,899)|(4570,857)|(3955,1743)|(2576,1676)|(1770,1884)|(53,1657)|(217,550)|(241,341)|(776,392)|(876,70)|(1250,1200)|(2574,946)|(2097,981)|(1034,1344)|(1247,1945)|(928,1700)|(1625,2100)|
(2260,1123)|(1513,2326)|(463,1670)|(500,1960)|(1115,2180)|(1251,2362)|(2186,766)|(2270,550)|(2421,1007)|(1360,1048)|(1689,1223)|(2790,1457)|(2573,1969)|(2849,1214)|(3113,885)|(3029,1242)|(2460,1400)|(3874,1318)|(3230,650)|

Initial minimum distance: 266416.7157656035
Global minimum distance: 125583.33689425977
Running time: 166.1186501979828s
[19, 20, 60, 21, 34]
Final Route: |(2260,1123)|(457,334)|(1323,400)|(876,70)|(22,987)|(53,1657)|(738,1325)|(1410,2200)|(872,1559)|(1393,1368)|(1187,706)|(611,673)|(285,1029)|(91,2110)|(739,1850)|(400,2140)|(123,1310)|(560,1180)|(1280,237)|
(2260,1123)|(1067,371)|(776,392)|(376,550)|(382,872)|(742,1025)|(298,1513)|(198,1810)|(611,2326)|(1251,2362)|(929,2326)|(1513,2326)|(2097,981)|(2519,135)|(1480,660)|(4200,2080)|(4520,2030)|(3810,1900)|(2991,792)|(3113,885)|
(2260,1123)|(3230,650)|(3404,1307)|(3613,523)|(2178,1619)|(2445,1820)|(2753,283)|(2576,1676)|(1741,712)|(1286,525)|(217,550)|(741,146)|(241,341)|(1256,61)|(19,674)|(839,620)|(1034,1344)|(252,1240)|(48,154)|(374,9)|(984,965)|(938,810)|(1782,93)|(1795,962)|(1419,872)|(1247,1945)|(178,2348)|(1220,1560)|(1360,1048)|(1689,1223)|(920,1990)|(710,2080)|(500,1960)|(1115,2180)|(928,1700)|(1754,390)|(463,1670)|(2139,2326)|(1930,2160)|(2270,1920)|(2421,1007)|(4590,1023)|(4530,609)|(4480,1638)|(3955,1743)|(4150,899)|(4670,1498)|(4280,1479)|(4670,1350)|(4340,740)|(3085,1528)|(3683,1533)|(4230,1825)|(3447,2160)|(3730,2304)|(3990,2304)|(3326,1846)|(2848,96)|(2420,2250)|(1250,1200)|
(2260,1123)|(2916,1724)|(2186,766)|(2270,550)|(2482,1183)|(2790,1457)|(3548,1999)|(4390,420)|(4530,265)|(4120,310)|(4210,500)|(3780,1079)|(3479,821)|(4090,1067)|(3874,1318)|(3430,1088)|(4570,857)|(3950,1558)|(3911,2180)|(4240,1286)|(4610,1758)|
(2260,1123)|(2460,1400)|(2849,1214)|(3373,1646)|(3000,2140)|(2716,2120)|(1770,1884)|(1620,1804)|(1625,2100)|(2574,946)|(3180,1070)|(2820,980)|(2863,558)|(3527,41)|(2588,302)|(2936,337)|(2120,330)|(1429,134)|(1628,253)|(2310,236)|(2573,599)|(3029,1242)|(3104,1931)|(2573,1969)|(2930,2293)|(3640,300)|(3416,143)|(3232,324)|(3875,598)|(4140,666)|(3815,169)|(4740,268)|(4260,102)|(3756,882)|

Initial minimum distance: 272857.758419673
Global minimum distance: 131322.59061826376
Running time: 167.0336503982544s
[26, 24, 27, 31, 46]
Final Route: |(2260,1123)|(178,2348)|(400,2140)|(739,1850)|(1250,1200)|(929,2326)|(920,1990)|(2270,550)|(2310,236)|(2120,330)|(2753,283)|(3640,300)|(4390,420)|(4120,310)|(2576,1676)|(2445,1820)|(1220,1560)|(217,550)|(1323,400)|(1689,1223)|(500,1960)|(872,1559)|(1513,2326)|(198,1810)|(742,1025)|(1795,962)|
(2260,1123)|(1429,134)|(1067,371)|(1628,253)|(1286,525)|(2936,337)|(3404,1307)|(4610,1758)|(3810,1900)|(1251,2362)|(710,2080)|(463,1670)|(1115,2180)|(1770,1884)|(2270,1920)|(1410,2200)|(1620,1804)|(1247,1945)|(738,1325)|(1625,2100)|(984,965)|(1187,706)|(839,620)|(938,810)|
(2260,1123)|(1034,1344)|(2519,135)|(3527,41)|(2574,946)|(2186,766)|(2848,96)|(3416,143)|(2588,302)|(3180,1070)|(3479,821)|(4140,666)|(3815,169)|(4530,609)|(3756,882)|(53,1657)|(91,2110)|(382,872)|(19,674)|(285,1029)|(48,154)|(457,334)|(611,673)|(298,1513)|(22,987)|(241,341)|(376,550)|
(2260,1123)|(123,1310)|(1256,61)|(1280,237)|(1419,872)|(1480,660)|(1360,1048)|(1741,712)|(2139,2326)|(2420,2250)|(2930,2293)|(2716,2120)|(3104,1931)|(3000,2140)|(3085,1528)|(3373,1646)|(3548,1999)|(4670,1498)|(3447,2160)|(4280,1479)|(3730,2304)|(4480,1638)|(3911,2180)|(3326,1846)|(3683,1533)|(3950,1558)|(2991,792)|(3113,885)|(3232,324)|(2820,980)|(3230,650)|
(2260,1123)|(2482,1183)|(3955,1743)|(3990,2304)|(4090,1067)|(3613,523)|(4740,268)|(4530,265)|(4200,2080)|(3874,1318)|(4260,102)|(4150,899)|(4520,2030)|(4230,1825)|(4240,1286)|(3875,598)|(2916,1724)|(2421,1007)|(2573,599)|(2097,981)|(1393,1368)|(776,392)|(928,1700)|(611,2326)|(560,1180)|(252,1240)|(741,146)|(374,9)|(876,70)|(2178,1619)|(1930,2160)|(2460,1400)|(2849,1214)|(2573,1969)|(3430,1088)|(3780,1079)|(4590,1023)|(4340,740)|(4210,500)|(4570,857)|(4670,1350)|(2790,1457)|(3029,1242)|(2863,558)|(1754,390)|(1782,93)|

Initial minimum distance: 259873.87396006333
Global minimum distance: 136606.63266027748
Running time: 167.72139143943787s
[36, 44, 26, 29, 19]
Final Route: |(2260,1123)|(4150,899)|(4210,500)|(4390,420)|(4530,265)|(4140,666)|(4260,102)|(3613,523)|(3230,650)|(2421,1007)|(1250,1200)|(2178,1619)|(3430,1088)|(4530,609)|(4590,1023)|(3950,1558)|(3000,2140)|(3683,1533)|(4090,1067)|(4120,310)|(3640,300)|(3373,1646)|(3810,1900)|(2576,1676)|(2573,1969)|(2270,1920)|(1741,712)|(2310,236)|(2270,550)|(2120,330)|(1770,1884)|(2460,1400)|(2139,2326)|(1689,1223)|(1480,660)|(1795,962)|
(2260,1123)|(1115,2180)|(839,620)|(1286,525)|(22,987)|(298,1513)|(457,334)|(984,965)|(48,154)|(217,550)|(500,1960)|(1251,2362)|(1930,2160)|(2930,2293)|(2790,1457)|(3780,1079)|(3029,1242)|(3756,882)|(2588,302)|(2936,337)|(4480,1638)|(4610,1758)|(4740,268)|(4340,740)|(4670,1498)|(4230,1825)|(3911,2180)|(3955,1743)|(4570,857)|(4670,1350)|(4240,1286)|(3404,1307)|(4520,2030)|(4200,2080)|(3730,2304)|(3990,2304)|(3874,1318)|(3875,598)|(3416,143)|(2991,792)|(3326,1846)|(2863,558)|(2519,135)|(3447,2160)|
(2260,1123)|(4280,1479)|(3548,1999)|(2716,2120)|(2445,1820)|(2753,283)|(2097,981)|(1034,1344)|(19,674)|(776,392)|(611,673)|(1323,400)|(1429,134)|(241,341)|(123,1310)|(198,1810)|(178,2348)|(611,2326)|(2420,2250)|(463,1670)|(400,2140)|(91,2110)|(1187,706)|(1419,872)|(3113,885)|(3180,1070)|
(2260,1123)|(2848,96)|(2186,766)|(2573,599)|(2820,980)|(2574,946)|(2849,1214)|(3527,41)|(2916,1724)|(3085,1528)|(3815,169)|(3479,821)|(928,1700)|(1220,1560)|(560,1180)|(374,9)|(739,1850)|(285,1029)|(738,1325)|(872,1559)|(1782,93)|(1280,237)|(938,810)|(1393,1368)|(1628,253)|(1754,390)|(1256,61)|(876,70)|(1620,1804)|
(2260,1123)|(3232,324)|(3104,1931)|(2482,1183)|(1625,2100)|(1247,1945)|(1513,2326)|(742,1025)|(53,1657)|(710,2080)|(929,2326)|(920,1990)|(382,872)|(376,550)|(252,1240)|(741,146)|(1067,371)|(1360,1048)|(1410,2200)|

Initial minimum distance: 276761.03767479287
Global minimum distance: 132160.694506474
Running time: 167.86100244522095s
[44, 25, 39, 22, 24]
Final Route: |(2260,1123)|(1741,712)|(1480,660)|(1187,706)|(2310,236)|(984,965)|(1067,371)|(1360,1048)|(611,673)|(382,872)|(560,1180)|(217,550)|(776,392)|(839,620)|(710,2080)|(178,2348)|(739,1850)|(91,2110)|(1115,2180)|(611,2326)|(920,1990)|(1770,1884)|(1754,390)|(2421,1007)|(2445,1820)|(3810,1900)|(4670,1350)|(4590,1023)|(4570,857)|(4200,2080)|(4610,1758)|(4340,740)|(4530,609)|(4390,420)|(4530,265)|(3780,1079)|(3230,650)|(3479,821)|(3640,300)|(1782,93)|(457,334)|(741,146)|(1429,134)|(1628,253)|
(2260,1123)|(1393,1368)|(1323,400)|(1280,237)|(2574,946)|(2482,1183)|(3029,1242)|(3085,1528)|(4520,2030)|(3447,2160)|(3955,1743)|(2991,792)|(2573,599)|(2848,96)|(2936,337)|(2588,302)|(2790,1457)|(3104,1931)|(3373,1646)|(2460,1400)|(2097,981)|(3683,1533)|(3950,1558)|(4240,1286)|(3527,41)|
(2260,1123)|(298,1513)|(738,1325)|(1220,1560)|(1250,1200)|(1286,525)|(48,154)|(241,341)|(376,550)|(53,1657)|(876,70)|(1256,61)|(374,9)|(463,1670)|(1251,2362)|(1930,2160)|(1620,1804)|(928,1700)|(123,1310)|(19,674)|(22,987)|(252,1240)|(938,810)|(1247,1945)|(1419,872)|(1625,2100)|(2916,1724)|(2820,980)|(3416,143)|(3613,523)|(4210,500)|(3911,2180)|(4230,1825)|(3730,2304)|(3990,2304)|(3756,882)|(4740,268)|(2863,558)|(2753,283)|
(2260,1123)|(3874,1318)|(2716,2120)|(2420,2250)|(3326,1846)|(2930,2293)|(2270,550)|(2120,330)|(3875,598)|(4480,1638)|(500,1960)|(929,2326)|(1513,2326)|(1410,2200)|(2178,1619)|(2573,1969)|(400,2140)|(198,1810)|(285,1029)|(742,1025)|(2849,1214)|(2576,1676)|
(2260,1123)|(2270,1920)|(2139,2326)|(3815,169)|(4090,1067)|(3232,324)|(3404,1307)|(3430,1088)|(1795,962)|(1689,1223)|(1034,1344)|(872,1559)|(2186,766)|(2519,135)|(3113,885)|(4260,102)|(4120,310)|(4670,1498)|(4280,1479)|(4150,899)|(4140,666)|(3548,1999)|(3000,2140)|(3180,1070)|

Initial minimum distance: 276630.1228695686
Global minimum distance: 133039.63487950628
Running time: 171.11480712890625s
[21, 40, 39, 32, 22]
Final Route: |(2260,1123)|(928,1700)|(741,146)|(1628,253)|(2576,1676)|(2716,2120)|(2790,1457)|(611,2326)|(710,2080)|(738,1325)|(984,965)|(48,154)|(374,9)|(611,673)|(376,550)|(839,620)|(1393,1368)|(252,1240)|(739,1850)|(1251,2362)|(1115,2180)|
(2260,1123)|(1360,1048)|(872,1559)|(298,1513)|(920,1990)|(285,1029)|(91,2110)|(178,2348)|(2178,1619)|(2574,946)|(3230,650)|(1280,237)|(1754,390)|(2310,236)|(1741,712)|(19,674)|(217,550)|(241,341)|(457,334)|(1067,371)|(876,70)|(2120,330)|(1782,93)|(1286,525)|(1429,134)|(1795,962)|(2097,981)|(1419,872)|(1480,660)|(3113,885)|(3180,1070)|(2863,558)|(2753,283)|(2848,96)|(4120,310)|(4670,1498)|(4610,1758)|(3683,1533)|(1256,61)|(2573,599)|
(2260,1123)|(2186,766)|(2270,550)|(2991,792)|(3613,523)|(3640,300)|(2820,980)|(2849,1214)|(3232,324)|(4090,1067)|(3404,1307)|(3911,2180)|(3874,1318)|(3447,2160)|(3990,2304)|(3326,1846)|(3029,1242)|(3430,1088)|(3780,1079)|(3950,1558)|(4150,899)|(4520,2030)|(4240,1286)|(3955,1743)|(4280,1479)|(4200,2080)|(4480,1638)|(3548,1999)|(3000,2140)|(3104,1931)|(3810,1900)|(4140,666)|(4740,268)|(4230,1825)|(3085,1528)|(2445,1820)|(2573,1969)|(2482,1183)|(2936,337)|
(2260,1123)|(1187,706)|(2421,1007)|(1323,400)|(1410,2200)|(2460,1400)|(2420,2250)|(3730,2304)|(4670,1350)|(4530,609)|(4590,1023)|(4570,857)|(4390,420)|(4340,740)|(4210,500)|(3875,598)|(4260,102)|(3815,169)|(4530,265)|(3479,821)|(3416,143)|(3756,882)|(2519,135)|(938,810)|(742,1025)|(2588,302)|(3373,1646)|(3527,41)|(2916,1724)|(2930,2293)|(1930,2160)|(776,392)|
(2260,1123)|(1034,1344)|(929,2326)|(500,1960)|(22,987)|(382,872)|(123,1310)|(1247,1945)|(2139,2326)|(1620,1804)|(463,1670)|(198,1810)|(1250,1200)|(2270,1920)|(1220,1560)|(1513,2326)|(53,1657)|(400,2140)|(560,1180)|(1625,2100)|(1770,1884)|(1689,1223)|

Initial minimum distance: 266986.8936472591
Global minimum distance: 130814.50279920256
Running time: 174.886864900589s
[59, 22, 38, 13, 22]
Final Route: |(2260,1123)|(1323,400)|(1620,1804)|(928,1700)|(1513,2326)|(1410,2200)|(1419,872)|(742,1025)|(376,550)|(776,392)|(1280,237)|(19,674)|(217,550)|(876,70)|(938,810)|(984,965)|(1360,1048)|(1256,61)|(53,1657)|(463,1670)|(710,2080)|(1625,2100)|(2139,2326)|(1754,390)|(1429,134)|(1250,1200)|(2097,981)|(2573,1969)|(2482,1183)|(2421,1007)|(2576,1676)|(1770,1884)|(1930,2160)|(2445,1820)|(2460,1400)|(2936,337)|(2820,980)|(2991,792)|(3780,1079)|(3815,169)|(2863,558)|(2753,283)|(3527,41)|(4140,666)|(3613,523)|(3430,1088)|(3404,1307)|(3416,143)|(2848,96)|(1782,93)|(1628,253)|(2310,236)|(2270,1920)|(3326,1846)|(3548,1999)|(3373,1646)|(3640,300)|(1689,1223)|(1247,1945)|
(2260,1123)|(2930,2293)|(2420,2250)|(3000,2140)|(3950,1558)|(4570,857)|(4150,899)|(4240,1286)|(4200,2080)|(4520,2030)|(4610,1758)|(3104,1931)|(3810,1900)|(3479,821)|(2573,599)|(2270,550)|(2186,766)|(3113,885)|(2916,1724)|(739,1850)|(241,341)|(611,673)|
(2260,1123)|(1220,1560)|(1393,1368)|(374,9)|(741,146)|(123,1310)|(400,2140)|(298,1513)|(611,2326)|(178,2348)|(22,987)|(500,1960)|(1115,2180)|(1795,962)|(3085,1528)|(3683,1533)|(4530,265)|(4590,1023)|(4340,740)|(4390,420)|(4740,268)|(4260,102)|(3756,882)|(4120,310)|(2790,1457)|(4210,500)|(3232,324)|(3230,650)|(4530,609)|(3875,598)|(4670,1350)|(4670,1498)|(3911,2180)|(2716,2120)|(2849,1214)|(2574,946)|(1741,712)|(2120,330)|
(2260,1123)|(2588,302)|(2519,135)|(3180,1070)|(3730,2304)|(3990,2304)|(3874,1318)|(4230,1825)|(4480,1638)|(3955,1743)|(4280,1479)|(3447,2160)|(1251,2362)|
(2260,1123)|(2178,1619)|(1480,660)|(4090,1067)|(3029,1242)|(920,1990)|(382,872)|(457,334)|(48,154)|(252,1240)|(560,1180)|(285,1029)|(872,1559)|(91,2110)|(198,1810)|(738,1325)|(929,2326)|(1034,1344)|(1286,525)|(1067,371)|(839,620)|(1187,706)|

Initial minimum distance: 259129.01833583575
Global minimum distance: 125949.76020273492
Running time: 175.377788066864s
[48, 31, 10, 44, 21]
Final Route: |(2260,1123)|(1360,1048)|(2139,2326)|(1930,2160)|(1741,712)|(2120,330)|(2588,302)|(2848,96)|(3527,41)|(4210,500)|(4670,1350)|(4670,1498)|(4280,1479)|(3874,1318)|(3810,1900)|(3447,2160)|(4520,2030)|(3113,885)|(2790,1457)|(2574,946)|(2178,1619)|(560,1180)|(123,1310)|(920,1990)|(929,2326)|(91,2110)|(611,2326)|(2186,766)|(2310,236)|(1034,1344)|(252,1240)|(285,1029)|(776,392)|(1280,237)|(1250,1200)|(839,620)|(1620,1804)|(1770,1884)|(1625,2100)|(1247,1945)|(738,1325)|(53,1657)|(198,1810)|(400,2140)|(710,2080)|(739,1850)|(2445,1820)|(2576,1676)|
(2260,1123)|(3683,1533)|(3373,1646)|(3548,1999)|(4230,1825)|(3232,324)|(2936,337)|(3640,300)|(4120,310)|(4740,268)|(4390,420)|(4530,609)|(4150,899)|(3730,2304)|(3000,2140)|(2573,1969)|(2930,2293)|(3180,1070)|(3085,1528)|(1795,962)|(3416,143)|(3780,1079)|(3613,523)|(3029,1242)|(3990,2304)|(3911,2180)|(1410,2200)|(2991,792)|(2482,1183)|(2421,1007)|(3404,1307)|
(2260,1123)|(3875,598)|(3230,650)|(2270,550)|(2097,981)|(2460,1400)|(3430,1088)|(4200,2080)|(2916,1724)|(2820,980)|
(2260,1123)|(1187,706)|(1220,1560)|(872,1559)|(928,1700)|(500,1960)|(22,987)|(178,2348)|(742,1025)|(938,810)|(1480,660)|(3104,1931)|(3955,1743)|(4480,1638)|(4240,1286)|(4610,1758)|(4590,1023)|(3479,821)|(2716,2120)|(2270,1920)|(2420,2250)|(1754,390)|(1067,371)|(374,9)|(1256,61)|(1323,400)|(741,146)|(457,334)|(1513,2326)|(984,965)|(382,872)|(611,673)|(19,674)|(463,1670)|(1115,2180)|(1251,2362)|(1393,1368)|(1419,872)|(298,1513)|(1782,93)|(1628,253)|(2849,1214)|(2863,558)|(2573,599)|
(2260,1123)|(1689,1223)|(1286,525)|(876,70)|(241,341)|(217,550)|(376,550)|(48,154)|(1429,134)|(2519,135)|(2753,283)|(4260,102)|(4530,265)|(4090,1067)|(3756,882)|(4340,740)|(4570,857)|(4140,666)|(3815,169)|(3326,1846)|(3950,1558)|

Initial minimum distance: 271332.21254998184
Global minimum distance: 125171.06294421878
Running time: 175.935613155365s
[42, 27, 40, 20, 25]
Final Route: |(2260,1123)|(2916,1724)|(2573,599)|(1795,962)|(611,673)|(374,9)|(742,1025)|(123,1310)|(298,1513)|(19,674)|(382,872)|(241,341)|(48,154)|(938,810)|(2120,330)|(1782,93)|(1429,134)|(1280,237)|(876,70)|(2178,1619)|(1393,1368)|(1620,1804)|(1360,1048)|(776,392)|(1067,371)|(1187,706)|(1770,1884)|(1513,2326)|(1930,2160)|(2420,2250)|(2139,2326)|(928,1700)|(611,2326)|(178,2348)|(1034,1344)|(1220,1560)|(872,1559)|(839,620)|(376,550)|(741,146)|(1323,400)|(1256,61)|
(2260,1123)|(2310,236)|(2588,302)|(2936,337)|(1741,712)|(252,1240)|(285,1029)|(739,1850)|(1250,1200)|(920,1990)|(1251,2362)|(198,1810)|(53,1657)|(929,2326)|(1115,2180)|(1247,1945)|(3730,2304)|(2753,283)|(2270,550)|(2421,1007)|(2991,792)|(2790,1457)|(3180,1070)|(3404,1307)|(3104,1931)|(2445,1820)|(3640,300)|
(2260,1123)|(1689,1223)|(500,1960)|(710,2080)|(22,987)|(1419,872)|(2270,1920)|(3085,1528)|(2849,1214)|(3232,324)|(3875,598)|(4390,420)|(4150,899)|(4340,740)|(4590,1023)|(2716,2120)|(2930,2293)|(2576,1676)|(1625,2100)|(400,2140)|(1410,2200)|(91,2110)|(463,1670)|(984,965)|(2460,1400)|(3780,1079)|(4530,609)|(4570,857)|(3911,2180)|(1480,660)|(2186,766)|(2519,135)|(3373,1646)|(3326,1846)|(3000,2140)|(1286,525)|(738,1325)|(217,550)|(2097,981)|(1628,253)|
(2260,1123)|(2482,1183)|(2573,1969)|(560,1180)|(2863,558)|(3815,169)|(2848,96)|(3527,41)|(3479,821)|(3430,1088)|(3230,650)|(3613,523)|(4120,310)|(4260,102)|(4530,265)|(4740,268)|(4210,500)|(3416,143)|(3113,885)|(2574,946)|
(2260,1123)|(2820,980)|(3029,1242)|(3756,882)|(4140,666)|(4090,1067)|(3874,1318)|(4670,1350)|(4240,1286)|(4280,1479)|(3990,2304)|(3950,1558)|(3447,2160)|(3548,1999)|(3810,1900)|(4230,1825)|(4610,1758)|(4670,1498)|(4520,2030)|(4480,1638)|(4200,2080)|(3955,1743)|(3683,1533)|(457,334)|(1754,390)|

Initial minimum distance: 277071.43082065624
Global minimum distance: 125242.04933520331
Running time: 184.5474112033844s
[29, 24, 33, 31, 37]
Final Route: |(2260,1123)|(1419,872)|(1754,390)|(2097,981)|(1620,1804)|(2421,1007)|(2574,946)|(2270,1920)|(2445,1820)|(2716,2120)|(3104,1931)|(1625,2100)|(2930,2293)|(2420,2250)|(2991,792)|(2916,1724)|(2573,599)|(1250,1200)|(2576,1676)|(3029,1242)|(3085,1528)|(2863,558)|(3479,821)|(3780,1079)|(2849,1214)|(3430,1088)|(3911,2180)|(3990,2304)|(1689,1223)|
(2260,1123)|(1782,93)|(3613,523)|(4210,500)|(4340,740)|(3527,41)|(4090,1067)|(4390,420)|(4530,609)|(4140,666)|(3815,169)|(4260,102)|(4570,857)|(4120,310)|(3640,300)|(2848,96)|(3232,324)|(4200,2080)|(4230,1825)|(4150,899)|(4240,1286)|(2482,1183)|(2519,135)|(2270,550)|
(2260,1123)|(2753,283)|(4520,2030)|(4280,1479)|(4670,1350)|(4670,1498)|(3548,1999)|(3326,1846)|(3373,1646)|(3447,2160)|(3730,2304)|(2460,1400)|(2790,1457)|(2178,1619)|(2820,980)|(4480,1638)|(4590,1023)|(3874,1318)|(4610,1758)|(3955,1743)|(3810,1900)|(3230,650)|(2936,337)|(3416,143)|(3180,1070)|(4740,268)|(4530,265)|(3404,1307)|(3950,1558)|(3756,882)|(2588,302)|(2186,766)|(2120,330)|
(2260,1123)|(2310,236)|(463,1670)|(1280,237)|(741,146)|(1251,2362)|(1410,2200)|(1115,2180)|(710,2080)|(500,1960)|(1247,1945)|(2573,1969)|(928,1700)|(1220,1560)|(938,810)|(560,1180)|(252,1240)|(738,1325)|(739,1850)|(929,2326)|(920,1990)|(872,1559)|(1393,1368)|(298,1513)|(776,392)|(1256,61)|(3000,2140)|(2139,2326)|(1513,2326)|(1930,2160)|(1770,1884)|
(2260,1123)|(1741,712)|(3683,1533)|(3875,598)|(3113,885)|(376,550)|(22,987)|(285,1029)|(241,341)|(457,334)|(217,550)|(1429,134)|(876,70)|(19,674)|(382,872)|(1286,525)|(1628,253)|(984,965)|(1187,706)|(1067,371)|(611,2326)|(400,2140)|(178,2348)|(53,1657)|(91,2110)|(198,1810)|(123,1310)|(611,673)|(48,154)|(374,9)|(1323,400)|(1480,660)|(1795,962)|(1360,1048)|(742,1025)|(1034,1344)|(839,620)|

