min:7.5, max:75.0
Global minimum distance: 85941.59385678815
Route:
salesman-0:(2260, 1123)(1741, 712)(19, 674)(217, 550)(374, 9)(741, 146)(241, 341)(48, 154)(776, 392)(376, 550)(611, 673)(53, 1657)(1620, 1804)(1393, 1368)(738, 1325)(2260, 1123)
salesman-1:(2260, 1123)(285, 1029)(463, 1670)(739, 1850)(560, 1180)(123, 1310)(252, 1240)(382, 872)(839, 620)(457, 334)(876, 70)(1256, 61)(1280, 237)(1782, 93)(1754, 390)(2991, 792)(2519, 135)(2270, 550)(2178, 1619)(2576, 1676)(2849, 1214)(2916, 1724)(3479, 821)(3640, 300)(4210, 500)(3875, 598)(3756, 882)(4390, 420)(4530, 265)(4740, 268)(4570, 857)(4150, 899)(3955, 1743)(3548, 1999)(3326, 1846)(3810, 1900)(4200, 2080)(2260, 1123)
salesman-2:(2260, 1123)(4520, 2030)(4480, 1638)(4670, 1350)(4280, 1479)(3874, 1318)(3085, 1528)(3447, 2160)(3730, 2304)(3000, 2140)(2270, 1920)(3104, 1931)(2790, 1457)(2260, 1123)(1628, 253)(3029, 1242)(2930, 2293)(2716, 2120)(2573, 1969)(2139, 2326)(1770, 1884)(1410, 2200)(928, 1700)(1220, 1560)(872, 1559)(920, 1990)(1930, 2160)(1625, 2100)(1247, 1945)(3815, 169)(4340, 740)(4090, 1067)(3780, 1079)(2848, 96)(2863, 558)(3613, 523)(4120, 310)(4260, 102)(4530, 609)(4590, 1023)(4240, 1286)(3404, 1307)(3683, 1533)(3950, 1558)(3911, 2180)(3990, 2304)(4670, 1498)(4610, 1758)(4230, 1825)(3373, 1646)(2260, 1123)
salesman-3:(2260, 1123)(3430, 1088)(4140, 666)(2820, 980)(3180, 1070)(2574, 946)(2421, 1007)(1689, 1223)(2097, 981)(2310, 236)(2186, 766)(3230, 650)(3113, 885)(2588, 302)(1429, 134)(1323, 400)(1286, 525)(1187, 706)(984, 965)(1034, 1344)(298, 1513)(22, 987)(1067, 371)(1480, 660)(3527, 41)(611, 2326)(929, 2326)(400, 2140)(710, 2080)(500, 1960)(91, 2110)(1250, 1200)(1360, 1048)(1419, 872)(938, 810)(2260, 1123)
salesman-4:(2260, 1123)(742, 1025)(198, 1810)(178, 2348)(1513, 2326)(1251, 2362)(2420, 2250)(2445, 1820)(2460, 1400)(2482, 1183)(1795, 962)(2120, 330)(2573, 599)(2936, 337)(2753, 283)(3232, 324)(3416, 143)(1115, 2180)(2260, 1123)
Running time: 225.0189392566681s
min:7.5, max:75.0
Global minimum distance: 81320.22546437079
Route:
salesman-0:(2260, 1123)(1247, 1945)(1410, 2200)(1251, 2362)(1625, 2100)(1930, 2160)(1770, 1884)(1115, 2180)(611, 2326)(739, 1850)(2260, 1123)
salesman-1:(2260, 1123)(91, 2110)(178, 2348)(500, 1960)(198, 1810)(872, 1559)(928, 1700)(560, 1180)(252, 1240)(53, 1657)(123, 1310)(298, 1513)(400, 2140)(920, 1990)(738, 1325)(1250, 1200)(1393, 1368)(1034, 1344)(938, 810)(1754, 390)(1628, 253)(4240, 1286)(3756, 882)(4140, 666)(4530, 265)(4260, 102)(4210, 500)(4340, 740)(4090, 1067)(4670, 1350)(4610, 1758)(3990, 2304)(3104, 1931)(3085, 1528)(2260, 1123)(2445, 1820)(1513, 2326)(1620, 1804)(929, 2326)(710, 2080)(463, 1670)(839, 620)(611, 673)(742, 1025)(1689, 1223)(2716, 2120)(3326, 1846)(3683, 1533)(3955, 1743)(4520, 2030)(3911, 2180)(3730, 2304)(4200, 2080)(3404, 1307)(3430, 1088)(3479, 821)(3230, 650)(3232, 324)(2260, 1123)
salesman-2:(2260, 1123)(2936, 337)(3416, 143)(3029, 1242)(2270, 550)(2186, 766)(2576, 1676)(2790, 1457)(2849, 1214)(3113, 885)(3640, 300)(2753, 283)(2310, 236)(2519, 135)(3000, 2140)(2930, 2293)(2573, 1969)(2270, 1920)(2139, 2326)(2097, 981)(2178, 1619)(1795, 962)(2848, 96)(2588, 302)(2120, 330)(2863, 558)(2916, 1724)(2820, 980)(2991, 792)(2573, 599)(2574, 946)(2482, 1183)(4280, 1479)(1280, 237)(2260, 1123)
salesman-3:(2260, 1123)(876, 70)(741, 146)(1782, 93)(1286, 525)(1429, 134)(1741, 712)(1419, 872)(1323, 400)(1480, 660)(1067, 371)(1187, 706)(984, 965)(1360, 1048)(457, 334)(776, 392)(376, 550)(22, 987)(19, 674)(374, 9)(48, 154)(241, 341)(217, 550)(2260, 1123)
salesman-4:(2260, 1123)(382, 872)(285, 1029)(1220, 1560)(2420, 2250)(2421, 1007)(2460, 1400)(3180, 1070)(3373, 1646)(3447, 2160)(3548, 1999)(3810, 1900)(3950, 1558)(4670, 1498)(4740, 268)(4530, 609)(4570, 857)(4120, 310)(4150, 899)(3780, 1079)(3613, 523)(3815, 169)(3527, 41)(4390, 420)(3875, 598)(3874, 1318)(4590, 1023)(4480, 1638)(4230, 1825)(1256, 61)(2260, 1123)
Running time: 225.03292775154114s
min:7.5, max:75.0
Global minimum distance: 83606.43544084352
Route:
salesman-0:(2260, 1123)(1689, 1223)(2849, 1214)(3113, 885)(2574, 946)(4280, 1479)(4230, 1825)(3810, 1900)(3326, 1846)(2260, 1123)
salesman-1:(2260, 1123)(3874, 1318)(3911, 2180)(984, 965)(742, 1025)(1250, 1200)(1360, 1048)(1429, 134)(1323, 400)(1256, 61)(876, 70)(1280, 237)(2120, 330)(1628, 253)(1067, 371)(776, 392)(48, 154)(19, 674)(376, 550)(457, 334)(241, 341)(741, 146)(374, 9)(217, 550)(611, 673)(382, 872)(285, 1029)(53, 1657)(252, 1240)(739, 1850)(1034, 1344)(1393, 1368)(2186, 766)(2260, 1123)(2916, 1724)(3000, 2140)(3104, 1931)(3373, 1646)(3548, 1999)(4090, 1067)(3232, 324)(2260, 1123)
salesman-2:(2260, 1123)(2573, 599)(2270, 550)(2097, 981)(3416, 143)(3527, 41)(2863, 558)(2588, 302)(2519, 135)(2936, 337)(2848, 96)(2753, 283)(1754, 390)(1782, 93)(1795, 962)(1930, 2160)(2139, 2326)(2270, 1920)(2991, 792)(2421, 1007)(2445, 1820)(2716, 2120)(3447, 2160)(3990, 2304)(3955, 1743)(3950, 1558)(4240, 1286)(4670, 1498)(4520, 2030)(4200, 2080)(4570, 857)(2260, 1123)
salesman-3:(2260, 1123)(4590, 1023)(4610, 1758)(4670, 1350)(4260, 102)(3815, 169)(4390, 420)(4140, 666)(1741, 712)(1480, 660)(1419, 872)(1220, 1560)(2482, 1183)(2573, 1969)(2460, 1400)(2178, 1619)(1115, 2180)(298, 1513)(400, 2140)(710, 2080)(463, 1670)(22, 987)(839, 620)(1187, 706)(1286, 525)(2310, 236)(3756, 882)(4150, 899)(4530, 265)(4530, 609)(4740, 268)(4340, 740)(4480, 1638)(4120, 310)(738, 1325)(3730, 2304)(2930, 2293)(2420, 2250)(3085, 1528)(3683, 1533)(3479, 821)(3404, 1307)(3430, 1088)(3180, 1070)(2576, 1676)(1770, 1884)(1410, 2200)(1251, 2362)(1625, 2100)(1620, 1804)(1513, 2326)(1247, 1945)(928, 1700)(872, 1559)(938, 810)(560, 1180)(123, 1310)(198, 1810)(91, 2110)(178, 2348)(500, 1960)(2260, 1123)
salesman-4:(2260, 1123)(611, 2326)(929, 2326)(920, 1990)(4210, 500)(3640, 300)(3613, 523)(3875, 598)(3780, 1079)(3230, 650)(2820, 980)(3029, 1242)(2790, 1457)(2260, 1123)
Running time: 225.01789164543152s
min:7.5, max:75.0
Global minimum distance: 86802.87941152132
Route:
salesman-0:(2260, 1123)(928, 1700)(872, 1559)(742, 1025)(741, 146)(457, 334)(876, 70)(776, 392)(376, 550)(123, 1310)(19, 674)(241, 341)(1286, 525)(1689, 1223)(1034, 1344)(1360, 1048)(1280, 237)(1323, 400)(839, 620)(1256, 61)(1067, 371)(382, 872)(611, 673)(500, 1960)(298, 1513)(738, 1325)(1393, 1368)(1625, 2100)(2139, 2326)(1770, 1884)(1620, 1804)(2445, 1820)(2916, 1724)(2716, 2120)(2576, 1676)(2260, 1123)
salesman-1:(2260, 1123)(3373, 1646)(3104, 1931)(3447, 2160)(3326, 1846)(3548, 1999)(3911, 2180)(3990, 2304)(3730, 2304)(4480, 1638)(4590, 1023)(4240, 1286)(4280, 1479)(560, 1180)(929, 2326)(739, 1850)(400, 2140)(198, 1810)(710, 2080)(920, 1990)(1419, 872)(1250, 1200)(463, 1670)(53, 1657)(1247, 1945)(1251, 2362)(1115, 2180)(1410, 2200)(1513, 2326)(2420, 2250)(2270, 1920)(3000, 2140)(3180, 1070)(2260, 1123)(2863, 558)(2848, 96)(4260, 102)(3232, 324)(3527, 41)(3416, 143)(3613, 523)(4530, 265)(4570, 857)(4340, 740)(4150, 899)(2260, 1123)
salesman-2:(2260, 1123)(3780, 1079)(3683, 1533)(3113, 885)(285, 1029)(4670, 1350)(4520, 2030)(4610, 1758)(4230, 1825)(3810, 1900)(4200, 2080)(3955, 1743)(3950, 1558)(4090, 1067)(3874, 1318)(3404, 1307)(2260, 1123)
salesman-3:(2260, 1123)(4140, 666)(4740, 268)(3815, 169)(4390, 420)(4530, 609)(3756, 882)(3430, 1088)(3479, 821)(3230, 650)(2991, 792)(2588, 302)(2573, 599)(2820, 980)(2574, 946)(2460, 1400)(2790, 1457)(2849, 1214)(3085, 1528)(1930, 2160)(2097, 981)(2270, 550)(2310, 236)(2753, 283)(2519, 135)(2936, 337)(3640, 300)(3875, 598)(4210, 500)(4120, 310)(3029, 1242)(2178, 1619)(2573, 1969)(2930, 2293)(2482, 1183)(2421, 1007)(2186, 766)(1782, 93)(48, 154)(374, 9)(217, 550)(984, 965)(1480, 660)(1187, 706)(2260, 1123)
salesman-4:(2260, 1123)(938, 810)(2120, 330)(1754, 390)(1628, 253)(1429, 134)(1741, 712)(1795, 962)(1220, 1560)(611, 2326)(178, 2348)(91, 2110)(22, 987)(252, 1240)(4670, 1498)(2260, 1123)
Running time: 225.02850198745728s
min:7.5, max:75.0
Global minimum distance: 86086.79365596175
Route:
salesman-0:(2260, 1123)(2573, 599)(2519, 135)(3527, 41)(3416, 143)(3815, 169)(2936, 337)(2848, 96)(3113, 885)(3230, 650)(3404, 1307)(3373, 1646)(3955, 1743)(3911, 2180)(3730, 2304)(3990, 2304)(4230, 1825)(4520, 2030)(4200, 2080)(3683, 1533)(4670, 1498)(4280, 1479)(4480, 1638)(2260, 1123)
salesman-1:(2260, 1123)(4150, 899)(920, 1990)(1247, 1945)(1220, 1560)(938, 810)(839, 620)(1513, 2326)(1625, 2100)(2260, 1123)
salesman-2:(2260, 1123)(1930, 2160)(2139, 2326)(2420, 2250)(2916, 1724)(2421, 1007)(2574, 946)(2178, 1619)(739, 1850)(4390, 420)(4530, 609)(4740, 268)(4340, 740)(4210, 500)(3104, 1931)(3000, 2140)(2270, 1920)(2445, 1820)(500, 1960)(929, 2326)(1410, 2200)(1770, 1884)(2260, 1123)(3874, 1318)(4240, 1286)(3548, 1999)(2573, 1969)(2716, 2120)(2930, 2293)(3447, 2160)(4610, 1758)(4570, 857)(4530, 265)(4260, 102)(4120, 310)(4140, 666)(3875, 598)(3613, 523)(3640, 300)(3232, 324)(1628, 253)(1429, 134)(2120, 330)(1280, 237)(1256, 61)(1286, 525)(1795, 962)(178, 2348)(91, 2110)(463, 1670)(123, 1310)(285, 1029)(48, 154)(241, 341)(374, 9)(376, 550)(217, 550)(776, 392)(1067, 371)(741, 146)(876, 70)(457, 334)(19, 674)(252, 1240)(22, 987)(560, 1180)(738, 1325)(53, 1657)(1115, 2180)(710, 2080)(928, 1700)(872, 1559)(382, 872)(742, 1025)(1620, 1804)(1251, 2362)(2260, 1123)
salesman-3:(2260, 1123)(198, 1810)(298, 1513)(1034, 1344)(1360, 1048)(1480, 660)(984, 965)(611, 673)(1393, 1368)(1187, 706)(1323, 400)(2260, 1123)
salesman-4:(2260, 1123)(1782, 93)(2186, 766)(2849, 1214)(2097, 981)(2790, 1457)(3029, 1242)(3180, 1070)(2270, 550)(2753, 283)(3430, 1088)(3085, 1528)(3810, 1900)(4090, 1067)(3780, 1079)(4590, 1023)(4670, 1350)(3950, 1558)(3326, 1846)(2576, 1676)(2310, 236)(2588, 302)(2863, 558)(2991, 792)(3479, 821)(2820, 980)(2482, 1183)(2460, 1400)(1741, 712)(1754, 390)(1419, 872)(1689, 1223)(1250, 1200)(611, 2326)(400, 2140)(3756, 882)(2260, 1123)
Running time: 225.03651475906372s
min:7.5, max:75.0
Global minimum distance: 87127.53642559014
Route:
salesman-0:(2260, 1123)(2270, 550)(2310, 236)(2519, 135)(2097, 981)(2260, 1123)(2716, 2120)(3230, 650)(3404, 1307)(3085, 1528)(3000, 2140)(3326, 1846)(3548, 1999)(3730, 2304)(3447, 2160)(1323, 400)(1360, 1048)(1480, 660)(2576, 1676)(2420, 2250)(2445, 1820)(2482, 1183)(1419, 872)(938, 810)(839, 620)(376, 550)(241, 341)(457, 334)(217, 550)(198, 1810)(872, 1559)(710, 2080)(1220, 1560)(1115, 2180)(920, 1990)(929, 2326)(611, 2326)(2260, 1123)
salesman-1:(2260, 1123)(1251, 2362)(91, 2110)(178, 2348)(53, 1657)(22, 987)(123, 1310)(738, 1325)(1034, 1344)(560, 1180)(285, 1029)(382, 872)(1280, 237)(1067, 371)(1429, 134)(1754, 390)(2753, 283)(2863, 558)(2574, 946)(2460, 1400)(2178, 1619)(2270, 1920)(2930, 2293)(3911, 2180)(3810, 1900)(4150, 899)(4090, 1067)(4480, 1638)(3955, 1743)(3113, 885)(2849, 1214)(2820, 980)(1393, 1368)(500, 1960)(739, 1850)(298, 1513)(463, 1670)(252, 1240)(19, 674)(611, 673)(928, 1700)(1410, 2200)(1247, 1945)(1620, 1804)(1930, 2160)(2139, 2326)(1513, 2326)(1625, 2100)(400, 2140)(1250, 1200)(1741, 712)(1770, 1884)(1689, 1223)(1795, 962)(1187, 706)(984, 965)(742, 1025)(48, 154)(374, 9)(2120, 330)(4590, 1023)(4230, 1825)(4280, 1479)(3950, 1558)(3683, 1533)(3479, 821)(4740, 268)(2260, 1123)
salesman-2:(2260, 1123)(4530, 265)(4260, 102)(4390, 420)(3875, 598)(3640, 300)(4210, 500)(3613, 523)(4140, 666)(3416, 143)(3527, 41)(2588, 302)(2848, 96)(2573, 599)(1256, 61)(3990, 2304)(4520, 2030)(4610, 1758)(4240, 1286)(4670, 1498)(2260, 1123)
salesman-3:(2260, 1123)(4670, 1350)(4570, 857)(4530, 609)(4340, 740)(3104, 1931)(2916, 1724)(2790, 1457)(2421, 1007)(3430, 1088)(3756, 882)(2991, 792)(2936, 337)(2260, 1123)
salesman-4:(2260, 1123)(3815, 169)(4120, 310)(3232, 324)(3180, 1070)(3874, 1318)(3780, 1079)(2573, 1969)(3373, 1646)(3029, 1242)(2186, 766)(1782, 93)(1628, 253)(1286, 525)(776, 392)(741, 146)(876, 70)(4200, 2080)(2260, 1123)
Running time: 225.03054237365723s
min:7.5, max:75.0
Global minimum distance: 87986.960218038
Route:
salesman-0:(2260, 1123)(2482, 1183)(2916, 1724)(2576, 1676)(3000, 2140)(3730, 2304)(4200, 2080)(3810, 1900)(3326, 1846)(1689, 1223)(2120, 330)(1741, 712)(1250, 1200)(1754, 390)(1628, 253)(1782, 93)(1429, 134)(1323, 400)(839, 620)(611, 673)(2260, 1123)
salesman-1:(2260, 1123)(457, 334)(374, 9)(241, 341)(19, 674)(22, 987)(123, 1310)(463, 1670)(1187, 706)(1280, 237)(1286, 525)(938, 810)(738, 1325)(53, 1657)(560, 1180)(285, 1029)(298, 1513)(500, 1960)(929, 2326)(928, 1700)(1034, 1344)(1419, 872)(1480, 660)(984, 965)(1067, 371)(1256, 61)(741, 146)(1360, 1048)(252, 1240)(742, 1025)(382, 872)(400, 2140)(710, 2080)(739, 1850)(1115, 2180)(1513, 2326)(2260, 1123)
salesman-2:(2260, 1123)(1625, 2100)(2139, 2326)(2420, 2250)(1247, 1945)(1220, 1560)(920, 1990)(1620, 1804)(1393, 1368)(872, 1559)(1770, 1884)(2186, 766)(2260, 1123)(2310, 236)(2849, 1214)(2260, 1123)
salesman-3:(2260, 1123)(2936, 337)(2848, 96)(2573, 599)(3180, 1070)(2460, 1400)(2445, 1820)(2097, 981)(2270, 550)(1795, 962)(2716, 2120)(2573, 1969)(4280, 1479)(91, 2110)(198, 1810)(217, 550)(48, 154)(376, 550)(776, 392)(876, 70)(178, 2348)(4240, 1286)(4670, 1498)(4610, 1758)(3990, 2304)(3911, 2180)(4260, 102)(4210, 500)(4090, 1067)(4390, 420)(4530, 609)(4340, 740)(3113, 885)(2421, 1007)(3029, 1242)(3085, 1528)(2991, 792)(2753, 283)(2588, 302)(2519, 135)(3232, 324)(4140, 666)(3875, 598)(3613, 523)(4480, 1638)(3874, 1318)(3780, 1079)(3479, 821)(3230, 650)(3430, 1088)(3404, 1307)(3640, 300)(3815, 169)(3416, 143)(4120, 310)(4740, 268)(4530, 265)(3756, 882)(4150, 899)(4670, 1350)(4570, 857)(2260, 1123)
salesman-4:(2260, 1123)(4230, 1825)(3955, 1743)(4590, 1023)(3950, 1558)(3683, 1533)(3447, 2160)(3548, 1999)(3373, 1646)(3104, 1931)(2930, 2293)(2790, 1457)(2863, 558)(2574, 946)(2820, 980)(3527, 41)(2178, 1619)(2270, 1920)(1410, 2200)(1930, 2160)(1251, 2362)(611, 2326)(4520, 2030)(2260, 1123)
Running time: 225.02828311920166s
min:7.5, max:75.0
Global minimum distance: 80615.04664756168
Route:
salesman-0:(2260, 1123)(1250, 1200)(1393, 1368)(738, 1325)(920, 1990)(929, 2326)(500, 1960)(400, 2140)(198, 1810)(872, 1559)(928, 1700)(739, 1850)(457, 334)(374, 9)(741, 146)(1256, 61)(1280, 237)(1323, 400)(938, 810)(1187, 706)(776, 392)(1419, 872)(1360, 1048)(984, 965)(1067, 371)(839, 620)(742, 1025)(285, 1029)(19, 674)(217, 550)(241, 341)(876, 70)(611, 673)(376, 550)(48, 154)(3911, 2180)(3548, 1999)(3730, 2304)(3990, 2304)(4230, 1825)(4480, 1638)(4200, 2080)(3000, 2140)(2930, 2293)(2270, 1920)(2420, 2250)(2716, 2120)(2790, 1457)(2863, 558)(3232, 324)(3113, 885)(3029, 1242)(1620, 1804)(1625, 2100)(2573, 1969)(2576, 1676)(2139, 2326)(1770, 1884)(1513, 2326)(2097, 981)(3955, 1743)(382, 872)(252, 1240)(560, 1180)(463, 1670)(611, 2326)(1115, 2180)(1247, 1945)(1930, 2160)(2260, 1123)
salesman-1:(2260, 1123)(1251, 2362)(1410, 2200)(1220, 1560)(710, 2080)(91, 2110)(178, 2348)(53, 1657)(123, 1310)(298, 1513)(1034, 1344)(1689, 1223)(1795, 962)(3640, 300)(2260, 1123)
salesman-2:(2260, 1123)(4140, 666)(3756, 882)(2574, 946)(3085, 1528)(3104, 1931)(2916, 1724)(3479, 821)(3527, 41)(3416, 143)(2936, 337)(2588, 302)(2848, 96)(2753, 283)(2519, 135)(2310, 236)(1429, 134)(1286, 525)(1480, 660)(1741, 712)(2421, 1007)(2482, 1183)(3326, 1846)(3373, 1646)(3683, 1533)(4520, 2030)(4670, 1498)(4610, 1758)(4090, 1067)(2260, 1123)
salesman-3:(2260, 1123)(4530, 265)(4740, 268)(3815, 169)(4260, 102)(3613, 523)(2573, 599)(2120, 330)(1754, 390)(2270, 550)(1628, 253)(1782, 93)(2186, 766)(2260, 1123)(2991, 792)(3180, 1070)(3404, 1307)(3950, 1558)(3874, 1318)(2260, 1123)
salesman-4:(2260, 1123)(3430, 1088)(3230, 650)(2820, 980)(2849, 1214)(2460, 1400)(2178, 1619)(2445, 1820)(3447, 2160)(3810, 1900)(4240, 1286)(3780, 1079)(4590, 1023)(4670, 1350)(4150, 899)(4570, 857)(4120, 310)(4390, 420)(4210, 500)(4530, 609)(4340, 740)(3875, 598)(4280, 1479)(22, 987)(2260, 1123)
Running time: 225.04386615753174s
min:7.5, max:75.0
Global minimum distance: 81704.91735948806
Route:
salesman-0:(2260, 1123)(1770, 1884)(1620, 1804)(2178, 1619)(2270, 1920)(2445, 1820)(4240, 1286)(4520, 2030)(3990, 2304)(3955, 1743)(3548, 1999)(2930, 2293)(2916, 1724)(3326, 1846)(3000, 2140)(3447, 2160)(3874, 1318)(4590, 1023)(4530, 265)(4740, 268)(4120, 310)(3756, 882)(3479, 821)(3613, 523)(3527, 41)(3232, 324)(2573, 599)(2588, 302)(2310, 236)(2186, 766)(2270, 550)(2097, 981)(2574, 946)(2421, 1007)(2460, 1400)(2482, 1183)(2260, 1123)(1795, 962)(1689, 1223)(252, 1240)(298, 1513)(738, 1325)(1480, 660)(742, 1025)(1419, 872)(1360, 1048)(560, 1180)(285, 1029)(19, 674)(22, 987)(217, 550)(374, 9)(48, 154)(376, 550)(839, 620)(776, 392)(2420, 2250)(2260, 1123)
salesman-1:(2260, 1123)(2139, 2326)(1930, 2160)(2790, 1457)(2991, 792)(2863, 558)(3230, 650)(2849, 1214)(1251, 2362)(1187, 706)(1754, 390)(2120, 330)(1628, 253)(876, 70)(741, 146)(611, 673)(739, 1850)(928, 1700)(872, 1559)(1393, 1368)(1741, 712)(1782, 93)(3373, 1646)(4230, 1825)(4610, 1758)(3911, 2180)(2260, 1123)
salesman-2:(2260, 1123)(4200, 2080)(3810, 1900)(3730, 2304)(3404, 1307)(3113, 885)(3180, 1070)(3780, 1079)(3640, 300)(2820, 980)(2519, 135)(2753, 283)(2848, 96)(2936, 337)(3416, 143)(4390, 420)(3815, 169)(4260, 102)(4530, 609)(2260, 1123)
salesman-3:(2260, 1123)(4340, 740)(4150, 899)(4210, 500)(4140, 666)(3875, 598)(4570, 857)(4480, 1638)(4280, 1479)(4090, 1067)(4670, 1350)(4670, 1498)(3950, 1558)(3683, 1533)(3029, 1242)(3430, 1088)(2576, 1676)(2573, 1969)(2716, 2120)(3104, 1931)(3085, 1528)(1280, 237)(1256, 61)(1323, 400)(1067, 371)(457, 334)(241, 341)(382, 872)(1250, 1200)(984, 965)(1286, 525)(938, 810)(1034, 1344)(1220, 1560)(929, 2326)(500, 1960)(53, 1657)(123, 1310)(463, 1670)(198, 1810)(91, 2110)(1410, 2200)(1247, 1945)(920, 1990)(2260, 1123)
salesman-4:(2260, 1123)(611, 2326)(710, 2080)(400, 2140)(178, 2348)(1115, 2180)(1625, 2100)(1513, 2326)(1429, 134)(2260, 1123)
Running time: 225.02760243415833s
min:7.5, max:75.0
Global minimum distance: 89997.89355158761
Route:
salesman-0:(2260, 1123)(2820, 980)(3113, 885)(3230, 650)(3875, 598)(4240, 1286)(3447, 2160)(4200, 2080)(4520, 2030)(3990, 2304)(3911, 2180)(3955, 1743)(3950, 1558)(3810, 1900)(4590, 1023)(4570, 857)(3683, 1533)(3874, 1318)(1250, 1200)(1480, 660)(1280, 237)(1628, 253)(876, 70)(1429, 134)(374, 9)(457, 334)(463, 1670)(739, 1850)(198, 1810)(298, 1513)(2260, 1123)
salesman-1:(2260, 1123)(710, 2080)(400, 2140)(178, 2348)(928, 1700)(1247, 1945)(1251, 2362)(1770, 1884)(1620, 1804)(1410, 2200)(1513, 2326)(1115, 2180)(2139, 2326)(2916, 1724)(2178, 1619)(2482, 1183)(2573, 1969)(376, 550)(241, 341)(123, 1310)(53, 1657)(611, 2326)(91, 2110)(500, 1960)(560, 1180)(285, 1029)(22, 987)(382, 872)(217, 550)(19, 674)(48, 154)(776, 392)(252, 1240)(742, 1025)(738, 1325)(1256, 61)(1782, 93)(1187, 706)(1393, 1368)(1360, 1048)(1419, 872)(2260, 1123)(1220, 1560)(4480, 1638)(4150, 899)(4140, 666)(4530, 265)(4340, 740)(4390, 420)(4740, 268)(4260, 102)(2260, 1123)
salesman-2:(2260, 1123)(4120, 310)(3815, 169)(3613, 523)(2863, 558)(2991, 792)(2120, 330)(2310, 236)(2519, 135)(2573, 599)(1034, 1344)(920, 1990)(3104, 1931)(3730, 2304)(2420, 2250)(2445, 1820)(3029, 1242)(3180, 1070)(2849, 1214)(2421, 1007)(3373, 1646)(4610, 1758)(4230, 1825)(4670, 1350)(3548, 1999)(2260, 1123)
salesman-3:(2260, 1123)(3780, 1079)(3756, 882)(3430, 1088)(3479, 821)(2848, 96)(3640, 300)(3527, 41)(3232, 324)(2588, 302)(2260, 1123)
salesman-4:(2260, 1123)(2753, 283)(1689, 1223)(1067, 371)(1323, 400)(1754, 390)(2270, 550)(2936, 337)(3416, 143)(4210, 500)(4530, 609)(4090, 1067)(4280, 1479)(3404, 1307)(2460, 1400)(2097, 981)(1795, 962)(1741, 712)(839, 620)(984, 965)(938, 810)(611, 673)(1286, 525)(741, 146)(2574, 946)(2186, 766)(2576, 1676)(2716, 2120)(3326, 1846)(2930, 2293)(3085, 1528)(3000, 2140)(2790, 1457)(2270, 1920)(1930, 2160)(1625, 2100)(929, 2326)(872, 1559)(4670, 1498)(2260, 1123)
Running time: 225.02982330322266s
min:7.5, max:75.0
Global minimum distance: 90012.87339446886
Route:
salesman-0:(2260, 1123)(3640, 300)(4090, 1067)(4240, 1286)(3780, 1079)(3404, 1307)(3527, 41)(3232, 324)(3815, 169)(3416, 143)(3613, 523)(2260, 1123)
salesman-1:(2260, 1123)(3875, 598)(4140, 666)(3430, 1088)(4670, 1498)(3683, 1533)(3911, 2180)(3810, 1900)(4200, 2080)(3990, 2304)(3104, 1931)(2916, 1724)(560, 1180)(298, 1513)(739, 1850)(929, 2326)(1513, 2326)(1930, 2160)(2420, 2250)(1770, 1884)(2178, 1619)(2445, 1820)(2790, 1457)(2716, 2120)(2270, 1920)(2460, 1400)(3373, 1646)(3180, 1070)(3029, 1242)(2820, 980)(2848, 96)(2574, 946)(2097, 981)(1393, 1368)(1689, 1223)(2260, 1123)(1741, 712)(2270, 550)(2421, 1007)(19, 674)(3548, 1999)(3730, 2304)(3874, 1318)(3479, 821)(3756, 882)(4150, 899)(4570, 857)(2260, 1123)
salesman-2:(2260, 1123)(4260, 102)(4530, 265)(4590, 1023)(4670, 1350)(4230, 1825)(4520, 2030)(4480, 1638)(4280, 1479)(4340, 740)(4120, 310)(4210, 500)(4530, 609)(4740, 268)(4390, 420)(4610, 1758)(3950, 1558)(2260, 1123)
salesman-3:(2260, 1123)(3955, 1743)(2991, 792)(3113, 885)(2573, 599)(2519, 135)(2310, 236)(2588, 302)(2936, 337)(2863, 558)(3230, 650)(2753, 283)(2482, 1183)(2849, 1214)(3447, 2160)(2930, 2293)(3000, 2140)(2573, 1969)(2576, 1676)(3085, 1528)(2139, 2326)(1115, 2180)(1220, 1560)(928, 1700)(123, 1310)(382, 872)(376, 550)(217, 550)(738, 1325)(984, 965)(920, 1990)(742, 1025)(611, 673)(938, 810)(776, 392)(1256, 61)(1628, 253)(1429, 134)(1795, 962)(1754, 390)(2120, 330)(1250, 1200)(1419, 872)(1360, 1048)(1323, 400)(1280, 237)(1187, 706)(1286, 525)(1782, 93)(2186, 766)(1620, 1804)(872, 1559)(611, 2326)(400, 2140)(53, 1657)(252, 1240)(710, 2080)(1034, 1344)(1625, 2100)(1410, 2200)(1251, 2362)(1247, 1945)(463, 1670)(198, 1810)(178, 2348)(500, 1960)(91, 2110)(285, 1029)(2260, 1123)
salesman-4:(2260, 1123)(374, 9)(22, 987)(241, 341)(839, 620)(1480, 660)(1067, 371)(48, 154)(457, 334)(876, 70)(741, 146)(3326, 1846)(2260, 1123)
Running time: 225.02543687820435s
min:7.5, max:75.0
Global minimum distance: 87087.07610948931
Route:
salesman-0:(2260, 1123)(3874, 1318)(3950, 1558)(3683, 1533)(3548, 1999)(3447, 2160)(3373, 1646)(3113, 885)(2460, 1400)(1620, 1804)(1770, 1884)(1625, 2100)(1513, 2326)(920, 1990)(710, 2080)(500, 1960)(91, 2110)(178, 2348)(2260, 1123)
salesman-1:(2260, 1123)(463, 1670)(1034, 1344)(1286, 525)(1419, 872)(1360, 1048)(984, 965)(611, 673)(382, 872)(376, 550)(374, 9)(876, 70)(839, 620)(22, 987)(285, 1029)(123, 1310)(298, 1513)(252, 1240)(217, 550)(19, 674)(48, 154)(1067, 371)(2260, 1123)
salesman-2:(2260, 1123)(1429, 134)(1782, 93)(1628, 253)(1323, 400)(2573, 599)(2482, 1183)(2421, 1007)(776, 392)(4530, 609)(3955, 1743)(4520, 2030)(3990, 2304)(3911, 2180)(3810, 1900)(2863, 558)(1689, 1223)(2573, 1969)(2716, 2120)(2916, 1724)(2576, 1676)(3085, 1528)(2790, 1457)(2178, 1619)(2930, 2293)(2260, 1123)
salesman-3:(2260, 1123)(2445, 1820)(2270, 1920)(1220, 1560)(1741, 712)(2120, 330)(2260, 1123)(2820, 980)(3430, 1088)(3404, 1307)(3326, 1846)(3104, 1931)(3730, 2304)(3000, 2140)(2420, 2250)(742, 1025)(1754, 390)(1256, 61)(1280, 237)(457, 334)(741, 146)(1480, 660)(2270, 550)(2588, 302)(2753, 283)(2310, 236)(2519, 135)(2936, 337)(2848, 96)(4530, 265)(3527, 41)(3640, 300)(3815, 169)(4260, 102)(2260, 1123)
salesman-4:(2260, 1123)(4390, 420)(3416, 143)(3232, 324)(3230, 650)(4090, 1067)(4240, 1286)(4200, 2080)(4230, 1825)(2186, 766)(3613, 523)(3756, 882)(4280, 1479)(4570, 857)(4340, 740)(4210, 500)(3875, 598)(4120, 310)(4610, 1758)(4480, 1638)(4670, 1498)(4670, 1350)(4590, 1023)(3780, 1079)(3479, 821)(2991, 792)(2574, 946)(2849, 1214)(1930, 2160)(2139, 2326)(1251, 2362)(872, 1559)(738, 1325)(560, 1180)(929, 2326)(1115, 2180)(1410, 2200)(1247, 1945)(611, 2326)(53, 1657)(928, 1700)(198, 1810)(739, 1850)(400, 2140)(1393, 1368)(1250, 1200)(1187, 706)(4740, 268)(3029, 1242)(3180, 1070)(4150, 899)(4140, 666)(241, 341)(938, 810)(1795, 962)(2097, 981)(2260, 1123)
Running time: 225.04321432113647s
min:7.5, max:75.0
Global minimum distance: 85294.83456756649
Route:
salesman-0:(2260, 1123)(2849, 1214)(3085, 1528)(3950, 1558)(3404, 1307)(2863, 558)(2519, 135)(2936, 337)(3613, 523)(4200, 2080)(4610, 1758)(3955, 1743)(3373, 1646)(3326, 1846)(3548, 1999)(3911, 2180)(3810, 1900)(2260, 1123)
salesman-1:(2260, 1123)(3104, 1931)(2139, 2326)(1770, 1884)(2178, 1619)(1251, 2362)(1513, 2326)(1625, 2100)(2445, 1820)(2420, 2250)(2573, 1969)(2270, 1920)(3447, 2160)(2930, 2293)(3000, 2140)(2716, 2120)(2576, 1676)(2460, 1400)(1689, 1223)(1795, 962)(1034, 1344)(742, 1025)(1187, 706)(1323, 400)(1419, 872)(1480, 660)(1286, 525)(1741, 712)(1429, 134)(1067, 371)(876, 70)(2260, 1123)
salesman-2:(2260, 1123)(741, 146)(285, 1029)(19, 674)(376, 550)(22, 987)(984, 965)(738, 1325)(560, 1180)(91, 2110)(710, 2080)(1220, 1560)(1115, 2180)(1930, 2160)(1620, 1804)(1280, 237)(1754, 390)(2120, 330)(2588, 302)(2097, 981)(2482, 1183)(4260, 102)(1628, 253)(2310, 236)(2848, 96)(2260, 1123)
salesman-3:(2260, 1123)(3527, 41)(4120, 310)(4140, 666)(4210, 500)(3780, 1079)(3232, 324)(3430, 1088)(3230, 650)(3113, 885)(2991, 792)(3029, 1242)(2790, 1457)(2916, 1724)(3730, 2304)(4230, 1825)(4480, 1638)(4670, 1498)(4280, 1479)(4090, 1067)(4340, 740)(4390, 420)(4530, 265)(4740, 268)(4570, 857)(4530, 609)(4590, 1023)(4670, 1350)(4240, 1286)(4150, 899)(3416, 143)(2753, 283)(2820, 980)(2574, 946)(2270, 550)(2421, 1007)(3180, 1070)(3479, 821)(3990, 2304)(4520, 2030)(3874, 1318)(1782, 93)(2186, 766)(2573, 599)(252, 1240)(123, 1310)(178, 2348)(611, 2326)(1250, 1200)(920, 1990)(929, 2326)(198, 1810)(298, 1513)(53, 1657)(739, 1850)(500, 1960)(400, 2140)(872, 1559)(2260, 1123)
salesman-4:(2260, 1123)(1360, 1048)(1410, 2200)(1247, 1945)(1393, 1368)(928, 1700)(2260, 1123)(463, 1670)(382, 872)(839, 620)(241, 341)(217, 550)(48, 154)(374, 9)(776, 392)(611, 673)(457, 334)(938, 810)(1256, 61)(3640, 300)(3756, 882)(3875, 598)(3815, 169)(3683, 1533)(2260, 1123)
Running time: 225.04524159431458s
min:7.5, max:75.0
Global minimum distance: 83210.8540951218
Route:
salesman-0:(2260, 1123)(2849, 1214)(2445, 1820)(1770, 1884)(1247, 1945)(929, 2326)(1115, 2180)(1251, 2362)(1513, 2326)(1625, 2100)(1220, 1560)(1393, 1368)(2178, 1619)(2270, 1920)(739, 1850)(1410, 2200)(1620, 1804)(2139, 2326)(1930, 2160)(2420, 2250)(3000, 2140)(3404, 1307)(4200, 2080)(4090, 1067)(3430, 1088)(3180, 1070)(2588, 302)(2310, 236)(2848, 96)(1782, 93)(776, 392)(241, 341)(217, 550)(19, 674)(285, 1029)(876, 70)(1286, 525)(374, 9)(457, 334)(611, 673)(742, 1025)(382, 872)(738, 1325)(2260, 1123)
salesman-1:(2260, 1123)(560, 1180)(1034, 1344)(1689, 1223)(1360, 1048)(1795, 962)(2097, 981)(2120, 330)(2573, 599)(2260, 1123)
salesman-2:(2260, 1123)(2863, 558)(4340, 740)(4210, 500)(178, 2348)(3810, 1900)(4230, 1825)(3990, 2304)(3730, 2304)(3911, 2180)(3955, 1743)(3950, 1558)(3683, 1533)(3326, 1846)(2916, 1724)(3527, 41)(3815, 169)(4390, 420)(4120, 310)(3640, 300)(3416, 143)(3232, 324)(2936, 337)(2260, 1123)
salesman-3:(2260, 1123)(2270, 550)(2260, 1123)(1480, 660)(1280, 237)(1067, 371)(1741, 712)(1754, 390)(1628, 253)(1323, 400)(1256, 61)(1429, 134)(1187, 706)(938, 810)(872, 1559)(500, 1960)(53, 1657)(741, 146)(839, 620)(376, 550)(48, 154)(22, 987)(123, 1310)(252, 1240)(400, 2140)(4240, 1286)(4260, 102)(3479, 821)(3230, 650)(2991, 792)(2574, 946)(2421, 1007)(2186, 766)(2482, 1183)(2716, 2120)(2930, 2293)(2576, 1676)(3085, 1528)(2790, 1457)(3447, 2160)(2573, 1969)(2460, 1400)(2820, 980)(2519, 135)(2753, 283)(3113, 885)(3029, 1242)(3780, 1079)(4150, 899)(4530, 609)(4590, 1023)(4670, 1350)(4610, 1758)(3548, 1999)(3104, 1931)(3373, 1646)(3874, 1318)(3756, 882)(3875, 598)(3613, 523)(4570, 857)(4520, 2030)(2260, 1123)
salesman-4:(2260, 1123)(4280, 1479)(4140, 666)(4530, 265)(4740, 268)(4670, 1498)(4480, 1638)(198, 1810)(298, 1513)(463, 1670)(91, 2110)(611, 2326)(710, 2080)(928, 1700)(920, 1990)(984, 965)(1250, 1200)(1419, 872)(2260, 1123)
Running time: 225.02165579795837s
min:7.5, max:75.0
Global minimum distance: 88926.75440906957
Route:
salesman-0:(2260, 1123)(1628, 253)(1429, 134)(1250, 1200)(920, 1990)(872, 1559)(3683, 1533)(4090, 1067)(4570, 857)(4530, 609)(3780, 1079)(4240, 1286)(4520, 2030)(4280, 1479)(3730, 2304)(1930, 2160)(2260, 1123)
salesman-1:(2260, 1123)(1513, 2326)(1620, 1804)(2460, 1400)(2260, 1123)(2421, 1007)(1754, 390)(984, 965)(53, 1657)(1220, 1560)(1393, 1368)(1360, 1048)(1419, 872)(1795, 962)(1689, 1223)(2178, 1619)(3950, 1558)(91, 2110)(252, 1240)(123, 1310)(178, 2348)(500, 1960)(929, 2326)(1625, 2100)(2716, 2120)(2916, 1724)(1770, 1884)(739, 1850)(710, 2080)(1247, 1945)(1115, 2180)(611, 2326)(400, 2140)(463, 1670)(1034, 1344)(560, 1180)(376, 550)(382, 872)(738, 1325)(2260, 1123)
salesman-2:(2260, 1123)(928, 1700)(2139, 2326)(2420, 2250)(2930, 2293)(2573, 1969)(1741, 712)(1323, 400)(2120, 330)(1782, 93)(1256, 61)(1280, 237)(457, 334)(776, 392)(374, 9)(48, 154)(241, 341)(876, 70)(741, 146)(1187, 706)(1067, 371)(1480, 660)(742, 1025)(217, 550)(839, 620)(2260, 1123)
salesman-3:(2260, 1123)(1286, 525)(22, 987)(19, 674)(611, 673)(938, 810)(285, 1029)(298, 1513)(1251, 2362)(1410, 2200)(2186, 766)(2574, 946)(2482, 1183)(2576, 1676)(2270, 1920)(2445, 1820)(3029, 1242)(2790, 1457)(2588, 302)(2936, 337)(3416, 143)(3640, 300)(4140, 666)(4590, 1023)(4670, 1350)(2260, 1123)
salesman-4:(2260, 1123)(4610, 1758)(3810, 1900)(3548, 1999)(3990, 2304)(4200, 2080)(4670, 1498)(4740, 268)(4260, 102)(4210, 500)(4530, 265)(4390, 420)(4340, 740)(4150, 899)(3180, 1070)(3430, 1088)(3085, 1528)(3113, 885)(3479, 821)(2848, 96)(2519, 135)(2573, 599)(2753, 283)(3404, 1307)(3000, 2140)(3326, 1846)(2097, 981)(3104, 1931)(3447, 2160)(3373, 1646)(2849, 1214)(2820, 980)(3230, 650)(2991, 792)(3232, 324)(4120, 310)(3756, 882)(3875, 598)(3613, 523)(3527, 41)(3815, 169)(2863, 558)(2310, 236)(2270, 550)(3874, 1318)(4480, 1638)(4230, 1825)(3911, 2180)(3955, 1743)(198, 1810)(2260, 1123)
Running time: 225.04005789756775s
min:7.5, max:75.0
Global minimum distance: 85657.99195729557
Route:
salesman-0:(2260, 1123)(984, 965)(217, 550)(22, 987)(123, 1310)(19, 674)(178, 2348)(198, 1810)(298, 1513)(872, 1559)(1480, 660)(2753, 283)(3416, 143)(3527, 41)(3613, 523)(4140, 666)(4090, 1067)(3810, 1900)(3955, 1743)(3029, 1242)(3548, 1999)(3000, 2140)(2930, 2293)(2420, 2250)(2716, 2120)(2916, 1724)(3326, 1846)(3404, 1307)(3180, 1070)(2573, 1969)(2576, 1676)(1770, 1884)(1625, 2100)(1220, 1560)(1250, 1200)(1360, 1048)(1067, 371)(1323, 400)(2139, 2326)(1513, 2326)(1251, 2362)(1620, 1804)(739, 1850)(91, 2110)(738, 1325)(560, 1180)(500, 1960)(710, 2080)(611, 2326)(400, 2140)(285, 1029)(53, 1657)(463, 1670)(929, 2326)(1115, 2180)(920, 1990)(1034, 1344)(1187, 706)(1419, 872)(1741, 712)(4670, 1498)(4610, 1758)(4240, 1286)(3950, 1558)(3911, 2180)(3990, 2304)(3447, 2160)(3104, 1931)(2260, 1123)
salesman-1:(2260, 1123)(3730, 2304)(3373, 1646)(3085, 1528)(2574, 946)(2482, 1183)(1689, 1223)(2178, 1619)(2445, 1820)(2270, 1920)(2260, 1123)
salesman-2:(2260, 1123)(2270, 550)(3683, 1533)(4230, 1825)(4280, 1479)(4480, 1638)(4520, 2030)(4200, 2080)(2790, 1457)(2849, 1214)(2460, 1400)(2588, 302)(2863, 558)(2519, 135)(2310, 236)(1782, 93)(741, 146)(876, 70)(1286, 525)(4670, 1350)(2097, 981)(1930, 2160)(1247, 1945)(1410, 2200)(2260, 1123)(2186, 766)(1256, 61)(374, 9)(241, 341)(839, 620)(776, 392)(382, 872)(2260, 1123)
salesman-3:(2260, 1123)(938, 810)(1393, 1368)(928, 1700)(742, 1025)(252, 1240)(611, 673)(376, 550)(457, 334)(48, 154)(1628, 253)(1754, 390)(1429, 134)(1280, 237)(2120, 330)(2820, 980)(2421, 1007)(2991, 792)(2573, 599)(3113, 885)(3232, 324)(2936, 337)(2848, 96)(3640, 300)(3815, 169)(4150, 899)(2260, 1123)
salesman-4:(2260, 1123)(4590, 1023)(3874, 1318)(3430, 1088)(3479, 821)(3230, 650)(3875, 598)(4120, 310)(3780, 1079)(4340, 740)(4390, 420)(4740, 268)(4530, 609)(4530, 265)(3756, 882)(4260, 102)(4210, 500)(4570, 857)(1795, 962)(2260, 1123)
Running time: 225.03434252738953s
min:7.5, max:75.0
Global minimum distance: 85721.93378108204
Route:
salesman-0:(2260, 1123)(2482, 1183)(4570, 857)(4530, 609)(4260, 102)(3527, 41)(3875, 598)(3479, 821)(4670, 1498)(4520, 2030)(3548, 1999)(3447, 2160)(2576, 1676)(2186, 766)(2120, 330)(4230, 1825)(3810, 1900)(3874, 1318)(4090, 1067)(3613, 523)(3640, 300)(3232, 324)(2936, 337)(3113, 885)(3029, 1242)(4740, 268)(4120, 310)(3911, 2180)(1620, 1804)(1251, 2362)(2139, 2326)(2270, 1920)(2178, 1619)(2573, 1969)(3104, 1931)(2716, 2120)(3000, 2140)(3730, 2304)(3990, 2304)(3373, 1646)(3404, 1307)(4340, 740)(4210, 500)(876, 70)(217, 550)(53, 1657)(198, 1810)(91, 2110)(123, 1310)(298, 1513)(252, 1240)(1480, 660)(1429, 134)(1187, 706)(1280, 237)(2097, 981)(2790, 1457)(2820, 980)(2310, 236)(2588, 302)(1628, 253)(1741, 712)(1034, 1344)(742, 1025)(611, 673)(2260, 1123)
salesman-1:(2260, 1123)(376, 550)(48, 154)(22, 987)(285, 1029)(738, 1325)(1220, 1560)(1115, 2180)(928, 1700)(872, 1559)(739, 1850)(463, 1670)(400, 2140)(1930, 2160)(2445, 1820)(1513, 2326)(1410, 2200)(1625, 2100)(1770, 1884)(1393, 1368)(2260, 1123)
salesman-2:(2260, 1123)(1250, 1200)(1360, 1048)(382, 872)(560, 1180)(500, 1960)(920, 1990)(1247, 1945)(929, 2326)(611, 2326)(178, 2348)(710, 2080)(19, 674)(2260, 1123)
salesman-3:(2260, 1123)(457, 334)(1256, 61)(1754, 390)(1795, 962)(2260, 1123)(2421, 1007)(2420, 2250)(2916, 1724)(2930, 2293)(3326, 1846)(3085, 1528)(2460, 1400)(2574, 946)(3416, 143)(3815, 169)(3430, 1088)(3180, 1070)(1286, 525)(1419, 872)(984, 965)(938, 810)(241, 341)(374, 9)(741, 146)(776, 392)(2260, 1123)
salesman-4:(2260, 1123)(839, 620)(1067, 371)(1323, 400)(1782, 93)(2863, 558)(2573, 599)(2848, 96)(2753, 283)(2519, 135)(2270, 550)(2991, 792)(2849, 1214)(3230, 650)(3756, 882)(3780, 1079)(3683, 1533)(3955, 1743)(3950, 1558)(4280, 1479)(4150, 899)(4140, 666)(4530, 265)(4390, 420)(4670, 1350)(4240, 1286)(4590, 1023)(4610, 1758)(4480, 1638)(4200, 2080)(1689, 1223)(2260, 1123)
Running time: 225.03236556053162s
min:7.5, max:75.0
Global minimum distance: 86818.46986248608
Route:
salesman-0:(2260, 1123)(1220, 1560)(1628, 253)(876, 70)(741, 146)(374, 9)(1419, 872)(1795, 962)(1741, 712)(3416, 143)(3640, 300)(4260, 102)(4140, 666)(3756, 882)(4090, 1067)(4150, 899)(4530, 609)(4390, 420)(3875, 598)(3613, 523)(4570, 857)(4670, 1498)(4480, 1638)(3730, 2304)(2260, 1123)
salesman-1:(2260, 1123)(3911, 2180)(4520, 2030)(4200, 2080)(3990, 2304)(3955, 1743)(938, 810)(382, 872)(560, 1180)(217, 550)(1067, 371)(742, 1025)(611, 673)(457, 334)(241, 341)(376, 550)(48, 154)(19, 674)(285, 1029)(738, 1325)(872, 1559)(2260, 1123)
salesman-2:(2260, 1123)(1251, 2362)(1410, 2200)(920, 1990)(1115, 2180)(710, 2080)(198, 1810)(178, 2348)(91, 2110)(611, 2326)(929, 2326)(739, 1850)(400, 2140)(463, 1670)(252, 1240)(298, 1513)(123, 1310)(53, 1657)(500, 1960)(1034, 1344)(928, 1700)(776, 392)(839, 620)(22, 987)(3527, 41)(4120, 310)(3815, 169)(4340, 740)(2260, 1123)
salesman-3:(2260, 1123)(4210, 500)(3085, 1528)(1360, 1048)(1250, 1200)(2186, 766)(2930, 2293)(3000, 2140)(3404, 1307)(3479, 821)(3230, 650)(3232, 324)(2863, 558)(2820, 980)(1689, 1223)(1480, 660)(1187, 706)(1286, 525)(1429, 134)(1280, 237)(1323, 400)(1754, 390)(2519, 135)(2573, 599)(2936, 337)(2753, 283)(2588, 302)(2991, 792)(2790, 1457)(2576, 1676)(2420, 2250)(1513, 2326)(1620, 1804)(2460, 1400)(2445, 1820)(2573, 1969)(2260, 1123)
salesman-4:(2260, 1123)(2270, 1920)(2716, 2120)(2482, 1183)(1393, 1368)(2139, 2326)(1930, 2160)(2178, 1619)(2097, 981)(2574, 946)(3029, 1242)(2849, 1214)(3104, 1931)(3780, 1079)(4240, 1286)(3683, 1533)(3950, 1558)(984, 965)(3548, 1999)(3810, 1900)(4230, 1825)(4610, 1758)(4670, 1350)(4590, 1023)(4740, 268)(4530, 265)(3874, 1318)(4280, 1479)(3447, 2160)(3326, 1846)(2916, 1724)(1770, 1884)(1625, 2100)(1247, 1945)(2260, 1123)(2270, 550)(1256, 61)(3373, 1646)(3430, 1088)(3180, 1070)(2310, 236)(1782, 93)(2120, 330)(2848, 96)(3113, 885)(2421, 1007)(2260, 1123)
Running time: 225.04331254959106s
min:7.5, max:75.0
Global minimum distance: 87809.25897516092
Route:
salesman-0:(2260, 1123)(2482, 1183)(2420, 2250)(3730, 2304)(3990, 2304)(4670, 1350)(4340, 740)(4390, 420)(3527, 41)(4530, 265)(4740, 268)(2260, 1123)
salesman-1:(2260, 1123)(2991, 792)(3430, 1088)(3232, 324)(3640, 300)(2863, 558)(3756, 882)(4670, 1498)(4610, 1758)(4590, 1023)(4240, 1286)(4280, 1479)(3780, 1079)(3874, 1318)(4090, 1067)(3404, 1307)(2820, 980)(2460, 1400)(2139, 2326)(1251, 2362)(1410, 2200)(91, 2110)(4260, 102)(4530, 609)(4570, 857)(3479, 821)(3029, 1242)(3683, 1533)(3548, 1999)(3000, 2140)(3326, 1846)(3373, 1646)(2916, 1724)(2573, 1969)(2576, 1676)(2790, 1457)(3085, 1528)(2421, 1007)(2260, 1123)(3113, 885)(3230, 650)(2936, 337)(1754, 390)(1782, 93)(2310, 236)(2120, 330)(2186, 766)(2270, 550)(1795, 962)(872, 1559)(19, 674)(2260, 1123)
salesman-2:(2260, 1123)(22, 987)(217, 550)(839, 620)(776, 392)(1280, 237)(1429, 134)(1256, 61)(1419, 872)(611, 673)(241, 341)(48, 154)(457, 334)(376, 550)(374, 9)(938, 810)(738, 1325)(3815, 169)(710, 2080)(463, 1670)(285, 1029)(252, 1240)(560, 1180)(382, 872)(742, 1025)(1067, 371)(1480, 660)(1628, 253)(1741, 712)(1323, 400)(1286, 525)(741, 146)(876, 70)(1187, 706)(1689, 1223)(1360, 1048)(1250, 1200)(984, 965)(123, 1310)(1034, 1344)(1393, 1368)(1220, 1560)(1625, 2100)(1620, 1804)(1513, 2326)(2930, 2293)(3104, 1931)(2270, 1920)(2716, 2120)(3180, 1070)(3613, 523)(2573, 599)(2519, 135)(2588, 302)(2260, 1123)
salesman-3:(2260, 1123)(2753, 283)(3416, 143)(2848, 96)(2097, 981)(2574, 946)(2849, 1214)(3950, 1558)(3447, 2160)(3911, 2180)(4140, 666)(4120, 310)(3875, 598)(4480, 1638)(4230, 1825)(4200, 2080)(4520, 2030)(3810, 1900)(3955, 1743)(2260, 1123)
salesman-4:(2260, 1123)(4150, 899)(4210, 500)(611, 2326)(178, 2348)(198, 1810)(298, 1513)(53, 1657)(929, 2326)(1115, 2180)(400, 2140)(500, 1960)(920, 1990)(928, 1700)(739, 1850)(1247, 1945)(1930, 2160)(2445, 1820)(1770, 1884)(2178, 1619)(2260, 1123)
Running time: 225.0396637916565s
min:7.5, max:75.0
Global minimum distance: 88206.07236721227
Route:
salesman-0:(2260, 1123)(2310, 236)(2120, 330)(2930, 2293)(872, 1559)(928, 1700)(739, 1850)(1251, 2362)(1930, 2160)(929, 2326)(611, 2326)(920, 1990)(1247, 1945)(2260, 1123)
salesman-1:(2260, 1123)(53, 1657)(198, 1810)(400, 2140)(500, 1960)(22, 987)(376, 550)(382, 872)(984, 965)(1250, 1200)(1323, 400)(1286, 525)(1067, 371)(1429, 134)(1628, 253)(1187, 706)(1754, 390)(2588, 302)(2519, 135)(3230, 650)(3780, 1079)(2260, 1123)
salesman-2:(2260, 1123)(4240, 1286)(4530, 609)(4740, 268)(4390, 420)(4530, 265)(4570, 857)(4590, 1023)(4670, 1498)(4480, 1638)(4670, 1350)(4120, 310)(3815, 169)(4260, 102)(4340, 740)(3874, 1318)(4280, 1479)(4230, 1825)(3404, 1307)(1220, 1560)(2573, 599)(2820, 980)(2790, 1457)(3113, 885)(1280, 237)(1256, 61)(2270, 550)(2863, 558)(2916, 1724)(2849, 1214)(3810, 1900)(3955, 1743)(3548, 1999)(3911, 2180)(3373, 1646)(3430, 1088)(3756, 882)(3613, 523)(3180, 1070)(2991, 792)(2445, 1820)(2270, 1920)(2178, 1619)(1770, 1884)(2139, 2326)(1115, 2180)(1513, 2326)(1620, 1804)(1410, 2200)(1625, 2100)(1689, 1223)(938, 810)(285, 1029)(2260, 1123)
salesman-3:(2260, 1123)(217, 550)(876, 70)(374, 9)(457, 334)(560, 1180)(252, 1240)(123, 1310)(710, 2080)(91, 2110)(178, 2348)(463, 1670)(298, 1513)(776, 392)(48, 154)(19, 674)(241, 341)(741, 146)(1782, 93)(1480, 660)(839, 620)(611, 673)(1034, 1344)(1741, 712)(1795, 962)(1419, 872)(2186, 766)(2574, 946)(2260, 1123)(1360, 1048)(742, 1025)(738, 1325)(3085, 1528)(2482, 1183)(2460, 1400)(2576, 1676)(3000, 2140)(3104, 1931)(4200, 2080)(4520, 2030)(3990, 2304)(3730, 2304)(3447, 2160)(2936, 337)(3232, 324)(4210, 500)(4150, 899)(4090, 1067)(4610, 1758)(3950, 1558)(3479, 821)(2260, 1123)
salesman-4:(2260, 1123)(3683, 1533)(3875, 598)(2848, 96)(3527, 41)(2753, 283)(3416, 143)(3640, 300)(4140, 666)(3029, 1242)(3326, 1846)(2716, 2120)(2573, 1969)(2420, 2250)(2421, 1007)(2097, 981)(1393, 1368)(2260, 1123)
Running time: 225.01860570907593s
min:7.5, max:75.0
Global minimum distance: 90517.90351147972
Route:
salesman-0:(2260, 1123)(2421, 1007)(2991, 792)(3613, 523)(3230, 650)(3430, 1088)(3113, 885)(3527, 41)(3815, 169)(3416, 143)(3874, 1318)(4280, 1479)(3683, 1533)(3780, 1079)(3756, 882)(4150, 899)(4570, 857)(3404, 1307)(4230, 1825)(4670, 1498)(3955, 1743)(4590, 1023)(4530, 609)(4340, 740)(3950, 1558)(4610, 1758)(4670, 1350)(611, 2326)(738, 1325)(198, 1810)(91, 2110)(22, 987)(123, 1310)(285, 1029)(876, 70)(374, 9)(241, 341)(217, 550)(19, 674)(376, 550)(382, 872)(776, 392)(1286, 525)(1754, 390)(1067, 371)(457, 334)(938, 810)(1250, 1200)(1034, 1344)(1741, 712)(252, 1240)(500, 1960)(53, 1657)(298, 1513)(872, 1559)(710, 2080)(2260, 1123)
salesman-1:(2260, 1123)(1513, 2326)(1115, 2180)(920, 1990)(3447, 2160)(2930, 2293)(2716, 2120)(1930, 2160)(1770, 1884)(1625, 2100)(463, 1670)(1220, 1560)(1795, 962)(2120, 330)(1187, 706)(1419, 872)(2139, 2326)(2576, 1676)(2573, 1969)(3000, 2140)(2916, 1724)(2574, 946)(2849, 1214)(3104, 1931)(3548, 1999)(3373, 1646)(3911, 2180)(3990, 2304)(4520, 2030)(2260, 1123)
salesman-2:(2260, 1123)(3810, 1900)(3085, 1528)(3180, 1070)(2790, 1457)(3232, 324)(2863, 558)(2482, 1183)(2460, 1400)(2445, 1820)(2270, 1920)(2420, 2250)(2260, 1123)(1689, 1223)(742, 1025)(560, 1180)(739, 1850)(839, 620)(611, 673)(2178, 1619)(1247, 1945)(1620, 1804)(1410, 2200)(1251, 2362)(400, 2140)(4480, 1638)(178, 2348)(929, 2326)(928, 1700)(984, 965)(48, 154)(741, 146)(1782, 93)(2848, 96)(2936, 337)(2519, 135)(2753, 283)(2588, 302)(2186, 766)(2260, 1123)
salesman-3:(2260, 1123)(1256, 61)(1280, 237)(1628, 253)(1429, 134)(2310, 236)(2270, 550)(1393, 1368)(1480, 660)(1323, 400)(1360, 1048)(2260, 1123)
salesman-4:(2260, 1123)(2097, 981)(2573, 599)(3029, 1242)(2820, 980)(3326, 1846)(3730, 2304)(4200, 2080)(4240, 1286)(4090, 1067)(4140, 666)(3875, 598)(3640, 300)(3479, 821)(4740, 268)(4210, 500)(4260, 102)(4390, 420)(4530, 265)(4120, 310)(2260, 1123)
Running time: 225.04580211639404s
min:7.5, max:75.0
Global minimum distance: 87712.33625684638
Route:
salesman-0:(2260, 1123)(1419, 872)(1280, 237)(1256, 61)(1628, 253)(741, 146)(241, 341)(376, 550)(285, 1029)(123, 1310)(382, 872)(252, 1240)(22, 987)(19, 674)(48, 154)(374, 9)(53, 1657)(560, 1180)(400, 2140)(1251, 2362)(1115, 2180)(1513, 2326)(739, 1850)(928, 1700)(2260, 1123)
salesman-1:(2260, 1123)(1034, 1344)(1220, 1560)(984, 965)(3780, 1079)(876, 70)(1187, 706)(1429, 134)(1480, 660)(1741, 712)(1782, 93)(2270, 550)(2519, 135)(2588, 302)(2310, 236)(2120, 330)(2260, 1123)
salesman-2:(2260, 1123)(1360, 1048)(1625, 2100)(2139, 2326)(3730, 2304)(3430, 1088)(3404, 1307)(3029, 1242)(2916, 1724)(2460, 1400)(3479, 821)(457, 334)(2848, 96)(2573, 599)(2260, 1123)(2097, 981)(1795, 962)(1323, 400)(1067, 371)(1286, 525)(742, 1025)(1250, 1200)(938, 810)(217, 550)(710, 2080)(920, 1990)(738, 1325)(776, 392)(3373, 1646)(3000, 2140)(2930, 2293)(2573, 1969)(2270, 1920)(2576, 1676)(2445, 1820)(2420, 2250)(2716, 2120)(3810, 1900)(3683, 1533)(2790, 1457)(3085, 1528)(3232, 324)(3756, 882)(4530, 265)(2260, 1123)
salesman-3:(2260, 1123)(4530, 609)(4140, 666)(3613, 523)(3180, 1070)(2849, 1214)(3113, 885)(2186, 766)(2936, 337)(2753, 283)(3230, 650)(3527, 41)(3875, 598)(3815, 169)(4260, 102)(4740, 268)(4090, 1067)(4570, 857)(3874, 1318)(3548, 1999)(3955, 1743)(3990, 2304)(3911, 2180)(3104, 1931)(3447, 2160)(3326, 1846)(4240, 1286)(4150, 899)(4670, 1498)(4610, 1758)(4520, 2030)(4200, 2080)(2260, 1123)
salesman-4:(2260, 1123)(4670, 1350)(4480, 1638)(4230, 1825)(4280, 1479)(3950, 1558)(4590, 1023)(4340, 740)(4390, 420)(4210, 500)(4120, 310)(3640, 300)(3416, 143)(2991, 792)(1754, 390)(2863, 558)(2421, 1007)(1689, 1223)(611, 2326)(91, 2110)(178, 2348)(611, 673)(839, 620)(1393, 1368)(1620, 1804)(1410, 2200)(1247, 1945)(872, 1559)(298, 1513)(198, 1810)(463, 1670)(500, 1960)(929, 2326)(1930, 2160)(1770, 1884)(2178, 1619)(2820, 980)(2574, 946)(2482, 1183)(2260, 1123)
Running time: 225.03257966041565s
min:7.5, max:75.0
Global minimum distance: 87395.0655335986
Route:
salesman-0:(2260, 1123)(3430, 1088)(3404, 1307)(3479, 821)(3180, 1070)(2930, 2293)(2716, 2120)(2178, 1619)(2270, 1920)(1930, 2160)(2139, 2326)(1770, 1884)(2420, 2250)(3000, 2140)(3326, 1846)(3104, 1931)(3780, 1079)(4590, 1023)(4610, 1758)(4670, 1498)(4240, 1286)(4280, 1479)(2260, 1123)
salesman-1:(2260, 1123)(3810, 1900)(3955, 1743)(3875, 598)(3527, 41)(3640, 300)(4120, 310)(2848, 96)(2519, 135)(2260, 1123)(3085, 1528)(3447, 2160)(4520, 2030)(4200, 2080)(4230, 1825)(2260, 1123)
salesman-2:(2260, 1123)(3990, 2304)(3373, 1646)(3911, 2180)(3874, 1318)(3950, 1558)(4670, 1350)(4150, 899)(4340, 740)(4140, 666)(4570, 857)(3815, 169)(3416, 143)(2849, 1214)(2991, 792)(3756, 882)(4210, 500)(4390, 420)(2097, 981)(1795, 962)(2460, 1400)(2916, 1724)(2576, 1676)(2445, 1820)(2573, 1969)(2790, 1457)(3113, 885)(2820, 980)(1754, 390)(1280, 237)(2120, 330)(2270, 550)(2588, 302)(3232, 324)(3613, 523)(3230, 650)(2753, 283)(2863, 558)(2421, 1007)(2936, 337)(2310, 236)(1741, 712)(2260, 1123)
salesman-3:(2260, 1123)(1360, 1048)(929, 2326)(1251, 2362)(400, 2140)(739, 1850)(928, 1700)(920, 1990)(1410, 2200)(123, 1310)(876, 70)(741, 146)(48, 154)(241, 341)(457, 334)(22, 987)(252, 1240)(1513, 2326)(1625, 2100)(1115, 2180)(710, 2080)(382, 872)(984, 965)(1067, 371)(1256, 61)(1782, 93)(738, 1325)(560, 1180)(463, 1670)(742, 1025)(285, 1029)(376, 550)(839, 620)(938, 810)(298, 1513)(178, 2348)(53, 1657)(198, 1810)(91, 2110)(611, 2326)(500, 1960)(872, 1559)(1247, 1945)(1480, 660)(1034, 1344)(1250, 1200)(1220, 1560)(1419, 872)(19, 674)(217, 550)(611, 673)(776, 392)(2573, 599)(4260, 102)(4530, 265)(4530, 609)(4090, 1067)(4480, 1638)(2260, 1123)
salesman-4:(2260, 1123)(3730, 2304)(3548, 1999)(3683, 1533)(3029, 1242)(2574, 946)(2482, 1183)(2186, 766)(1628, 253)(1429, 134)(374, 9)(1187, 706)(1286, 525)(1323, 400)(1689, 1223)(1393, 1368)(1620, 1804)(4740, 268)(2260, 1123)
Running time: 225.0430428981781s
min:7.5, max:75.0
Global minimum distance: 84638.48315658234
Route:
salesman-0:(2260, 1123)(2574, 946)(2790, 1457)(2576, 1676)(2460, 1400)(2270, 1920)(1930, 2160)(2716, 2120)(2178, 1619)(2445, 1820)(3548, 1999)(3810, 1900)(1220, 1560)(1250, 1200)(984, 965)(742, 1025)(710, 2080)(611, 2326)(178, 2348)(3911, 2180)(3730, 2304)(3447, 2160)(4200, 2080)(2260, 1123)
salesman-1:(2260, 1123)(3104, 1931)(3990, 2304)(4520, 2030)(3404, 1307)(2916, 1724)(3430, 1088)(2421, 1007)(2097, 981)(1429, 134)(1628, 253)(2260, 1123)
salesman-2:(2260, 1123)(1782, 93)(1187, 706)(1480, 660)(1741, 712)(1795, 962)(2260, 1123)(1625, 2100)(1513, 2326)(928, 1700)(738, 1325)(872, 1559)(2482, 1183)(2270, 550)(2310, 236)(2186, 766)(3085, 1528)(2260, 1123)
salesman-3:(2260, 1123)(3373, 1646)(3326, 1846)(2420, 2250)(2139, 2326)(1251, 2362)(1620, 1804)(1247, 1945)(920, 1990)(739, 1850)(500, 1960)(198, 1810)(400, 2140)(929, 2326)(1115, 2180)(1410, 2200)(1770, 1884)(123, 1310)(560, 1180)(252, 1240)(463, 1670)(19, 674)(376, 550)(776, 392)(938, 810)(1286, 525)(1360, 1048)(1419, 872)(1754, 390)(1323, 400)(839, 620)(876, 70)(741, 146)(2260, 1123)
salesman-4:(2260, 1123)(48, 154)(241, 341)(1067, 371)(1280, 237)(1256, 61)(611, 673)(217, 550)(382, 872)(22, 987)(374, 9)(2849, 1214)(2573, 1969)(3000, 2140)(2930, 2293)(3029, 1242)(3113, 885)(3479, 821)(3950, 1558)(3955, 1743)(4670, 1498)(4670, 1350)(4530, 609)(4740, 268)(4260, 102)(4530, 265)(3875, 598)(4120, 310)(4210, 500)(3683, 1533)(4480, 1638)(4610, 1758)(4340, 740)(3780, 1079)(457, 334)(285, 1029)(298, 1513)(1393, 1368)(2120, 330)(2573, 599)(53, 1657)(1034, 1344)(1689, 1223)(4230, 1825)(91, 2110)(2820, 980)(2991, 792)(4140, 666)(3640, 300)(3232, 324)(3527, 41)(3613, 523)(3230, 650)(2753, 283)(2936, 337)(3180, 1070)(3756, 882)(4150, 899)(4090, 1067)(4280, 1479)(3874, 1318)(4570, 857)(4590, 1023)(4240, 1286)(4390, 420)(3815, 169)(3416, 143)(2848, 96)(2863, 558)(2519, 135)(2588, 302)(2260, 1123)
Running time: 225.03006076812744s
min:7.5, max:75.0
Global minimum distance: 89762.84298444854
Route:
salesman-0:(2260, 1123)(839, 620)(984, 965)(742, 1025)(123, 1310)(252, 1240)(285, 1029)(457, 334)(19, 674)(241, 341)(48, 154)(217, 550)(382, 872)(938, 810)(1628, 253)(2120, 330)(2310, 236)(1256, 61)(1323, 400)(1286, 525)(1754, 390)(776, 392)(741, 146)(1480, 660)(1250, 1200)(920, 1990)(1247, 1945)(1393, 1368)(1795, 962)(2260, 1123)(2445, 1820)(2482, 1183)(2820, 980)(2574, 946)(2460, 1400)(2716, 2120)(3000, 2140)(3447, 2160)(3990, 2304)(3810, 1900)(4480, 1638)(4610, 1758)(4520, 2030)(4670, 1498)(4740, 268)(4140, 666)(4120, 310)(4210, 500)(4530, 609)(3230, 650)(2991, 792)(2519, 135)(2753, 283)(2588, 302)(2270, 550)(1782, 93)(1067, 371)(376, 550)(560, 1180)(872, 1559)(463, 1670)(928, 1700)(2260, 1123)
salesman-1:(2260, 1123)(1220, 1560)(1419, 872)(1429, 134)(1360, 1048)(1187, 706)(1741, 712)(2186, 766)(2097, 981)(1689, 1223)(1034, 1344)(400, 2140)(4340, 740)(3756, 882)(3479, 821)(2849, 1214)(2573, 599)(1280, 237)(22, 987)(178, 2348)(739, 1850)(53, 1657)(91, 2110)(1251, 2362)(710, 2080)(1115, 2180)(2260, 1123)
salesman-2:(2260, 1123)(1930, 2160)(1513, 2326)(1625, 2100)(1770, 1884)(2420, 2250)(2573, 1969)(3683, 1533)(3874, 1318)(3780, 1079)(3640, 300)(3232, 324)(2936, 337)(2848, 96)(2863, 558)(3815, 169)(929, 2326)(500, 1960)(298, 1513)(198, 1810)(1620, 1804)(738, 1325)(611, 673)(374, 9)(876, 70)(1410, 2200)(2139, 2326)(2270, 1920)(2576, 1676)(2421, 1007)(3373, 1646)(3950, 1558)(2260, 1123)
salesman-3:(2260, 1123)(4280, 1479)(4230, 1825)(4200, 2080)(3911, 2180)(3730, 2304)(3548, 1999)(2930, 2293)(3085, 1528)(3326, 1846)(3104, 1931)(2178, 1619)(2790, 1457)(3029, 1242)(3404, 1307)(3430, 1088)(3527, 41)(3613, 523)(3416, 143)(4530, 265)(4260, 102)(4390, 420)(4570, 857)(4590, 1023)(3955, 1743)(4240, 1286)(2260, 1123)
salesman-4:(2260, 1123)(3875, 598)(3180, 1070)(3113, 885)(2916, 1724)(4670, 1350)(4090, 1067)(4150, 899)(611, 2326)(2260, 1123)
Running time: 225.04400420188904s
min:7.5, max:75.0
Global minimum distance: 82878.16247262663
Route:
salesman-0:(2260, 1123)(2097, 981)(2863, 558)(2936, 337)(3232, 324)(3640, 300)(3416, 143)(3527, 41)(4530, 265)(4570, 857)(4530, 609)(178, 2348)(400, 2140)(1034, 1344)(739, 1850)(710, 2080)(1250, 1200)(984, 965)(872, 1559)(929, 2326)(611, 2326)(91, 2110)(198, 1810)(920, 1990)(938, 810)(1067, 371)(876, 70)(2260, 1123)
salesman-1:(2260, 1123)(1286, 525)(1323, 400)(1280, 237)(1187, 706)(1480, 660)(1256, 61)(741, 146)(457, 334)(48, 154)(2260, 1123)
salesman-2:(2260, 1123)(241, 341)(374, 9)(217, 550)(382, 872)(19, 674)(376, 550)(839, 620)(742, 1025)(611, 673)(776, 392)(738, 1325)(298, 1513)(560, 1180)(285, 1029)(252, 1240)(22, 987)(123, 1310)(53, 1657)(463, 1670)(928, 1700)(1393, 1368)(2186, 766)(1429, 134)(1628, 253)(2310, 236)(2120, 330)(2270, 550)(2420, 2250)(2573, 1969)(2716, 2120)(3326, 1846)(3373, 1646)(3085, 1528)(3113, 885)(2820, 980)(2445, 1820)(3000, 2140)(3104, 1931)(2270, 1920)(1770, 1884)(2460, 1400)(3548, 1999)(3683, 1533)(3430, 1088)(3955, 1743)(3810, 1900)(3730, 2304)(3990, 2304)(4200, 2080)(3780, 1079)(3756, 882)(3815, 169)(4340, 740)(4260, 102)(2260, 1123)
salesman-3:(2260, 1123)(4520, 2030)(4480, 1638)(4210, 500)(4140, 666)(4150, 899)(3875, 598)(3447, 2160)(3911, 2180)(4610, 1758)(4230, 1825)(4090, 1067)(4590, 1023)(4280, 1479)(3874, 1318)(2260, 1123)
salesman-4:(2260, 1123)(3950, 1558)(3404, 1307)(3029, 1242)(2849, 1214)(3180, 1070)(2916, 1724)(2576, 1676)(2482, 1183)(2848, 96)(2178, 1619)(1625, 2100)(1930, 2160)(2139, 2326)(2930, 2293)(500, 1960)(4390, 420)(4120, 310)(4240, 1286)(4670, 1350)(4670, 1498)(2790, 1457)(2573, 599)(2753, 283)(2519, 135)(2588, 302)(1360, 1048)(1220, 1560)(1419, 872)(1741, 712)(1689, 1223)(2421, 1007)(2574, 946)(3613, 523)(3479, 821)(3230, 650)(2991, 792)(1754, 390)(1782, 93)(2260, 1123)(1795, 962)(1251, 2362)(1513, 2326)(1247, 1945)(1620, 1804)(1410, 2200)(1115, 2180)(4740, 268)(2260, 1123)
Running time: 225.0362627506256s
min:7.5, max:75.0
Global minimum distance: 84336.23652571706
Route:
salesman-0:(2260, 1123)(2310, 236)(2848, 96)(2270, 550)(2991, 792)(3113, 885)(3430, 1088)(3756, 882)(4140, 666)(3875, 598)(2588, 302)(2519, 135)(1323, 400)(611, 673)(19, 674)(252, 1240)(929, 2326)(1115, 2180)(920, 1990)(710, 2080)(298, 1513)(872, 1559)(2186, 766)(1782, 93)(741, 146)(876, 70)(3613, 523)(3815, 169)(4260, 102)(3780, 1079)(3950, 1558)(3911, 2180)(3990, 2304)(4240, 1286)(4090, 1067)(3479, 821)(2260, 1123)
salesman-1:(2260, 1123)(2820, 980)(2460, 1400)(2178, 1619)(1689, 1223)(1628, 253)(1256, 61)(1429, 134)(1419, 872)(1480, 660)(1741, 712)(1286, 525)(3640, 300)(382, 872)(560, 1180)(53, 1657)(198, 1810)(500, 1960)(739, 1850)(1220, 1560)(1250, 1200)(1034, 1344)(611, 2326)(400, 2140)(463, 1670)(742, 1025)(738, 1325)(178, 2348)(91, 2110)(928, 1700)(1067, 371)(1280, 237)(457, 334)(217, 550)(22, 987)(285, 1029)(123, 1310)(1360, 1048)(839, 620)(1795, 962)(1393, 1368)(48, 154)(984, 965)(938, 810)(2574, 946)(1754, 390)(2120, 330)(1187, 706)(776, 392)(241, 341)(376, 550)(1770, 1884)(2420, 2250)(1247, 1945)(1625, 2100)(1513, 2326)(1930, 2160)(1620, 1804)(1410, 2200)(1251, 2362)(2421, 1007)(3029, 1242)(3085, 1528)(2260, 1123)
salesman-2:(2260, 1123)(3683, 1533)(3404, 1307)(3373, 1646)(3326, 1846)(3810, 1900)(4230, 1825)(3874, 1318)(4150, 899)(4390, 420)(4210, 500)(4610, 1758)(4670, 1350)(4480, 1638)(3548, 1999)(3447, 2160)(2445, 1820)(2573, 1969)(2260, 1123)
salesman-3:(2260, 1123)(2716, 2120)(2930, 2293)(2916, 1724)(3000, 2140)(2573, 599)(2753, 283)(2936, 337)(4120, 310)(4740, 268)(4530, 265)(4340, 740)(4530, 609)(4570, 857)(2260, 1123)
salesman-4:(2260, 1123)(4590, 1023)(4670, 1498)(4280, 1479)(4520, 2030)(3955, 1743)(4200, 2080)(3730, 2304)(3104, 1931)(2576, 1676)(2139, 2326)(2270, 1920)(2260, 1123)(2097, 981)(2482, 1183)(2849, 1214)(2790, 1457)(3180, 1070)(3230, 650)(2863, 558)(3527, 41)(3232, 324)(3416, 143)(374, 9)(2260, 1123)
Running time: 225.03965997695923s
min:7.5, max:75.0
Global minimum distance: 91621.7534791679
Route:
salesman-0:(2260, 1123)(2790, 1457)(3113, 885)(2991, 792)(3756, 882)(3875, 598)(3416, 143)(2573, 599)(2519, 135)(2588, 302)(2753, 283)(3085, 1528)(2849, 1214)(2120, 330)(1429, 134)(1419, 872)(374, 9)(91, 2110)(739, 1850)(560, 1180)(1250, 1200)(1286, 525)(776, 392)(876, 70)(1323, 400)(1256, 61)(1280, 237)(217, 550)(376, 550)(53, 1657)(178, 2348)(400, 2140)(123, 1310)(463, 1670)(742, 1025)(938, 810)(1741, 712)(2097, 981)(1689, 1223)(839, 620)(611, 673)(241, 341)(48, 154)(382, 872)(252, 1240)(298, 1513)(1247, 1945)(198, 1810)(500, 1960)(2260, 1123)
salesman-1:(2260, 1123)(929, 2326)(611, 2326)(1115, 2180)(1251, 2362)(1625, 2100)(1513, 2326)(1410, 2200)(2573, 1969)(3911, 2180)(3683, 1533)(2260, 1123)
salesman-2:(2260, 1123)(3373, 1646)(3874, 1318)(4240, 1286)(3950, 1558)(3230, 650)(2310, 236)(1360, 1048)(1795, 962)(2260, 1123)(2482, 1183)(2916, 1724)(3326, 1846)(2930, 2293)(3000, 2140)(3548, 1999)(3447, 2160)(4740, 268)(19, 674)(457, 334)(1220, 1560)(928, 1700)(1034, 1344)(920, 1990)(710, 2080)(872, 1559)(1480, 660)(2421, 1007)(2178, 1619)(1620, 1804)(2445, 1820)(1770, 1884)(2139, 2326)(3730, 2304)(3990, 2304)(4230, 1825)(4590, 1023)(22, 987)(3527, 41)(2848, 96)(2936, 337)(3232, 324)(4260, 102)(4530, 265)(4570, 857)(4530, 609)(4280, 1479)(4670, 1498)(4480, 1638)(3810, 1900)(3180, 1070)(3430, 1088)(3640, 300)(3780, 1079)(4140, 666)(3613, 523)(3479, 821)(2863, 558)(2820, 980)(2574, 946)(2260, 1123)
salesman-3:(2260, 1123)(2186, 766)(2270, 550)(1754, 390)(1782, 93)(1628, 253)(741, 146)(1067, 371)(1187, 706)(984, 965)(1393, 1368)(738, 1325)(285, 1029)(3815, 169)(4670, 1350)(4610, 1758)(4520, 2030)(4390, 420)(4120, 310)(4340, 740)(2260, 1123)
salesman-4:(2260, 1123)(4210, 500)(4150, 899)(4090, 1067)(3955, 1743)(4200, 2080)(3104, 1931)(3404, 1307)(3029, 1242)(1930, 2160)(2420, 2250)(2716, 2120)(2270, 1920)(2576, 1676)(2460, 1400)(2260, 1123)
Running time: 225.041748046875s
min:7.5, max:75.0
Global minimum distance: 82254.97534680828
Route:
salesman-0:(2260, 1123)(1360, 1048)(1419, 872)(1689, 1223)(928, 1700)(739, 1850)(920, 1990)(1247, 1945)(1220, 1560)(1034, 1344)(742, 1025)(984, 965)(1429, 134)(1323, 400)(1286, 525)(376, 550)(217, 550)(19, 674)(123, 1310)(53, 1657)(2576, 1676)(2421, 1007)(2178, 1619)(2139, 2326)(4120, 310)(4390, 420)(4670, 1350)(4670, 1498)(2260, 1123)
salesman-1:(2260, 1123)(4610, 1758)(4570, 857)(4090, 1067)(3875, 598)(3815, 169)(3479, 821)(3232, 324)(2936, 337)(2863, 558)(3113, 885)(2849, 1214)(2790, 1457)(2260, 1123)(2445, 1820)(2482, 1183)(2460, 1400)(2270, 1920)(2420, 2250)(2716, 2120)(3000, 2140)(3104, 1931)(2916, 1724)(2573, 1969)(2097, 981)(1795, 962)(1754, 390)(2310, 236)(2186, 766)(1741, 712)(1480, 660)(48, 154)(374, 9)(776, 392)(2519, 135)(2753, 283)(2848, 96)(2573, 599)(2588, 302)(3230, 650)(3416, 143)(3527, 41)(4240, 1286)(4480, 1638)(2260, 1123)
salesman-2:(2260, 1123)(4520, 2030)(3810, 1900)(3085, 1528)(3029, 1242)(2991, 792)(4150, 899)(3780, 1079)(4530, 609)(4590, 1023)(4210, 500)(4140, 666)(4340, 740)(3756, 882)(4230, 1825)(3404, 1307)(3180, 1070)(3613, 523)(3683, 1533)(3955, 1743)(4200, 2080)(2260, 1123)
salesman-3:(2260, 1123)(3990, 2304)(3950, 1558)(3911, 2180)(3730, 2304)(3640, 300)(2574, 946)(2820, 980)(2270, 550)(2120, 330)(1628, 253)(1782, 93)(1256, 61)(876, 70)(241, 341)(611, 673)(839, 620)(1067, 371)(1280, 237)(741, 146)(938, 810)(1187, 706)(457, 334)(285, 1029)(382, 872)(560, 1180)(252, 1240)(91, 2110)(400, 2140)(178, 2348)(500, 1960)(611, 2326)(2260, 1123)
salesman-4:(2260, 1123)(1115, 2180)(1251, 2362)(710, 2080)(22, 987)(463, 1670)(872, 1559)(929, 2326)(1513, 2326)(1410, 2200)(1625, 2100)(1930, 2160)(1770, 1884)(1620, 1804)(1393, 1368)(1250, 1200)(738, 1325)(298, 1513)(198, 1810)(2930, 2293)(3447, 2160)(3373, 1646)(3548, 1999)(3874, 1318)(4280, 1479)(3326, 1846)(4260, 102)(4740, 268)(4530, 265)(3430, 1088)(2260, 1123)
Running time: 225.0476689338684s
min:7.5, max:75.0
Global minimum distance: 84745.70073088018
Route:
salesman-0:(2260, 1123)(2421, 1007)(2863, 558)(178, 2348)(4150, 899)(4340, 740)(4390, 420)(3527, 41)(4530, 265)(4740, 268)(3875, 598)(2260, 1123)
salesman-1:(2260, 1123)(4590, 1023)(4670, 1350)(4140, 666)(4210, 500)(3640, 300)(3613, 523)(2991, 792)(2820, 980)(3180, 1070)(1782, 93)(2270, 550)(1754, 390)(2519, 135)(2936, 337)(3815, 169)(3404, 1307)(3430, 1088)(3085, 1528)(2097, 981)(2120, 330)(1067, 371)(1187, 706)(1323, 400)(1286, 525)(876, 70)(1256, 61)(374, 9)(241, 341)(48, 154)(2260, 1123)
salesman-2:(2260, 1123)(19, 674)(382, 872)(938, 810)(839, 620)(776, 392)(741, 146)(1280, 237)(1429, 134)(611, 673)(217, 550)(376, 550)(457, 334)(22, 987)(285, 1029)(298, 1513)(872, 1559)(560, 1180)(198, 1810)(252, 1240)(123, 1310)(463, 1670)(1220, 1560)(1393, 1368)(1250, 1200)(500, 1960)(2260, 1123)
salesman-3:(2260, 1123)(400, 2140)(91, 2110)(4670, 1498)(2573, 599)(3230, 650)(3416, 143)(2186, 766)(2574, 946)(2260, 1123)(1795, 962)(1480, 660)(1741, 712)(1360, 1048)(53, 1657)(738, 1325)(2260, 1123)
salesman-4:(2260, 1123)(984, 965)(1034, 1344)(739, 1850)(611, 2326)(1625, 2100)(1689, 1223)(2445, 1820)(1930, 2160)(2460, 1400)(2482, 1183)(2849, 1214)(3990, 2304)(3810, 1900)(3447, 2160)(3548, 1999)(3950, 1558)(3874, 1318)(3780, 1079)(3029, 1242)(4260, 102)(4120, 310)(4530, 609)(4570, 857)(4240, 1286)(4090, 1067)(3756, 882)(3683, 1533)(3326, 1846)(4200, 2080)(3911, 2180)(4280, 1479)(3955, 1743)(2573, 1969)(2716, 2120)(3104, 1931)(3373, 1646)(2916, 1724)(2270, 1920)(2420, 2250)(2139, 2326)(2930, 2293)(3000, 2140)(3730, 2304)(4520, 2030)(4480, 1638)(4610, 1758)(4230, 1825)(710, 2080)(929, 2326)(920, 1990)(1247, 1945)(1115, 2180)(742, 1025)(928, 1700)(1620, 1804)(1410, 2200)(1251, 2362)(1513, 2326)(1770, 1884)(2178, 1619)(1628, 253)(1419, 872)(2753, 283)(2310, 236)(2588, 302)(2848, 96)(3232, 324)(3479, 821)(3113, 885)(2790, 1457)(2576, 1676)(2260, 1123)
Running time: 225.06565928459167s
