Initial minimum distance: 104309.55217469487
Global minimum distance: 102482.09394164087
Running time: 148.36073350906372s
Route:
salesman-1:(2260,1123)(2849,1214)(4240,1286)(3404,1307)(3029,1242)(4670,1350)(4280,1479)(4480,1638)(3950,1558)(4610,1758)(2482,1183)(3683,1533)(4230,1825)(3955,1743)(4520,2030)(3373,1646)(3085,1528)(4200,2080)(3810,1900)(2790,1457)(3326,1846)(3548,1999)(3990,2304)(3730,2304)(3447,2160)(2916,1724)(3874,1318)(4670,1498)(3911,2180)(3104,1931)(3000,2140)(2260,1123)
salesman-2:(2260,1123)(2460,1400)(2930,2293)(2576,1676)(2716,2120)(2573,1969)(2445,1820)(2420,2250)(2270,1920)(2139,2326)(2178,1619)(1930,2160)(1513,2326)(1770,1884)(1625,2100)(1410,2200)(1251,2362)(1620,1804)(1115,2180)(929,2326)(1247,1945)(611,2326)(920,1990)(710,2080)(178,2348)(400,2140)(739,1850)(500,1960)(91,2110)(928,1700)(1220,1560)(2260,1123)
salesman-3:(2260,1123)(198,1810)(872,1559)(463,1670)(1393,1368)(53,1657)(298,1513)(1034,1344)(1689,1223)(738,1325)(123,1310)(1250,1200)(252,1240)(560,1180)(285,1029)(22,987)(742,1025)(1360,1048)(984,965)(382,872)(19,674)(938,810)(611,673)(217,550)(1419,872)(376,550)(1795,962)(839,620)(241,341)(1187,706)(457,334)(2260,1123)
salesman-4:(2260,1123)(48,154)(776,392)(374,9)(1480,660)(1286,525)(1067,371)(741,146)(876,70)(1323,400)(1741,712)(2097,981)(1280,237)(1256,61)(1429,134)(1628,253)(1754,390)(1782,93)(2186,766)(2120,330)(2270,550)(2310,236)(2519,135)(2588,302)(2848,96)(2753,283)(2573,599)(2936,337)(2863,558)(3527,41)(3416,143)(2260,1123)
salesman-5:(2260,1123)(3232,324)(3113,885)(2421,1007)(3430,1088)(3230,650)(4530,265)(2574,946)(2820,980)(4120,310)(4260,102)(4210,500)(4090,1067)(3613,523)(3780,1079)(3756,882)(3180,1070)(2991,792)(3815,169)(3640,300)(4740,268)(4570,857)(4390,420)(3479,821)(3875,598)(4140,666)(4530,609)(4340,740)(4150,899)(4590,1023)(2260,1123)

Initial minimum distance: 104309.55217469487
Global minimum distance: 96832.8471474811
Running time: 148.92378687858582s
Route:
salesman-1:(2260,1123)(2849,1214)(3029,1242)(3085,1528)(3404,1307)(4280,1479)(4480,1638)(3950,1558)(4610,1758)(3874,1318)(4670,1498)(4670,1350)(2482,1183)(3683,1533)(4230,1825)(3373,1646)(3810,1900)(3326,1846)(2790,1457)(3911,2180)(4520,2030)(3955,1743)(4240,1286)(4200,2080)(3548,1999)(3990,2304)(3730,2304)(3447,2160)(2916,1724)(3104,1931)(3000,2140)(2260,1123)
salesman-2:(2260,1123)(2460,1400)(2930,2293)(2576,1676)(2716,2120)(2573,1969)(2445,1820)(2420,2250)(2270,1920)(2139,2326)(2178,1619)(1930,2160)(1513,2326)(1770,1884)(1625,2100)(1410,2200)(1251,2362)(1620,1804)(1115,2180)(929,2326)(1247,1945)(611,2326)(920,1990)(710,2080)(178,2348)(400,2140)(739,1850)(500,1960)(91,2110)(928,1700)(1220,1560)(2260,1123)
salesman-3:(2260,1123)(198,1810)(872,1559)(53,1657)(1034,1344)(123,1310)(463,1670)(1393,1368)(1689,1223)(298,1513)(738,1325)(1250,1200)(252,1240)(560,1180)(285,1029)(22,987)(217,550)(611,673)(382,872)(19,674)(938,810)(742,1025)(984,965)(1360,1048)(1419,872)(376,550)(1795,962)(839,620)(241,341)(1187,706)(457,334)(2260,1123)
salesman-4:(2260,1123)(48,154)(776,392)(374,9)(1480,660)(1286,525)(1067,371)(741,146)(876,70)(1323,400)(1741,712)(2097,981)(1280,237)(1256,61)(1429,134)(1628,253)(1754,390)(1782,93)(2186,766)(2120,330)(2270,550)(2310,236)(2519,135)(2588,302)(2848,96)(2753,283)(2573,599)(2936,337)(2863,558)(3527,41)(3416,143)(2260,1123)
salesman-5:(2260,1123)(3232,324)(2421,1007)(3815,169)(3640,300)(2574,946)(4260,102)(3230,650)(2991,792)(3613,523)(4120,310)(4530,265)(4740,268)(4390,420)(3875,598)(4210,500)(3113,885)(2820,980)(3479,821)(4140,666)(4530,609)(4340,740)(4590,1023)(3180,1070)(3780,1079)(4150,899)(4090,1067)(3756,882)(4570,857)(3430,1088)(2260,1123)

Initial minimum distance: 104309.55217469487
Global minimum distance: 100791.1285312559
Running time: 149.67364072799683s
Route:
salesman-1:(2260,1123)(4610,1758)(4520,2030)(4670,1350)(3683,1533)(3404,1307)(4230,1825)(4480,1638)(3874,1318)(3085,1528)(3950,1558)(4280,1479)(3955,1743)(2849,1214)(4200,2080)(4670,1498)(4240,1286)(3810,1900)(3373,1646)(2482,1183)(3029,1242)(2790,1457)(3911,2180)(3326,1846)(3548,1999)(3990,2304)(3730,2304)(3447,2160)(2916,1724)(3104,1931)(3000,2140)(2260,1123)
salesman-2:(2260,1123)(2460,1400)(2930,2293)(2576,1676)(2716,2120)(2573,1969)(2445,1820)(2420,2250)(2270,1920)(2139,2326)(2178,1619)(1930,2160)(1513,2326)(1770,1884)(1625,2100)(1410,2200)(1251,2362)(1620,1804)(1115,2180)(929,2326)(1247,1945)(611,2326)(920,1990)(710,2080)(178,2348)(400,2140)(739,1850)(500,1960)(91,2110)(928,1700)(1220,1560)(2260,1123)
salesman-3:(2260,1123)(198,1810)(872,1559)(1393,1368)(53,1657)(463,1670)(298,1513)(1034,1344)(1689,1223)(738,1325)(123,1310)(1250,1200)(252,1240)(560,1180)(285,1029)(22,987)(742,1025)(1360,1048)(984,965)(382,872)(19,674)(938,810)(611,673)(217,550)(1419,872)(376,550)(1795,962)(839,620)(241,341)(1187,706)(457,334)(2260,1123)
salesman-4:(2260,1123)(48,154)(776,392)(374,9)(1480,660)(1286,525)(1067,371)(741,146)(876,70)(1323,400)(1741,712)(2097,981)(1280,237)(1256,61)(1429,134)(1628,253)(1754,390)(1782,93)(2186,766)(2120,330)(2270,550)(2310,236)(2519,135)(2588,302)(2848,96)(2753,283)(2573,599)(3416,143)(3527,41)(2936,337)(2863,558)(2260,1123)
salesman-5:(2260,1123)(3232,324)(2421,1007)(3815,169)(3640,300)(2574,946)(4260,102)(3230,650)(2991,792)(3613,523)(4120,310)(4530,265)(4740,268)(4390,420)(3875,598)(4210,500)(3113,885)(2820,980)(3479,821)(4140,666)(4530,609)(4340,740)(3756,882)(4150,899)(4570,857)(3180,1070)(4590,1023)(4090,1067)(3430,1088)(3780,1079)(2260,1123)

Initial minimum distance: 104309.55217469487
Global minimum distance: 99519.76285229588
Running time: 149.70083689689636s
Route:
salesman-1:(2260,1123)(4240,1286)(3874,1318)(2849,1214)(3029,1242)(3950,1558)(4610,1758)(2482,1183)(3683,1533)(3955,1743)(4230,1825)(4280,1479)(3404,1307)(4670,1498)(4670,1350)(4480,1638)(4520,2030)(3373,1646)(3085,1528)(4200,2080)(3810,1900)(2790,1457)(3911,2180)(3548,1999)(3990,2304)(3730,2304)(3447,2160)(2916,1724)(3000,2140)(3104,1931)(3326,1846)(2260,1123)
salesman-2:(2260,1123)(2460,1400)(2930,2293)(2576,1676)(2716,2120)(2573,1969)(2445,1820)(2420,2250)(2270,1920)(2139,2326)(2178,1619)(1930,2160)(1513,2326)(1770,1884)(1625,2100)(1410,2200)(1251,2362)(1620,1804)(1115,2180)(929,2326)(1247,1945)(611,2326)(920,1990)(710,2080)(178,2348)(400,2140)(739,1850)(500,1960)(91,2110)(928,1700)(1220,1560)(2260,1123)
salesman-3:(2260,1123)(198,1810)(872,1559)(463,1670)(1393,1368)(53,1657)(298,1513)(1034,1344)(1689,1223)(738,1325)(123,1310)(1250,1200)(252,1240)(560,1180)(285,1029)(22,987)(742,1025)(1360,1048)(984,965)(382,872)(19,674)(938,810)(611,673)(217,550)(1419,872)(376,550)(1795,962)(839,620)(241,341)(1187,706)(457,334)(2260,1123)
salesman-4:(2260,1123)(48,154)(776,392)(374,9)(1480,660)(1286,525)(1067,371)(741,146)(876,70)(1323,400)(1741,712)(2097,981)(1280,237)(1256,61)(1429,134)(1628,253)(1754,390)(1782,93)(2186,766)(2120,330)(2270,550)(2310,236)(2519,135)(2588,302)(2848,96)(2753,283)(2573,599)(2936,337)(2863,558)(3527,41)(3416,143)(2260,1123)
salesman-5:(2260,1123)(3232,324)(2421,1007)(3815,169)(3640,300)(2574,946)(4260,102)(3230,650)(2991,792)(3613,523)(4120,310)(4530,265)(4740,268)(4390,420)(3875,598)(4210,500)(3113,885)(2820,980)(3479,821)(4140,666)(4530,609)(4340,740)(3756,882)(4150,899)(4570,857)(4590,1023)(4090,1067)(3430,1088)(3780,1079)(3180,1070)(2260,1123)

Initial minimum distance: 104309.55217469487
Global minimum distance: 97170.92762805817
Running time: 150.54794716835022s
Route:
salesman-1:(2260,1123)(3029,1242)(3874,1318)(4670,1498)(4240,1286)(4670,1350)(2849,1214)(3404,1307)(4280,1479)(4480,1638)(3950,1558)(4610,1758)(2482,1183)(3683,1533)(4230,1825)(3955,1743)(4520,2030)(3373,1646)(3085,1528)(4200,2080)(3810,1900)(3911,2180)(3326,1846)(3548,1999)(3990,2304)(3730,2304)(3447,2160)(2916,1724)(3104,1931)(3000,2140)(2260,1123)
salesman-2:(2260,1123)(2460,1400)(2930,2293)(3180,1070)(2576,1676)(2716,2120)(2573,1969)(2445,1820)(2420,2250)(2270,1920)(2139,2326)(2178,1619)(1930,2160)(1513,2326)(1770,1884)(1625,2100)(1410,2200)(1251,2362)(1620,1804)(1115,2180)(929,2326)(1247,1945)(611,2326)(920,1990)(710,2080)(178,2348)(400,2140)(739,1850)(500,1960)(91,2110)(928,1700)(1220,1560)(2260,1123)
salesman-3:(2260,1123)(198,1810)(872,1559)(463,1670)(53,1657)(298,1513)(1034,1344)(1689,1223)(738,1325)(123,1310)(1250,1200)(252,1240)(560,1180)(285,1029)(22,987)(742,1025)(1360,1048)(984,965)(382,872)(19,674)(938,810)(611,673)(217,550)(1419,872)(376,550)(1393,1368)(1795,962)(839,620)(241,341)(1187,706)(457,334)(2260,1123)
salesman-4:(2260,1123)(48,154)(776,392)(374,9)(1480,660)(1286,525)(1067,371)(741,146)(876,70)(1323,400)(1741,712)(2097,981)(1280,237)(1256,61)(1429,134)(1628,253)(1754,390)(1782,93)(2186,766)(2120,330)(2270,550)(2310,236)(2519,135)(2588,302)(2848,96)(2753,283)(2573,599)(3416,143)(3527,41)(2936,337)(2863,558)(2260,1123)
salesman-5:(2260,1123)(2421,1007)(2790,1457)(4570,857)(4090,1067)(3640,300)(4590,1023)(3430,1088)(2574,946)(3613,523)(4120,310)(4530,265)(4740,268)(4390,420)(3875,598)(4210,500)(3232,324)(3815,169)(4260,102)(3230,650)(2991,792)(3113,885)(2820,980)(3479,821)(4140,666)(4530,609)(4340,740)(3756,882)(4150,899)(3780,1079)(2260,1123)

Initial minimum distance: 104309.55217469487
Global minimum distance: 101475.55711555616
Running time: 152.380779504776s
Route:
salesman-1:(2260,1123)(3874,1318)(3955,1743)(2849,1214)(3029,1242)(4610,1758)(4670,1498)(4480,1638)(4670,1350)(4230,1825)(4280,1479)(4240,1286)(3683,1533)(2482,1183)(4520,2030)(3950,1558)(3404,1307)(3373,1646)(3085,1528)(4200,2080)(3810,1900)(2790,1457)(3911,2180)(3326,1846)(3548,1999)(3990,2304)(3730,2304)(3447,2160)(2916,1724)(3104,1931)(3000,2140)(2260,1123)
salesman-2:(2260,1123)(2460,1400)(2930,2293)(2576,1676)(2716,2120)(2573,1969)(2445,1820)(2420,2250)(2270,1920)(2139,2326)(2178,1619)(1930,2160)(1513,2326)(1770,1884)(1625,2100)(1410,2200)(1251,2362)(1620,1804)(1115,2180)(929,2326)(1247,1945)(611,2326)(920,1990)(710,2080)(178,2348)(400,2140)(739,1850)(500,1960)(91,2110)(928,1700)(1220,1560)(2260,1123)
salesman-3:(2260,1123)(198,1810)(872,1559)(463,1670)(1393,1368)(53,1657)(298,1513)(1034,1344)(1689,1223)(738,1325)(123,1310)(1250,1200)(252,1240)(560,1180)(285,1029)(22,987)(742,1025)(1360,1048)(984,965)(382,872)(19,674)(938,810)(611,673)(217,550)(1419,872)(376,550)(839,620)(241,341)(1187,706)(1795,962)(457,334)(2260,1123)
salesman-4:(2260,1123)(48,154)(776,392)(374,9)(1480,660)(1286,525)(1067,371)(741,146)(876,70)(1323,400)(1741,712)(2097,981)(1280,237)(1256,61)(1429,134)(1628,253)(1754,390)(1782,93)(2186,766)(2120,330)(2270,550)(2310,236)(2519,135)(2588,302)(2848,96)(2753,283)(2573,599)(2936,337)(2863,558)(3527,41)(3416,143)(2260,1123)
salesman-5:(2260,1123)(3232,324)(2421,1007)(3815,169)(3640,300)(2574,946)(4090,1067)(4390,420)(4530,265)(2991,792)(3430,1088)(3113,885)(2820,980)(4570,857)(4150,899)(3875,598)(3780,1079)(3180,1070)(4740,268)(4210,500)(4120,310)(4590,1023)(4530,609)(4260,102)(3230,650)(3613,523)(3756,882)(4140,666)(4340,740)(3479,821)(2260,1123)

Initial minimum distance: 104309.55217469487
Global minimum distance: 100012.15572984958
Running time: 152.27966809272766s
Route:
salesman-1:(2260,1123)(2790,1457)(4200,2080)(4670,1498)(3810,1900)(3955,1743)(4230,1825)(4280,1479)(4610,1758)(3373,1646)(3874,1318)(2849,1214)(2482,1183)(4480,1638)(4670,1350)(4240,1286)(4520,2030)(3950,1558)(3404,1307)(3029,1242)(3683,1533)(3085,1528)(3911,2180)(3326,1846)(3548,1999)(3990,2304)(3730,2304)(3447,2160)(2916,1724)(3104,1931)(3000,2140)(2260,1123)
salesman-2:(2260,1123)(2460,1400)(2930,2293)(2576,1676)(2716,2120)(2573,1969)(2445,1820)(2420,2250)(2270,1920)(2139,2326)(2178,1619)(1930,2160)(1513,2326)(1770,1884)(1625,2100)(1410,2200)(1251,2362)(1620,1804)(1115,2180)(929,2326)(1247,1945)(611,2326)(920,1990)(710,2080)(178,2348)(400,2140)(739,1850)(500,1960)(91,2110)(928,1700)(1220,1560)(2260,1123)
salesman-3:(2260,1123)(198,1810)(872,1559)(463,1670)(1393,1368)(53,1657)(298,1513)(1034,1344)(1689,1223)(738,1325)(123,1310)(1250,1200)(252,1240)(560,1180)(285,1029)(22,987)(742,1025)(1360,1048)(984,965)(382,872)(19,674)(938,810)(611,673)(217,550)(1419,872)(376,550)(1795,962)(839,620)(241,341)(1187,706)(457,334)(2260,1123)
salesman-4:(2260,1123)(48,154)(776,392)(374,9)(1480,660)(1286,525)(1067,371)(741,146)(876,70)(1323,400)(1741,712)(2097,981)(1280,237)(1256,61)(1429,134)(1628,253)(1754,390)(1782,93)(2186,766)(2120,330)(2270,550)(2310,236)(2519,135)(2588,302)(2848,96)(2753,283)(2573,599)(2936,337)(2863,558)(3527,41)(3416,143)(2260,1123)
salesman-5:(2260,1123)(2820,980)(4150,899)(3640,300)(4120,310)(3756,882)(3180,1070)(3232,324)(2421,1007)(3815,169)(2574,946)(4260,102)(3230,650)(2991,792)(3613,523)(4530,265)(4740,268)(4390,420)(3875,598)(4210,500)(3113,885)(3479,821)(4140,666)(4090,1067)(3780,1079)(4590,1023)(4570,857)(4340,740)(4530,609)(3430,1088)(2260,1123)

Initial minimum distance: 104309.55217469487
Global minimum distance: 99689.75904604576
Running time: 152.6022617816925s
Route:
salesman-1:(2260,1123)(3874,1318)(3029,1242)(4670,1498)(4240,1286)(2849,1214)(4670,1350)(4610,1758)(4280,1479)(3950,1558)(4480,1638)(3404,1307)(2482,1183)(3683,1533)(4230,1825)(3955,1743)(4520,2030)(3373,1646)(3085,1528)(4200,2080)(3810,1900)(2790,1457)(3911,2180)(3326,1846)(3548,1999)(3990,2304)(3730,2304)(3447,2160)(3104,1931)(3000,2140)(2716,2120)(2260,1123)
salesman-2:(2260,1123)(2460,1400)(2930,2293)(2576,1676)(2916,1724)(2573,1969)(2445,1820)(2420,2250)(2270,1920)(2139,2326)(2178,1619)(1930,2160)(1513,2326)(1770,1884)(1625,2100)(1410,2200)(1251,2362)(1620,1804)(1115,2180)(929,2326)(1247,1945)(611,2326)(920,1990)(710,2080)(178,2348)(400,2140)(739,1850)(500,1960)(91,2110)(928,1700)(1220,1560)(2260,1123)
salesman-3:(2260,1123)(198,1810)(872,1559)(463,1670)(1393,1368)(53,1657)(298,1513)(1034,1344)(1689,1223)(738,1325)(123,1310)(1250,1200)(252,1240)(560,1180)(285,1029)(22,987)(742,1025)(1360,1048)(984,965)(382,872)(19,674)(938,810)(611,673)(217,550)(1419,872)(376,550)(1795,962)(839,620)(241,341)(1187,706)(457,334)(2260,1123)
salesman-4:(2260,1123)(48,154)(776,392)(374,9)(1480,660)(1286,525)(1067,371)(741,146)(876,70)(1323,400)(1741,712)(2097,981)(1280,237)(1256,61)(1429,134)(1628,253)(1754,390)(1782,93)(2186,766)(2120,330)(2270,550)(2310,236)(2519,135)(2588,302)(2848,96)(2753,283)(2573,599)(2863,558)(3416,143)(3527,41)(2936,337)(2260,1123)
salesman-5:(2260,1123)(3232,324)(2421,1007)(3815,169)(3640,300)(2574,946)(3875,598)(4260,102)(3230,650)(2991,792)(3613,523)(4120,310)(4530,265)(4740,268)(4390,420)(4210,500)(4140,666)(3780,1079)(3180,1070)(3113,885)(2820,980)(3479,821)(4340,740)(4530,609)(3756,882)(4150,899)(4570,857)(4590,1023)(4090,1067)(3430,1088)(2260,1123)

Initial minimum distance: 104309.55217469487
Global minimum distance: 92375.52494120196
Running time: 153.00368285179138s
Route:
salesman-1:(2260,1123)(2849,1214)(3404,1307)(3874,1318)(4280,1479)(4670,1498)(4240,1286)(4610,1758)(3683,1533)(4480,1638)(4200,2080)(3810,1900)(3085,1528)(3029,1242)(4230,1825)(4520,2030)(4670,1350)(2482,1183)(3950,1558)(3955,1743)(3373,1646)(2790,1457)(3911,2180)(3326,1846)(3548,1999)(3990,2304)(3730,2304)(3447,2160)(2916,1724)(3104,1931)(3000,2140)(2260,1123)
salesman-2:(2260,1123)(2460,1400)(2930,2293)(2576,1676)(2716,2120)(2573,1969)(2445,1820)(2420,2250)(2270,1920)(2139,2326)(2178,1619)(1930,2160)(1513,2326)(1770,1884)(1625,2100)(1410,2200)(1251,2362)(1620,1804)(1115,2180)(929,2326)(1247,1945)(611,2326)(920,1990)(710,2080)(178,2348)(400,2140)(739,1850)(500,1960)(91,2110)(928,1700)(1220,1560)(2260,1123)
salesman-3:(2260,1123)(198,1810)(872,1559)(463,1670)(1393,1368)(53,1657)(298,1513)(1034,1344)(1689,1223)(738,1325)(123,1310)(1250,1200)(252,1240)(560,1180)(285,1029)(22,987)(742,1025)(938,810)(984,965)(1360,1048)(1795,962)(839,620)(611,673)(19,674)(382,872)(376,550)(241,341)(457,334)(217,550)(1187,706)(1419,872)(2260,1123)
salesman-4:(2260,1123)(48,154)(776,392)(374,9)(1480,660)(1286,525)(1067,371)(741,146)(876,70)(1323,400)(1741,712)(2097,981)(1280,237)(1256,61)(1429,134)(1628,253)(1754,390)(1782,93)(2186,766)(2120,330)(2270,550)(2310,236)(2519,135)(2588,302)(2848,96)(2753,283)(2573,599)(2936,337)(2863,558)(3527,41)(3416,143)(2260,1123)
salesman-5:(2260,1123)(3232,324)(2421,1007)(3815,169)(3640,300)(2574,946)(4260,102)(3230,650)(2991,792)(3613,523)(4120,310)(4530,265)(4740,268)(4390,420)(3875,598)(4210,500)(3113,885)(2820,980)(3479,821)(4140,666)(4530,609)(4340,740)(3756,882)(4150,899)(4590,1023)(4570,857)(3180,1070)(4090,1067)(3780,1079)(3430,1088)(2260,1123)

Initial minimum distance: 104309.55217469487
Global minimum distance: 102306.08010432632
Running time: 153.70153498649597s
Route:
salesman-1:(2260,1123)(4480,1638)(2849,1214)(3874,1318)(4240,1286)(3029,1242)(3950,1558)(4610,1758)(4230,1825)(3955,1743)(4520,2030)(3683,1533)(3404,1307)(2482,1183)(4670,1498)(4670,1350)(4280,1479)(3373,1646)(3085,1528)(4200,2080)(3810,1900)(2790,1457)(3911,2180)(3326,1846)(3548,1999)(3990,2304)(3730,2304)(3447,2160)(2916,1724)(3104,1931)(3000,2140)(2260,1123)
salesman-2:(2260,1123)(2460,1400)(2930,2293)(2576,1676)(2716,2120)(2573,1969)(2445,1820)(2420,2250)(2270,1920)(2139,2326)(2178,1619)(1930,2160)(1513,2326)(1770,1884)(1625,2100)(1410,2200)(1251,2362)(1620,1804)(1115,2180)(929,2326)(1247,1945)(611,2326)(920,1990)(710,2080)(178,2348)(400,2140)(739,1850)(500,1960)(91,2110)(928,1700)(1220,1560)(2260,1123)
salesman-3:(2260,1123)(198,1810)(872,1559)(463,1670)(1393,1368)(53,1657)(298,1513)(1034,1344)(1689,1223)(738,1325)(123,1310)(1250,1200)(252,1240)(560,1180)(285,1029)(22,987)(742,1025)(1360,1048)(984,965)(382,872)(19,674)(938,810)(611,673)(217,550)(1419,872)(376,550)(1795,962)(839,620)(241,341)(1187,706)(457,334)(2260,1123)
salesman-4:(2260,1123)(48,154)(776,392)(374,9)(1480,660)(1286,525)(1067,371)(741,146)(876,70)(1323,400)(1741,712)(2097,981)(1280,237)(1256,61)(1429,134)(1628,253)(1754,390)(1782,93)(2186,766)(2120,330)(2270,550)(2310,236)(2519,135)(2588,302)(2848,96)(2753,283)(2573,599)(2936,337)(2863,558)(3527,41)(3416,143)(2260,1123)
salesman-5:(2260,1123)(3232,324)(2421,1007)(3815,169)(3640,300)(2574,946)(4260,102)(3230,650)(2991,792)(3613,523)(4120,310)(4530,265)(4740,268)(4390,420)(3875,598)(4210,500)(4570,857)(4530,609)(4140,666)(2820,980)(3113,885)(3479,821)(3430,1088)(4150,899)(3756,882)(3180,1070)(4090,1067)(4590,1023)(4340,740)(3780,1079)(2260,1123)

Initial minimum distance: 104309.55217469487
Global minimum distance: 101565.76966652661
Running time: 153.93210768699646s
Route:
salesman-1:(2260,1123)(3955,1743)(3404,1307)(4240,1286)(3874,1318)(2482,1183)(3029,1242)(3683,1533)(4670,1498)(3950,1558)(4280,1479)(4610,1758)(2849,1214)(4230,1825)(4480,1638)(4670,1350)(4520,2030)(3373,1646)(3085,1528)(4200,2080)(3810,1900)(2790,1457)(3911,2180)(3326,1846)(3548,1999)(3990,2304)(3730,2304)(3447,2160)(2916,1724)(3104,1931)(3000,2140)(2260,1123)
salesman-2:(2260,1123)(2460,1400)(2930,2293)(2576,1676)(2716,2120)(2573,1969)(2445,1820)(2420,2250)(2270,1920)(2139,2326)(2178,1619)(1930,2160)(1513,2326)(1770,1884)(1625,2100)(1410,2200)(1251,2362)(1620,1804)(1115,2180)(929,2326)(1247,1945)(611,2326)(920,1990)(710,2080)(178,2348)(400,2140)(739,1850)(500,1960)(91,2110)(928,1700)(1220,1560)(2260,1123)
salesman-3:(2260,1123)(198,1810)(872,1559)(463,1670)(1393,1368)(53,1657)(298,1513)(1034,1344)(1689,1223)(738,1325)(123,1310)(1250,1200)(252,1240)(560,1180)(285,1029)(22,987)(742,1025)(1360,1048)(984,965)(382,872)(19,674)(938,810)(611,673)(217,550)(1419,872)(376,550)(1795,962)(839,620)(241,341)(1187,706)(457,334)(2260,1123)
salesman-4:(2260,1123)(48,154)(776,392)(374,9)(1480,660)(1286,525)(1067,371)(741,146)(876,70)(1323,400)(1741,712)(2097,981)(1280,237)(1256,61)(1429,134)(1628,253)(1754,390)(1782,93)(2186,766)(2120,330)(2270,550)(2310,236)(2519,135)(2588,302)(2848,96)(2753,283)(2573,599)(2936,337)(2863,558)(3527,41)(3416,143)(2260,1123)
salesman-5:(2260,1123)(3232,324)(2421,1007)(3815,169)(3640,300)(2574,946)(4260,102)(3230,650)(2991,792)(3613,523)(4120,310)(4530,265)(4740,268)(4390,420)(3875,598)(4210,500)(3113,885)(2820,980)(3479,821)(4140,666)(4530,609)(4340,740)(3780,1079)(3756,882)(4590,1023)(4570,857)(4090,1067)(3430,1088)(4150,899)(3180,1070)(2260,1123)

Initial minimum distance: 104309.55217469487
Global minimum distance: 97546.3740661538
Running time: 153.83471608161926s
Route:
salesman-1:(2260,1123)(4670,1350)(3874,1318)(3950,1558)(4230,1825)(3955,1743)(3404,1307)(4280,1479)(3683,1533)(2849,1214)(3029,1242)(4610,1758)(4670,1498)(4480,1638)(2482,1183)(4240,1286)(4520,2030)(3085,1528)(4200,2080)(3810,1900)(2790,1457)(3911,2180)(3548,1999)(3990,2304)(3730,2304)(3447,2160)(3326,1846)(3373,1646)(2916,1724)(3104,1931)(3000,2140)(2260,1123)
salesman-2:(2260,1123)(2460,1400)(2930,2293)(2576,1676)(2716,2120)(2573,1969)(2445,1820)(2420,2250)(2270,1920)(2139,2326)(2178,1619)(1930,2160)(1513,2326)(1770,1884)(1625,2100)(1410,2200)(1251,2362)(1620,1804)(1115,2180)(929,2326)(1247,1945)(611,2326)(920,1990)(710,2080)(178,2348)(400,2140)(739,1850)(500,1960)(91,2110)(928,1700)(1220,1560)(2260,1123)
salesman-3:(2260,1123)(198,1810)(872,1559)(463,1670)(1393,1368)(53,1657)(298,1513)(1034,1344)(1689,1223)(738,1325)(123,1310)(1250,1200)(252,1240)(560,1180)(285,1029)(22,987)(742,1025)(1360,1048)(984,965)(382,872)(19,674)(938,810)(611,673)(217,550)(1419,872)(457,334)(376,550)(241,341)(1187,706)(1795,962)(839,620)(2260,1123)
salesman-4:(2260,1123)(48,154)(374,9)(776,392)(1480,660)(1286,525)(1067,371)(741,146)(876,70)(1323,400)(1741,712)(2097,981)(1280,237)(1256,61)(1429,134)(1628,253)(1754,390)(1782,93)(2186,766)(2120,330)(2270,550)(2310,236)(2519,135)(2588,302)(2848,96)(2753,283)(2573,599)(2936,337)(2863,558)(3527,41)(3416,143)(2260,1123)
salesman-5:(2260,1123)(3232,324)(4260,102)(3180,1070)(2421,1007)(3815,169)(3640,300)(2574,946)(3230,650)(2991,792)(3613,523)(4120,310)(4530,265)(4740,268)(4390,420)(3875,598)(4210,500)(3113,885)(2820,980)(3479,821)(4140,666)(4530,609)(4340,740)(3756,882)(4150,899)(4570,857)(4590,1023)(4090,1067)(3430,1088)(3780,1079)(2260,1123)

Initial minimum distance: 104309.55217469487
Global minimum distance: 93263.76379923894
Running time: 153.9849817752838s
Route:
salesman-1:(2260,1123)(3404,1307)(3085,1528)(3326,1846)(4200,2080)(3810,1900)(3447,2160)(2790,1457)(2482,1183)(3911,2180)(3730,2304)(3990,2304)(4520,2030)(4230,1825)(3950,1558)(3683,1533)(4280,1479)(4240,1286)(3874,1318)(2849,1214)(4480,1638)(4610,1758)(4670,1498)(4670,1350)(3029,1242)(3373,1646)(3955,1743)(3548,1999)(2916,1724)(3104,1931)(3000,2140)(2260,1123)
salesman-2:(2260,1123)(2460,1400)(2573,1969)(2716,2120)(2930,2293)(2576,1676)(2445,1820)(2420,2250)(2270,1920)(2139,2326)(2178,1619)(1930,2160)(1513,2326)(1770,1884)(1625,2100)(1410,2200)(1251,2362)(1620,1804)(1115,2180)(929,2326)(1247,1945)(611,2326)(920,1990)(710,2080)(178,2348)(400,2140)(739,1850)(500,1960)(91,2110)(928,1700)(1220,1560)(2260,1123)
salesman-3:(2260,1123)(198,1810)(872,1559)(463,1670)(938,810)(53,1657)(298,1513)(1034,1344)(1689,1223)(1250,1200)(1393,1368)(738,1325)(123,1310)(252,1240)(560,1180)(285,1029)(22,987)(742,1025)(1360,1048)(984,965)(382,872)(19,674)(611,673)(217,550)(1419,872)(376,550)(1795,962)(839,620)(241,341)(1187,706)(457,334)(2260,1123)
salesman-4:(2260,1123)(48,154)(776,392)(374,9)(1480,660)(1286,525)(1067,371)(741,146)(876,70)(1323,400)(1741,712)(2097,981)(1280,237)(1256,61)(1429,134)(1628,253)(1754,390)(1782,93)(2186,766)(2120,330)(2270,550)(2310,236)(2519,135)(2588,302)(2848,96)(2753,283)(2573,599)(2936,337)(3527,41)(3416,143)(2260,1123)
salesman-5:(2260,1123)(3232,324)(2421,1007)(3815,169)(3640,300)(2574,946)(4260,102)(3230,650)(2991,792)(2863,558)(3613,523)(4120,310)(4530,265)(4740,268)(4390,420)(3875,598)(4210,500)(3113,885)(2820,980)(3479,821)(4140,666)(4530,609)(4340,740)(4590,1023)(4570,857)(3780,1079)(3756,882)(3180,1070)(4150,899)(4090,1067)(3430,1088)(2260,1123)

Initial minimum distance: 104309.55217469487
Global minimum distance: 96028.71156717025
Running time: 155.4825096130371s
Route:
salesman-1:(2260,1123)(3683,1533)(4610,1758)(4480,1638)(4670,1350)(4670,1498)(4240,1286)(3950,1558)(3874,1318)(4280,1479)(4230,1825)(3955,1743)(4520,2030)(3373,1646)(3085,1528)(4200,2080)(3911,2180)(3326,1846)(3447,2160)(2916,1724)(3404,1307)(2849,1214)(2482,1183)(3029,1242)(3810,1900)(2790,1457)(3548,1999)(3990,2304)(3730,2304)(3104,1931)(3000,2140)(2260,1123)
salesman-2:(2260,1123)(2460,1400)(2930,2293)(2576,1676)(2716,2120)(2573,1969)(2445,1820)(2420,2250)(2270,1920)(2139,2326)(2178,1619)(1930,2160)(1513,2326)(1770,1884)(1625,2100)(1410,2200)(1251,2362)(1620,1804)(1115,2180)(929,2326)(1247,1945)(611,2326)(920,1990)(710,2080)(178,2348)(400,2140)(739,1850)(500,1960)(91,2110)(928,1700)(1220,1560)(2260,1123)
salesman-3:(2260,1123)(198,1810)(872,1559)(463,1670)(1393,1368)(53,1657)(298,1513)(1034,1344)(1689,1223)(738,1325)(123,1310)(1250,1200)(252,1240)(560,1180)(285,1029)(22,987)(742,1025)(1360,1048)(984,965)(382,872)(19,674)(938,810)(611,673)(1419,872)(376,550)(241,341)(839,620)(217,550)(1187,706)(457,334)(2260,1123)
salesman-4:(2260,1123)(48,154)(776,392)(374,9)(1480,660)(1286,525)(1067,371)(741,146)(876,70)(1323,400)(1741,712)(2097,981)(1795,962)(1280,237)(1256,61)(1429,134)(1628,253)(1754,390)(1782,93)(2186,766)(2120,330)(2270,550)(2310,236)(2519,135)(2588,302)(2848,96)(2753,283)(2573,599)(2936,337)(2863,558)(3527,41)(3416,143)(2260,1123)
salesman-5:(2260,1123)(3232,324)(2421,1007)(3815,169)(3640,300)(2574,946)(4260,102)(3230,650)(2991,792)(3613,523)(4120,310)(4530,265)(4740,268)(4390,420)(3875,598)(4210,500)(3113,885)(2820,980)(3479,821)(4140,666)(4530,609)(4340,740)(3780,1079)(4590,1023)(4090,1067)(3180,1070)(3756,882)(3430,1088)(4570,857)(4150,899)(2260,1123)

Initial minimum distance: 104309.55217469487
Global minimum distance: 100396.7254125733
Running time: 155.7605812549591s
Route:
salesman-1:(2260,1123)(4240,1286)(4670,1350)(2849,1214)(3029,1242)(3404,1307)(4670,1498)(4480,1638)(3874,1318)(4280,1479)(3950,1558)(4610,1758)(2482,1183)(3683,1533)(4230,1825)(3955,1743)(4520,2030)(3373,1646)(3085,1528)(4200,2080)(3810,1900)(2790,1457)(3911,2180)(3326,1846)(3548,1999)(3990,2304)(3730,2304)(3447,2160)(2916,1724)(3104,1931)(3000,2140)(2260,1123)
salesman-2:(2260,1123)(2460,1400)(2930,2293)(2576,1676)(2716,2120)(2573,1969)(2445,1820)(2420,2250)(2270,1920)(2139,2326)(2178,1619)(1930,2160)(1513,2326)(1770,1884)(1625,2100)(1410,2200)(1251,2362)(1620,1804)(1115,2180)(929,2326)(1247,1945)(611,2326)(920,1990)(710,2080)(178,2348)(400,2140)(739,1850)(500,1960)(91,2110)(928,1700)(1220,1560)(2260,1123)
salesman-3:(2260,1123)(198,1810)(872,1559)(463,1670)(1393,1368)(53,1657)(298,1513)(1034,1344)(1689,1223)(738,1325)(123,1310)(1250,1200)(252,1240)(560,1180)(285,1029)(22,987)(742,1025)(1360,1048)(984,965)(382,872)(241,341)(938,810)(611,673)(217,550)(19,674)(1419,872)(376,550)(1795,962)(839,620)(1187,706)(457,334)(2260,1123)
salesman-4:(2260,1123)(48,154)(776,392)(374,9)(1480,660)(1286,525)(1067,371)(741,146)(876,70)(1323,400)(1741,712)(2097,981)(1280,237)(1256,61)(1429,134)(1628,253)(1754,390)(1782,93)(2186,766)(2120,330)(2270,550)(2310,236)(2519,135)(2588,302)(2848,96)(2753,283)(2573,599)(2936,337)(2863,558)(3527,41)(3416,143)(2260,1123)
salesman-5:(2260,1123)(3232,324)(2421,1007)(3815,169)(3640,300)(2574,946)(4260,102)(3230,650)(2991,792)(3613,523)(4120,310)(4530,265)(4740,268)(4390,420)(3875,598)(4210,500)(3113,885)(2820,980)(3479,821)(3430,1088)(3180,1070)(4570,857)(4090,1067)(4140,666)(4340,740)(4150,899)(4590,1023)(4530,609)(3780,1079)(3756,882)(2260,1123)

Initial minimum distance: 104309.55217469487
Global minimum distance: 98575.84014954169
Running time: 155.92743587493896s
Route:
salesman-1:(2260,1123)(4240,1286)(2849,1214)(3029,1242)(3404,1307)(4280,1479)(4480,1638)(4610,1758)(2482,1183)(3683,1533)(4230,1825)(3955,1743)(4520,2030)(3085,1528)(3373,1646)(3810,1900)(2790,1457)(3911,2180)(3326,1846)(3548,1999)(3874,1318)(4200,2080)(3990,2304)(3950,1558)(4670,1350)(4670,1498)(3730,2304)(3447,2160)(2916,1724)(3104,1931)(3000,2140)(2260,1123)
salesman-2:(2260,1123)(2460,1400)(2930,2293)(2576,1676)(2716,2120)(2573,1969)(2445,1820)(2420,2250)(2270,1920)(2139,2326)(2178,1619)(1930,2160)(1513,2326)(1770,1884)(1625,2100)(1410,2200)(1251,2362)(1620,1804)(1115,2180)(929,2326)(1247,1945)(611,2326)(920,1990)(710,2080)(178,2348)(400,2140)(739,1850)(500,1960)(91,2110)(928,1700)(1220,1560)(2260,1123)
salesman-3:(2260,1123)(198,1810)(463,1670)(53,1657)(298,1513)(1393,1368)(1034,1344)(738,1325)(1250,1200)(560,1180)(285,1029)(22,987)(1187,706)(1360,1048)(984,965)(382,872)(611,673)(1419,872)(839,620)(938,810)(457,334)(2260,1123)
salesman-4:(2260,1123)(376,550)(872,1559)(1689,1223)(123,1310)(252,1240)(19,674)(217,550)(1795,962)(241,341)(742,1025)(48,154)(776,392)(374,9)(1480,660)(1286,525)(1067,371)(741,146)(876,70)(1323,400)(1741,712)(2097,981)(1280,237)(1256,61)(1429,134)(1628,253)(1754,390)(1782,93)(2186,766)(2120,330)(2270,550)(2310,236)(2519,135)(2588,302)(2848,96)(2753,283)(2573,599)(2936,337)(2863,558)(3527,41)(3416,143)(2260,1123)
salesman-5:(2260,1123)(3232,324)(2421,1007)(3815,169)(3640,300)(2574,946)(4260,102)(3230,650)(2991,792)(3613,523)(4120,310)(4530,265)(4740,268)(4390,420)(3875,598)(4210,500)(3113,885)(2820,980)(3479,821)(4140,666)(4530,609)(4340,740)(3756,882)(4570,857)(4590,1023)(4150,899)(3430,1088)(3780,1079)(4090,1067)(3180,1070)(2260,1123)

Initial minimum distance: 104309.55217469487
Global minimum distance: 99513.30961679829
Running time: 155.93271827697754s
Route:
salesman-1:(2260,1123)(3373,1646)(4230,1825)(4670,1498)(3683,1533)(4480,1638)(4610,1758)(3955,1743)(4240,1286)(4670,1350)(4200,2080)(4280,1479)(4520,2030)(3950,1558)(3085,1528)(2482,1183)(2849,1214)(3029,1242)(3874,1318)(3404,1307)(3810,1900)(2790,1457)(3911,2180)(3326,1846)(3548,1999)(3990,2304)(3730,2304)(3447,2160)(2916,1724)(3104,1931)(3000,2140)(2260,1123)
salesman-2:(2260,1123)(2460,1400)(2930,2293)(2576,1676)(2716,2120)(2573,1969)(2445,1820)(2420,2250)(2270,1920)(2139,2326)(2178,1619)(1930,2160)(1513,2326)(1770,1884)(1625,2100)(1410,2200)(1251,2362)(1620,1804)(1115,2180)(929,2326)(1247,1945)(611,2326)(920,1990)(710,2080)(178,2348)(400,2140)(739,1850)(500,1960)(91,2110)(928,1700)(1220,1560)(2260,1123)
salesman-3:(2260,1123)(198,1810)(872,1559)(463,1670)(1393,1368)(53,1657)(298,1513)(1034,1344)(1689,1223)(738,1325)(123,1310)(1250,1200)(252,1240)(560,1180)(285,1029)(22,987)(742,1025)(1360,1048)(984,965)(382,872)(19,674)(938,810)(611,673)(217,550)(1419,872)(376,550)(1795,962)(839,620)(241,341)(1187,706)(457,334)(2260,1123)
salesman-4:(2260,1123)(48,154)(776,392)(374,9)(1480,660)(1286,525)(1067,371)(741,146)(876,70)(1323,400)(1741,712)(2097,981)(1280,237)(1256,61)(1429,134)(1628,253)(1754,390)(1782,93)(2186,766)(2120,330)(2270,550)(2310,236)(2519,135)(2588,302)(2848,96)(2753,283)(2573,599)(2936,337)(2863,558)(3527,41)(3416,143)(2260,1123)
salesman-5:(2260,1123)(3232,324)(2421,1007)(3815,169)(3640,300)(2574,946)(4260,102)(3230,650)(2991,792)(3613,523)(4120,310)(4530,265)(4740,268)(4390,420)(3875,598)(4210,500)(3113,885)(2820,980)(4530,609)(4150,899)(4090,1067)(4340,740)(4140,666)(4590,1023)(3756,882)(3780,1079)(3479,821)(3180,1070)(4570,857)(3430,1088)(2260,1123)

Initial minimum distance: 104309.55217469487
Global minimum distance: 98597.86665177855
Running time: 156.06758189201355s
Route:
salesman-1:(2260,1123)(2482,1183)(2790,1457)(3373,1646)(3874,1318)(4200,2080)(4670,1498)(4240,1286)(4230,1825)(4670,1350)(3404,1307)(4280,1479)(3029,1242)(3683,1533)(2849,1214)(4520,2030)(4610,1758)(3955,1743)(3950,1558)(3810,1900)(4480,1638)(3085,1528)(3911,2180)(3326,1846)(3548,1999)(3990,2304)(3730,2304)(3447,2160)(2916,1724)(3104,1931)(3000,2140)(2260,1123)
salesman-2:(2260,1123)(2460,1400)(2930,2293)(2576,1676)(2716,2120)(2573,1969)(2445,1820)(2420,2250)(2270,1920)(2139,2326)(2178,1619)(1930,2160)(1513,2326)(1770,1884)(1625,2100)(1410,2200)(1251,2362)(1620,1804)(1115,2180)(929,2326)(1247,1945)(611,2326)(920,1990)(710,2080)(178,2348)(400,2140)(739,1850)(500,1960)(91,2110)(928,1700)(1220,1560)(2260,1123)
salesman-3:(2260,1123)(198,1810)(872,1559)(463,1670)(1393,1368)(53,1657)(298,1513)(1034,1344)(1689,1223)(738,1325)(123,1310)(1250,1200)(252,1240)(560,1180)(285,1029)(22,987)(742,1025)(1360,1048)(984,965)(382,872)(19,674)(938,810)(611,673)(217,550)(1419,872)(376,550)(1795,962)(839,620)(241,341)(1187,706)(457,334)(2260,1123)
salesman-4:(2260,1123)(48,154)(776,392)(374,9)(1480,660)(1286,525)(1067,371)(741,146)(876,70)(1323,400)(1741,712)(2097,981)(1280,237)(1256,61)(1429,134)(1628,253)(1754,390)(1782,93)(2186,766)(2120,330)(2270,550)(2310,236)(2519,135)(2588,302)(2848,96)(2753,283)(2573,599)(2936,337)(2863,558)(3527,41)(3416,143)(2260,1123)
salesman-5:(2260,1123)(3232,324)(2421,1007)(3815,169)(3640,300)(2574,946)(4260,102)(3230,650)(2991,792)(3613,523)(4120,310)(4530,265)(4740,268)(4390,420)(3875,598)(4210,500)(3113,885)(2820,980)(3479,821)(4140,666)(4530,609)(4340,740)(3756,882)(4590,1023)(4570,857)(4150,899)(3430,1088)(4090,1067)(3780,1079)(3180,1070)(2260,1123)

Initial minimum distance: 104309.55217469487
Global minimum distance: 100280.19990763681
Running time: 156.54559469223022s
Route:
salesman-1:(2260,1123)(2849,1214)(4670,1498)(3683,1533)(3955,1743)(3029,1242)(4670,1350)(4520,2030)(4200,2080)(3085,1528)(4280,1479)(3404,1307)(4610,1758)(4480,1638)(3950,1558)(3810,1900)(3874,1318)(4230,1825)(4240,1286)(3373,1646)(2482,1183)(2790,1457)(3911,2180)(3326,1846)(3548,1999)(3990,2304)(3730,2304)(3447,2160)(2916,1724)(3104,1931)(3000,2140)(2260,1123)
salesman-2:(2260,1123)(2460,1400)(2930,2293)(2576,1676)(2716,2120)(2573,1969)(2445,1820)(2420,2250)(2270,1920)(2139,2326)(2178,1619)(1930,2160)(1513,2326)(1770,1884)(1625,2100)(1410,2200)(1251,2362)(1620,1804)(1115,2180)(929,2326)(1247,1945)(611,2326)(920,1990)(710,2080)(178,2348)(400,2140)(739,1850)(500,1960)(91,2110)(928,1700)(1220,1560)(2260,1123)
salesman-3:(2260,1123)(198,1810)(872,1559)(463,1670)(1393,1368)(53,1657)(298,1513)(1034,1344)(1689,1223)(738,1325)(123,1310)(1250,1200)(252,1240)(560,1180)(285,1029)(22,987)(742,1025)(1360,1048)(984,965)(382,872)(19,674)(938,810)(611,673)(217,550)(1419,872)(376,550)(1795,962)(839,620)(241,341)(1187,706)(457,334)(2260,1123)
salesman-4:(2260,1123)(48,154)(776,392)(374,9)(1480,660)(1286,525)(1067,371)(741,146)(876,70)(1323,400)(1741,712)(2097,981)(1280,237)(1256,61)(1429,134)(1628,253)(1754,390)(1782,93)(2186,766)(2120,330)(2270,550)(2310,236)(2519,135)(2588,302)(2848,96)(2753,283)(2573,599)(2863,558)(3416,143)(3527,41)(2936,337)(2260,1123)
salesman-5:(2260,1123)(2991,792)(3113,885)(3756,882)(3230,650)(4740,268)(3640,300)(3780,1079)(4570,857)(4590,1023)(3430,1088)(2574,946)(2421,1007)(2820,980)(4120,310)(4530,265)(4340,740)(4260,102)(4150,899)(4210,500)(3815,169)(3613,523)(3479,821)(3180,1070)(3232,324)(4390,420)(3875,598)(4140,666)(4530,609)(4090,1067)(2260,1123)

Initial minimum distance: 104309.55217469487
Global minimum distance: 103871.99310831608
Running time: 156.67081689834595s
Route:
salesman-1:(2260,1123)(4240,1286)(4670,1350)(3874,1318)(2849,1214)(3029,1242)(4670,1498)(3404,1307)(4280,1479)(4480,1638)(3950,1558)(4610,1758)(2482,1183)(3683,1533)(4230,1825)(3955,1743)(4520,2030)(3373,1646)(3085,1528)(4200,2080)(3810,1900)(2790,1457)(3911,2180)(3326,1846)(3548,1999)(3990,2304)(3730,2304)(3447,2160)(2916,1724)(3104,1931)(3000,2140)(2260,1123)
salesman-2:(2260,1123)(2460,1400)(2930,2293)(2576,1676)(2716,2120)(2573,1969)(2445,1820)(2420,2250)(2270,1920)(2139,2326)(2178,1619)(1930,2160)(1513,2326)(1770,1884)(1625,2100)(1410,2200)(1251,2362)(1620,1804)(1115,2180)(929,2326)(1247,1945)(611,2326)(920,1990)(710,2080)(178,2348)(400,2140)(739,1850)(500,1960)(91,2110)(928,1700)(1220,1560)(2260,1123)
salesman-3:(2260,1123)(198,1810)(872,1559)(463,1670)(1393,1368)(53,1657)(298,1513)(1034,1344)(1689,1223)(738,1325)(123,1310)(1250,1200)(252,1240)(560,1180)(285,1029)(22,987)(742,1025)(1360,1048)(984,965)(382,872)(19,674)(938,810)(611,673)(217,550)(1419,872)(376,550)(1795,962)(839,620)(241,341)(1187,706)(457,334)(2260,1123)
salesman-4:(2260,1123)(48,154)(776,392)(374,9)(1480,660)(1286,525)(1067,371)(741,146)(876,70)(1323,400)(1741,712)(2097,981)(1280,237)(1256,61)(1429,134)(1628,253)(1754,390)(1782,93)(2186,766)(2120,330)(2270,550)(2310,236)(2519,135)(2588,302)(2848,96)(2753,283)(2573,599)(2936,337)(2863,558)(3527,41)(3416,143)(2260,1123)
salesman-5:(2260,1123)(3232,324)(2421,1007)(3815,169)(3640,300)(2574,946)(4260,102)(3230,650)(2991,792)(3613,523)(4120,310)(4530,265)(4740,268)(4390,420)(3875,598)(4210,500)(3113,885)(2820,980)(3479,821)(4140,666)(4530,609)(4590,1023)(4340,740)(3756,882)(4150,899)(4570,857)(3180,1070)(4090,1067)(3430,1088)(3780,1079)(2260,1123)

Initial minimum distance: 104309.55217469487
Global minimum distance: 94825.22896280087
Running time: 158.04506874084473s
Route:
salesman-1:(2260,1123)(3874,1318)(4670,1350)(4480,1638)(4230,1825)(2849,1214)(2482,1183)(3085,1528)(3911,2180)(3683,1533)(4520,2030)(4610,1758)(3029,1242)(3810,1900)(4240,1286)(2790,1457)(3373,1646)(3955,1743)(4200,2080)(4670,1498)(3950,1558)(4280,1479)(3404,1307)(3326,1846)(3548,1999)(3990,2304)(3730,2304)(3447,2160)(2916,1724)(3104,1931)(3000,2140)(2260,1123)
salesman-2:(2260,1123)(2460,1400)(2576,1676)(2930,2293)(2716,2120)(2573,1969)(2445,1820)(2420,2250)(2270,1920)(2139,2326)(2178,1619)(1930,2160)(1513,2326)(1770,1884)(1625,2100)(1410,2200)(1251,2362)(1620,1804)(1115,2180)(929,2326)(1247,1945)(611,2326)(920,1990)(710,2080)(178,2348)(400,2140)(739,1850)(500,1960)(91,2110)(928,1700)(1220,1560)(2260,1123)
salesman-3:(2260,1123)(198,1810)(872,1559)(463,1670)(1393,1368)(53,1657)(298,1513)(1034,1344)(1689,1223)(738,1325)(123,1310)(1250,1200)(252,1240)(560,1180)(285,1029)(22,987)(742,1025)(1360,1048)(839,620)(19,674)(217,550)(241,341)(1187,706)(938,810)(376,550)(1419,872)(984,965)(1795,962)(382,872)(611,673)(457,334)(2260,1123)
salesman-4:(2260,1123)(1480,660)(374,9)(48,154)(776,392)(1286,525)(1067,371)(741,146)(876,70)(1323,400)(1741,712)(2097,981)(1280,237)(1256,61)(1429,134)(1628,253)(1754,390)(1782,93)(2186,766)(2120,330)(2270,550)(2310,236)(2519,135)(2848,96)(2936,337)(2753,283)(2588,302)(2573,599)(2863,558)(3527,41)(3416,143)(2260,1123)
salesman-5:(2260,1123)(3232,324)(2421,1007)(3815,169)(3640,300)(2574,946)(4260,102)(3230,650)(2991,792)(3613,523)(4120,310)(4530,265)(4740,268)(4390,420)(3875,598)(4210,500)(3113,885)(2820,980)(3479,821)(4140,666)(4530,609)(4340,740)(3756,882)(4150,899)(4570,857)(4590,1023)(4090,1067)(3180,1070)(3430,1088)(3780,1079)(2260,1123)

Initial minimum distance: 104309.55217469487
Global minimum distance: 100055.85789279401
Running time: 158.42381525039673s
Route:
salesman-1:(2260,1123)(3029,1242)(4670,1498)(4670,1350)(4240,1286)(2849,1214)(3874,1318)(3404,1307)(4280,1479)(4480,1638)(3950,1558)(4610,1758)(2482,1183)(3683,1533)(4230,1825)(3955,1743)(4520,2030)(3373,1646)(3085,1528)(4200,2080)(3810,1900)(2790,1457)(3911,2180)(3326,1846)(3548,1999)(3990,2304)(3730,2304)(3447,2160)(2916,1724)(3104,1931)(3000,2140)(2260,1123)
salesman-2:(2260,1123)(2460,1400)(2930,2293)(2576,1676)(2716,2120)(2573,1969)(2445,1820)(2420,2250)(2270,1920)(2139,2326)(2178,1619)(1930,2160)(1513,2326)(1770,1884)(1625,2100)(1410,2200)(1251,2362)(1620,1804)(1115,2180)(929,2326)(1247,1945)(611,2326)(920,1990)(710,2080)(178,2348)(400,2140)(739,1850)(500,1960)(91,2110)(928,1700)(1220,1560)(2260,1123)
salesman-3:(2260,1123)(198,1810)(872,1559)(463,1670)(1393,1368)(53,1657)(298,1513)(1034,1344)(1689,1223)(738,1325)(123,1310)(1250,1200)(252,1240)(1419,872)(457,334)(984,965)(742,1025)(285,1029)(839,620)(1360,1048)(560,1180)(22,987)(382,872)(19,674)(938,810)(611,673)(217,550)(376,550)(1795,962)(241,341)(1187,706)(2260,1123)
salesman-4:(2260,1123)(48,154)(776,392)(374,9)(1480,660)(1286,525)(1067,371)(741,146)(876,70)(1323,400)(1741,712)(2097,981)(1280,237)(1256,61)(1429,134)(1628,253)(1754,390)(1782,93)(2186,766)(2120,330)(2270,550)(2310,236)(2519,135)(2588,302)(2848,96)(2753,283)(2573,599)(2863,558)(3527,41)(3416,143)(2936,337)(2260,1123)
salesman-5:(2260,1123)(4140,666)(4260,102)(4530,609)(3232,324)(3180,1070)(4340,740)(4590,1023)(2991,792)(3613,523)(4120,310)(4530,265)(4740,268)(4390,420)(3875,598)(4210,500)(3113,885)(2820,980)(2421,1007)(2574,946)(3640,300)(3815,169)(3230,650)(3479,821)(3756,882)(4150,899)(4570,857)(4090,1067)(3430,1088)(3780,1079)(2260,1123)

Initial minimum distance: 104309.55217469487
Global minimum distance: 103266.70527910562
Running time: 158.70911693572998s
Route:
salesman-1:(2260,1123)(4240,1286)(4670,1350)(3874,1318)(2849,1214)(3029,1242)(4670,1498)(3404,1307)(4280,1479)(4480,1638)(3950,1558)(4610,1758)(2482,1183)(3683,1533)(4230,1825)(3955,1743)(4520,2030)(3373,1646)(3085,1528)(4200,2080)(3810,1900)(2790,1457)(3911,2180)(3326,1846)(3548,1999)(3990,2304)(3730,2304)(3447,2160)(2916,1724)(3104,1931)(3000,2140)(2260,1123)
salesman-2:(2260,1123)(2460,1400)(2930,2293)(2576,1676)(2716,2120)(2573,1969)(2445,1820)(2420,2250)(2270,1920)(2139,2326)(2178,1619)(1930,2160)(1513,2326)(1770,1884)(1625,2100)(1410,2200)(1251,2362)(1620,1804)(1115,2180)(929,2326)(1247,1945)(611,2326)(920,1990)(710,2080)(178,2348)(400,2140)(739,1850)(500,1960)(91,2110)(928,1700)(1220,1560)(2260,1123)
salesman-3:(2260,1123)(198,1810)(872,1559)(463,1670)(1393,1368)(53,1657)(298,1513)(1034,1344)(1689,1223)(738,1325)(123,1310)(1250,1200)(252,1240)(560,1180)(285,1029)(22,987)(742,1025)(1360,1048)(984,965)(382,872)(19,674)(938,810)(611,673)(217,550)(1419,872)(376,550)(1795,962)(839,620)(241,341)(1187,706)(457,334)(2260,1123)
salesman-4:(2260,1123)(48,154)(776,392)(374,9)(1480,660)(1286,525)(1067,371)(741,146)(876,70)(1323,400)(1741,712)(2097,981)(1280,237)(1256,61)(1429,134)(1628,253)(1754,390)(1782,93)(2186,766)(2120,330)(2270,550)(2310,236)(2519,135)(2588,302)(2848,96)(2753,283)(2573,599)(2936,337)(2863,558)(3527,41)(3416,143)(2260,1123)
salesman-5:(2260,1123)(3232,324)(2421,1007)(3815,169)(3640,300)(2574,946)(4260,102)(3230,650)(2991,792)(3613,523)(4120,310)(4530,265)(4740,268)(4390,420)(3875,598)(4570,857)(4150,899)(3756,882)(4090,1067)(3780,1079)(3430,1088)(4140,666)(4530,609)(4590,1023)(4210,500)(3113,885)(2820,980)(3479,821)(4340,740)(3180,1070)(2260,1123)

Initial minimum distance: 104309.55217469487
Global minimum distance: 99413.21800838769
Running time: 159.13224697113037s
Route:
salesman-1:(2260,1123)(2482,1183)(3085,1528)(3029,1242)(4280,1479)(4520,2030)(3373,1646)(4670,1498)(4240,1286)(3874,1318)(3404,1307)(2849,1214)(4230,1825)(4480,1638)(3683,1533)(3955,1743)(3950,1558)(4610,1758)(4670,1350)(4200,2080)(3810,1900)(2790,1457)(3911,2180)(3326,1846)(3548,1999)(3990,2304)(3730,2304)(3447,2160)(2916,1724)(3104,1931)(3000,2140)(2260,1123)
salesman-2:(2260,1123)(2460,1400)(2930,2293)(2576,1676)(2716,2120)(2573,1969)(2445,1820)(2420,2250)(2270,1920)(2139,2326)(2178,1619)(1930,2160)(1513,2326)(1770,1884)(1625,2100)(1410,2200)(1251,2362)(1620,1804)(1115,2180)(929,2326)(1247,1945)(611,2326)(920,1990)(710,2080)(178,2348)(400,2140)(739,1850)(500,1960)(91,2110)(928,1700)(1220,1560)(2260,1123)
salesman-3:(2260,1123)(198,1810)(872,1559)(463,1670)(1393,1368)(53,1657)(298,1513)(1034,1344)(1689,1223)(738,1325)(123,1310)(1250,1200)(252,1240)(560,1180)(285,1029)(22,987)(742,1025)(1360,1048)(984,965)(382,872)(19,674)(938,810)(611,673)(217,550)(1419,872)(376,550)(1795,962)(839,620)(241,341)(1187,706)(457,334)(2260,1123)
salesman-4:(2260,1123)(48,154)(776,392)(374,9)(1480,660)(1286,525)(1067,371)(741,146)(876,70)(1323,400)(1741,712)(2097,981)(1280,237)(1256,61)(1429,134)(1628,253)(1754,390)(1782,93)(2186,766)(2120,330)(2270,550)(2310,236)(2519,135)(2588,302)(2848,96)(2753,283)(2573,599)(2936,337)(2863,558)(3527,41)(3416,143)(2260,1123)
salesman-5:(2260,1123)(3232,324)(2421,1007)(3815,169)(3640,300)(2574,946)(4260,102)(3230,650)(2991,792)(3613,523)(4120,310)(4530,265)(4740,268)(4390,420)(3875,598)(4210,500)(3113,885)(2820,980)(3479,821)(4140,666)(4530,609)(4340,740)(3756,882)(4150,899)(4570,857)(3180,1070)(4590,1023)(4090,1067)(3430,1088)(3780,1079)(2260,1123)

Initial minimum distance: 104309.55217469487
Global minimum distance: 101302.5212601034
Running time: 159.27381110191345s
Route:
salesman-1:(2260,1123)(4240,1286)(4670,1350)(3874,1318)(2849,1214)(3029,1242)(4670,1498)(4280,1479)(4480,1638)(3950,1558)(4610,1758)(2482,1183)(3683,1533)(4230,1825)(3955,1743)(4520,2030)(3373,1646)(4200,2080)(3911,2180)(3326,1846)(3548,1999)(3990,2304)(3730,2304)(3447,2160)(2916,1724)(3104,1931)(3000,2140)(2930,2293)(2576,1676)(2716,2120)(2790,1457)(2260,1123)
salesman-2:(2260,1123)(2460,1400)(3404,1307)(3085,1528)(3810,1900)(2573,1969)(2445,1820)(2420,2250)(2270,1920)(2139,2326)(2178,1619)(1930,2160)(1513,2326)(1770,1884)(1625,2100)(1410,2200)(1251,2362)(1620,1804)(1115,2180)(929,2326)(1247,1945)(611,2326)(920,1990)(710,2080)(178,2348)(400,2140)(739,1850)(500,1960)(91,2110)(928,1700)(1220,1560)(2260,1123)
salesman-3:(2260,1123)(198,1810)(872,1559)(463,1670)(1393,1368)(53,1657)(298,1513)(1034,1344)(1689,1223)(738,1325)(123,1310)(1250,1200)(252,1240)(560,1180)(285,1029)(22,987)(742,1025)(1360,1048)(984,965)(382,872)(19,674)(938,810)(611,673)(217,550)(1419,872)(376,550)(1795,962)(839,620)(241,341)(1187,706)(876,70)(2260,1123)
salesman-4:(2260,1123)(48,154)(457,334)(776,392)(374,9)(1480,660)(1286,525)(1067,371)(741,146)(1323,400)(1741,712)(2097,981)(1280,237)(1256,61)(1429,134)(1628,253)(1754,390)(1782,93)(2186,766)(2120,330)(2270,550)(2310,236)(2519,135)(2588,302)(2848,96)(2753,283)(2573,599)(2936,337)(2863,558)(3527,41)(3416,143)(2260,1123)
salesman-5:(2260,1123)(3232,324)(2421,1007)(3815,169)(3640,300)(2574,946)(4260,102)(3230,650)(2991,792)(3613,523)(4120,310)(4530,265)(4740,268)(4390,420)(3875,598)(4210,500)(3113,885)(2820,980)(3479,821)(4140,666)(4530,609)(4340,740)(3756,882)(4150,899)(4570,857)(3180,1070)(4590,1023)(4090,1067)(3430,1088)(3780,1079)(2260,1123)

Initial minimum distance: 104309.55217469487
Global minimum distance: 103611.0183841731
Running time: 159.49351692199707s
Route:
salesman-1:(2260,1123)(4240,1286)(4670,1350)(3874,1318)(2849,1214)(3029,1242)(4670,1498)(3404,1307)(4280,1479)(4480,1638)(3950,1558)(4610,1758)(2482,1183)(3683,1533)(4230,1825)(3955,1743)(4520,2030)(3373,1646)(3085,1528)(4200,2080)(3810,1900)(2790,1457)(3911,2180)(3326,1846)(3548,1999)(3990,2304)(3730,2304)(3447,2160)(2916,1724)(3104,1931)(3000,2140)(2260,1123)
salesman-2:(2260,1123)(2460,1400)(2930,2293)(2576,1676)(2716,2120)(2573,1969)(2445,1820)(2420,2250)(2270,1920)(2139,2326)(2178,1619)(1930,2160)(1513,2326)(1770,1884)(1625,2100)(1410,2200)(1251,2362)(1620,1804)(1115,2180)(929,2326)(1247,1945)(611,2326)(920,1990)(710,2080)(178,2348)(400,2140)(739,1850)(500,1960)(91,2110)(928,1700)(1220,1560)(2260,1123)
salesman-3:(2260,1123)(198,1810)(872,1559)(463,1670)(1393,1368)(53,1657)(298,1513)(1034,1344)(1689,1223)(738,1325)(123,1310)(1250,1200)(252,1240)(560,1180)(285,1029)(22,987)(742,1025)(1360,1048)(984,965)(382,872)(19,674)(938,810)(611,673)(217,550)(1419,872)(376,550)(1795,962)(839,620)(241,341)(1187,706)(457,334)(2260,1123)
salesman-4:(2260,1123)(48,154)(776,392)(374,9)(1480,660)(1286,525)(1067,371)(741,146)(876,70)(1323,400)(1741,712)(2097,981)(1280,237)(1256,61)(1429,134)(1628,253)(1754,390)(1782,93)(2186,766)(2120,330)(2270,550)(2310,236)(2519,135)(2588,302)(2848,96)(2753,283)(2573,599)(2936,337)(2863,558)(3527,41)(3416,143)(2260,1123)
salesman-5:(2260,1123)(3232,324)(2421,1007)(3815,169)(3640,300)(2574,946)(4260,102)(3230,650)(2991,792)(3613,523)(4120,310)(4530,265)(4740,268)(4390,420)(3875,598)(4210,500)(3113,885)(2820,980)(3479,821)(4140,666)(4530,609)(4340,740)(3756,882)(4150,899)(4570,857)(3180,1070)(3430,1088)(4590,1023)(4090,1067)(3780,1079)(2260,1123)

Initial minimum distance: 104309.55217469487
Global minimum distance: 98274.06389271753
Running time: 159.48417687416077s
Route:
salesman-1:(2260,1123)(3085,1528)(4610,1758)(4670,1350)(4240,1286)(3029,1242)(3911,2180)(4230,1825)(4480,1638)(3950,1558)(3874,1318)(3683,1533)(3730,2304)(3990,2304)(3447,2160)(3810,1900)(4280,1479)(4200,2080)(4520,2030)(4670,1498)(2790,1457)(2576,1676)(2849,1214)(3404,1307)(3548,1999)(3326,1846)(3373,1646)(2482,1183)(3955,1743)(2916,1724)(3104,1931)(3000,2140)(2260,1123)
salesman-2:(2260,1123)(2460,1400)(2930,2293)(2716,2120)(2573,1969)(2445,1820)(2420,2250)(2270,1920)(2139,2326)(2178,1619)(1930,2160)(1513,2326)(1770,1884)(1625,2100)(1410,2200)(1251,2362)(1620,1804)(1115,2180)(929,2326)(1247,1945)(611,2326)(920,1990)(710,2080)(178,2348)(400,2140)(739,1850)(500,1960)(91,2110)(928,1700)(1220,1560)(2260,1123)
salesman-3:(2260,1123)(198,1810)(872,1559)(463,1670)(1393,1368)(53,1657)(298,1513)(1034,1344)(1689,1223)(738,1325)(123,1310)(1250,1200)(252,1240)(560,1180)(285,1029)(22,987)(742,1025)(1360,1048)(984,965)(382,872)(19,674)(938,810)(611,673)(217,550)(1419,872)(376,550)(1795,962)(839,620)(241,341)(1187,706)(457,334)(2260,1123)
salesman-4:(2260,1123)(48,154)(776,392)(374,9)(1480,660)(1286,525)(1067,371)(741,146)(876,70)(1323,400)(1741,712)(2097,981)(1280,237)(1256,61)(1429,134)(1628,253)(1754,390)(1782,93)(2186,766)(2120,330)(2270,550)(2310,236)(2519,135)(2588,302)(2848,96)(2753,283)(2573,599)(2936,337)(2863,558)(3527,41)(3416,143)(2260,1123)
salesman-5:(2260,1123)(3232,324)(2421,1007)(3640,300)(2574,946)(3230,650)(2991,792)(3613,523)(4120,310)(4530,265)(4740,268)(4390,420)(3875,598)(4210,500)(3113,885)(2820,980)(3479,821)(4140,666)(4530,609)(4340,740)(3756,882)(4150,899)(4570,857)(4090,1067)(3815,169)(4260,102)(3430,1088)(4590,1023)(3780,1079)(3180,1070)(2260,1123)

Initial minimum distance: 104309.55217469487
Global minimum distance: 104229.55655757828
Running time: 161.1679937839508s
Route:
salesman-1:(2260,1123)(4240,1286)(4670,1350)(3874,1318)(2849,1214)(3029,1242)(4670,1498)(3404,1307)(4280,1479)(4480,1638)(3950,1558)(4610,1758)(2482,1183)(3683,1533)(4230,1825)(3955,1743)(4520,2030)(3373,1646)(3085,1528)(4200,2080)(3810,1900)(2790,1457)(3911,2180)(3326,1846)(3548,1999)(3990,2304)(3730,2304)(3447,2160)(2916,1724)(3104,1931)(3000,2140)(2260,1123)
salesman-2:(2260,1123)(2460,1400)(2930,2293)(2576,1676)(2716,2120)(2573,1969)(2445,1820)(2420,2250)(2270,1920)(2139,2326)(2178,1619)(1930,2160)(1513,2326)(1770,1884)(1625,2100)(1410,2200)(1251,2362)(1620,1804)(1115,2180)(929,2326)(1247,1945)(611,2326)(920,1990)(710,2080)(178,2348)(400,2140)(739,1850)(500,1960)(91,2110)(928,1700)(1220,1560)(2260,1123)
salesman-3:(2260,1123)(198,1810)(872,1559)(463,1670)(1393,1368)(53,1657)(298,1513)(1034,1344)(1689,1223)(738,1325)(123,1310)(1250,1200)(252,1240)(560,1180)(285,1029)(22,987)(742,1025)(1360,1048)(984,965)(382,872)(19,674)(938,810)(611,673)(217,550)(1419,872)(376,550)(1795,962)(839,620)(241,341)(1187,706)(457,334)(2260,1123)
salesman-4:(2260,1123)(48,154)(776,392)(374,9)(1480,660)(1286,525)(1067,371)(741,146)(876,70)(1323,400)(1741,712)(2097,981)(1280,237)(1256,61)(1429,134)(1628,253)(1754,390)(1782,93)(2186,766)(2120,330)(2270,550)(2310,236)(2519,135)(2588,302)(2848,96)(2753,283)(2573,599)(2936,337)(2863,558)(3527,41)(3416,143)(2260,1123)
salesman-5:(2260,1123)(3232,324)(2421,1007)(3815,169)(3640,300)(2574,946)(4260,102)(3230,650)(2991,792)(3613,523)(4120,310)(4530,265)(4740,268)(4390,420)(3875,598)(4210,500)(3113,885)(2820,980)(3479,821)(4140,666)(4530,609)(4340,740)(3756,882)(4150,899)(4570,857)(3180,1070)(4590,1023)(3780,1079)(4090,1067)(3430,1088)(2260,1123)

Initial minimum distance: 104309.55217469487
Global minimum distance: 99375.48269512538
Running time: 162.39994096755981s
Route:
salesman-1:(2260,1123)(3029,1242)(2849,1214)(3404,1307)(4670,1350)(4240,1286)(4480,1638)(4670,1498)(4280,1479)(3874,1318)(3950,1558)(4610,1758)(2482,1183)(3683,1533)(4230,1825)(3955,1743)(4520,2030)(3373,1646)(3085,1528)(4200,2080)(3810,1900)(2790,1457)(3911,2180)(3326,1846)(3548,1999)(3990,2304)(3730,2304)(3447,2160)(2916,1724)(3104,1931)(3000,2140)(2260,1123)
salesman-2:(2260,1123)(2460,1400)(2930,2293)(2576,1676)(2716,2120)(2573,1969)(2445,1820)(2420,2250)(2270,1920)(2139,2326)(2178,1619)(1930,2160)(1513,2326)(1770,1884)(1625,2100)(1410,2200)(1251,2362)(1620,1804)(1115,2180)(929,2326)(1247,1945)(611,2326)(920,1990)(710,2080)(178,2348)(400,2140)(739,1850)(500,1960)(91,2110)(928,1700)(1220,1560)(2260,1123)
salesman-3:(2260,1123)(198,1810)(872,1559)(463,1670)(1393,1368)(53,1657)(298,1513)(1034,1344)(1689,1223)(738,1325)(123,1310)(1250,1200)(252,1240)(560,1180)(285,1029)(22,987)(742,1025)(1360,1048)(984,965)(382,872)(938,810)(611,673)(1419,872)(217,550)(19,674)(376,550)(1795,962)(839,620)(241,341)(1187,706)(457,334)(2260,1123)
salesman-4:(2260,1123)(48,154)(776,392)(374,9)(1480,660)(1286,525)(1067,371)(741,146)(876,70)(1323,400)(1741,712)(2097,981)(1280,237)(1256,61)(1429,134)(1628,253)(1754,390)(1782,93)(2186,766)(2120,330)(2270,550)(2310,236)(2519,135)(2588,302)(2848,96)(2753,283)(2573,599)(2936,337)(2863,558)(3527,41)(3416,143)(2260,1123)
salesman-5:(2260,1123)(3232,324)(2421,1007)(3815,169)(3640,300)(2574,946)(4260,102)(3230,650)(2991,792)(3613,523)(4120,310)(4530,265)(4740,268)(4390,420)(3875,598)(4210,500)(3113,885)(2820,980)(3479,821)(4140,666)(4530,609)(4340,740)(3756,882)(4150,899)(4570,857)(3180,1070)(4590,1023)(4090,1067)(3430,1088)(3780,1079)(2260,1123)

Initial minimum distance: 104309.55217469487
Global minimum distance: 97714.83990611817
Running time: 162.59622716903687s
Route:
salesman-1:(2260,1123)(2482,1183)(3085,1528)(3373,1646)(2849,1214)(4610,1758)(3683,1533)(3950,1558)(4200,2080)(3810,1900)(3874,1318)(2790,1457)(3404,1307)(3029,1242)(4240,1286)(4230,1825)(4670,1350)(3955,1743)(4480,1638)(4670,1498)(4520,2030)(4280,1479)(3911,2180)(3326,1846)(3548,1999)(3990,2304)(3730,2304)(3447,2160)(2916,1724)(3104,1931)(3000,2140)(2260,1123)
salesman-2:(2260,1123)(2460,1400)(2930,2293)(2576,1676)(2716,2120)(2573,1969)(2445,1820)(2420,2250)(2270,1920)(2139,2326)(2178,1619)(1930,2160)(1513,2326)(1770,1884)(1625,2100)(1410,2200)(1251,2362)(1620,1804)(1115,2180)(929,2326)(1247,1945)(611,2326)(920,1990)(710,2080)(178,2348)(400,2140)(739,1850)(500,1960)(91,2110)(928,1700)(1220,1560)(2260,1123)
salesman-3:(2260,1123)(198,1810)(463,1670)(872,1559)(1393,1368)(53,1657)(298,1513)(1034,1344)(1689,1223)(738,1325)(123,1310)(1250,1200)(252,1240)(560,1180)(285,1029)(22,987)(742,1025)(1360,1048)(984,965)(382,872)(376,550)(611,673)(938,810)(19,674)(217,550)(1419,872)(1795,962)(839,620)(241,341)(1187,706)(457,334)(2260,1123)
salesman-4:(2260,1123)(48,154)(776,392)(374,9)(1480,660)(1286,525)(1067,371)(741,146)(876,70)(1323,400)(1741,712)(2097,981)(1280,237)(1256,61)(1429,134)(1628,253)(1754,390)(1782,93)(2186,766)(2120,330)(2270,550)(2310,236)(2519,135)(2588,302)(2848,96)(2753,283)(2573,599)(2936,337)(2863,558)(3527,41)(3416,143)(2260,1123)
salesman-5:(2260,1123)(3232,324)(2421,1007)(3815,169)(3640,300)(2574,946)(4260,102)(3230,650)(2991,792)(3613,523)(4120,310)(4530,265)(4740,268)(4390,420)(3113,885)(3430,1088)(4210,500)(4090,1067)(3875,598)(3756,882)(4340,740)(4570,857)(3180,1070)(4140,666)(4530,609)(2820,980)(4150,899)(4590,1023)(3780,1079)(3479,821)(2260,1123)

